<?xml version="1.0" encoding="UTF-8"?>
<coverage generated="1509024990916" clover="3.2.0">
  <project timestamp="1509024990916" name="All files">
    <metrics statements="232" coveredstatements="184" conditionals="497" coveredconditionals="283" methods="226" coveredmethods="153" elements="955" coveredelements="620" complexity="0" loc="232" ncloc="232" packages="7" files="21" classes="21">
      <package name="actions">
        <metrics statements="22" coveredstatements="22" conditionals="4" coveredconditionals="4" methods="21" coveredmethods="2"/>
        <file name="AppActions.js" path="/Users/andeladeveloper/Documents/post-it-app/post-it-app/Client/actions/AppActions.js">
          <metrics statements="22" coveredstatements="22" conditionals="4" coveredconditionals="4" methods="21" coveredmethods="2"/>
          <line num="1" count="14" type="stmt"/>
          <line num="2" count="28" type="cond" truecount="4" falsecount="0"/>
          <line num="5" count="14" type="stmt"/>
          <line num="13" count="14" type="stmt"/>
          <line num="21" count="14" type="stmt"/>
          <line num="29" count="14" type="stmt"/>
          <line num="38" count="14" type="stmt"/>
          <line num="46" count="14" type="stmt"/>
          <line num="54" count="14" type="stmt"/>
          <line num="63" count="14" type="stmt"/>
          <line num="71" count="14" type="stmt"/>
          <line num="79" count="14" type="stmt"/>
          <line num="87" count="14" type="stmt"/>
          <line num="95" count="14" type="stmt"/>
          <line num="103" count="14" type="stmt"/>
          <line num="111" count="14" type="stmt"/>
          <line num="119" count="14" type="stmt"/>
          <line num="127" count="14" type="stmt"/>
          <line num="135" count="14" type="stmt"/>
          <line num="143" count="14" type="stmt"/>
          <line num="151" count="14" type="stmt"/>
          <line num="159" count="14" type="stmt"/>
        </file>
      </package>
      <package name="components">
        <metrics statements="142" coveredstatements="114" conditionals="477" coveredconditionals="272" methods="156" coveredmethods="139"/>
        <file name="Group.jsx" path="/Users/andeladeveloper/Documents/post-it-app/post-it-app/Client/components/Group.jsx">
          <metrics statements="12" coveredstatements="9" conditionals="31" coveredconditionals="17" methods="10" coveredmethods="9"/>
          <line num="1" count="6" type="cond" truecount="5" falsecount="3"/>
          <line num="8" count="4" type="cond" truecount="10" falsecount="9"/>
          <line num="14" count="3" type="stmt"/>
          <line num="20" count="0" type="stmt"/>
          <line num="22" count="0" type="stmt"/>
          <line num="36" count="4" type="cond" truecount="1" falsecount="1"/>
          <line num="44" count="3" type="stmt"/>
          <line num="46" count="4" type="stmt"/>
          <line num="47" count="4" type="cond" truecount="1" falsecount="1"/>
          <line num="48" count="0" type="stmt"/>
          <line num="50" count="4" type="stmt"/>
          <line num="57" count="3" type="stmt"/>
        </file>
        <file name="GroupForm.jsx" path="/Users/andeladeveloper/Documents/post-it-app/post-it-app/Client/components/GroupForm.jsx">
          <metrics statements="15" coveredstatements="13" conditionals="31" coveredconditionals="17" methods="11" coveredmethods="11"/>
          <line num="1" count="6" type="cond" truecount="5" falsecount="3"/>
          <line num="4" count="5" type="cond" truecount="10" falsecount="9"/>
          <line num="12" count="2" type="stmt"/>
          <line num="22" count="1" type="stmt"/>
          <line num="24" count="1" type="stmt"/>
          <line num="25" count="1" type="stmt"/>
          <line num="26" count="1" type="stmt"/>
          <line num="27" count="1" type="cond" truecount="1" falsecount="1"/>
          <line num="28" count="0" type="stmt"/>
          <line num="37" count="0" type="stmt"/>
          <line num="54" count="1" type="stmt"/>
          <line num="64" count="5" type="cond" truecount="1" falsecount="1"/>
          <line num="75" count="2" type="stmt"/>
          <line num="77" count="6" type="stmt"/>
          <line num="89" count="2" type="stmt"/>
        </file>
        <file name="GroupList.jsx" path="/Users/andeladeveloper/Documents/post-it-app/post-it-app/Client/components/GroupList.jsx">
          <metrics statements="3" coveredstatements="2" conditionals="31" coveredconditionals="19" methods="8" coveredmethods="7"/>
          <line num="1" count="12" type="cond" truecount="5" falsecount="3"/>
          <line num="9" count="12" type="cond" truecount="14" falsecount="9"/>
          <line num="16" count="0" type="stmt"/>
        </file>
        <file name="Login.jsx" path="/Users/andeladeveloper/Documents/post-it-app/post-it-app/Client/components/Login.jsx">
          <metrics statements="32" coveredstatements="23" conditionals="39" coveredconditionals="18" methods="22" coveredmethods="17"/>
          <line num="1" count="14" type="cond" truecount="5" falsecount="3"/>
          <line num="9" count="10" type="cond" truecount="10" falsecount="9"/>
          <line num="18" count="1" type="stmt"/>
          <line num="31" count="1" type="stmt"/>
          <line num="32" count="1" type="stmt"/>
          <line num="33" count="1" type="stmt"/>
          <line num="35" count="1" type="stmt"/>
          <line num="42" count="1" type="cond" truecount="1" falsecount="1"/>
          <line num="44" count="0" type="cond" truecount="0" falsecount="2"/>
          <line num="61" count="0" type="stmt"/>
          <line num="79" count="1" type="stmt"/>
          <line num="80" count="1" type="stmt"/>
          <line num="81" count="1" type="stmt"/>
          <line num="82" count="1" type="stmt"/>
          <line num="90" count="1" type="cond" truecount="1" falsecount="1"/>
          <line num="92" count="0" type="cond" truecount="0" falsecount="2"/>
          <line num="94" count="0" type="cond" truecount="0" falsecount="2"/>
          <line num="98" count="0" type="stmt"/>
          <line num="117" count="0" type="stmt"/>
          <line num="130" count="0" type="stmt"/>
          <line num="146" count="0" type="stmt"/>
          <line num="155" count="0" type="stmt"/>
          <line num="167" count="1" type="stmt"/>
          <line num="178" count="1" type="stmt"/>
          <line num="189" count="1" type="stmt"/>
          <line num="200" count="1" type="stmt"/>
          <line num="211" count="1" type="stmt"/>
          <line num="222" count="1" type="stmt"/>
          <line num="229" count="10" type="cond" truecount="1" falsecount="1"/>
          <line num="254" count="1" type="stmt"/>
          <line num="256" count="16" type="stmt"/>
          <line num="309" count="1" type="stmt"/>
        </file>
        <file name="Message.jsx" path="/Users/andeladeveloper/Documents/post-it-app/post-it-app/Client/components/Message.jsx">
          <metrics statements="3" coveredstatements="3" conditionals="31" coveredconditionals="19" methods="7" coveredmethods="7"/>
          <line num="1" count="9" type="cond" truecount="5" falsecount="3"/>
          <line num="10" count="18" type="cond" truecount="14" falsecount="9"/>
          <line num="12" count="3" type="stmt"/>
        </file>
        <file name="MessageBoard.jsx" path="/Users/andeladeveloper/Documents/post-it-app/post-it-app/Client/components/MessageBoard.jsx">
          <metrics statements="3" coveredstatements="3" conditionals="31" coveredconditionals="19" methods="8" coveredmethods="8"/>
          <line num="1" count="5" type="cond" truecount="5" falsecount="3"/>
          <line num="16" count="13" type="cond" truecount="14" falsecount="9"/>
          <line num="23" count="2" type="stmt"/>
        </file>
        <file name="MessageForm.jsx" path="/Users/andeladeveloper/Documents/post-it-app/post-it-app/Client/components/MessageForm.jsx">
          <metrics statements="3" coveredstatements="3" conditionals="27" coveredconditionals="15" methods="6" coveredmethods="6"/>
          <line num="1" count="8" type="cond" truecount="5" falsecount="3"/>
          <line num="8" count="6" type="cond" truecount="10" falsecount="9"/>
          <line num="10" count="2" type="stmt"/>
        </file>
        <file name="MessageList.jsx" path="/Users/andeladeveloper/Documents/post-it-app/post-it-app/Client/components/MessageList.jsx">
          <metrics statements="12" coveredstatements="12" conditionals="35" coveredconditionals="21" methods="11" coveredmethods="11"/>
          <line num="1" count="2" type="cond" truecount="5" falsecount="3"/>
          <line num="5" count="6" type="cond" truecount="14" falsecount="9"/>
          <line num="11" count="2" type="stmt"/>
          <line num="18" count="3" type="cond" truecount="1" falsecount="1"/>
          <line num="28" count="2" type="stmt"/>
          <line num="30" count="3" type="stmt"/>
          <line num="31" count="3" type="stmt"/>
          <line num="32" count="3" type="cond" truecount="1" falsecount="1"/>
          <line num="33" count="3" type="stmt"/>
          <line num="34" count="3" type="stmt"/>
          <line num="36" count="3" type="stmt"/>
          <line num="48" count="2" type="stmt"/>
        </file>
        <file name="PasswordResetConfirm.jsx" path="/Users/andeladeveloper/Documents/post-it-app/post-it-app/Client/components/PasswordResetConfirm.jsx">
          <metrics statements="4" coveredstatements="2" conditionals="27" coveredconditionals="15" methods="8" coveredmethods="6"/>
          <line num="1" count="4" type="cond" truecount="5" falsecount="3"/>
          <line num="4" count="5" type="cond" truecount="10" falsecount="9"/>
          <line num="13" count="0" type="stmt"/>
          <line num="14" count="0" type="stmt"/>
        </file>
        <file name="ProfileEdit.jsx" path="/Users/andeladeveloper/Documents/post-it-app/post-it-app/Client/components/ProfileEdit.jsx">
          <metrics statements="14" coveredstatements="11" conditionals="29" coveredconditionals="16" methods="13" coveredmethods="11"/>
          <line num="1" count="4" type="cond" truecount="5" falsecount="3"/>
          <line num="7" count="4" type="cond" truecount="10" falsecount="9"/>
          <line num="14" count="1" type="stmt"/>
          <line num="34" count="1" type="stmt"/>
          <line num="48" count="1" type="stmt"/>
          <line num="62" count="0" type="stmt"/>
          <line num="63" count="0" type="stmt"/>
          <line num="69" count="0" type="stmt"/>
          <line num="83" count="4" type="cond" truecount="1" falsecount="1"/>
          <line num="85" count="4" type="stmt"/>
          <line num="86" count="4" type="stmt"/>
          <line num="102" count="1" type="stmt"/>
          <line num="104" count="6" type="stmt"/>
          <line num="139" count="1" type="stmt"/>
        </file>
        <file name="TitleBar.jsx" path="/Users/andeladeveloper/Documents/post-it-app/post-it-app/Client/components/TitleBar.jsx">
          <metrics statements="4" coveredstatements="3" conditionals="31" coveredconditionals="19" methods="9" coveredmethods="7"/>
          <line num="1" count="3" type="cond" truecount="5" falsecount="3"/>
          <line num="9" count="15" type="cond" truecount="14" falsecount="9"/>
          <line num="16" count="0" type="stmt"/>
          <line num="19" count="3" type="stmt"/>
        </file>
        <file name="User.jsx" path="/Users/andeladeveloper/Documents/post-it-app/post-it-app/Client/components/User.jsx">
          <metrics statements="3" coveredstatements="3" conditionals="31" coveredconditionals="19" methods="7" coveredmethods="7"/>
          <line num="1" count="12" type="cond" truecount="5" falsecount="3"/>
          <line num="8" count="15" type="cond" truecount="14" falsecount="9"/>
          <line num="11" count="3" type="stmt"/>
        </file>
        <file name="UserList.jsx" path="/Users/andeladeveloper/Documents/post-it-app/post-it-app/Client/components/UserList.jsx">
          <metrics statements="10" coveredstatements="10" conditionals="35" coveredconditionals="21" methods="11" coveredmethods="11"/>
          <line num="1" count="2" type="cond" truecount="5" falsecount="3"/>
          <line num="5" count="6" type="cond" truecount="14" falsecount="9"/>
          <line num="12" count="2" type="stmt"/>
          <line num="20" count="3" type="cond" truecount="1" falsecount="1"/>
          <line num="30" count="2" type="stmt"/>
          <line num="32" count="3" type="stmt"/>
          <line num="33" count="3" type="cond" truecount="1" falsecount="1"/>
          <line num="34" count="3" type="stmt"/>
          <line num="36" count="3" type="stmt"/>
          <line num="48" count="2" type="stmt"/>
        </file>
        <file name="notification.jsx" path="/Users/andeladeveloper/Documents/post-it-app/post-it-app/Client/components/notification.jsx">
          <metrics statements="14" coveredstatements="7" conditionals="37" coveredconditionals="20" methods="14" coveredmethods="10"/>
          <line num="1" count="6" type="cond" truecount="5" falsecount="3"/>
          <line num="5" count="8" type="cond" truecount="14" falsecount="9"/>
          <line num="11" count="2" type="stmt"/>
          <line num="19" count="0" type="stmt"/>
          <line num="20" count="0" type="stmt"/>
          <line num="22" count="0" type="stmt"/>
          <line num="23" count="0" type="stmt"/>
          <line num="24" count="0" type="cond" truecount="0" falsecount="2"/>
          <line num="25" count="0" type="cond" truecount="0" falsecount="2"/>
          <line num="41" count="2" type="cond" truecount="1" falsecount="1"/>
          <line num="55" count="2" type="stmt"/>
          <line num="57" count="0" type="stmt"/>
          <line num="70" count="2" type="stmt"/>
          <line num="81" count="2" type="stmt"/>
        </file>
        <file name="passwordReset.jsx" path="/Users/andeladeveloper/Documents/post-it-app/post-it-app/Client/components/passwordReset.jsx">
          <metrics statements="10" coveredstatements="10" conditionals="31" coveredconditionals="17" methods="11" coveredmethods="11"/>
          <line num="1" count="3" type="cond" truecount="5" falsecount="3"/>
          <line num="3" count="4" type="cond" truecount="10" falsecount="9"/>
          <line num="10" count="1" type="stmt"/>
          <line num="18" count="1" type="stmt"/>
          <line num="19" count="1" type="cond" truecount="1" falsecount="1"/>
          <line num="35" count="1" type="stmt"/>
          <line num="44" count="4" type="cond" truecount="1" falsecount="1"/>
          <line num="54" count="1" type="stmt"/>
          <line num="56" count="5" type="stmt"/>
          <line num="74" count="1" type="stmt"/>
        </file>
      </package>
      <package name="constants">
        <metrics statements="1" coveredstatements="1" conditionals="0" coveredconditionals="0" methods="0" coveredmethods="0"/>
        <file name="AppConstants.js" path="/Users/andeladeveloper/Documents/post-it-app/post-it-app/Client/constants/AppConstants.js">
          <metrics statements="1" coveredstatements="1" conditionals="0" coveredconditionals="0" methods="0" coveredmethods="0"/>
          <line num="1" count="14" type="stmt"/>
        </file>
      </package>
      <package name="dispatcher">
        <metrics statements="5" coveredstatements="5" conditionals="4" coveredconditionals="3" methods="2" coveredmethods="2"/>
        <file name="AppDispatcher.js" path="/Users/andeladeveloper/Documents/post-it-app/post-it-app/Client/dispatcher/AppDispatcher.js">
          <metrics statements="5" coveredstatements="5" conditionals="4" coveredconditionals="3" methods="2" coveredmethods="2"/>
          <line num="1" count="14" type="stmt"/>
          <line num="2" count="14" type="cond" truecount="3" falsecount="1"/>
          <line num="4" count="14" type="stmt"/>
          <line num="6" count="5" type="stmt"/>
          <line num="10" count="5" type="stmt"/>
        </file>
      </package>
      <package name="jest">
        <metrics statements="0" coveredstatements="0" conditionals="0" coveredconditionals="0" methods="0" coveredmethods="0"/>
        <file name="styleMock.js" path="/Users/andeladeveloper/Documents/post-it-app/post-it-app/Client/jest/styleMock.js">
          <metrics statements="0" coveredstatements="0" conditionals="0" coveredconditionals="0" methods="0" coveredmethods="0"/>
        </file>
      </package>
      <package name="stores">
        <metrics statements="44" coveredstatements="24" conditionals="12" coveredconditionals="4" methods="30" coveredmethods="10"/>
        <file name="AppStore.js" path="/Users/andeladeveloper/Documents/post-it-app/post-it-app/Client/stores/AppStore.js">
          <metrics statements="44" coveredstatements="24" conditionals="12" coveredconditionals="4" methods="30" coveredmethods="10"/>
          <line num="1" count="2" type="stmt"/>
          <line num="11" count="8" type="cond" truecount="4" falsecount="0"/>
          <line num="13" count="2" type="stmt"/>
          <line num="15" count="2" type="stmt"/>
          <line num="16" count="2" type="stmt"/>
          <line num="17" count="2" type="stmt"/>
          <line num="18" count="2" type="stmt"/>
          <line num="19" count="2" type="stmt"/>
          <line num="20" count="2" type="stmt"/>
          <line num="21" count="2" type="stmt"/>
          <line num="22" count="2" type="stmt"/>
          <line num="23" count="2" type="stmt"/>
          <line num="24" count="2" type="stmt"/>
          <line num="25" count="2" type="stmt"/>
          <line num="28" count="2" type="stmt"/>
          <line num="31" count="0" type="stmt"/>
          <line num="35" count="0" type="stmt"/>
          <line num="39" count="0" type="stmt"/>
          <line num="43" count="0" type="stmt"/>
          <line num="47" count="0" type="stmt"/>
          <line num="51" count="0" type="stmt"/>
          <line num="55" count="0" type="stmt"/>
          <line num="59" count="0" type="cond" truecount="0" falsecount="4"/>
          <line num="65" count="0" type="cond" truecount="0" falsecount="4"/>
          <line num="71" count="2" type="stmt"/>
          <line num="75" count="2" type="stmt"/>
          <line num="79" count="2" type="stmt"/>
          <line num="83" count="2" type="stmt"/>
          <line num="87" count="0" type="stmt"/>
          <line num="91" count="2" type="stmt"/>
          <line num="95" count="2" type="stmt"/>
          <line num="99" count="2" type="stmt"/>
          <line num="103" count="0" type="stmt"/>
          <line num="107" count="2" type="stmt"/>
          <line num="111" count="2" type="stmt"/>
          <line num="115" count="0" type="stmt"/>
          <line num="119" count="0" type="stmt"/>
          <line num="123" count="0" type="stmt"/>
          <line num="127" count="0" type="stmt"/>
          <line num="131" count="0" type="stmt"/>
          <line num="135" count="0" type="stmt"/>
          <line num="139" count="0" type="stmt"/>
          <line num="143" count="0" type="stmt"/>
          <line num="147" count="0" type="stmt"/>
        </file>
      </package>
      <package name="utils">
        <metrics statements="18" coveredstatements="18" conditionals="0" coveredconditionals="0" methods="17" coveredmethods="0"/>
        <file name="appAPI.js" path="/Users/andeladeveloper/Documents/post-it-app/post-it-app/Client/utils/appAPI.js">
          <metrics statements="18" coveredstatements="18" conditionals="0" coveredconditionals="0" methods="17" coveredmethods="0"/>
          <line num="1" count="5" type="stmt"/>
          <line num="10" count="5" type="stmt"/>
          <line num="34" count="5" type="stmt"/>
          <line num="47" count="5" type="stmt"/>
          <line num="68" count="5" type="stmt"/>
          <line num="79" count="5" type="stmt"/>
          <line num="91" count="5" type="stmt"/>
          <line num="111" count="5" type="stmt"/>
          <line num="120" count="5" type="stmt"/>
          <line num="136" count="5" type="stmt"/>
          <line num="150" count="5" type="stmt"/>
          <line num="168" count="5" type="stmt"/>
          <line num="181" count="5" type="stmt"/>
          <line num="192" count="5" type="stmt"/>
          <line num="196" count="5" type="stmt"/>
          <line num="207" count="5" type="stmt"/>
          <line num="218" count="5" type="stmt"/>
          <line num="229" count="5" type="stmt"/>
        </file>
      </package>
    </metrics>
  </project>
</coverage>
