<?xml version="1.0" encoding="UTF-8"?>
<coverage generated="1504399296718" clover="3.2.0">
  <project timestamp="1504399296719" name="All files">
    <metrics statements="3959" coveredstatements="662" conditionals="3851" coveredconditionals="209" methods="689" coveredmethods="86" elements="8499" coveredelements="957" complexity="0" loc="3959" ncloc="3959" packages="7" files="8" classes="8">
      <package name="actions">
        <metrics statements="3" coveredstatements="3" conditionals="4" coveredconditionals="4" methods="21" coveredmethods="1"/>
        <file name="AppActions.js" path="/Users/andeladeveloper/Documents/post-it-app/post-it-app/Client/actions/AppActions.js">
          <metrics statements="3" coveredstatements="3" conditionals="4" coveredconditionals="4" methods="21" coveredmethods="1"/>
          <line num="1" count="1" type="stmt"/>
          <line num="2" count="2" type="cond" truecount="4" falsecount="0"/>
          <line num="4" count="1" type="stmt"/>
        </file>
      </package>
      <package name="components">
        <metrics statements="4" coveredstatements="4" conditionals="27" coveredconditionals="15" methods="6" coveredmethods="6"/>
        <file name="Group.jsx" path="/Users/andeladeveloper/Documents/post-it-app/post-it-app/Client/components/Group.jsx">
          <metrics statements="4" coveredstatements="4" conditionals="27" coveredconditionals="15" methods="6" coveredmethods="6"/>
          <line num="1" count="2" type="cond" truecount="5" falsecount="3"/>
          <line num="17" count="3" type="cond" truecount="10" falsecount="9"/>
          <line num="19" count="1" type="stmt"/>
          <line num="20" count="1" type="stmt"/>
        </file>
      </package>
      <package name="constants">
        <metrics statements="1" coveredstatements="1" conditionals="0" coveredconditionals="0" methods="0" coveredmethods="0"/>
        <file name="AppConstants.js" path="/Users/andeladeveloper/Documents/post-it-app/post-it-app/Client/constants/AppConstants.js">
          <metrics statements="1" coveredstatements="1" conditionals="0" coveredconditionals="0" methods="0" coveredmethods="0"/>
          <line num="1" count="1" type="stmt"/>
        </file>
      </package>
      <package name="dispatcher">
        <metrics statements="5" coveredstatements="3" conditionals="4" coveredconditionals="3" methods="2" coveredmethods="1"/>
        <file name="AppDispatcher.js" path="/Users/andeladeveloper/Documents/post-it-app/post-it-app/Client/dispatcher/AppDispatcher.js">
          <metrics statements="5" coveredstatements="3" conditionals="4" coveredconditionals="3" methods="2" coveredmethods="1"/>
          <line num="1" count="1" type="stmt"/>
          <line num="2" count="1" type="cond" truecount="3" falsecount="1"/>
          <line num="4" count="1" type="stmt"/>
          <line num="6" count="0" type="stmt"/>
          <line num="10" count="0" type="stmt"/>
        </file>
      </package>
      <package name="public">
        <metrics statements="3893" coveredstatements="634" conditionals="3808" coveredconditionals="179" methods="612" coveredmethods="76"/>
        <file name="jquery.js" path="/Users/andeladeveloper/Documents/post-it-app/post-it-app/Client/public/jquery.js">
          <metrics statements="3893" coveredstatements="634" conditionals="3808" coveredconditionals="179" methods="612" coveredmethods="76"/>
          <line num="1" count="93" type="cond" truecount="3" falsecount="7"/>
          <line num="15" count="1" type="stmt"/>
          <line num="17" count="1" type="cond" truecount="1" falsecount="1"/>
          <line num="25" count="1" type="cond" truecount="1" falsecount="1"/>
          <line num="28" count="0" type="cond" truecount="0" falsecount="2"/>
          <line num="29" count="0" type="stmt"/>
          <line num="31" count="0" type="stmt"/>
          <line num="34" count="0" type="stmt"/>
          <line num="45" count="1" type="stmt"/>
          <line num="47" count="1" type="stmt"/>
          <line num="49" count="1" type="stmt"/>
          <line num="51" count="1" type="stmt"/>
          <line num="53" count="1" type="stmt"/>
          <line num="55" count="1" type="stmt"/>
          <line num="57" count="1" type="stmt"/>
          <line num="59" count="1" type="stmt"/>
          <line num="61" count="1" type="stmt"/>
          <line num="63" count="1" type="stmt"/>
          <line num="68" count="1" type="stmt"/>
          <line num="71" count="1" type="stmt"/>
          <line num="75" count="3" type="stmt"/>
          <line num="80" count="1" type="stmt"/>
          <line num="83" count="1" type="stmt"/>
          <line num="84" count="1" type="stmt"/>
          <line num="87" count="1" type="stmt"/>
          <line num="88" count="0" type="stmt"/>
          <line num="91" count="1" type="stmt"/>
          <line num="105" count="0" type="stmt"/>
          <line num="111" count="0" type="cond" truecount="0" falsecount="2"/>
          <line num="125" count="0" type="stmt"/>
          <line num="128" count="0" type="stmt"/>
          <line num="129" count="0" type="stmt"/>
          <line num="132" count="0" type="stmt"/>
          <line num="137" count="0" type="stmt"/>
          <line num="141" count="0" type="stmt"/>
          <line num="142" count="0" type="stmt"/>
          <line num="147" count="0" type="stmt"/>
          <line num="151" count="0" type="stmt"/>
          <line num="155" count="0" type="stmt"/>
          <line num="159" count="0" type="stmt"/>
          <line num="160" count="0" type="cond" truecount="0" falsecount="2"/>
          <line num="161" count="0" type="cond" truecount="0" falsecount="4"/>
          <line num="165" count="0" type="cond" truecount="0" falsecount="2"/>
          <line num="175" count="1" type="stmt"/>
          <line num="177" count="36" type="cond" truecount="1" falsecount="1"/>
          <line num="178" count="36" type="stmt"/>
          <line num="179" count="36" type="stmt"/>
          <line num="180" count="36" type="stmt"/>
          <line num="183" count="36" type="cond" truecount="2" falsecount="0"/>
          <line num="184" count="5" type="stmt"/>
          <line num="187" count="5" type="cond" truecount="1" falsecount="1"/>
          <line num="188" count="5" type="stmt"/>
          <line num="192" count="36" type="cond" truecount="1" falsecount="1"/>
          <line num="193" count="0" type="stmt"/>
          <line num="197" count="36" type="cond" truecount="2" falsecount="0"/>
          <line num="198" count="28" type="stmt"/>
          <line num="199" count="28" type="stmt"/>
          <line num="202" count="36" type="stmt"/>
          <line num="205" count="36" type="cond" truecount="1" falsecount="1"/>
          <line num="208" count="36" type="stmt"/>
          <line num="209" count="155" type="stmt"/>
          <line num="210" count="155" type="stmt"/>
          <line num="213" count="155" type="cond" truecount="1" falsecount="1"/>
          <line num="214" count="0" type="stmt"/>
          <line num="218" count="155" type="cond" truecount="6" falsecount="0"/>
          <line num="221" count="3" type="cond" truecount="1" falsecount="1"/>
          <line num="222" count="0" type="stmt"/>
          <line num="223" count="0" type="cond" truecount="0" falsecount="4"/>
          <line num="226" count="3" type="cond" truecount="3" falsecount="1"/>
          <line num="230" count="3" type="stmt"/>
          <line num="233" count="152" type="cond" truecount="1" falsecount="1"/>
          <line num="234" count="152" type="stmt"/>
          <line num="241" count="36" type="stmt"/>
          <line num="244" count="1" type="stmt"/>
          <line num="253" count="0" type="stmt"/>
          <line num="262" count="14" type="stmt"/>
          <line num="266" count="0" type="stmt"/>
          <line num="271" count="34" type="cond" truecount="2" falsecount="0"/>
          <line num="280" count="0" type="cond" truecount="0" falsecount="2"/>
          <line num="281" count="0" type="cond" truecount="0" falsecount="2"/>
          <line num="286" count="0" type="stmt"/>
          <line num="287" count="0" type="stmt"/>
          <line num="289" count="0" type="stmt"/>
          <line num="298" count="11" type="cond" truecount="6" falsecount="0"/>
          <line num="299" count="5" type="stmt"/>
          <line num="302" count="6" type="stmt"/>
          <line num="305" count="6" type="cond" truecount="4" falsecount="1"/>
          <line num="308" count="0" type="stmt"/>
          <line num="313" count="0" type="stmt"/>
          <line num="318" count="6" type="cond" truecount="1" falsecount="1"/>
          <line num="319" count="0" type="stmt"/>
          <line num="320" count="0" type="stmt"/>
          <line num="326" count="6" type="stmt"/>
          <line num="328" count="6" type="cond" truecount="2" falsecount="0"/>
          <line num="332" count="53" type="cond" truecount="1" falsecount="1"/>
          <line num="333" count="0" type="stmt"/>
          <line num="335" count="53" type="stmt"/>
          <line num="343" count="0" type="cond" truecount="0" falsecount="4"/>
          <line num="348" count="0" type="cond" truecount="0" falsecount="2"/>
          <line num="349" count="0" type="stmt"/>
          <line num="357" count="0" type="stmt"/>
          <line num="361" count="0" type="cond" truecount="0" falsecount="2"/>
          <line num="365" count="27" type="stmt"/>
          <line num="367" count="27" type="cond" truecount="2" falsecount="0"/>
          <line num="368" count="17" type="stmt"/>
          <line num="369" count="17" type="stmt"/>
          <line num="370" count="93" type="cond" truecount="1" falsecount="1"/>
          <line num="371" count="0" type="stmt"/>
          <line num="375" count="10" type="stmt"/>
          <line num="376" count="42" type="cond" truecount="1" falsecount="1"/>
          <line num="377" count="0" type="stmt"/>
          <line num="382" count="27" type="stmt"/>
          <line num="387" count="0" type="cond" truecount="0" falsecount="2"/>
          <line num="394" count="1" type="cond" truecount="1" falsecount="1"/>
          <line num="396" count="1" type="cond" truecount="1" falsecount="1"/>
          <line num="397" count="1" type="cond" truecount="1" falsecount="1"/>
          <line num="398" count="0" type="stmt"/>
          <line num="403" count="1" type="stmt"/>
          <line num="407" count="1" type="stmt"/>
          <line num="413" count="0" type="cond" truecount="0" falsecount="2"/>
          <line num="414" count="0" type="cond" truecount="0" falsecount="2"/>
          <line num="415" count="0" type="stmt"/>
          <line num="418" count="0" type="stmt"/>
          <line num="419" count="0" type="cond" truecount="0" falsecount="4"/>
          <line num="421" count="0" type="stmt"/>
          <line num="424" count="0" type="cond" truecount="0" falsecount="4"/>
          <line num="425" count="0" type="stmt"/>
          <line num="430" count="0" type="stmt"/>
          <line num="434" count="0" type="stmt"/>
          <line num="435" count="0" type="stmt"/>
          <line num="436" count="0" type="stmt"/>
          <line num="438" count="0" type="stmt"/>
          <line num="439" count="0" type="stmt"/>
          <line num="444" count="0" type="cond" truecount="0" falsecount="2"/>
          <line num="445" count="0" type="stmt"/>
          <line num="446" count="0" type="stmt"/>
          <line num="450" count="0" type="stmt"/>
          <line num="452" count="0" type="stmt"/>
          <line num="457" count="0" type="stmt"/>
          <line num="458" count="0" type="stmt"/>
          <line num="459" count="0" type="stmt"/>
          <line num="460" count="0" type="stmt"/>
          <line num="464" count="0" type="stmt"/>
          <line num="465" count="0" type="stmt"/>
          <line num="466" count="0" type="cond" truecount="0" falsecount="2"/>
          <line num="467" count="0" type="stmt"/>
          <line num="471" count="0" type="stmt"/>
          <line num="477" count="0" type="stmt"/>
          <line num="478" count="0" type="stmt"/>
          <line num="481" count="0" type="cond" truecount="0" falsecount="2"/>
          <line num="482" count="0" type="stmt"/>
          <line num="483" count="0" type="stmt"/>
          <line num="484" count="0" type="stmt"/>
          <line num="486" count="0" type="cond" truecount="0" falsecount="2"/>
          <line num="487" count="0" type="stmt"/>
          <line num="493" count="0" type="stmt"/>
          <line num="494" count="0" type="stmt"/>
          <line num="496" count="0" type="cond" truecount="0" falsecount="2"/>
          <line num="497" count="0" type="stmt"/>
          <line num="503" count="0" type="stmt"/>
          <line num="514" count="0" type="cond" truecount="0" falsecount="2"/>
          <line num="515" count="0" type="stmt"/>
          <line num="516" count="0" type="stmt"/>
          <line num="517" count="0" type="stmt"/>
          <line num="522" count="0" type="cond" truecount="0" falsecount="2"/>
          <line num="523" count="0" type="stmt"/>
          <line num="527" count="0" type="stmt"/>
          <line num="528" count="0" type="stmt"/>
          <line num="529" count="0" type="cond" truecount="0" falsecount="2"/>
          <line num="533" count="0" type="cond" truecount="0" falsecount="2"/>
          <line num="535" count="0" type="stmt"/>
          <line num="539" count="1" type="stmt"/>
          <line num="552" count="1" type="cond" truecount="1" falsecount="1"/>
          <line num="553" count="1" type="stmt"/>
          <line num="558" count="1" type="stmt"/>
          <line num="560" count="10" type="stmt"/>
          <line num="569" count="28" type="cond" truecount="3" falsecount="0"/>
          <line num="570" count="28" type="stmt"/>
          <line num="572" count="28" type="cond" truecount="3" falsecount="1"/>
          <line num="573" count="0" type="stmt"/>
          <line num="576" count="28" type="cond" truecount="5" falsecount="0"/>
          <line num="590" count="1" type="stmt"/>
          <line num="615" count="1" type="stmt"/>
          <line num="616" count="1" type="stmt"/>
          <line num="617" count="1" type="stmt"/>
          <line num="618" count="1" type="stmt"/>
          <line num="619" count="1" type="stmt"/>
          <line num="620" count="1" type="stmt"/>
          <line num="621" count="1" type="stmt"/>
          <line num="622" count="1" type="stmt"/>
          <line num="623" count="18" type="cond" truecount="1" falsecount="1"/>
          <line num="624" count="0" type="stmt"/>
          <line num="626" count="18" type="stmt"/>
          <line num="630" count="1" type="stmt"/>
          <line num="633" count="1" type="stmt"/>
          <line num="634" count="1" type="stmt"/>
          <line num="635" count="1" type="stmt"/>
          <line num="636" count="1" type="stmt"/>
          <line num="637" count="1" type="stmt"/>
          <line num="638" count="1" type="stmt"/>
          <line num="641" count="1" type="stmt"/>
          <line num="642" count="0" type="stmt"/>
          <line num="643" count="0" type="stmt"/>
          <line num="644" count="0" type="stmt"/>
          <line num="645" count="0" type="cond" truecount="0" falsecount="2"/>
          <line num="646" count="0" type="stmt"/>
          <line num="649" count="0" type="stmt"/>
          <line num="652" count="1" type="stmt"/>
          <line num="657" count="1" type="stmt"/>
          <line num="660" count="1" type="stmt"/>
          <line num="663" count="1" type="stmt"/>
          <line num="670" count="1" type="stmt"/>
          <line num="681" count="1" type="stmt"/>
          <line num="682" count="1" type="stmt"/>
          <line num="684" count="1" type="stmt"/>
          <line num="685" count="1" type="stmt"/>
          <line num="687" count="1" type="stmt"/>
          <line num="689" count="1" type="stmt"/>
          <line num="690" count="1" type="stmt"/>
          <line num="692" count="1" type="stmt"/>
          <line num="708" count="1" type="stmt"/>
          <line num="709" count="1" type="stmt"/>
          <line num="711" count="1" type="stmt"/>
          <line num="714" count="1" type="stmt"/>
          <line num="716" count="1" type="stmt"/>
          <line num="717" count="1" type="stmt"/>
          <line num="720" count="1" type="stmt"/>
          <line num="721" count="1" type="stmt"/>
          <line num="722" count="0" type="stmt"/>
          <line num="726" count="0" type="cond" truecount="0" falsecount="4"/>
          <line num="739" count="1" type="stmt"/>
          <line num="740" count="0" type="stmt"/>
          <line num="744" count="1" type="stmt"/>
          <line num="745" count="1" type="stmt"/>
          <line num="751" count="1" type="stmt"/>
          <line num="753" count="0" type="cond" truecount="0" falsecount="2"/>
          <line num="757" count="0" type="stmt"/>
          <line num="763" count="0" type="stmt"/>
          <line num="764" count="0" type="stmt"/>
          <line num="766" count="0" type="stmt"/>
          <line num="767" count="0" type="stmt"/>
          <line num="774" count="0" type="cond" truecount="0" falsecount="2"/>
          <line num="777" count="0" type="cond" truecount="0" falsecount="2"/>
          <line num="779" count="0" type="cond" truecount="0" falsecount="2"/>
          <line num="782" count="0" type="cond" truecount="0" falsecount="7"/>
          <line num="785" count="0" type="stmt"/>
          <line num="789" count="0" type="cond" truecount="0" falsecount="2"/>
          <line num="791" count="0" type="cond" truecount="0" falsecount="6"/>
          <line num="792" count="0" type="stmt"/>
          <line num="794" count="0" type="cond" truecount="0" falsecount="2"/>
          <line num="796" count="0" type="cond" truecount="0" falsecount="2"/>
          <line num="800" count="0" type="cond" truecount="0" falsecount="4"/>
          <line num="803" count="0" type="cond" truecount="0" falsecount="2"/>
          <line num="806" count="0" type="cond" truecount="0" falsecount="2"/>
          <line num="807" count="0" type="cond" truecount="0" falsecount="2"/>
          <line num="812" count="0" type="cond" truecount="0" falsecount="2"/>
          <line num="813" count="0" type="stmt"/>
          <line num="814" count="0" type="stmt"/>
          <line num="817" count="0" type="stmt"/>
          <line num="826" count="0" type="cond" truecount="0" falsecount="6"/>
          <line num="830" count="0" type="stmt"/>
          <line num="831" count="0" type="stmt"/>
          <line num="836" count="0" type="cond" truecount="0" falsecount="2"/>
          <line num="837" count="0" type="stmt"/>
          <line num="838" count="0" type="stmt"/>
          <line num="841" count="0" type="cond" truecount="0" falsecount="5"/>
          <line num="844" count="0" type="stmt"/>
          <line num="845" count="0" type="stmt"/>
          <line num="850" count="0" type="cond" truecount="0" falsecount="6"/>
          <line num="854" count="0" type="cond" truecount="0" falsecount="2"/>
          <line num="855" count="0" type="stmt"/>
          <line num="856" count="0" type="stmt"/>
          <line num="862" count="0" type="cond" truecount="0" falsecount="2"/>
          <line num="865" count="0" type="cond" truecount="0" falsecount="2"/>
          <line num="866" count="0" type="stmt"/>
          <line num="868" count="0" type="stmt"/>
          <line num="872" count="0" type="stmt"/>
          <line num="873" count="0" type="stmt"/>
          <line num="874" count="0" type="cond" truecount="0" falsecount="2"/>
          <line num="875" count="0" type="stmt"/>
          <line num="876" count="0" type="stmt"/>
          <line num="878" count="0" type="stmt"/>
          <line num="881" count="0" type="cond" truecount="0" falsecount="3"/>
          <line num="885" count="0" type="cond" truecount="0" falsecount="2"/>
          <line num="886" count="0" type="stmt"/>
          <line num="887" count="0" type="stmt"/>
          <line num="890" count="0" type="stmt"/>
          <line num="893" count="0" type="cond" truecount="0" falsecount="2"/>
          <line num="894" count="0" type="stmt"/>
          <line num="903" count="0" type="stmt"/>
          <line num="913" count="3" type="stmt"/>
          <line num="917" count="0" type="cond" truecount="0" falsecount="2"/>
          <line num="919" count="0" type="stmt"/>
          <line num="921" count="0" type="stmt"/>
          <line num="923" count="3" type="stmt"/>
          <line num="931" count="11" type="stmt"/>
          <line num="932" count="11" type="stmt"/>
          <line num="940" count="7" type="stmt"/>
          <line num="942" count="7" type="stmt"/>
          <line num="943" count="7" type="stmt"/>
          <line num="945" count="0" type="stmt"/>
          <line num="948" count="7" type="cond" truecount="2" falsecount="0"/>
          <line num="949" count="1" type="stmt"/>
          <line num="952" count="7" type="stmt"/>
          <line num="962" count="0" type="stmt"/>
          <line num="963" count="0" type="stmt"/>
          <line num="965" count="0" type="stmt"/>
          <line num="966" count="0" type="stmt"/>
          <line num="977" count="0" type="cond" truecount="0" falsecount="2"/>
          <line num="978" count="0" type="cond" truecount="0" falsecount="4"/>
          <line num="983" count="0" type="cond" truecount="0" falsecount="2"/>
          <line num="984" count="0" type="stmt"/>
          <line num="988" count="0" type="cond" truecount="0" falsecount="2"/>
          <line num="989" count="0" type="stmt"/>
          <line num="990" count="0" type="cond" truecount="0" falsecount="2"/>
          <line num="991" count="0" type="stmt"/>
          <line num="996" count="0" type="cond" truecount="0" falsecount="2"/>
          <line num="1004" count="5" type="stmt"/>
          <line num="1005" count="0" type="stmt"/>
          <line num="1006" count="0" type="cond" truecount="0" falsecount="2"/>
          <line num="1015" count="2" type="stmt"/>
          <line num="1016" count="0" type="stmt"/>
          <line num="1017" count="0" type="cond" truecount="0" falsecount="3"/>
          <line num="1026" count="7" type="stmt"/>
          <line num="1027" count="0" type="stmt"/>
          <line num="1028" count="0" type="stmt"/>
          <line num="1030" count="0" type="stmt"/>
          <line num="1031" count="0" type="stmt"/>
          <line num="1034" count="0" type="stmt"/>
          <line num="1035" count="0" type="cond" truecount="0" falsecount="2"/>
          <line num="1036" count="0" type="stmt"/>
          <line num="1049" count="0" type="cond" truecount="0" falsecount="3"/>
          <line num="1053" count="1" type="stmt"/>
          <line num="1060" count="1" type="stmt"/>
          <line num="1063" count="1" type="cond" truecount="4" falsecount="0"/>
          <line num="1064" count="1" type="cond" truecount="1" falsecount="1"/>
          <line num="1072" count="1" type="stmt"/>
          <line num="1074" count="1" type="cond" truecount="1" falsecount="3"/>
          <line num="1077" count="1" type="cond" truecount="4" falsecount="1"/>
          <line num="1078" count="0" type="stmt"/>
          <line num="1082" count="1" type="stmt"/>
          <line num="1083" count="1" type="stmt"/>
          <line num="1084" count="1" type="stmt"/>
          <line num="1088" count="1" type="cond" truecount="3" falsecount="1"/>
          <line num="1090" count="0" type="cond" truecount="0" falsecount="2"/>
          <line num="1091" count="0" type="stmt"/>
          <line num="1094" count="0" type="cond" truecount="0" falsecount="2"/>
          <line num="1095" count="0" type="stmt"/>
          <line num="1105" count="1" type="stmt"/>
          <line num="1106" count="1" type="stmt"/>
          <line num="1107" count="1" type="stmt"/>
          <line num="1114" count="1" type="stmt"/>
          <line num="1115" count="1" type="stmt"/>
          <line num="1116" count="1" type="stmt"/>
          <line num="1120" count="1" type="stmt"/>
          <line num="1126" count="1" type="stmt"/>
          <line num="1127" count="1" type="stmt"/>
          <line num="1128" count="1" type="cond" truecount="2" falsecount="0"/>
          <line num="1132" count="1" type="cond" truecount="1" falsecount="1"/>
          <line num="1133" count="1" type="stmt"/>
          <line num="1134" count="0" type="cond" truecount="0" falsecount="4"/>
          <line num="1135" count="0" type="stmt"/>
          <line num="1136" count="0" type="cond" truecount="0" falsecount="2"/>
          <line num="1139" count="1" type="stmt"/>
          <line num="1140" count="0" type="stmt"/>
          <line num="1141" count="0" type="stmt"/>
          <line num="1142" count="0" type="stmt"/>
          <line num="1148" count="0" type="stmt"/>
          <line num="1150" count="0" type="stmt"/>
          <line num="1151" count="0" type="stmt"/>
          <line num="1152" count="0" type="stmt"/>
          <line num="1153" count="0" type="cond" truecount="0" falsecount="2"/>
          <line num="1155" count="0" type="cond" truecount="0" falsecount="2"/>
          <line num="1161" count="1" type="cond" truecount="1" falsecount="1"/>
          <line num="1163" count="0" type="cond" truecount="0" falsecount="2"/>
          <line num="1164" count="0" type="stmt"/>
          <line num="1167" count="0" type="cond" truecount="0" falsecount="2"/>
          <line num="1168" count="0" type="stmt"/>
          <line num="1174" count="0" type="stmt"/>
          <line num="1175" count="0" type="stmt"/>
          <line num="1177" count="0" type="stmt"/>
          <line num="1180" count="0" type="cond" truecount="0" falsecount="2"/>
          <line num="1181" count="0" type="stmt"/>
          <line num="1182" count="0" type="cond" truecount="0" falsecount="2"/>
          <line num="1183" count="0" type="stmt"/>
          <line num="1187" count="0" type="stmt"/>
          <line num="1189" count="0" type="stmt"/>
          <line num="1193" count="1" type="cond" truecount="1" falsecount="1"/>
          <line num="1194" count="0" type="cond" truecount="0" falsecount="4"/>
          <line num="1195" count="0" type="stmt"/>
          <line num="1205" count="1" type="stmt"/>
          <line num="1212" count="1" type="stmt"/>
          <line num="1214" count="1" type="cond" truecount="1" falsecount="1"/>
          <line num="1217" count="0" type="stmt"/>
          <line num="1223" count="0" type="stmt"/>
          <line num="1231" count="0" type="cond" truecount="0" falsecount="2"/>
          <line num="1232" count="0" type="stmt"/>
          <line num="1237" count="0" type="cond" truecount="0" falsecount="2"/>
          <line num="1238" count="0" type="stmt"/>
          <line num="1242" count="0" type="cond" truecount="0" falsecount="2"/>
          <line num="1243" count="0" type="stmt"/>
          <line num="1249" count="0" type="cond" truecount="0" falsecount="2"/>
          <line num="1250" count="0" type="stmt"/>
          <line num="1256" count="0" type="cond" truecount="0" falsecount="2"/>
          <line num="1257" count="0" type="stmt"/>
          <line num="1261" count="0" type="stmt"/>
          <line num="1264" count="0" type="stmt"/>
          <line num="1265" count="0" type="stmt"/>
          <line num="1266" count="0" type="stmt"/>
          <line num="1270" count="0" type="cond" truecount="0" falsecount="2"/>
          <line num="1271" count="0" type="stmt"/>
          <line num="1276" count="0" type="cond" truecount="0" falsecount="2"/>
          <line num="1277" count="0" type="stmt"/>
          <line num="1281" count="0" type="stmt"/>
          <line num="1282" count="0" type="stmt"/>
          <line num="1286" count="1" type="cond" truecount="2" falsecount="5"/>
          <line num="1292" count="0" type="stmt"/>
          <line num="1295" count="0" type="stmt"/>
          <line num="1299" count="0" type="stmt"/>
          <line num="1300" count="0" type="stmt"/>
          <line num="1304" count="1" type="cond" truecount="1" falsecount="1"/>
          <line num="1305" count="1" type="cond" truecount="1" falsecount="1"/>
          <line num="1309" count="1" type="stmt"/>
          <line num="1314" count="1" type="cond" truecount="3" falsecount="1"/>
          <line num="1316" count="0" type="cond" truecount="0" falsecount="2"/>
          <line num="1317" count="0" type="cond" truecount="0" falsecount="2"/>
          <line num="1318" count="0" type="cond" truecount="0" falsecount="5"/>
          <line num="1325" count="0" type="cond" truecount="0" falsecount="2"/>
          <line num="1326" count="0" type="stmt"/>
          <line num="1327" count="0" type="cond" truecount="0" falsecount="2"/>
          <line num="1328" count="0" type="stmt"/>
          <line num="1332" count="0" type="stmt"/>
          <line num="1339" count="1" type="cond" truecount="1" falsecount="1"/>
          <line num="1343" count="0" type="cond" truecount="0" falsecount="2"/>
          <line num="1344" count="0" type="stmt"/>
          <line num="1345" count="0" type="stmt"/>
          <line num="1349" count="0" type="stmt"/>
          <line num="1350" count="0" type="cond" truecount="0" falsecount="2"/>
          <line num="1351" count="0" type="stmt"/>
          <line num="1355" count="0" type="cond" truecount="0" falsecount="6"/>
          <line num="1362" count="0" type="cond" truecount="0" falsecount="5"/>
          <line num="1366" count="0" type="cond" truecount="0" falsecount="5"/>
          <line num="1367" count="0" type="stmt"/>
          <line num="1369" count="0" type="cond" truecount="0" falsecount="5"/>
          <line num="1370" count="0" type="stmt"/>
          <line num="1374" count="0" type="cond" truecount="0" falsecount="2"/>
          <line num="1379" count="0" type="cond" truecount="0" falsecount="2"/>
          <line num="1383" count="0" type="cond" truecount="0" falsecount="2"/>
          <line num="1384" count="0" type="stmt"/>
          <line num="1385" count="0" type="stmt"/>
          <line num="1389" count="0" type="stmt"/>
          <line num="1390" count="0" type="stmt"/>
          <line num="1391" count="0" type="stmt"/>
          <line num="1392" count="0" type="stmt"/>
          <line num="1393" count="0" type="stmt"/>
          <line num="1396" count="0" type="cond" truecount="0" falsecount="4"/>
          <line num="1397" count="0" type="cond" truecount="0" falsecount="2"/>
          <line num="1406" count="0" type="cond" truecount="0" falsecount="2"/>
          <line num="1407" count="0" type="stmt"/>
          <line num="1411" count="0" type="stmt"/>
          <line num="1412" count="0" type="stmt"/>
          <line num="1413" count="0" type="stmt"/>
          <line num="1415" count="0" type="stmt"/>
          <line num="1416" count="0" type="stmt"/>
          <line num="1417" count="0" type="stmt"/>
          <line num="1421" count="0" type="stmt"/>
          <line num="1422" count="0" type="stmt"/>
          <line num="1425" count="0" type="cond" truecount="0" falsecount="2"/>
          <line num="1435" count="1" type="stmt"/>
          <line num="1438" count="1" type="stmt"/>
          <line num="1439" count="0" type="stmt"/>
          <line num="1442" count="1" type="stmt"/>
          <line num="1444" count="0" type="cond" truecount="0" falsecount="4"/>
          <line num="1445" count="0" type="stmt"/>
          <line num="1449" count="0" type="stmt"/>
          <line num="1451" count="0" type="cond" truecount="0" falsecount="9"/>
          <line num="1456" count="0" type="stmt"/>
          <line num="1457" count="0" type="stmt"/>
          <line num="1460" count="0" type="cond" truecount="0" falsecount="6"/>
          <line num="1464" count="0" type="stmt"/>
          <line num="1469" count="0" type="stmt"/>
          <line num="1472" count="1" type="stmt"/>
          <line num="1474" count="0" type="cond" truecount="0" falsecount="4"/>
          <line num="1475" count="0" type="stmt"/>
          <line num="1477" count="0" type="stmt"/>
          <line num="1480" count="1" type="stmt"/>
          <line num="1482" count="0" type="cond" truecount="0" falsecount="4"/>
          <line num="1483" count="0" type="stmt"/>
          <line num="1486" count="0" type="stmt"/>
          <line num="1488" count="0" type="cond" truecount="0" falsecount="4"/>
          <line num="1492" count="0" type="cond" truecount="0" falsecount="2"/>
          <line num="1501" count="1" type="stmt"/>
          <line num="1502" count="0" type="stmt"/>
          <line num="1509" count="1" type="stmt"/>
          <line num="1511" count="0" type="stmt"/>
          <line num="1512" count="0" type="stmt"/>
          <line num="1513" count="0" type="stmt"/>
          <line num="1516" count="0" type="stmt"/>
          <line num="1517" count="0" type="cond" truecount="0" falsecount="2"/>
          <line num="1518" count="0" type="stmt"/>
          <line num="1520" count="0" type="cond" truecount="0" falsecount="2"/>
          <line num="1521" count="0" type="stmt"/>
          <line num="1522" count="0" type="cond" truecount="0" falsecount="2"/>
          <line num="1523" count="0" type="stmt"/>
          <line num="1526" count="0" type="stmt"/>
          <line num="1527" count="0" type="stmt"/>
          <line num="1533" count="0" type="stmt"/>
          <line num="1535" count="0" type="stmt"/>
          <line num="1542" count="1" type="stmt"/>
          <line num="1544" count="0" type="stmt"/>
          <line num="1545" count="0" type="stmt"/>
          <line num="1546" count="0" type="stmt"/>
          <line num="1548" count="0" type="cond" truecount="0" falsecount="2"/>
          <line num="1550" count="0" type="stmt"/>
          <line num="1552" count="0" type="stmt"/>
          <line num="1554" count="0" type="cond" truecount="0" falsecount="5"/>
          <line num="1557" count="0" type="cond" truecount="0" falsecount="2"/>
          <line num="1558" count="0" type="stmt"/>
          <line num="1561" count="0" type="stmt"/>
          <line num="1562" count="0" type="stmt"/>
          <line num="1565" count="0" type="cond" truecount="0" falsecount="4"/>
          <line num="1566" count="0" type="stmt"/>
          <line num="1570" count="0" type="stmt"/>
          <line num="1573" count="1" type="stmt"/>
          <line num="1595" count="0" type="stmt"/>
          <line num="1598" count="0" type="cond" truecount="0" falsecount="4"/>
          <line num="1600" count="0" type="cond" truecount="0" falsecount="2"/>
          <line num="1601" count="0" type="stmt"/>
          <line num="1604" count="0" type="stmt"/>
          <line num="1618" count="0" type="stmt"/>
          <line num="1620" count="0" type="cond" truecount="0" falsecount="2"/>
          <line num="1622" count="0" type="cond" truecount="0" falsecount="2"/>
          <line num="1623" count="0" type="stmt"/>
          <line num="1628" count="0" type="cond" truecount="0" falsecount="6"/>
          <line num="1629" count="0" type="cond" truecount="0" falsecount="2"/>
          <line num="1632" count="0" type="cond" truecount="0" falsecount="2"/>
          <line num="1633" count="0" type="stmt"/>
          <line num="1636" count="0" type="stmt"/>
          <line num="1641" count="0" type="cond" truecount="0" falsecount="2"/>
          <line num="1643" count="0" type="cond" truecount="0" falsecount="2"/>
          <line num="1644" count="0" type="stmt"/>
          <line num="1648" count="0" type="cond" truecount="0" falsecount="2"/>
          <line num="1649" count="0" type="cond" truecount="0" falsecount="3"/>
          <line num="1652" count="0" type="cond" truecount="0" falsecount="6"/>
          <line num="1659" count="0" type="stmt"/>
          <line num="1660" count="0" type="stmt"/>
          <line num="1664" count="0" type="stmt"/>
          <line num="1671" count="0" type="stmt"/>
          <line num="1672" count="0" type="cond" truecount="0" falsecount="2"/>
          <line num="1673" count="0" type="stmt"/>
          <line num="1675" count="0" type="cond" truecount="0" falsecount="2"/>
          <line num="1680" count="0" type="stmt"/>
          <line num="1682" count="0" type="cond" truecount="0" falsecount="3"/>
          <line num="1685" count="0" type="cond" truecount="0" falsecount="5"/>
          <line num="1690" count="0" type="stmt"/>
          <line num="1691" count="0" type="stmt"/>
          <line num="1693" count="0" type="cond" truecount="0" falsecount="2"/>
          <line num="1694" count="0" type="stmt"/>
          <line num="1696" count="0" type="cond" truecount="0" falsecount="2"/>
          <line num="1697" count="0" type="stmt"/>
          <line num="1700" count="0" type="stmt"/>
          <line num="1702" count="0" type="cond" truecount="0" falsecount="2"/>
          <line num="1714" count="0" type="stmt"/>
          <line num="1715" count="0" type="stmt"/>
          <line num="1716" count="0" type="stmt"/>
          <line num="1718" count="0" type="cond" truecount="0" falsecount="4"/>
          <line num="1722" count="0" type="stmt"/>
          <line num="1727" count="0" type="cond" truecount="0" falsecount="2"/>
          <line num="1728" count="0" type="stmt"/>
          <line num="1729" count="0" type="cond" truecount="0" falsecount="2"/>
          <line num="1730" count="0" type="cond" truecount="0" falsecount="2"/>
          <line num="1731" count="0" type="stmt"/>
          <line num="1733" count="0" type="cond" truecount="0" falsecount="2"/>
          <line num="1736" count="0" type="cond" truecount="0" falsecount="2"/>
          <line num="1737" count="0" type="stmt"/>
          <line num="1738" count="0" type="stmt"/>
          <line num="1739" count="0" type="stmt"/>
          <line num="1740" count="0" type="cond" truecount="0" falsecount="4"/>
          <line num="1744" count="0" type="stmt"/>
          <line num="1748" count="0" type="cond" truecount="0" falsecount="3"/>
          <line num="1750" count="0" type="stmt"/>
          <line num="1753" count="0" type="cond" truecount="0" falsecount="2"/>
          <line num="1756" count="0" type="cond" truecount="0" falsecount="4"/>
          <line num="1761" count="0" type="stmt"/>
          <line num="1762" count="0" type="cond" truecount="0" falsecount="2"/>
          <line num="1766" count="0" type="cond" truecount="0" falsecount="2"/>
          <line num="1769" count="0" type="cond" truecount="0" falsecount="2"/>
          <line num="1770" count="0" type="cond" truecount="0" falsecount="2"/>
          <line num="1771" count="0" type="cond" truecount="0" falsecount="2"/>
          <line num="1772" count="0" type="cond" truecount="0" falsecount="2"/>
          <line num="1774" count="0" type="cond" truecount="0" falsecount="5"/>
          <line num="1780" count="0" type="cond" truecount="0" falsecount="5"/>
          <line num="1781" count="0" type="stmt"/>
          <line num="1782" count="0" type="stmt"/>
          <line num="1788" count="0" type="cond" truecount="0" falsecount="2"/>
          <line num="1790" count="0" type="stmt"/>
          <line num="1791" count="0" type="cond" truecount="0" falsecount="2"/>
          <line num="1795" count="0" type="cond" truecount="0" falsecount="2"/>
          <line num="1798" count="0" type="cond" truecount="0" falsecount="2"/>
          <line num="1799" count="0" type="cond" truecount="0" falsecount="2"/>
          <line num="1800" count="0" type="stmt"/>
          <line num="1805" count="0" type="cond" truecount="0" falsecount="2"/>
          <line num="1807" count="0" type="cond" truecount="0" falsecount="5"/>
          <line num="1810" count="0" type="cond" truecount="0" falsecount="6"/>
          <line num="1816" count="0" type="cond" truecount="0" falsecount="2"/>
          <line num="1817" count="0" type="cond" truecount="0" falsecount="2"/>
          <line num="1821" count="0" type="cond" truecount="0" falsecount="2"/>
          <line num="1824" count="0" type="stmt"/>
          <line num="1827" count="0" type="cond" truecount="0" falsecount="2"/>
          <line num="1828" count="0" type="stmt"/>
          <line num="1836" count="0" type="stmt"/>
          <line num="1837" count="0" type="cond" truecount="0" falsecount="3"/>
          <line num="1848" count="0" type="cond" truecount="0" falsecount="3"/>
          <line num="1854" count="0" type="cond" truecount="0" falsecount="2"/>
          <line num="1855" count="0" type="stmt"/>
          <line num="1859" count="0" type="cond" truecount="0" falsecount="2"/>
          <line num="1860" count="0" type="stmt"/>
          <line num="1861" count="0" type="cond" truecount="0" falsecount="2"/>
          <line num="1864" count="0" type="stmt"/>
          <line num="1865" count="0" type="stmt"/>
          <line num="1866" count="0" type="stmt"/>
          <line num="1867" count="0" type="stmt"/>
          <line num="1868" count="0" type="stmt"/>
          <line num="1872" count="0" type="stmt"/>
          <line num="1876" count="0" type="stmt"/>
          <line num="1886" count="0" type="stmt"/>
          <line num="1887" count="0" type="stmt"/>
          <line num="1888" count="0" type="stmt"/>
          <line num="1890" count="0" type="cond" truecount="0" falsecount="2"/>
          <line num="1893" count="0" type="stmt"/>
          <line num="1894" count="0" type="stmt"/>
          <line num="1897" count="0" type="stmt"/>
          <line num="1898" count="0" type="cond" truecount="0" falsecount="2"/>
          <line num="1899" count="0" type="stmt"/>
          <line num="1904" count="0" type="stmt"/>
          <line num="1905" count="0" type="stmt"/>
          <line num="1907" count="0" type="stmt"/>
          <line num="1908" count="0" type="stmt"/>
          <line num="1913" count="0" type="stmt"/>
          <line num="1914" count="0" type="stmt"/>
          <line num="1919" count="0" type="stmt"/>
          <line num="1920" count="0" type="stmt"/>
          <line num="1921" count="0" type="cond" truecount="0" falsecount="3"/>
          <line num="1934" count="0" type="cond" truecount="0" falsecount="4"/>
          <line num="1935" count="0" type="stmt"/>
          <line num="1937" count="0" type="stmt"/>
          <line num="1938" count="0" type="stmt"/>
          <line num="1940" count="0" type="stmt"/>
          <line num="1941" count="0" type="cond" truecount="0" falsecount="4"/>
          <line num="1945" count="0" type="stmt"/>
          <line num="1946" count="0" type="cond" truecount="0" falsecount="2"/>
          <line num="1949" count="0" type="stmt"/>
          <line num="1955" count="0" type="cond" truecount="0" falsecount="2"/>
          <line num="1956" count="0" type="cond" truecount="0" falsecount="2"/>
          <line num="1960" count="0" type="stmt"/>
          <line num="1964" count="0" type="cond" truecount="0" falsecount="7"/>
          <line num="1969" count="0" type="stmt"/>
          <line num="1973" count="0" type="stmt"/>
          <line num="1979" count="0" type="stmt"/>
          <line num="1980" count="0" type="cond" truecount="0" falsecount="4"/>
          <line num="1986" count="0" type="cond" truecount="0" falsecount="2"/>
          <line num="1987" count="0" type="stmt"/>
          <line num="1990" count="0" type="stmt"/>
          <line num="1999" count="0" type="stmt"/>
          <line num="2000" count="0" type="cond" truecount="0" falsecount="2"/>
          <line num="2001" count="0" type="stmt"/>
          <line num="2004" count="0" type="stmt"/>
          <line num="2008" count="0" type="stmt"/>
          <line num="2013" count="0" type="stmt"/>
          <line num="2017" count="0" type="stmt"/>
          <line num="2021" count="0" type="stmt"/>
          <line num="2022" count="0" type="cond" truecount="0" falsecount="3"/>
          <line num="2027" count="0" type="cond" truecount="0" falsecount="4"/>
          <line num="2037" count="0" type="stmt"/>
          <line num="2041" count="0" type="stmt"/>
          <line num="2045" count="0" type="cond" truecount="0" falsecount="2"/>
          <line num="2049" count="0" type="stmt"/>
          <line num="2050" count="0" type="stmt"/>
          <line num="2051" count="0" type="stmt"/>
          <line num="2053" count="0" type="stmt"/>
          <line num="2057" count="0" type="stmt"/>
          <line num="2058" count="0" type="stmt"/>
          <line num="2059" count="0" type="stmt"/>
          <line num="2061" count="0" type="stmt"/>
          <line num="2065" count="0" type="cond" truecount="0" falsecount="2"/>
          <line num="2066" count="0" type="stmt"/>
          <line num="2067" count="0" type="stmt"/>
          <line num="2069" count="0" type="stmt"/>
          <line num="2073" count="0" type="cond" truecount="0" falsecount="2"/>
          <line num="2074" count="0" type="stmt"/>
          <line num="2075" count="0" type="stmt"/>
          <line num="2077" count="0" type="stmt"/>
          <line num="2082" count="1" type="stmt"/>
          <line num="2085" count="1" type="stmt"/>
          <line num="2086" count="5" type="stmt"/>
          <line num="2088" count="1" type="stmt"/>
          <line num="2089" count="2" type="stmt"/>
          <line num="2094" count="1" type="stmt"/>
          <line num="2095" count="1" type="stmt"/>
          <line num="2097" count="1" type="stmt"/>
          <line num="2100" count="0" type="stmt"/>
          <line num="2102" count="0" type="cond" truecount="0" falsecount="2"/>
          <line num="2103" count="0" type="cond" truecount="0" falsecount="2"/>
          <line num="2106" count="0" type="stmt"/>
          <line num="2107" count="0" type="stmt"/>
          <line num="2108" count="0" type="stmt"/>
          <line num="2110" count="0" type="stmt"/>
          <line num="2113" count="0" type="cond" truecount="0" falsecount="4"/>
          <line num="2114" count="0" type="cond" truecount="0" falsecount="2"/>
          <line num="2116" count="0" type="cond" truecount="0" falsecount="2"/>
          <line num="2118" count="0" type="stmt"/>
          <line num="2121" count="0" type="stmt"/>
          <line num="2124" count="0" type="cond" truecount="0" falsecount="2"/>
          <line num="2125" count="0" type="stmt"/>
          <line num="2126" count="0" type="stmt"/>
          <line num="2131" count="0" type="stmt"/>
          <line num="2135" count="0" type="stmt"/>
          <line num="2136" count="0" type="cond" truecount="0" falsecount="5"/>
          <line num="2138" count="0" type="stmt"/>
          <line num="2139" count="0" type="stmt"/>
          <line num="2144" count="0" type="stmt"/>
          <line num="2148" count="0" type="cond" truecount="0" falsecount="2"/>
          <line num="2149" count="0" type="stmt"/>
          <line num="2156" count="0" type="cond" truecount="0" falsecount="2"/>
          <line num="2165" count="0" type="stmt"/>
          <line num="2166" count="0" type="stmt"/>
          <line num="2167" count="0" type="stmt"/>
          <line num="2168" count="0" type="stmt"/>
          <line num="2169" count="0" type="stmt"/>
          <line num="2171" count="0" type="stmt"/>
          <line num="2175" count="0" type="stmt"/>
          <line num="2176" count="0" type="cond" truecount="0" falsecount="2"/>
          <line num="2177" count="0" type="stmt"/>
          <line num="2179" count="0" type="cond" truecount="0" falsecount="2"/>
          <line num="2182" count="0" type="stmt"/>
          <line num="2183" count="0" type="cond" truecount="0" falsecount="4"/>
          <line num="2184" count="0" type="stmt"/>
          <line num="2192" count="0" type="stmt"/>
          <line num="2195" count="0" type="cond" truecount="0" falsecount="2"/>
          <line num="2196" count="0" type="stmt"/>
          <line num="2197" count="0" type="cond" truecount="0" falsecount="4"/>
          <line num="2198" count="0" type="cond" truecount="0" falsecount="2"/>
          <line num="2199" count="0" type="stmt"/>
          <line num="2204" count="0" type="stmt"/>
          <line num="2205" count="0" type="cond" truecount="0" falsecount="4"/>
          <line num="2206" count="0" type="cond" truecount="0" falsecount="2"/>
          <line num="2210" count="0" type="cond" truecount="0" falsecount="2"/>
          <line num="2212" count="0" type="cond" truecount="0" falsecount="5"/>
          <line num="2216" count="0" type="stmt"/>
          <line num="2219" count="0" type="stmt"/>
          <line num="2222" count="0" type="cond" truecount="0" falsecount="2"/>
          <line num="2223" count="0" type="stmt"/>
          <line num="2233" count="0" type="cond" truecount="0" falsecount="2"/>
          <line num="2235" count="0" type="stmt"/>
          <line num="2236" count="0" type="stmt"/>
          <line num="2237" count="0" type="cond" truecount="0" falsecount="2"/>
          <line num="2238" count="0" type="stmt"/>
          <line num="2241" count="0" type="stmt"/>
          <line num="2247" count="0" type="stmt"/>
          <line num="2248" count="0" type="stmt"/>
          <line num="2249" count="0" type="stmt"/>
          <line num="2250" count="0" type="stmt"/>
          <line num="2252" count="0" type="stmt"/>
          <line num="2257" count="0" type="stmt"/>
          <line num="2258" count="0" type="stmt"/>
          <line num="2259" count="0" type="stmt"/>
          <line num="2260" count="0" type="stmt"/>
          <line num="2262" count="0" type="stmt"/>
          <line num="2263" count="0" type="cond" truecount="0" falsecount="2"/>
          <line num="2264" count="0" type="cond" truecount="0" falsecount="4"/>
          <line num="2265" count="0" type="stmt"/>
          <line num="2266" count="0" type="cond" truecount="0" falsecount="2"/>
          <line num="2267" count="0" type="stmt"/>
          <line num="2273" count="0" type="stmt"/>
          <line num="2277" count="0" type="cond" truecount="0" falsecount="4"/>
          <line num="2278" count="0" type="stmt"/>
          <line num="2280" count="0" type="cond" truecount="0" falsecount="4"/>
          <line num="2281" count="0" type="stmt"/>
          <line num="2283" count="0" type="stmt"/>
          <line num="2285" count="0" type="stmt"/>
          <line num="2286" count="0" type="stmt"/>
          <line num="2287" count="0" type="stmt"/>
          <line num="2290" count="0" type="cond" truecount="0" falsecount="6"/>
          <line num="2293" count="0" type="cond" truecount="0" falsecount="5"/>
          <line num="2297" count="0" type="cond" truecount="0" falsecount="2"/>
          <line num="2309" count="0" type="cond" truecount="0" falsecount="2"/>
          <line num="2310" count="0" type="stmt"/>
          <line num="2314" count="0" type="cond" truecount="0" falsecount="2"/>
          <line num="2315" count="0" type="stmt"/>
          <line num="2316" count="0" type="stmt"/>
          <line num="2319" count="0" type="stmt"/>
          <line num="2320" count="0" type="stmt"/>
          <line num="2321" count="0" type="cond" truecount="0" falsecount="2"/>
          <line num="2322" count="0" type="stmt"/>
          <line num="2327" count="0" type="cond" truecount="0" falsecount="2"/>
          <line num="2328" count="0" type="cond" truecount="0" falsecount="4"/>
          <line num="2329" count="0" type="cond" truecount="0" falsecount="2"/>
          <line num="2331" count="0" type="stmt"/>
          <line num="2332" count="0" type="stmt"/>
          <line num="2333" count="0" type="stmt"/>
          <line num="2334" count="0" type="cond" truecount="0" falsecount="2"/>
          <line num="2336" count="0" type="stmt"/>
          <line num="2339" count="0" type="stmt"/>
          <line num="2343" count="0" type="stmt"/>
          <line num="2344" count="0" type="stmt"/>
          <line num="2345" count="0" type="cond" truecount="0" falsecount="4"/>
          <line num="2348" count="0" type="stmt"/>
          <line num="2355" count="0" type="stmt"/>
          <line num="2360" count="0" type="cond" truecount="0" falsecount="2"/>
          <line num="2361" count="0" type="stmt"/>
          <line num="2363" count="0" type="stmt"/>
          <line num="2371" count="0" type="stmt"/>
          <line num="2372" count="0" type="stmt"/>
          <line num="2373" count="0" type="cond" truecount="0" falsecount="2"/>
          <line num="2374" count="0" type="cond" truecount="0" falsecount="2"/>
          <line num="2377" count="0" type="stmt"/>
          <line num="2378" count="0" type="stmt"/>
          <line num="2380" count="0" type="stmt"/>
          <line num="2381" count="0" type="stmt"/>
          <line num="2383" count="0" type="stmt"/>
          <line num="2384" count="0" type="cond" truecount="0" falsecount="4"/>
          <line num="2389" count="0" type="stmt"/>
          <line num="2390" count="0" type="stmt"/>
          <line num="2393" count="0" type="stmt"/>
          <line num="2394" count="0" type="cond" truecount="0" falsecount="2"/>
          <line num="2395" count="0" type="stmt"/>
          <line num="2397" count="0" type="stmt"/>
          <line num="2400" count="0" type="cond" truecount="0" falsecount="2"/>
          <line num="2402" count="0" type="stmt"/>
          <line num="2403" count="0" type="stmt"/>
          <line num="2404" count="0" type="cond" truecount="0" falsecount="2"/>
          <line num="2405" count="0" type="stmt"/>
          <line num="2408" count="0" type="stmt"/>
          <line num="2420" count="0" type="stmt"/>
          <line num="2424" count="0" type="stmt"/>
          <line num="2428" count="0" type="stmt"/>
          <line num="2429" count="0" type="stmt"/>
          <line num="2430" count="0" type="stmt"/>
          <line num="2432" count="0" type="stmt"/>
          <line num="2433" count="0" type="stmt"/>
          <line num="2434" count="0" type="cond" truecount="0" falsecount="2"/>
          <line num="2435" count="0" type="stmt"/>
          <line num="2436" count="0" type="stmt"/>
          <line num="2438" count="0" type="cond" truecount="0" falsecount="3"/>
          <line num="2440" count="0" type="cond" truecount="0" falsecount="4"/>
          <line num="2441" count="0" type="stmt"/>
          <line num="2443" count="0" type="cond" truecount="0" falsecount="2"/>
          <line num="2444" count="0" type="cond" truecount="0" falsecount="3"/>
          <line num="2450" count="0" type="cond" truecount="0" falsecount="2"/>
          <line num="2451" count="0" type="cond" truecount="0" falsecount="4"/>
          <line num="2452" count="0" type="stmt"/>
          <line num="2453" count="0" type="cond" truecount="0" falsecount="4"/>
          <line num="2454" count="0" type="stmt"/>
          <line num="2455" count="0" type="stmt"/>
          <line num="2457" count="0" type="stmt"/>
          <line num="2458" count="0" type="cond" truecount="0" falsecount="4"/>
          <line num="2459" count="0" type="stmt"/>
          <line num="2460" count="0" type="stmt"/>
          <line num="2463" count="0" type="cond" truecount="0" falsecount="2"/>
          <line num="2464" count="0" type="stmt"/>
          <line num="2469" count="0" type="cond" truecount="0" falsecount="2"/>
          <line num="2471" count="0" type="cond" truecount="0" falsecount="4"/>
          <line num="2472" count="0" type="stmt"/>
          <line num="2476" count="0" type="cond" truecount="0" falsecount="2"/>
          <line num="2477" count="0" type="stmt"/>
          <line num="2484" count="0" type="stmt"/>
          <line num="2493" count="0" type="cond" truecount="0" falsecount="4"/>
          <line num="2494" count="0" type="stmt"/>
          <line num="2495" count="0" type="stmt"/>
          <line num="2496" count="0" type="stmt"/>
          <line num="2499" count="0" type="cond" truecount="0" falsecount="2"/>
          <line num="2501" count="0" type="cond" truecount="0" falsecount="2"/>
          <line num="2502" count="0" type="stmt"/>
          <line num="2503" count="0" type="cond" truecount="0" falsecount="4"/>
          <line num="2504" count="0" type="stmt"/>
          <line num="2510" count="0" type="stmt"/>
          <line num="2514" count="0" type="stmt"/>
          <line num="2517" count="0" type="cond" truecount="0" falsecount="6"/>
          <line num="2520" count="0" type="stmt"/>
          <line num="2525" count="0" type="cond" truecount="0" falsecount="2"/>
          <line num="2526" count="0" type="stmt"/>
          <line num="2527" count="0" type="stmt"/>
          <line num="2530" count="0" type="stmt"/>
          <line num="2533" count="0" type="cond" truecount="0" falsecount="2"/>
          <line num="2538" count="1" type="stmt"/>
          <line num="2540" count="0" type="stmt"/>
          <line num="2541" count="0" type="stmt"/>
          <line num="2542" count="0" type="stmt"/>
          <line num="2544" count="0" type="cond" truecount="0" falsecount="2"/>
          <line num="2546" count="0" type="cond" truecount="0" falsecount="2"/>
          <line num="2547" count="0" type="stmt"/>
          <line num="2549" count="0" type="stmt"/>
          <line num="2550" count="0" type="stmt"/>
          <line num="2551" count="0" type="stmt"/>
          <line num="2552" count="0" type="cond" truecount="0" falsecount="2"/>
          <line num="2553" count="0" type="stmt"/>
          <line num="2555" count="0" type="stmt"/>
          <line num="2560" count="0" type="stmt"/>
          <line num="2563" count="0" type="stmt"/>
          <line num="2565" count="0" type="stmt"/>
          <line num="2577" count="1" type="stmt"/>
          <line num="2579" count="0" type="cond" truecount="0" falsecount="2"/>
          <line num="2580" count="0" type="cond" truecount="0" falsecount="4"/>
          <line num="2582" count="0" type="cond" truecount="0" falsecount="2"/>
          <line num="2586" count="0" type="cond" truecount="0" falsecount="2"/>
          <line num="2589" count="0" type="stmt"/>
          <line num="2590" count="0" type="cond" truecount="0" falsecount="8"/>
          <line num="2594" count="0" type="cond" truecount="0" falsecount="2"/>
          <line num="2595" count="0" type="cond" truecount="0" falsecount="2"/>
          <line num="2596" count="0" type="stmt"/>
          <line num="2599" count="0" type="cond" truecount="0" falsecount="2"/>
          <line num="2600" count="0" type="stmt"/>
          <line num="2603" count="0" type="stmt"/>
          <line num="2607" count="0" type="cond" truecount="0" falsecount="2"/>
          <line num="2608" count="0" type="stmt"/>
          <line num="2609" count="0" type="stmt"/>
          <line num="2612" count="0" type="cond" truecount="0" falsecount="2"/>
          <line num="2613" count="0" type="stmt"/>
          <line num="2615" count="0" type="cond" truecount="0" falsecount="2"/>
          <line num="2617" count="0" type="cond" truecount="0" falsecount="2"/>
          <line num="2623" count="0" type="stmt"/>
          <line num="2624" count="0" type="cond" truecount="0" falsecount="2"/>
          <line num="2625" count="0" type="cond" truecount="0" falsecount="2"/>
          <line num="2626" count="0" type="stmt"/>
          <line num="2627" count="0" type="stmt"/>
          <line num="2630" count="0" type="stmt"/>
          <line num="2638" count="0" type="cond" truecount="0" falsecount="2"/>
          <line num="2645" count="0" type="stmt"/>
          <line num="2651" count="1" type="stmt"/>
          <line num="2655" count="1" type="stmt"/>
          <line num="2658" count="1" type="stmt"/>
          <line num="2662" count="1" type="stmt"/>
          <line num="2664" count="1" type="stmt"/>
          <line num="2670" count="1" type="cond" truecount="1" falsecount="1"/>
          <line num="2671" count="1" type="stmt"/>
          <line num="2672" count="1" type="stmt"/>
          <line num="2674" count="0" type="stmt"/>
          <line num="2675" count="0" type="cond" truecount="0" falsecount="2"/>
          <line num="2676" count="0" type="cond" truecount="0" falsecount="2"/>
          <line num="2683" count="1" type="cond" truecount="3" falsecount="1"/>
          <line num="2684" count="1" type="stmt"/>
          <line num="2685" count="1" type="stmt"/>
          <line num="2686" count="1" type="stmt"/>
          <line num="2688" count="0" type="stmt"/>
          <line num="2689" count="0" type="cond" truecount="0" falsecount="4"/>
          <line num="2690" count="0" type="stmt"/>
          <line num="2697" count="1" type="cond" truecount="1" falsecount="1"/>
          <line num="2698" count="1" type="stmt"/>
          <line num="2700" count="0" type="stmt"/>
          <line num="2702" count="0" type="cond" truecount="0" falsecount="2"/>
          <line num="2703" count="0" type="cond" truecount="0" falsecount="2"/>
          <line num="2711" count="1" type="stmt"/>
          <line num="2717" count="1" type="stmt"/>
          <line num="2718" count="1" type="stmt"/>
          <line num="2719" count="1" type="stmt"/>
          <line num="2720" count="1" type="stmt"/>
          <line num="2721" count="1" type="stmt"/>
          <line num="2722" count="1" type="stmt"/>
          <line num="2723" count="1" type="stmt"/>
          <line num="2727" count="1" type="stmt"/>
          <line num="2728" count="0" type="stmt"/>
          <line num="2729" count="0" type="stmt"/>
          <line num="2731" count="0" type="cond" truecount="0" falsecount="2"/>
          <line num="2732" count="0" type="cond" truecount="0" falsecount="2"/>
          <line num="2733" count="0" type="cond" truecount="0" falsecount="4"/>
          <line num="2734" count="0" type="stmt"/>
          <line num="2736" count="0" type="stmt"/>
          <line num="2739" count="0" type="stmt"/>
          <line num="2743" count="1" type="stmt"/>
          <line num="2744" count="0" type="stmt"/>
          <line num="2746" count="0" type="stmt"/>
          <line num="2747" count="0" type="cond" truecount="0" falsecount="4"/>
          <line num="2748" count="0" type="stmt"/>
          <line num="2752" count="0" type="stmt"/>
          <line num="2756" count="1" type="stmt"/>
          <line num="2758" count="1" type="stmt"/>
          <line num="2762" count="1" type="stmt"/>
          <line num="2766" count="0" type="cond" truecount="0" falsecount="2"/>
          <line num="2767" count="0" type="stmt"/>
          <line num="2769" count="0" type="stmt"/>
          <line num="2774" count="0" type="cond" truecount="0" falsecount="2"/>
          <line num="2775" count="0" type="stmt"/>
          <line num="2776" count="0" type="stmt"/>
          <line num="2781" count="0" type="cond" truecount="0" falsecount="2"/>
          <line num="2782" count="0" type="cond" truecount="0" falsecount="2"/>
          <line num="2783" count="0" type="stmt"/>
          <line num="2786" count="0" type="stmt"/>
          <line num="2789" count="0" type="stmt"/>
          <line num="2790" count="0" type="stmt"/>
          <line num="2794" count="1" type="stmt"/>
          <line num="2795" count="0" type="stmt"/>
          <line num="2797" count="0" type="cond" truecount="0" falsecount="2"/>
          <line num="2798" count="0" type="stmt"/>
          <line num="2801" count="0" type="cond" truecount="0" falsecount="4"/>
          <line num="2804" count="0" type="stmt"/>
          <line num="2808" count="1" type="stmt"/>
          <line num="2811" count="0" type="stmt"/>
          <line num="2812" count="0" type="stmt"/>
          <line num="2813" count="0" type="stmt"/>
          <line num="2815" count="0" type="cond" truecount="0" falsecount="2"/>
          <line num="2816" count="0" type="stmt"/>
          <line num="2817" count="0" type="stmt"/>
          <line num="2818" count="0" type="cond" truecount="0" falsecount="2"/>
          <line num="2819" count="0" type="stmt"/>
          <line num="2825" count="0" type="stmt"/>
          <line num="2826" count="0" type="stmt"/>
          <line num="2830" count="0" type="cond" truecount="0" falsecount="2"/>
          <line num="2831" count="0" type="cond" truecount="0" falsecount="2"/>
          <line num="2832" count="0" type="stmt"/>
          <line num="2835" count="0" type="cond" truecount="0" falsecount="2"/>
          <line num="2838" count="0" type="cond" truecount="0" falsecount="2"/>
          <line num="2841" count="0" type="stmt"/>
          <line num="2864" count="1" type="stmt"/>
          <line num="2866" count="1" type="stmt"/>
          <line num="2870" count="3" type="cond" truecount="1" falsecount="1"/>
          <line num="2871" count="0" type="stmt"/>
          <line num="2876" count="3" type="cond" truecount="2" falsecount="0"/>
          <line num="2879" count="3" type="cond" truecount="1" falsecount="1"/>
          <line num="2880" count="0" type="cond" truecount="0" falsecount="5"/>
          <line num="2885" count="0" type="stmt"/>
          <line num="2888" count="0" type="stmt"/>
          <line num="2892" count="0" type="cond" truecount="0" falsecount="5"/>
          <line num="2895" count="0" type="cond" truecount="0" falsecount="2"/>
          <line num="2896" count="0" type="cond" truecount="0" falsecount="2"/>
          <line num="2900" count="0" type="stmt"/>
          <line num="2907" count="0" type="cond" truecount="0" falsecount="4"/>
          <line num="2908" count="0" type="stmt"/>
          <line num="2911" count="0" type="cond" truecount="0" falsecount="2"/>
          <line num="2912" count="0" type="stmt"/>
          <line num="2916" count="0" type="stmt"/>
          <line num="2921" count="0" type="stmt"/>
          <line num="2925" count="0" type="stmt"/>
          <line num="2929" count="0" type="cond" truecount="0" falsecount="4"/>
          <line num="2933" count="0" type="cond" truecount="0" falsecount="2"/>
          <line num="2934" count="0" type="stmt"/>
          <line num="2938" count="0" type="stmt"/>
          <line num="2939" count="0" type="stmt"/>
          <line num="2942" count="0" type="stmt"/>
          <line num="2943" count="0" type="stmt"/>
          <line num="2944" count="0" type="stmt"/>
          <line num="2948" count="0" type="cond" truecount="0" falsecount="4"/>
          <line num="2949" count="0" type="cond" truecount="0" falsecount="2"/>
          <line num="2954" count="0" type="stmt"/>
          <line num="2958" count="3" type="cond" truecount="2" falsecount="0"/>
          <line num="2959" count="1" type="stmt"/>
          <line num="2960" count="1" type="stmt"/>
          <line num="2961" count="1" type="stmt"/>
          <line num="2965" count="2" type="cond" truecount="2" falsecount="0"/>
          <line num="2966" count="1" type="cond" truecount="1" falsecount="1"/>
          <line num="2973" count="1" type="cond" truecount="1" falsecount="1"/>
          <line num="2974" count="0" type="stmt"/>
          <line num="2975" count="0" type="stmt"/>
          <line num="2978" count="1" type="stmt"/>
          <line num="2982" count="1" type="stmt"/>
          <line num="2985" count="1" type="stmt"/>
          <line num="2988" count="1" type="stmt"/>
          <line num="2991" count="1" type="stmt"/>
          <line num="2998" count="1" type="stmt"/>
          <line num="3001" count="0" type="stmt"/>
          <line num="3002" count="0" type="stmt"/>
          <line num="3004" count="0" type="stmt"/>
          <line num="3005" count="0" type="stmt"/>
          <line num="3006" count="0" type="cond" truecount="0" falsecount="2"/>
          <line num="3007" count="0" type="stmt"/>
          <line num="3015" count="0" type="stmt"/>
          <line num="3016" count="0" type="stmt"/>
          <line num="3017" count="0" type="stmt"/>
          <line num="3018" count="0" type="cond" truecount="0" falsecount="4"/>
          <line num="3022" count="0" type="stmt"/>
          <line num="3023" count="0" type="cond" truecount="0" falsecount="2"/>
          <line num="3026" count="0" type="cond" truecount="0" falsecount="6"/>
          <line num="3033" count="0" type="stmt"/>
          <line num="3034" count="0" type="stmt"/>
          <line num="3039" count="0" type="cond" truecount="0" falsecount="2"/>
          <line num="3047" count="0" type="cond" truecount="0" falsecount="2"/>
          <line num="3048" count="0" type="cond" truecount="0" falsecount="4"/>
          <line num="3052" count="0" type="cond" truecount="0" falsecount="2"/>
          <line num="3053" count="0" type="stmt"/>
          <line num="3057" count="0" type="stmt"/>
          <line num="3064" count="0" type="stmt"/>
          <line num="3072" count="0" type="cond" truecount="0" falsecount="2"/>
          <line num="3079" count="0" type="stmt"/>
          <line num="3080" count="0" type="stmt"/>
          <line num="3083" count="0" type="stmt"/>
          <line num="3086" count="1" type="stmt"/>
          <line num="3088" count="0" type="stmt"/>
          <line num="3089" count="0" type="cond" truecount="0" falsecount="4"/>
          <line num="3092" count="0" type="stmt"/>
          <line num="3095" count="0" type="stmt"/>
          <line num="3098" count="0" type="stmt"/>
          <line num="3101" count="0" type="stmt"/>
          <line num="3104" count="0" type="stmt"/>
          <line num="3107" count="0" type="stmt"/>
          <line num="3110" count="0" type="stmt"/>
          <line num="3113" count="0" type="stmt"/>
          <line num="3116" count="0" type="cond" truecount="0" falsecount="2"/>
          <line num="3119" count="0" type="stmt"/>
          <line num="3122" count="0" type="cond" truecount="0" falsecount="2"/>
          <line num="3127" count="12" type="stmt"/>
          <line num="3128" count="0" type="stmt"/>
          <line num="3130" count="0" type="cond" truecount="0" falsecount="2"/>
          <line num="3131" count="0" type="stmt"/>
          <line num="3134" count="0" type="cond" truecount="0" falsecount="4"/>
          <line num="3135" count="0" type="stmt"/>
          <line num="3138" count="0" type="cond" truecount="0" falsecount="2"/>
          <line num="3141" count="0" type="cond" truecount="0" falsecount="2"/>
          <line num="3142" count="0" type="stmt"/>
          <line num="3146" count="0" type="cond" truecount="0" falsecount="2"/>
          <line num="3147" count="0" type="stmt"/>
          <line num="3151" count="0" type="stmt"/>
          <line num="3154" count="1" type="stmt"/>
          <line num="3160" count="3" type="stmt"/>
          <line num="3161" count="3" type="cond" truecount="1" falsecount="1"/>
          <line num="3162" count="5" type="stmt"/>
          <line num="3164" count="3" type="stmt"/>
          <line num="3189" count="1" type="stmt"/>
          <line num="3193" count="3" type="cond" truecount="1" falsecount="1"/>
          <line num="3210" count="3" type="stmt"/>
          <line num="3213" count="3" type="stmt"/>
          <line num="3216" count="3" type="stmt"/>
          <line num="3219" count="3" type="stmt"/>
          <line num="3222" count="0" type="stmt"/>
          <line num="3226" count="0" type="stmt"/>
          <line num="3227" count="0" type="stmt"/>
          <line num="3228" count="0" type="stmt"/>
          <line num="3229" count="0" type="stmt"/>
          <line num="3232" count="0" type="cond" truecount="0" falsecount="4"/>
          <line num="3236" count="0" type="stmt"/>
          <line num="3237" count="0" type="stmt"/>
          <line num="3243" count="0" type="cond" truecount="0" falsecount="2"/>
          <line num="3244" count="0" type="stmt"/>
          <line num="3247" count="0" type="stmt"/>
          <line num="3250" count="0" type="cond" truecount="0" falsecount="2"/>
          <line num="3253" count="0" type="cond" truecount="0" falsecount="2"/>
          <line num="3254" count="0" type="stmt"/>
          <line num="3258" count="0" type="stmt"/>
          <line num="3264" count="3" type="stmt"/>
          <line num="3268" count="3" type="cond" truecount="1" falsecount="1"/>
          <line num="3271" count="3" type="cond" truecount="2" falsecount="2"/>
          <line num="3272" count="0" type="stmt"/>
          <line num="3273" count="0" type="stmt"/>
          <line num="3276" count="3" type="stmt"/>
          <line num="3277" count="3" type="stmt"/>
          <line num="3278" count="7" type="cond" truecount="1" falsecount="1"/>
          <line num="3279" count="7" type="cond" truecount="2" falsecount="2"/>
          <line num="3280" count="7" type="stmt"/>
          <line num="3282" count="0" type="cond" truecount="0" falsecount="5"/>
          <line num="3285" count="0" type="stmt"/>
          <line num="3290" count="3" type="cond" truecount="2" falsecount="2"/>
          <line num="3291" count="0" type="stmt"/>
          <line num="3294" count="3" type="stmt"/>
          <line num="3299" count="0" type="stmt"/>
          <line num="3301" count="0" type="stmt"/>
          <line num="3302" count="0" type="stmt"/>
          <line num="3305" count="0" type="cond" truecount="0" falsecount="2"/>
          <line num="3306" count="0" type="stmt"/>
          <line num="3310" count="0" type="stmt"/>
          <line num="3316" count="0" type="cond" truecount="0" falsecount="2"/>
          <line num="3323" count="0" type="cond" truecount="0" falsecount="2"/>
          <line num="3324" count="0" type="stmt"/>
          <line num="3326" count="0" type="stmt"/>
          <line num="3333" count="0" type="stmt"/>
          <line num="3334" count="0" type="stmt"/>
          <line num="3335" count="0" type="stmt"/>
          <line num="3338" count="0" type="stmt"/>
          <line num="3345" count="0" type="stmt"/>
          <line num="3346" count="0" type="cond" truecount="0" falsecount="2"/>
          <line num="3347" count="0" type="stmt"/>
          <line num="3349" count="0" type="stmt"/>
          <line num="3352" count="0" type="stmt"/>
          <line num="3357" count="0" type="cond" truecount="0" falsecount="2"/>
          <line num="3358" count="0" type="cond" truecount="0" falsecount="2"/>
          <line num="3359" count="0" type="cond" truecount="0" falsecount="2"/>
          <line num="3360" count="0" type="stmt"/>
          <line num="3361" count="0" type="cond" truecount="0" falsecount="2"/>
          <line num="3362" count="0" type="stmt"/>
          <line num="3365" count="0" type="stmt"/>
          <line num="3370" count="0" type="stmt"/>
          <line num="3371" count="0" type="stmt"/>
          <line num="3376" count="0" type="stmt"/>
          <line num="3380" count="3" type="stmt"/>
          <line num="3384" count="1" type="stmt"/>
          <line num="3387" count="1" type="stmt"/>
          <line num="3394" count="1" type="stmt"/>
          <line num="3395" count="1" type="stmt"/>
          <line num="3397" count="0" type="stmt"/>
          <line num="3400" count="0" type="stmt"/>
          <line num="3401" count="0" type="stmt"/>
          <line num="3404" count="0" type="stmt"/>
          <line num="3405" count="0" type="stmt"/>
          <line num="3406" count="0" type="stmt"/>
          <line num="3407" count="0" type="cond" truecount="0" falsecount="2"/>
          <line num="3410" count="0" type="stmt"/>
          <line num="3411" count="0" type="cond" truecount="0" falsecount="2"/>
          <line num="3412" count="0" type="cond" truecount="0" falsecount="4"/>
          <line num="3413" count="0" type="stmt"/>
          <line num="3418" count="0" type="stmt"/>
          <line num="3425" count="0" type="stmt"/>
          <line num="3432" count="3" type="cond" truecount="2" falsecount="0"/>
          <line num="3435" count="1" type="stmt"/>
          <line num="3438" count="1" type="stmt"/>
          <line num="3441" count="1" type="stmt"/>
          <line num="3442" count="3" type="stmt"/>
          <line num="3443" count="3" type="stmt"/>
          <line num="3446" count="3" type="stmt"/>
          <line num="3449" count="3" type="cond" truecount="2" falsecount="0"/>
          <line num="3450" count="2" type="stmt"/>
          <line num="3453" count="0" type="stmt"/>
          <line num="3460" count="3" type="stmt"/>
          <line num="3461" count="0" type="cond" truecount="0" falsecount="2"/>
          <line num="3462" count="0" type="stmt"/>
          <line num="3464" count="3" type="stmt"/>
          <line num="3468" count="1" type="stmt"/>
          <line num="3471" count="1" type="cond" truecount="1" falsecount="1"/>
          <line num="3472" count="0" type="stmt"/>
          <line num="3476" count="1" type="stmt"/>
          <line num="3481" count="0" type="stmt"/>
          <line num="3482" count="0" type="stmt"/>
          <line num="3483" count="0" type="stmt"/>
          <line num="3486" count="0" type="cond" truecount="0" falsecount="5"/>
          <line num="3491" count="0" type="cond" truecount="0" falsecount="2"/>
          <line num="3494" count="0" type="stmt"/>
          <line num="3495" count="0" type="stmt"/>
          <line num="3496" count="0" type="stmt"/>
          <line num="3497" count="0" type="cond" truecount="0" falsecount="2"/>
          <line num="3498" count="0" type="cond" truecount="0" falsecount="2"/>
          <line num="3499" count="0" type="stmt"/>
          <line num="3501" count="0" type="cond" truecount="0" falsecount="2"/>
          <line num="3502" count="0" type="stmt"/>
          <line num="3510" count="0" type="cond" truecount="0" falsecount="2"/>
          <line num="3511" count="0" type="stmt"/>
          <line num="3512" count="0" type="stmt"/>
          <line num="3513" count="0" type="stmt"/>
          <line num="3514" count="0" type="stmt"/>
          <line num="3515" count="0" type="cond" truecount="0" falsecount="4"/>
          <line num="3516" count="0" type="stmt"/>
          <line num="3521" count="0" type="stmt"/>
          <line num="3527" count="0" type="cond" truecount="0" falsecount="2"/>
          <line num="3528" count="0" type="stmt"/>
          <line num="3531" count="0" type="stmt"/>
          <line num="3539" count="1" type="stmt"/>
          <line num="3542" count="1" type="stmt"/>
          <line num="3544" count="1" type="stmt"/>
          <line num="3547" count="1" type="stmt"/>
          <line num="3558" count="0" type="cond" truecount="0" falsecount="2"/>
          <line num="3559" count="0" type="stmt"/>
          <line num="3561" count="0" type="stmt"/>
          <line num="3569" count="0" type="cond" truecount="0" falsecount="4"/>
          <line num="3570" count="0" type="stmt"/>
          <line num="3574" count="0" type="stmt"/>
          <line num="3577" count="0" type="cond" truecount="0" falsecount="4"/>
          <line num="3578" count="0" type="stmt"/>
          <line num="3582" count="0" type="stmt"/>
          <line num="3585" count="0" type="cond" truecount="0" falsecount="2"/>
          <line num="3586" count="0" type="stmt"/>
          <line num="3587" count="0" type="stmt"/>
          <line num="3596" count="0" type="cond" truecount="0" falsecount="2"/>
          <line num="3597" count="0" type="stmt"/>
          <line num="3598" count="0" type="stmt"/>
          <line num="3601" count="0" type="stmt"/>
          <line num="3602" count="0" type="stmt"/>
          <line num="3612" count="0" type="cond" truecount="0" falsecount="5"/>
          <line num="3616" count="0" type="stmt"/>
          <line num="3617" count="0" type="stmt"/>
          <line num="3621" count="1" type="stmt"/>
          <line num="3622" count="2" type="cond" truecount="2" falsecount="0"/>
          <line num="3624" count="1" type="stmt"/>
          <line num="3630" count="1" type="cond" truecount="2" falsecount="3"/>
          <line num="3634" count="1" type="stmt"/>
          <line num="3637" count="0" type="cond" truecount="0" falsecount="2"/>
          <line num="3640" count="0" type="stmt"/>
[...]
          <line num="10197" count="0" type="cond" truecount="0" falsecount="4"/>
          <line num="10201" count="0" type="stmt"/>
          <line num="10204" count="0" type="stmt"/>
          <line num="10205" count="0" type="stmt"/>
          <line num="10208" count="0" type="stmt"/>
          <line num="10217" count="0" type="cond" truecount="0" falsecount="2"/>
          <line num="10218" count="0" type="stmt"/>
          <line num="10219" count="0" type="stmt"/>
          <line num="10224" count="0" type="cond" truecount="0" falsecount="4"/>
          <line num="10225" count="0" type="stmt"/>
          <line num="10233" count="0" type="cond" truecount="0" falsecount="4"/>
          <line num="10234" count="0" type="stmt"/>
          <line num="10238" count="0" type="stmt"/>
          <line num="10246" count="0" type="cond" truecount="0" falsecount="2"/>
          <line num="10247" count="0" type="stmt"/>
          <line num="10254" count="0" type="cond" truecount="0" falsecount="3"/>
          <line num="10257" count="0" type="stmt"/>
          <line num="10261" count="0" type="cond" truecount="0" falsecount="5"/>
          <line num="10264" count="0" type="stmt"/>
          <line num="10265" count="0" type="stmt"/>
          <line num="10266" count="0" type="stmt"/>
          <line num="10269" count="0" type="cond" truecount="0" falsecount="2"/>
          <line num="10270" count="0" type="cond" truecount="0" falsecount="2"/>
          <line num="10271" count="0" type="stmt"/>
          <line num="10274" count="0" type="stmt"/>
          <line num="10275" count="0" type="stmt"/>
          <line num="10280" count="0" type="cond" truecount="0" falsecount="2"/>
          <line num="10281" count="0" type="stmt"/>
          <line num="10286" count="0" type="stmt"/>
          <line num="10287" count="0" type="stmt"/>
          <line num="10291" count="0" type="stmt"/>
          <line num="10299" count="0" type="cond" truecount="0" falsecount="5"/>
          <line num="10300" count="0" type="cond" truecount="0" falsecount="2"/>
          <line num="10303" count="0" type="cond" truecount="0" falsecount="2"/>
          <line num="10304" count="0" type="stmt"/>
          <line num="10310" count="0" type="cond" truecount="0" falsecount="2"/>
          <line num="10311" count="0" type="stmt"/>
          <line num="10318" count="0" type="cond" truecount="0" falsecount="2"/>
          <line num="10321" count="0" type="stmt"/>
          <line num="10322" count="0" type="cond" truecount="0" falsecount="2"/>
          <line num="10326" count="0" type="stmt"/>
          <line num="10331" count="0" type="stmt"/>
          <line num="10336" count="0" type="cond" truecount="0" falsecount="2"/>
          <line num="10337" count="0" type="stmt"/>
          <line num="10347" count="1" type="stmt"/>
          <line num="10348" count="1" type="stmt"/>
          <line num="10353" count="0" type="stmt"/>
          <line num="10354" count="0" type="stmt"/>
          <line num="10362" count="1" type="stmt"/>
          <line num="10372" count="0" type="stmt"/>
          <line num="10373" count="0" type="stmt"/>
          <line num="10379" count="1" type="stmt"/>
          <line num="10380" count="0" type="cond" truecount="0" falsecount="2"/>
          <line num="10381" count="0" type="stmt"/>
          <line num="10383" count="0" type="cond" truecount="0" falsecount="2"/>
          <line num="10384" count="0" type="stmt"/>
          <line num="10385" count="0" type="stmt"/>
          <line num="10390" count="1" type="stmt"/>
          <line num="10393" count="0" type="cond" truecount="0" falsecount="2"/>
          <line num="10396" count="0" type="cond" truecount="0" falsecount="3"/>
          <line num="10398" count="0" type="stmt"/>
          <line num="10402" count="0" type="stmt"/>
          <line num="10404" count="0" type="stmt"/>
          <line num="10406" count="0" type="cond" truecount="0" falsecount="2"/>
          <line num="10407" count="0" type="stmt"/>
          <line num="10410" count="0" type="stmt"/>
          <line num="10413" count="0" type="stmt"/>
          <line num="10415" count="0" type="cond" truecount="0" falsecount="5"/>
          <line num="10418" count="0" type="stmt"/>
          <line num="10421" count="0" type="cond" truecount="0" falsecount="2"/>
          <line num="10422" count="0" type="stmt"/>
          <line num="10426" count="0" type="stmt"/>
          <line num="10429" count="0" type="cond" truecount="0" falsecount="2"/>
          <line num="10430" count="0" type="stmt"/>
          <line num="10437" count="0" type="stmt"/>
          <line num="10441" count="0" type="cond" truecount="0" falsecount="2"/>
          <line num="10442" count="0" type="stmt"/>
          <line num="10452" count="1" type="stmt"/>
          <line num="10453" count="1" type="stmt"/>
          <line num="10456" count="1" type="stmt"/>
          <line num="10459" count="0" type="cond" truecount="0" falsecount="2"/>
          <line num="10460" count="0" type="stmt"/>
          <line num="10461" count="0" type="stmt"/>
          <line num="10466" count="1" type="stmt"/>
          <line num="10469" count="0" type="cond" truecount="0" falsecount="4"/>
          <line num="10478" count="0" type="cond" truecount="0" falsecount="4"/>
          <line num="10481" count="0" type="cond" truecount="0" falsecount="2"/>
          <line num="10486" count="0" type="cond" truecount="0" falsecount="2"/>
          <line num="10487" count="0" type="stmt"/>
          <line num="10488" count="0" type="cond" truecount="0" falsecount="2"/>
          <line num="10489" count="0" type="cond" truecount="0" falsecount="2"/>
          <line num="10493" count="0" type="stmt"/>
          <line num="10494" count="0" type="cond" truecount="0" falsecount="2"/>
          <line num="10495" count="0" type="stmt"/>
          <line num="10497" count="0" type="stmt"/>
          <line num="10501" count="0" type="stmt"/>
          <line num="10504" count="0" type="stmt"/>
          <line num="10505" count="0" type="stmt"/>
          <line num="10506" count="0" type="stmt"/>
          <line num="10510" count="0" type="stmt"/>
          <line num="10513" count="0" type="cond" truecount="0" falsecount="2"/>
          <line num="10514" count="0" type="stmt"/>
          <line num="10518" count="0" type="stmt"/>
          <line num="10522" count="0" type="cond" truecount="0" falsecount="2"/>
          <line num="10525" count="0" type="stmt"/>
          <line num="10528" count="0" type="stmt"/>
          <line num="10532" count="0" type="cond" truecount="0" falsecount="4"/>
          <line num="10533" count="0" type="stmt"/>
          <line num="10536" count="0" type="stmt"/>
          <line num="10540" count="0" type="stmt"/>
          <line num="10551" count="1" type="stmt"/>
          <line num="10552" count="0" type="cond" truecount="0" falsecount="4"/>
          <line num="10553" count="0" type="stmt"/>
          <line num="10555" count="0" type="cond" truecount="0" falsecount="2"/>
          <line num="10556" count="0" type="stmt"/>
          <line num="10557" count="0" type="stmt"/>
          <line num="10559" count="0" type="cond" truecount="0" falsecount="2"/>
          <line num="10561" count="0" type="stmt"/>
          <line num="10562" count="0" type="cond" truecount="0" falsecount="2"/>
          <line num="10565" count="0" type="cond" truecount="0" falsecount="2"/>
          <line num="10566" count="0" type="stmt"/>
          <line num="10569" count="0" type="stmt"/>
          <line num="10571" count="0" type="cond" truecount="0" falsecount="4"/>
          <line num="10572" count="0" type="stmt"/>
          <line num="10575" count="0" type="stmt"/>
          <line num="10580" count="1" type="stmt"/>
          <line num="10585" count="1" type="stmt"/>
          <line num="10586" count="0" type="cond" truecount="0" falsecount="4"/>
          <line num="10587" count="0" type="stmt"/>
          <line num="10591" count="0" type="stmt"/>
          <line num="10592" count="0" type="stmt"/>
          <line num="10594" count="0" type="cond" truecount="0" falsecount="2"/>
          <line num="10595" count="0" type="stmt"/>
          <line num="10596" count="0" type="stmt"/>
          <line num="10600" count="0" type="cond" truecount="0" falsecount="2"/>
          <line num="10603" count="0" type="stmt"/>
          <line num="10604" count="0" type="stmt"/>
          <line num="10607" count="0" type="cond" truecount="0" falsecount="5"/>
          <line num="10608" count="0" type="stmt"/>
          <line num="10612" count="0" type="cond" truecount="0" falsecount="2"/>
          <line num="10613" count="0" type="stmt"/>
          <line num="10625" count="0" type="stmt"/>
          <line num="10627" count="0" type="cond" truecount="0" falsecount="2"/>
          <line num="10640" count="0" type="stmt"/>
          <line num="10641" count="0" type="cond" truecount="0" falsecount="2"/>
          <line num="10646" count="0" type="stmt"/>
          <line num="10653" count="1" type="stmt"/>
          <line num="10661" count="6" type="stmt"/>
          <line num="10662" count="0" type="stmt"/>
          <line num="10669" count="1" type="stmt"/>
          <line num="10670" count="0" type="stmt"/>
          <line num="10671" count="0" type="stmt"/>
          <line num="10683" count="0" type="cond" truecount="0" falsecount="2"/>
          <line num="10690" count="1" type="stmt"/>
          <line num="10693" count="0" type="stmt"/>
          <line num="10694" count="0" type="stmt"/>
          <line num="10695" count="0" type="stmt"/>
          <line num="10698" count="0" type="cond" truecount="0" falsecount="2"/>
          <line num="10699" count="0" type="stmt"/>
          <line num="10702" count="0" type="stmt"/>
          <line num="10703" count="0" type="stmt"/>
          <line num="10704" count="0" type="stmt"/>
          <line num="10705" count="0" type="cond" truecount="0" falsecount="3"/>
          <line num="10710" count="0" type="cond" truecount="0" falsecount="2"/>
          <line num="10711" count="0" type="stmt"/>
          <line num="10712" count="0" type="stmt"/>
          <line num="10713" count="0" type="stmt"/>
          <line num="10715" count="0" type="cond" truecount="0" falsecount="2"/>
          <line num="10716" count="0" type="cond" truecount="0" falsecount="2"/>
          <line num="10719" count="0" type="cond" truecount="0" falsecount="2"/>
          <line num="10722" count="0" type="stmt"/>
          <line num="10725" count="0" type="cond" truecount="0" falsecount="2"/>
          <line num="10726" count="0" type="stmt"/>
          <line num="10728" count="0" type="cond" truecount="0" falsecount="2"/>
          <line num="10729" count="0" type="stmt"/>
          <line num="10732" count="0" type="cond" truecount="0" falsecount="2"/>
          <line num="10733" count="0" type="stmt"/>
          <line num="10735" count="0" type="stmt"/>
          <line num="10740" count="1" type="stmt"/>
          <line num="10742" count="0" type="cond" truecount="0" falsecount="2"/>
          <line num="10743" count="0" type="cond" truecount="0" falsecount="2"/>
          <line num="10746" count="0" type="stmt"/>
          <line num="10751" count="0" type="stmt"/>
          <line num="10752" count="0" type="stmt"/>
          <line num="10753" count="0" type="cond" truecount="0" falsecount="2"/>
          <line num="10755" count="0" type="cond" truecount="0" falsecount="2"/>
          <line num="10756" count="0" type="stmt"/>
          <line num="10759" count="0" type="stmt"/>
          <line num="10762" count="0" type="cond" truecount="0" falsecount="2"/>
          <line num="10763" count="0" type="stmt"/>
          <line num="10768" count="0" type="cond" truecount="0" falsecount="2"/>
          <line num="10769" count="0" type="stmt"/>
          <line num="10771" count="0" type="stmt"/>
          <line num="10772" count="0" type="stmt"/>
          <line num="10779" count="0" type="cond" truecount="0" falsecount="2"/>
          <line num="10780" count="0" type="stmt"/>
          <line num="10784" count="0" type="stmt"/>
          <line num="10785" count="0" type="stmt"/>
          <line num="10789" count="0" type="cond" truecount="0" falsecount="2"/>
          <line num="10792" count="0" type="stmt"/>
          <line num="10796" count="0" type="stmt"/>
          <line num="10799" count="0" type="stmt"/>
          <line num="10800" count="0" type="cond" truecount="0" falsecount="2"/>
          <line num="10801" count="0" type="stmt"/>
          <line num="10805" count="0" type="stmt"/>
          <line num="10806" count="0" type="stmt"/>
          <line num="10812" count="0" type="stmt"/>
          <line num="10819" count="0" type="stmt"/>
          <line num="10820" count="0" type="stmt"/>
          <line num="10822" count="0" type="cond" truecount="0" falsecount="3"/>
          <line num="10824" count="0" type="stmt"/>
          <line num="10826" count="0" type="cond" truecount="0" falsecount="2"/>
          <line num="10832" count="1" type="stmt"/>
          <line num="10833" count="2" type="stmt"/>
          <line num="10835" count="2" type="stmt"/>
          <line num="10836" count="0" type="stmt"/>
          <line num="10837" count="0" type="stmt"/>
          <line num="10839" count="0" type="cond" truecount="0" falsecount="2"/>
          <line num="10840" count="0" type="cond" truecount="0" falsecount="4"/>
          <line num="10845" count="0" type="cond" truecount="0" falsecount="2"/>
          <line num="10846" count="0" type="stmt"/>
          <line num="10852" count="0" type="stmt"/>
          <line num="10863" count="1" type="stmt"/>
          <line num="10864" count="2" type="stmt"/>
          <line num="10866" count="0" type="cond" truecount="0" falsecount="2"/>
          <line num="10867" count="0" type="stmt"/>
          <line num="10870" count="0" type="cond" truecount="0" falsecount="2"/>
          <line num="10880" count="1" type="stmt"/>
          <line num="10881" count="2" type="stmt"/>
          <line num="10885" count="6" type="stmt"/>
          <line num="10886" count="0" type="cond" truecount="0" falsecount="3"/>
          <line num="10887" count="0" type="cond" truecount="0" falsecount="6"/>
          <line num="10889" count="0" type="stmt"/>
          <line num="10892" count="0" type="cond" truecount="0" falsecount="2"/>
          <line num="10897" count="0" type="stmt"/>
          <line num="10901" count="0" type="cond" truecount="0" falsecount="2"/>
          <line num="10902" count="0" type="stmt"/>
          <line num="10908" count="0" type="stmt"/>
          <line num="10915" count="0" type="cond" truecount="0" falsecount="2"/>
          <line num="10928" count="1" type="stmt"/>
          <line num="10931" count="0" type="stmt"/>
          <line num="10934" count="0" type="stmt"/>
          <line num="10938" count="0" type="stmt"/>
          <line num="10943" count="0" type="cond" truecount="0" falsecount="2"/>
          <line num="10950" count="1" type="stmt"/>
          <line num="10951" count="0" type="stmt"/>
          <line num="10954" count="1" type="stmt"/>
          <line num="10972" count="1" type="cond" truecount="2" falsecount="2"/>
          <line num="10973" count="0" type="stmt"/>
          <line num="10974" count="0" type="stmt"/>
          <line num="10983" count="1" type="stmt"/>
          <line num="10986" count="1" type="stmt"/>
          <line num="10988" count="1" type="stmt"/>
          <line num="10989" count="0" type="cond" truecount="0" falsecount="2"/>
          <line num="10990" count="0" type="stmt"/>
          <line num="10993" count="0" type="cond" truecount="0" falsecount="4"/>
          <line num="10994" count="0" type="stmt"/>
          <line num="10997" count="0" type="stmt"/>
          <line num="11003" count="1" type="cond" truecount="1" falsecount="1"/>
          <line num="11004" count="0" type="stmt"/>
          <line num="11007" count="1" type="stmt"/>
        </file>
        <file name="style.css" path="/Users/andeladeveloper/Documents/post-it-app/post-it-app/Client/public/style.css">
          <metrics statements="0" coveredstatements="0" conditionals="0" coveredconditionals="0" methods="0" coveredmethods="0"/>
        </file>
      </package>
      <package name="stores">
        <metrics statements="47" coveredstatements="15" conditionals="4" coveredconditionals="4" methods="30" coveredmethods="1"/>
        <file name="AppStore.js" path="/Users/andeladeveloper/Documents/post-it-app/post-it-app/Client/stores/AppStore.js">
          <metrics statements="47" coveredstatements="15" conditionals="4" coveredconditionals="4" methods="30" coveredmethods="1"/>
          <line num="1" count="1" type="stmt"/>
          <line num="6" count="4" type="cond" truecount="4" falsecount="0"/>
          <line num="8" count="1" type="stmt"/>
          <line num="10" count="1" type="stmt"/>
          <line num="11" count="1" type="stmt"/>
          <line num="12" count="1" type="stmt"/>
          <line num="13" count="1" type="stmt"/>
          <line num="14" count="1" type="stmt"/>
          <line num="15" count="1" type="stmt"/>
          <line num="16" count="1" type="stmt"/>
          <line num="17" count="1" type="stmt"/>
          <line num="18" count="1" type="stmt"/>
          <line num="19" count="1" type="stmt"/>
          <line num="20" count="1" type="stmt"/>
          <line num="23" count="1" type="stmt"/>
          <line num="26" count="0" type="stmt"/>
          <line num="30" count="0" type="stmt"/>
          <line num="35" count="0" type="stmt"/>
          <line num="39" count="0" type="stmt"/>
          <line num="43" count="0" type="stmt"/>
          <line num="49" count="0" type="stmt"/>
          <line num="50" count="0" type="stmt"/>
          <line num="54" count="0" type="stmt"/>
          <line num="58" count="0" type="stmt"/>
          <line num="59" count="0" type="stmt"/>
          <line num="63" count="0" type="stmt"/>
          <line num="67" count="0" type="stmt"/>
          <line num="71" count="0" type="stmt"/>
          <line num="76" count="0" type="stmt"/>
          <line num="80" count="0" type="stmt"/>
          <line num="84" count="0" type="stmt"/>
          <line num="88" count="0" type="stmt"/>
          <line num="92" count="0" type="stmt"/>
          <line num="96" count="0" type="stmt"/>
          <line num="100" count="0" type="stmt"/>
          <line num="104" count="0" type="stmt"/>
          <line num="108" count="0" type="stmt"/>
          <line num="114" count="0" type="stmt"/>
          <line num="119" count="0" type="stmt"/>
          <line num="124" count="0" type="stmt"/>
          <line num="129" count="0" type="stmt"/>
          <line num="130" count="0" type="stmt"/>
          <line num="135" count="0" type="stmt"/>
          <line num="139" count="0" type="stmt"/>
          <line num="143" count="0" type="stmt"/>
          <line num="147" count="0" type="stmt"/>
          <line num="151" count="0" type="stmt"/>
        </file>
      </package>
      <package name="utils">
        <metrics statements="6" coveredstatements="2" conditionals="4" coveredconditionals="4" methods="18" coveredmethods="1"/>
        <file name="appAPI.js" path="/Users/andeladeveloper/Documents/post-it-app/post-it-app/Client/utils/appAPI.js">
          <metrics statements="6" coveredstatements="2" conditionals="4" coveredconditionals="4" methods="18" coveredmethods="1"/>
          <line num="4" count="2" type="cond" truecount="4" falsecount="0"/>
          <line num="6" count="1" type="stmt"/>
          <line num="8" count="0" type="stmt"/>
          <line num="140" count="0" type="stmt"/>
          <line num="209" count="0" type="stmt"/>
          <line num="222" count="0" type="stmt"/>
        </file>
      </package>
    </metrics>
  </project>
</coverage>
