{"/Users/andeladeveloper/Documents/post-it-app/post-it-app/Client/actions/AppActions.js": {"path":"/Users/andeladeveloper/Documents/post-it-app/post-it-app/Client/actions/AppActions.js","statementMap":{"0":{"start":{"line":1,"column":39},"end":{"line":1,"column":101}},"1":{"start":{"line":1,"column":101},"end":{"line":1,"column":655}},"2":{"start":{"line":2,"column":207},"end":{"line":2,"column":261}},"3":{"start":{"line":5,"column":38},"end":{"line":11,"column":1}},"4":{"start":{"line":13,"column":45},"end":{"line":19,"column":1}},"5":{"start":{"line":21,"column":46},"end":{"line":27,"column":1}},"6":{"start":{"line":29,"column":50},"end":{"line":35,"column":1}},"7":{"start":{"line":38,"column":47},"end":{"line":44,"column":1}},"8":{"start":{"line":46,"column":44},"end":{"line":52,"column":1}},"9":{"start":{"line":54,"column":47},"end":{"line":61,"column":1}},"10":{"start":{"line":63,"column":43},"end":{"line":69,"column":1}},"11":{"start":{"line":71,"column":51},"end":{"line":77,"column":1}},"12":{"start":{"line":79,"column":44},"end":{"line":85,"column":1}},"13":{"start":{"line":87,"column":51},"end":{"line":93,"column":1}},"14":{"start":{"line":95,"column":58},"end":{"line":101,"column":1}},"15":{"start":{"line":103,"column":61},"end":{"line":109,"column":1}},"16":{"start":{"line":111,"column":53},"end":{"line":117,"column":1}},"17":{"start":{"line":119,"column":56},"end":{"line":125,"column":1}},"18":{"start":{"line":127,"column":50},"end":{"line":133,"column":1}},"19":{"start":{"line":135,"column":57},"end":{"line":141,"column":1}},"20":{"start":{"line":143,"column":46},"end":{"line":149,"column":1}},"21":{"start":{"line":151,"column":53},"end":{"line":157,"column":1}},"22":{"start":{"line":159,"column":44},"end":{"line":165,"column":1}}},"fnMap":{"0":{"name":"_interopRequireDefault","decl":{"start":{"line":2,"column":178},"end":{"line":2,"column":200}},"loc":{"start":{"line":2,"column":206},"end":{"line":2,"column":262}},"line":2},"1":{"name":"login","decl":{"start":{"line":5,"column":63},"end":{"line":5,"column":68}},"loc":{"start":{"line":5,"column":75},"end":{"line":11,"column":1}},"line":5},"2":{"name":"registerUser","decl":{"start":{"line":13,"column":77},"end":{"line":13,"column":89}},"loc":{"start":{"line":13,"column":96},"end":{"line":19,"column":1}},"line":13},"3":{"name":"receiveErrors","decl":{"start":{"line":21,"column":79},"end":{"line":21,"column":92}},"loc":{"start":{"line":21,"column":101},"end":{"line":27,"column":1}},"line":21},"4":{"name":"updateUserProfile","decl":{"start":{"line":29,"column":87},"end":{"line":29,"column":104}},"loc":{"start":{"line":29,"column":111},"end":{"line":35,"column":1}},"line":29},"5":{"name":"receiveSuccess","decl":{"start":{"line":38,"column":81},"end":{"line":38,"column":95}},"loc":{"start":{"line":38,"column":105},"end":{"line":44,"column":1}},"line":38},"6":{"name":"createGroup","decl":{"start":{"line":46,"column":75},"end":{"line":46,"column":86}},"loc":{"start":{"line":46,"column":94},"end":{"line":52,"column":1}},"line":46},"7":{"name":"addUserToGroup","decl":{"start":{"line":54,"column":81},"end":{"line":54,"column":95}},"loc":{"start":{"line":54,"column":102},"end":{"line":61,"column":1}},"line":54},"8":{"name":"addMessage","decl":{"start":{"line":63,"column":73},"end":{"line":63,"column":83}},"loc":{"start":{"line":63,"column":93},"end":{"line":69,"column":1}},"line":63},"9":{"name":"updateMessageFlags","decl":{"start":{"line":71,"column":89},"end":{"line":71,"column":107}},"loc":{"start":{"line":71,"column":122},"end":{"line":77,"column":1}},"line":71},"10":{"name":"signOutUser","decl":{"start":{"line":79,"column":75},"end":{"line":79,"column":86}},"loc":{"start":{"line":79,"column":93},"end":{"line":85,"column":1}},"line":79},"11":{"name":"registerGoogleUser","decl":{"start":{"line":87,"column":89},"end":{"line":87,"column":107}},"loc":{"start":{"line":87,"column":117},"end":{"line":93,"column":1}},"line":87},"12":{"name":"receiveUserInGroupResults","decl":{"start":{"line":95,"column":103},"end":{"line":95,"column":128}},"loc":{"start":{"line":95,"column":136},"end":{"line":101,"column":1}},"line":95},"13":{"name":"receiveUserNotInGroupResults","decl":{"start":{"line":103,"column":109},"end":{"line":103,"column":137}},"loc":{"start":{"line":103,"column":145},"end":{"line":109,"column":1}},"line":103},"14":{"name":"receiveGroupMessages","decl":{"start":{"line":111,"column":93},"end":{"line":111,"column":113}},"loc":{"start":{"line":111,"column":124},"end":{"line":117,"column":1}},"line":111},"15":{"name":"receiveUserReadMessages","decl":{"start":{"line":119,"column":99},"end":{"line":119,"column":122}},"loc":{"start":{"line":119,"column":134},"end":{"line":125,"column":1}},"line":119},"16":{"name":"receiveUserGroups","decl":{"start":{"line":127,"column":87},"end":{"line":127,"column":104}},"loc":{"start":{"line":127,"column":113},"end":{"line":133,"column":1}},"line":127},"17":{"name":"receiveAuthenticatedUser","decl":{"start":{"line":135,"column":101},"end":{"line":135,"column":125}},"loc":{"start":{"line":135,"column":132},"end":{"line":141,"column":1}},"line":135},"18":{"name":"resetPassword","decl":{"start":{"line":143,"column":79},"end":{"line":143,"column":92}},"loc":{"start":{"line":143,"column":107},"end":{"line":149,"column":1}},"line":143},"19":{"name":"confirmPasswordReset","decl":{"start":{"line":151,"column":93},"end":{"line":151,"column":113}},"loc":{"start":{"line":151,"column":127},"end":{"line":157,"column":1}},"line":151},"20":{"name":"selectGroup","decl":{"start":{"line":159,"column":75},"end":{"line":159,"column":86}},"loc":{"start":{"line":159,"column":102},"end":{"line":165,"column":1}},"line":159}},"branchMap":{"0":{"loc":{"start":{"line":2,"column":214},"end":{"line":2,"column":260}},"type":"cond-expr","locations":[{"start":{"line":2,"column":238},"end":{"line":2,"column":241}},{"start":{"line":2,"column":244},"end":{"line":2,"column":260}}],"line":2},"1":{"loc":{"start":{"line":2,"column":214},"end":{"line":2,"column":235}},"type":"binary-expr","locations":[{"start":{"line":2,"column":214},"end":{"line":2,"column":217}},{"start":{"line":2,"column":221},"end":{"line":2,"column":235}}],"line":2}},"s":{"0":14,"1":14,"2":28,"3":14,"4":14,"5":14,"6":14,"7":14,"8":14,"9":14,"10":14,"11":14,"12":14,"13":14,"14":14,"15":14,"16":14,"17":14,"18":14,"19":14,"20":14,"21":14,"22":14},"f":{"0":28,"1":0,"2":0,"3":5,"4":0,"5":0,"6":0,"7":0,"8":0,"9":0,"10":0,"11":0,"12":0,"13":0,"14":0,"15":0,"16":0,"17":0,"18":0,"19":0,"20":0},"b":{"0":[14,14],"1":[28,28]},"_coverageSchema":"332fd63041d2c1bcb487cc26dd0d5f7d97098a6c","hash":"f5c29cbe65dd212c532c287e1ecb8261672582a2"}
,"/Users/andeladeveloper/Documents/post-it-app/post-it-app/Client/components/Group.jsx": {"path":"/Users/andeladeveloper/Documents/post-it-app/post-it-app/Client/components/Group.jsx","statementMap":{"0":{"start":{"line":1,"column":39},"end":{"line":1,"column":101}},"1":{"start":{"line":1,"column":120},"end":{"line":1,"column":649}},"2":{"start":{"line":1,"column":175},"end":{"line":1,"column":440}},"3":{"start":{"line":1,"column":232},"end":{"line":1,"column":240}},"4":{"start":{"line":1,"column":241},"end":{"line":1,"column":296}},"5":{"start":{"line":1,"column":296},"end":{"line":1,"column":327}},"6":{"start":{"line":1,"column":327},"end":{"line":1,"column":381}},"7":{"start":{"line":1,"column":354},"end":{"line":1,"column":381}},"8":{"start":{"line":1,"column":381},"end":{"line":1,"column":439}},"9":{"start":{"line":1,"column":441},"end":{"line":1,"column":646}},"10":{"start":{"line":1,"column":497},"end":{"line":1,"column":565}},"11":{"start":{"line":1,"column":513},"end":{"line":1,"column":565}},"12":{"start":{"line":1,"column":565},"end":{"line":1,"column":625}},"13":{"start":{"line":1,"column":582},"end":{"line":1,"column":625}},"14":{"start":{"line":1,"column":625},"end":{"line":1,"column":644}},"15":{"start":{"line":8,"column":251},"end":{"line":8,"column":350}},"16":{"start":{"line":8,"column":292},"end":{"line":8,"column":349}},"17":{"start":{"line":8,"column":400},"end":{"line":8,"column":499}},"18":{"start":{"line":8,"column":412},"end":{"line":8,"column":498}},"19":{"start":{"line":8,"column":499},"end":{"line":8,"column":585}},"20":{"start":{"line":8,"column":628},"end":{"line":8,"column":791}},"21":{"start":{"line":8,"column":690},"end":{"line":8,"column":790}},"22":{"start":{"line":8,"column":791},"end":{"line":8,"column":955}},"23":{"start":{"line":8,"column":955},"end":{"line":8,"column":1073}},"24":{"start":{"line":8,"column":971},"end":{"line":8,"column":1073}},"25":{"start":{"line":14,"column":8},"end":{"line":57,"column":42}},"26":{"start":{"line":14,"column":31},"end":{"line":14,"column":60}},"27":{"start":{"line":14,"column":60},"end":{"line":35,"column":14}},"28":{"start":{"line":20,"column":17},"end":{"line":20,"column":45}},"29":{"start":{"line":22,"column":22},"end":{"line":24,"column":37}},"30":{"start":{"line":36,"column":118},"end":{"line":37,"column":11}},"31":{"start":{"line":44,"column":6},"end":{"line":57,"column":10}},"32":{"start":{"line":46,"column":17},"end":{"line":46,"column":19}},"33":{"start":{"line":47,"column":6},"end":{"line":49,"column":7}},"34":{"start":{"line":48,"column":8},"end":{"line":48,"column":226}},"35":{"start":{"line":50,"column":6},"end":{"line":53,"column":205}},"36":{"start":{"line":57,"column":10},"end":{"line":57,"column":23}}},"fnMap":{"0":{"name":"(anonymous_0)","decl":{"start":{"line":1,"column":120},"end":{"line":1,"column":121}},"loc":{"start":{"line":1,"column":132},"end":{"line":1,"column":647}},"line":1},"1":{"name":"defineProperties","decl":{"start":{"line":1,"column":142},"end":{"line":1,"column":158}},"loc":{"start":{"line":1,"column":174},"end":{"line":1,"column":441}},"line":1},"2":{"name":"(anonymous_2)","decl":{"start":{"line":1,"column":448},"end":{"line":1,"column":449}},"loc":{"start":{"line":1,"column":496},"end":{"line":1,"column":645}},"line":1},"3":{"name":"_classCallCheck","decl":{"start":{"line":8,"column":211},"end":{"line":8,"column":226}},"loc":{"start":{"line":8,"column":250},"end":{"line":8,"column":351}},"line":8},"4":{"name":"_possibleConstructorReturn","decl":{"start":{"line":8,"column":360},"end":{"line":8,"column":386}},"loc":{"start":{"line":8,"column":399},"end":{"line":8,"column":586}},"line":8},"5":{"name":"_inherits","decl":{"start":{"line":8,"column":595},"end":{"line":8,"column":604}},"loc":{"start":{"line":8,"column":627},"end":{"line":8,"column":1074}},"line":8},"6":{"name":"(anonymous_6)","decl":{"start":{"line":14,"column":8},"end":{"line":14,"column":9}},"loc":{"start":{"line":14,"column":30},"end":{"line":57,"column":24}},"line":14},"7":{"name":"groupClicked","decl":{"start":{"line":18,"column":122},"end":{"line":18,"column":134}},"loc":{"start":{"line":19,"column":4},"end":{"line":31,"column":5}},"line":19},"8":{"name":"Group","decl":{"start":{"line":36,"column":37},"end":{"line":36,"column":42}},"loc":{"start":{"line":36,"column":50},"end":{"line":40,"column":3}},"line":36},"9":{"name":"render","decl":{"start":{"line":44,"column":60},"end":{"line":44,"column":66}},"loc":{"start":{"line":45,"column":4},"end":{"line":57,"column":5}},"line":45}},"branchMap":{"0":{"loc":{"start":{"line":1,"column":265},"end":{"line":1,"column":295}},"type":"binary-expr","locations":[{"start":{"line":1,"column":265},"end":{"line":1,"column":286}},{"start":{"line":1,"column":290},"end":{"line":1,"column":295}}],"line":1},"1":{"loc":{"start":{"line":1,"column":327},"end":{"line":1,"column":381}},"type":"if","locations":[{"start":{"line":1,"column":327},"end":{"line":1,"column":381}},{"start":{"line":1,"column":327},"end":{"line":1,"column":381}}],"line":1},"2":{"loc":{"start":{"line":1,"column":497},"end":{"line":1,"column":565}},"type":"if","locations":[{"start":{"line":1,"column":497},"end":{"line":1,"column":565}},{"start":{"line":1,"column":497},"end":{"line":1,"column":565}}],"line":1},"3":{"loc":{"start":{"line":1,"column":565},"end":{"line":1,"column":625}},"type":"if","locations":[{"start":{"line":1,"column":565},"end":{"line":1,"column":625}},{"start":{"line":1,"column":565},"end":{"line":1,"column":625}}],"line":1},"4":{"loc":{"start":{"line":8,"column":251},"end":{"line":8,"column":350}},"type":"if","locations":[{"start":{"line":8,"column":251},"end":{"line":8,"column":350}},{"start":{"line":8,"column":251},"end":{"line":8,"column":350}}],"line":8},"5":{"loc":{"start":{"line":8,"column":400},"end":{"line":8,"column":499}},"type":"if","locations":[{"start":{"line":8,"column":400},"end":{"line":8,"column":499}},{"start":{"line":8,"column":400},"end":{"line":8,"column":499}}],"line":8},"6":{"loc":{"start":{"line":8,"column":506},"end":{"line":8,"column":584}},"type":"cond-expr","locations":[{"start":{"line":8,"column":573},"end":{"line":8,"column":577}},{"start":{"line":8,"column":580},"end":{"line":8,"column":584}}],"line":8},"7":{"loc":{"start":{"line":8,"column":506},"end":{"line":8,"column":570}},"type":"binary-expr","locations":[{"start":{"line":8,"column":506},"end":{"line":8,"column":510}},{"start":{"line":8,"column":515},"end":{"line":8,"column":539}},{"start":{"line":8,"column":543},"end":{"line":8,"column":569}}],"line":8},"8":{"loc":{"start":{"line":8,"column":628},"end":{"line":8,"column":791}},"type":"if","locations":[{"start":{"line":8,"column":628},"end":{"line":8,"column":791}},{"start":{"line":8,"column":628},"end":{"line":8,"column":791}}],"line":8},"9":{"loc":{"start":{"line":8,"column":632},"end":{"line":8,"column":687}},"type":"binary-expr","locations":[{"start":{"line":8,"column":632},"end":{"line":8,"column":664}},{"start":{"line":8,"column":668},"end":{"line":8,"column":687}}],"line":8},"10":{"loc":{"start":{"line":8,"column":826},"end":{"line":8,"column":860}},"type":"binary-expr","locations":[{"start":{"line":8,"column":826},"end":{"line":8,"column":836}},{"start":{"line":8,"column":840},"end":{"line":8,"column":860}}],"line":8},"11":{"loc":{"start":{"line":8,"column":955},"end":{"line":8,"column":1073}},"type":"if","locations":[{"start":{"line":8,"column":955},"end":{"line":8,"column":1073}},{"start":{"line":8,"column":955},"end":{"line":8,"column":1073}}],"line":8},"12":{"loc":{"start":{"line":8,"column":971},"end":{"line":8,"column":1072}},"type":"cond-expr","locations":[{"start":{"line":8,"column":995},"end":{"line":8,"column":1038}},{"start":{"line":8,"column":1041},"end":{"line":8,"column":1072}}],"line":8},"13":{"loc":{"start":{"line":36,"column":152},"end":{"line":36,"column":199}},"type":"binary-expr","locations":[{"start":{"line":36,"column":152},"end":{"line":36,"column":167}},{"start":{"line":36,"column":171},"end":{"line":36,"column":199}}],"line":36},"14":{"loc":{"start":{"line":47,"column":6},"end":{"line":49,"column":7}},"type":"if","locations":[{"start":{"line":47,"column":6},"end":{"line":49,"column":7}},{"start":{"line":47,"column":6},"end":{"line":49,"column":7}}],"line":47}},"s":{"0":3,"1":3,"2":6,"3":6,"4":6,"5":6,"6":6,"7":6,"8":6,"9":3,"10":6,"11":6,"12":6,"13":0,"14":6,"15":4,"16":0,"17":4,"18":0,"19":4,"20":3,"21":0,"22":3,"23":3,"24":3,"25":3,"26":3,"27":3,"28":0,"29":0,"30":4,"31":3,"32":4,"33":4,"34":0,"35":4,"36":3},"f":{"0":3,"1":6,"2":6,"3":4,"4":4,"5":3,"6":3,"7":0,"8":4,"9":4},"b":{"0":[6,6],"1":[6,0],"2":[6,0],"3":[0,6],"4":[0,4],"5":[0,4],"6":[0,4],"7":[4,0,0],"8":[0,3],"9":[3,0],"10":[3,3],"11":[3,0],"12":[3,0],"13":[4,0],"14":[0,4]},"_coverageSchema":"332fd63041d2c1bcb487cc26dd0d5f7d97098a6c","hash":"cb9891a0d64a660147a20c36d7a0e9308814793d"}
,"/Users/andeladeveloper/Documents/post-it-app/post-it-app/Client/components/GroupForm.jsx": {"path":"/Users/andeladeveloper/Documents/post-it-app/post-it-app/Client/components/GroupForm.jsx","statementMap":{"0":{"start":{"line":1,"column":39},"end":{"line":1,"column":101}},"1":{"start":{"line":1,"column":120},"end":{"line":1,"column":649}},"2":{"start":{"line":1,"column":175},"end":{"line":1,"column":440}},"3":{"start":{"line":1,"column":232},"end":{"line":1,"column":240}},"4":{"start":{"line":1,"column":241},"end":{"line":1,"column":296}},"5":{"start":{"line":1,"column":296},"end":{"line":1,"column":327}},"6":{"start":{"line":1,"column":327},"end":{"line":1,"column":381}},"7":{"start":{"line":1,"column":354},"end":{"line":1,"column":381}},"8":{"start":{"line":1,"column":381},"end":{"line":1,"column":439}},"9":{"start":{"line":1,"column":441},"end":{"line":1,"column":646}},"10":{"start":{"line":1,"column":497},"end":{"line":1,"column":565}},"11":{"start":{"line":1,"column":513},"end":{"line":1,"column":565}},"12":{"start":{"line":1,"column":565},"end":{"line":1,"column":625}},"13":{"start":{"line":1,"column":582},"end":{"line":1,"column":625}},"14":{"start":{"line":1,"column":625},"end":{"line":1,"column":644}},"15":{"start":{"line":4,"column":246},"end":{"line":4,"column":345}},"16":{"start":{"line":4,"column":287},"end":{"line":4,"column":344}},"17":{"start":{"line":4,"column":395},"end":{"line":4,"column":494}},"18":{"start":{"line":4,"column":407},"end":{"line":4,"column":493}},"19":{"start":{"line":4,"column":494},"end":{"line":4,"column":580}},"20":{"start":{"line":4,"column":623},"end":{"line":4,"column":786}},"21":{"start":{"line":4,"column":685},"end":{"line":4,"column":785}},"22":{"start":{"line":4,"column":786},"end":{"line":4,"column":950}},"23":{"start":{"line":4,"column":950},"end":{"line":4,"column":1068}},"24":{"start":{"line":4,"column":966},"end":{"line":4,"column":1068}},"25":{"start":{"line":12,"column":12},"end":{"line":89,"column":46}},"26":{"start":{"line":12,"column":35},"end":{"line":12,"column":68}},"27":{"start":{"line":12,"column":68},"end":{"line":63,"column":14}},"28":{"start":{"line":22,"column":6},"end":{"line":22,"column":29}},"29":{"start":{"line":24,"column":22},"end":{"line":24,"column":49}},"30":{"start":{"line":25,"column":24},"end":{"line":25,"column":58}},"31":{"start":{"line":26,"column":17},"end":{"line":26,"column":45}},"32":{"start":{"line":27,"column":6},"end":{"line":41,"column":7}},"33":{"start":{"line":28,"column":20},"end":{"line":34,"column":48}},"34":{"start":{"line":37,"column":8},"end":{"line":38,"column":27}},"35":{"start":{"line":54,"column":6},"end":{"line":54,"column":55}},"36":{"start":{"line":64,"column":126},"end":{"line":65,"column":11}},"37":{"start":{"line":75,"column":7},"end":{"line":89,"column":10}},"38":{"start":{"line":77,"column":6},"end":{"line":85,"column":154}},"39":{"start":{"line":89,"column":10},"end":{"line":89,"column":27}}},"fnMap":{"0":{"name":"(anonymous_0)","decl":{"start":{"line":1,"column":120},"end":{"line":1,"column":121}},"loc":{"start":{"line":1,"column":132},"end":{"line":1,"column":647}},"line":1},"1":{"name":"defineProperties","decl":{"start":{"line":1,"column":142},"end":{"line":1,"column":158}},"loc":{"start":{"line":1,"column":174},"end":{"line":1,"column":441}},"line":1},"2":{"name":"(anonymous_2)","decl":{"start":{"line":1,"column":448},"end":{"line":1,"column":449}},"loc":{"start":{"line":1,"column":496},"end":{"line":1,"column":645}},"line":1},"3":{"name":"_classCallCheck","decl":{"start":{"line":4,"column":206},"end":{"line":4,"column":221}},"loc":{"start":{"line":4,"column":245},"end":{"line":4,"column":346}},"line":4},"4":{"name":"_possibleConstructorReturn","decl":{"start":{"line":4,"column":355},"end":{"line":4,"column":381}},"loc":{"start":{"line":4,"column":394},"end":{"line":4,"column":581}},"line":4},"5":{"name":"_inherits","decl":{"start":{"line":4,"column":590},"end":{"line":4,"column":599}},"loc":{"start":{"line":4,"column":622},"end":{"line":4,"column":1069}},"line":4},"6":{"name":"(anonymous_6)","decl":{"start":{"line":12,"column":12},"end":{"line":12,"column":13}},"loc":{"start":{"line":12,"column":34},"end":{"line":89,"column":28}},"line":12},"7":{"name":"submit","decl":{"start":{"line":20,"column":128},"end":{"line":20,"column":134}},"loc":{"start":{"line":21,"column":11},"end":{"line":42,"column":5}},"line":21},"8":{"name":"handleGroupNameChange","decl":{"start":{"line":52,"column":61},"end":{"line":52,"column":82}},"loc":{"start":{"line":53,"column":11},"end":{"line":55,"column":5}},"line":53},"9":{"name":"GroupForm","decl":{"start":{"line":64,"column":37},"end":{"line":64,"column":46}},"loc":{"start":{"line":64,"column":54},"end":{"line":70,"column":3}},"line":64},"10":{"name":"render","decl":{"start":{"line":75,"column":65},"end":{"line":75,"column":71}},"loc":{"start":{"line":76,"column":4},"end":{"line":89,"column":5}},"line":76}},"branchMap":{"0":{"loc":{"start":{"line":1,"column":265},"end":{"line":1,"column":295}},"type":"binary-expr","locations":[{"start":{"line":1,"column":265},"end":{"line":1,"column":286}},{"start":{"line":1,"column":290},"end":{"line":1,"column":295}}],"line":1},"1":{"loc":{"start":{"line":1,"column":327},"end":{"line":1,"column":381}},"type":"if","locations":[{"start":{"line":1,"column":327},"end":{"line":1,"column":381}},{"start":{"line":1,"column":327},"end":{"line":1,"column":381}}],"line":1},"2":{"loc":{"start":{"line":1,"column":497},"end":{"line":1,"column":565}},"type":"if","locations":[{"start":{"line":1,"column":497},"end":{"line":1,"column":565}},{"start":{"line":1,"column":497},"end":{"line":1,"column":565}}],"line":1},"3":{"loc":{"start":{"line":1,"column":565},"end":{"line":1,"column":625}},"type":"if","locations":[{"start":{"line":1,"column":565},"end":{"line":1,"column":625}},{"start":{"line":1,"column":565},"end":{"line":1,"column":625}}],"line":1},"4":{"loc":{"start":{"line":4,"column":246},"end":{"line":4,"column":345}},"type":"if","locations":[{"start":{"line":4,"column":246},"end":{"line":4,"column":345}},{"start":{"line":4,"column":246},"end":{"line":4,"column":345}}],"line":4},"5":{"loc":{"start":{"line":4,"column":395},"end":{"line":4,"column":494}},"type":"if","locations":[{"start":{"line":4,"column":395},"end":{"line":4,"column":494}},{"start":{"line":4,"column":395},"end":{"line":4,"column":494}}],"line":4},"6":{"loc":{"start":{"line":4,"column":501},"end":{"line":4,"column":579}},"type":"cond-expr","locations":[{"start":{"line":4,"column":568},"end":{"line":4,"column":572}},{"start":{"line":4,"column":575},"end":{"line":4,"column":579}}],"line":4},"7":{"loc":{"start":{"line":4,"column":501},"end":{"line":4,"column":565}},"type":"binary-expr","locations":[{"start":{"line":4,"column":501},"end":{"line":4,"column":505}},{"start":{"line":4,"column":510},"end":{"line":4,"column":534}},{"start":{"line":4,"column":538},"end":{"line":4,"column":564}}],"line":4},"8":{"loc":{"start":{"line":4,"column":623},"end":{"line":4,"column":786}},"type":"if","locations":[{"start":{"line":4,"column":623},"end":{"line":4,"column":786}},{"start":{"line":4,"column":623},"end":{"line":4,"column":786}}],"line":4},"9":{"loc":{"start":{"line":4,"column":627},"end":{"line":4,"column":682}},"type":"binary-expr","locations":[{"start":{"line":4,"column":627},"end":{"line":4,"column":659}},{"start":{"line":4,"column":663},"end":{"line":4,"column":682}}],"line":4},"10":{"loc":{"start":{"line":4,"column":821},"end":{"line":4,"column":855}},"type":"binary-expr","locations":[{"start":{"line":4,"column":821},"end":{"line":4,"column":831}},{"start":{"line":4,"column":835},"end":{"line":4,"column":855}}],"line":4},"11":{"loc":{"start":{"line":4,"column":950},"end":{"line":4,"column":1068}},"type":"if","locations":[{"start":{"line":4,"column":950},"end":{"line":4,"column":1068}},{"start":{"line":4,"column":950},"end":{"line":4,"column":1068}}],"line":4},"12":{"loc":{"start":{"line":4,"column":966},"end":{"line":4,"column":1067}},"type":"cond-expr","locations":[{"start":{"line":4,"column":990},"end":{"line":4,"column":1033}},{"start":{"line":4,"column":1036},"end":{"line":4,"column":1067}}],"line":4},"13":{"loc":{"start":{"line":27,"column":6},"end":{"line":41,"column":7}},"type":"if","locations":[{"start":{"line":27,"column":6},"end":{"line":41,"column":7}},{"start":{"line":27,"column":6},"end":{"line":41,"column":7}}],"line":27},"14":{"loc":{"start":{"line":64,"column":160},"end":{"line":64,"column":215}},"type":"binary-expr","locations":[{"start":{"line":64,"column":160},"end":{"line":64,"column":179}},{"start":{"line":64,"column":183},"end":{"line":64,"column":215}}],"line":64}},"s":{"0":2,"1":2,"2":4,"3":6,"4":6,"5":6,"6":6,"7":6,"8":6,"9":2,"10":4,"11":4,"12":4,"13":0,"14":4,"15":5,"16":0,"17":5,"18":0,"19":5,"20":2,"21":0,"22":2,"23":2,"24":2,"25":2,"26":2,"27":2,"28":1,"29":1,"30":1,"31":1,"32":1,"33":0,"34":0,"35":1,"36":5,"37":2,"38":6,"39":2},"f":{"0":2,"1":4,"2":4,"3":5,"4":5,"5":2,"6":2,"7":1,"8":1,"9":5,"10":6},"b":{"0":[6,6],"1":[6,0],"2":[4,0],"3":[0,4],"4":[0,5],"5":[0,5],"6":[0,5],"7":[5,0,0],"8":[0,2],"9":[2,0],"10":[2,2],"11":[2,0],"12":[2,0],"13":[0,1],"14":[5,0]},"_coverageSchema":"332fd63041d2c1bcb487cc26dd0d5f7d97098a6c","hash":"c578ab0a4135e6cac16b72fc5cb8f07e2615f4e1"}
,"/Users/andeladeveloper/Documents/post-it-app/post-it-app/Client/components/GroupList.jsx": {"path":"/Users/andeladeveloper/Documents/post-it-app/post-it-app/Client/components/GroupList.jsx","statementMap":{"0":{"start":{"line":1,"column":39},"end":{"line":1,"column":101}},"1":{"start":{"line":1,"column":120},"end":{"line":1,"column":649}},"2":{"start":{"line":1,"column":175},"end":{"line":1,"column":440}},"3":{"start":{"line":1,"column":232},"end":{"line":1,"column":240}},"4":{"start":{"line":1,"column":241},"end":{"line":1,"column":296}},"5":{"start":{"line":1,"column":296},"end":{"line":1,"column":327}},"6":{"start":{"line":1,"column":327},"end":{"line":1,"column":381}},"7":{"start":{"line":1,"column":354},"end":{"line":1,"column":381}},"8":{"start":{"line":1,"column":381},"end":{"line":1,"column":439}},"9":{"start":{"line":1,"column":441},"end":{"line":1,"column":646}},"10":{"start":{"line":1,"column":497},"end":{"line":1,"column":565}},"11":{"start":{"line":1,"column":513},"end":{"line":1,"column":565}},"12":{"start":{"line":1,"column":565},"end":{"line":1,"column":625}},"13":{"start":{"line":1,"column":582},"end":{"line":1,"column":625}},"14":{"start":{"line":1,"column":625},"end":{"line":1,"column":644}},"15":{"start":{"line":9,"column":188},"end":{"line":9,"column":242}},"16":{"start":{"line":9,"column":292},"end":{"line":9,"column":391}},"17":{"start":{"line":9,"column":333},"end":{"line":9,"column":390}},"18":{"start":{"line":9,"column":441},"end":{"line":9,"column":540}},"19":{"start":{"line":9,"column":453},"end":{"line":9,"column":539}},"20":{"start":{"line":9,"column":540},"end":{"line":9,"column":626}},"21":{"start":{"line":9,"column":669},"end":{"line":9,"column":832}},"22":{"start":{"line":9,"column":731},"end":{"line":9,"column":831}},"23":{"start":{"line":9,"column":832},"end":{"line":9,"column":996}},"24":{"start":{"line":9,"column":996},"end":{"line":9,"column":1114}},"25":{"start":{"line":9,"column":1012},"end":{"line":9,"column":1114}},"26":{"start":{"line":16,"column":2},"end":{"line":25,"column":91}}},"fnMap":{"0":{"name":"(anonymous_0)","decl":{"start":{"line":1,"column":120},"end":{"line":1,"column":121}},"loc":{"start":{"line":1,"column":132},"end":{"line":1,"column":647}},"line":1},"1":{"name":"defineProperties","decl":{"start":{"line":1,"column":142},"end":{"line":1,"column":158}},"loc":{"start":{"line":1,"column":174},"end":{"line":1,"column":441}},"line":1},"2":{"name":"(anonymous_2)","decl":{"start":{"line":1,"column":448},"end":{"line":1,"column":449}},"loc":{"start":{"line":1,"column":496},"end":{"line":1,"column":645}},"line":1},"3":{"name":"_interopRequireDefault","decl":{"start":{"line":9,"column":159},"end":{"line":9,"column":181}},"loc":{"start":{"line":9,"column":187},"end":{"line":9,"column":243}},"line":9},"4":{"name":"_classCallCheck","decl":{"start":{"line":9,"column":252},"end":{"line":9,"column":267}},"loc":{"start":{"line":9,"column":291},"end":{"line":9,"column":392}},"line":9},"5":{"name":"_possibleConstructorReturn","decl":{"start":{"line":9,"column":401},"end":{"line":9,"column":427}},"loc":{"start":{"line":9,"column":440},"end":{"line":9,"column":627}},"line":9},"6":{"name":"_inherits","decl":{"start":{"line":9,"column":636},"end":{"line":9,"column":645}},"loc":{"start":{"line":9,"column":668},"end":{"line":9,"column":1115}},"line":9},"7":{"name":"getAppState","decl":{"start":{"line":15,"column":9},"end":{"line":15,"column":20}},"loc":{"start":{"line":15,"column":23},"end":{"line":27,"column":1}},"line":15}},"branchMap":{"0":{"loc":{"start":{"line":1,"column":265},"end":{"line":1,"column":295}},"type":"binary-expr","locations":[{"start":{"line":1,"column":265},"end":{"line":1,"column":286}},{"start":{"line":1,"column":290},"end":{"line":1,"column":295}}],"line":1},"1":{"loc":{"start":{"line":1,"column":327},"end":{"line":1,"column":381}},"type":"if","locations":[{"start":{"line":1,"column":327},"end":{"line":1,"column":381}},{"start":{"line":1,"column":327},"end":{"line":1,"column":381}}],"line":1},"2":{"loc":{"start":{"line":1,"column":497},"end":{"line":1,"column":565}},"type":"if","locations":[{"start":{"line":1,"column":497},"end":{"line":1,"column":565}},{"start":{"line":1,"column":497},"end":{"line":1,"column":565}}],"line":1},"3":{"loc":{"start":{"line":1,"column":565},"end":{"line":1,"column":625}},"type":"if","locations":[{"start":{"line":1,"column":565},"end":{"line":1,"column":625}},{"start":{"line":1,"column":565},"end":{"line":1,"column":625}}],"line":1},"4":{"loc":{"start":{"line":9,"column":195},"end":{"line":9,"column":241}},"type":"cond-expr","locations":[{"start":{"line":9,"column":219},"end":{"line":9,"column":222}},{"start":{"line":9,"column":225},"end":{"line":9,"column":241}}],"line":9},"5":{"loc":{"start":{"line":9,"column":195},"end":{"line":9,"column":216}},"type":"binary-expr","locations":[{"start":{"line":9,"column":195},"end":{"line":9,"column":198}},{"start":{"line":9,"column":202},"end":{"line":9,"column":216}}],"line":9},"6":{"loc":{"start":{"line":9,"column":292},"end":{"line":9,"column":391}},"type":"if","locations":[{"start":{"line":9,"column":292},"end":{"line":9,"column":391}},{"start":{"line":9,"column":292},"end":{"line":9,"column":391}}],"line":9},"7":{"loc":{"start":{"line":9,"column":441},"end":{"line":9,"column":540}},"type":"if","locations":[{"start":{"line":9,"column":441},"end":{"line":9,"column":540}},{"start":{"line":9,"column":441},"end":{"line":9,"column":540}}],"line":9},"8":{"loc":{"start":{"line":9,"column":547},"end":{"line":9,"column":625}},"type":"cond-expr","locations":[{"start":{"line":9,"column":614},"end":{"line":9,"column":618}},{"start":{"line":9,"column":621},"end":{"line":9,"column":625}}],"line":9},"9":{"loc":{"start":{"line":9,"column":547},"end":{"line":9,"column":611}},"type":"binary-expr","locations":[{"start":{"line":9,"column":547},"end":{"line":9,"column":551}},{"start":{"line":9,"column":556},"end":{"line":9,"column":580}},{"start":{"line":9,"column":584},"end":{"line":9,"column":610}}],"line":9},"10":{"loc":{"start":{"line":9,"column":669},"end":{"line":9,"column":832}},"type":"if","locations":[{"start":{"line":9,"column":669},"end":{"line":9,"column":832}},{"start":{"line":9,"column":669},"end":{"line":9,"column":832}}],"line":9},"11":{"loc":{"start":{"line":9,"column":673},"end":{"line":9,"column":728}},"type":"binary-expr","locations":[{"start":{"line":9,"column":673},"end":{"line":9,"column":705}},{"start":{"line":9,"column":709},"end":{"line":9,"column":728}}],"line":9},"12":{"loc":{"start":{"line":9,"column":867},"end":{"line":9,"column":901}},"type":"binary-expr","locations":[{"start":{"line":9,"column":867},"end":{"line":9,"column":877}},{"start":{"line":9,"column":881},"end":{"line":9,"column":901}}],"line":9},"13":{"loc":{"start":{"line":9,"column":996},"end":{"line":9,"column":1114}},"type":"if","locations":[{"start":{"line":9,"column":996},"end":{"line":9,"column":1114}},{"start":{"line":9,"column":996},"end":{"line":9,"column":1114}}],"line":9},"14":{"loc":{"start":{"line":9,"column":1012},"end":{"line":9,"column":1113}},"type":"cond-expr","locations":[{"start":{"line":9,"column":1036},"end":{"line":9,"column":1079}},{"start":{"line":9,"column":1082},"end":{"line":9,"column":1113}}],"line":9}},"s":{"0":2,"1":2,"2":4,"3":12,"4":12,"5":12,"6":12,"7":12,"8":12,"9":2,"10":4,"11":4,"12":4,"13":0,"14":4,"15":12,"16":4,"17":0,"18":4,"19":0,"20":4,"21":2,"22":0,"23":2,"24":2,"25":2,"26":0},"f":{"0":2,"1":4,"2":4,"3":12,"4":4,"5":4,"6":2,"7":0},"b":{"0":[12,12],"1":[12,0],"2":[4,0],"3":[0,4],"4":[4,8],"5":[12,12],"6":[0,4],"7":[0,4],"8":[0,4],"9":[4,0,0],"10":[0,2],"11":[2,0],"12":[2,2],"13":[2,0],"14":[2,0]},"_coverageSchema":"332fd63041d2c1bcb487cc26dd0d5f7d97098a6c","hash":"bc7ff4680f98081124ddbd9aa99c613076c422bb"}
,"/Users/andeladeveloper/Documents/post-it-app/post-it-app/Client/components/Login.jsx": {"path":"/Users/andeladeveloper/Documents/post-it-app/post-it-app/Client/components/Login.jsx","statementMap":{"0":{"start":{"line":1,"column":39},"end":{"line":1,"column":101}},"1":{"start":{"line":1,"column":120},"end":{"line":1,"column":649}},"2":{"start":{"line":1,"column":175},"end":{"line":1,"column":440}},"3":{"start":{"line":1,"column":232},"end":{"line":1,"column":240}},"4":{"start":{"line":1,"column":241},"end":{"line":1,"column":296}},"5":{"start":{"line":1,"column":296},"end":{"line":1,"column":327}},"6":{"start":{"line":1,"column":327},"end":{"line":1,"column":381}},"7":{"start":{"line":1,"column":354},"end":{"line":1,"column":381}},"8":{"start":{"line":1,"column":381},"end":{"line":1,"column":439}},"9":{"start":{"line":1,"column":441},"end":{"line":1,"column":646}},"10":{"start":{"line":1,"column":497},"end":{"line":1,"column":565}},"11":{"start":{"line":1,"column":513},"end":{"line":1,"column":565}},"12":{"start":{"line":1,"column":565},"end":{"line":1,"column":625}},"13":{"start":{"line":1,"column":582},"end":{"line":1,"column":625}},"14":{"start":{"line":1,"column":625},"end":{"line":1,"column":644}},"15":{"start":{"line":9,"column":246},"end":{"line":9,"column":345}},"16":{"start":{"line":9,"column":287},"end":{"line":9,"column":344}},"17":{"start":{"line":9,"column":395},"end":{"line":9,"column":494}},"18":{"start":{"line":9,"column":407},"end":{"line":9,"column":493}},"19":{"start":{"line":9,"column":494},"end":{"line":9,"column":580}},"20":{"start":{"line":9,"column":623},"end":{"line":9,"column":786}},"21":{"start":{"line":9,"column":685},"end":{"line":9,"column":785}},"22":{"start":{"line":9,"column":786},"end":{"line":9,"column":950}},"23":{"start":{"line":9,"column":950},"end":{"line":9,"column":1068}},"24":{"start":{"line":9,"column":966},"end":{"line":9,"column":1068}},"25":{"start":{"line":18,"column":8},"end":{"line":309,"column":42}},"26":{"start":{"line":18,"column":31},"end":{"line":18,"column":60}},"27":{"start":{"line":18,"column":60},"end":{"line":228,"column":14}},"28":{"start":{"line":31,"column":6},"end":{"line":31,"column":29}},"29":{"start":{"line":32,"column":18},"end":{"line":32,"column":46}},"30":{"start":{"line":33,"column":21},"end":{"line":33,"column":52}},"31":{"start":{"line":35,"column":17},"end":{"line":39,"column":24}},"32":{"start":{"line":42,"column":6},"end":{"line":48,"column":7}},"33":{"start":{"line":44,"column":13},"end":{"line":48,"column":7}},"34":{"start":{"line":61,"column":6},"end":{"line":66,"column":29}},"35":{"start":{"line":79,"column":6},"end":{"line":79,"column":29}},"36":{"start":{"line":80,"column":16},"end":{"line":80,"column":29}},"37":{"start":{"line":81,"column":17},"end":{"line":81,"column":38}},"38":{"start":{"line":82,"column":17},"end":{"line":87,"column":91}},"39":{"start":{"line":90,"column":6},"end":{"line":104,"column":7}},"40":{"start":{"line":92,"column":13},"end":{"line":104,"column":7}},"41":{"start":{"line":94,"column":13},"end":{"line":104,"column":7}},"42":{"start":{"line":98,"column":8},"end":{"line":102,"column":29}},"43":{"start":{"line":117,"column":20},"end":{"line":117,"column":57}},"44":{"start":{"line":130,"column":6},"end":{"line":136,"column":36}},"45":{"start":{"line":146,"column":6},"end":{"line":146,"column":77}},"46":{"start":{"line":155,"column":6},"end":{"line":155,"column":80}},"47":{"start":{"line":167,"column":6},"end":{"line":167,"column":51}},"48":{"start":{"line":178,"column":6},"end":{"line":178,"column":54}},"49":{"start":{"line":189,"column":6},"end":{"line":189,"column":54}},"50":{"start":{"line":200,"column":6},"end":{"line":200,"column":56}},"51":{"start":{"line":211,"column":6},"end":{"line":211,"column":57}},"52":{"start":{"line":222,"column":6},"end":{"line":222,"column":59}},"53":{"start":{"line":229,"column":118},"end":{"line":230,"column":11}},"54":{"start":{"line":254,"column":7},"end":{"line":309,"column":10}},"55":{"start":{"line":256,"column":6},"end":{"line":303,"column":406}},"56":{"start":{"line":309,"column":10},"end":{"line":309,"column":23}}},"fnMap":{"0":{"name":"(anonymous_0)","decl":{"start":{"line":1,"column":120},"end":{"line":1,"column":121}},"loc":{"start":{"line":1,"column":132},"end":{"line":1,"column":647}},"line":1},"1":{"name":"defineProperties","decl":{"start":{"line":1,"column":142},"end":{"line":1,"column":158}},"loc":{"start":{"line":1,"column":174},"end":{"line":1,"column":441}},"line":1},"2":{"name":"(anonymous_2)","decl":{"start":{"line":1,"column":448},"end":{"line":1,"column":449}},"loc":{"start":{"line":1,"column":496},"end":{"line":1,"column":645}},"line":1},"3":{"name":"_classCallCheck","decl":{"start":{"line":9,"column":206},"end":{"line":9,"column":221}},"loc":{"start":{"line":9,"column":245},"end":{"line":9,"column":346}},"line":9},"4":{"name":"_possibleConstructorReturn","decl":{"start":{"line":9,"column":355},"end":{"line":9,"column":381}},"loc":{"start":{"line":9,"column":394},"end":{"line":9,"column":581}},"line":9},"5":{"name":"_inherits","decl":{"start":{"line":9,"column":590},"end":{"line":9,"column":599}},"loc":{"start":{"line":9,"column":622},"end":{"line":9,"column":1069}},"line":9},"6":{"name":"(anonymous_6)","decl":{"start":{"line":18,"column":8},"end":{"line":18,"column":9}},"loc":{"start":{"line":18,"column":30},"end":{"line":309,"column":24}},"line":18},"7":{"name":"login","decl":{"start":{"line":28,"column":116},"end":{"line":28,"column":121}},"loc":{"start":{"line":29,"column":11},"end":{"line":49,"column":5}},"line":29},"8":{"name":"handleToggle","decl":{"start":{"line":57,"column":52},"end":{"line":57,"column":64}},"loc":{"start":{"line":58,"column":4},"end":{"line":68,"column":5}},"line":58},"9":{"name":"signup","decl":{"start":{"line":77,"column":46},"end":{"line":77,"column":52}},"loc":{"start":{"line":78,"column":11},"end":{"line":105,"column":5}},"line":78},"10":{"name":"onSignIn","decl":{"start":{"line":115,"column":48},"end":{"line":115,"column":56}},"loc":{"start":{"line":116,"column":16},"end":{"line":119,"column":5}},"line":116},"11":{"name":"renderGoogleLoginButton","decl":{"start":{"line":128,"column":63},"end":{"line":128,"column":86}},"loc":{"start":{"line":129,"column":4},"end":{"line":138,"column":5}},"line":129},"12":{"name":"componentDidMount","decl":{"start":{"line":144,"column":57},"end":{"line":144,"column":74}},"loc":{"start":{"line":145,"column":4},"end":{"line":147,"column":5}},"line":145},"13":{"name":"componentWillUnmount","decl":{"start":{"line":153,"column":60},"end":{"line":153,"column":80}},"loc":{"start":{"line":154,"column":4},"end":{"line":156,"column":5}},"line":154},"14":{"name":"handleEmailChange","decl":{"start":{"line":165,"column":57},"end":{"line":165,"column":74}},"loc":{"start":{"line":166,"column":11},"end":{"line":168,"column":5}},"line":166},"15":{"name":"handleUserNameChange","decl":{"start":{"line":176,"column":60},"end":{"line":176,"column":80}},"loc":{"start":{"line":177,"column":11},"end":{"line":179,"column":5}},"line":177},"16":{"name":"handlePasswordChange","decl":{"start":{"line":187,"column":60},"end":{"line":187,"column":80}},"loc":{"start":{"line":188,"column":11},"end":{"line":190,"column":5}},"line":188},"17":{"name":"handleLoginEmailChange","decl":{"start":{"line":198,"column":62},"end":{"line":198,"column":84}},"loc":{"start":{"line":199,"column":11},"end":{"line":201,"column":5}},"line":199},"18":{"name":"handlePhoneNumberChange","decl":{"start":{"line":209,"column":63},"end":{"line":209,"column":86}},"loc":{"start":{"line":210,"column":11},"end":{"line":212,"column":5}},"line":210},"19":{"name":"handleLoginPasswordChange","decl":{"start":{"line":220,"column":65},"end":{"line":220,"column":90}},"loc":{"start":{"line":221,"column":11},"end":{"line":223,"column":5}},"line":221},"20":{"name":"Login","decl":{"start":{"line":229,"column":37},"end":{"line":229,"column":42}},"loc":{"start":{"line":229,"column":50},"end":{"line":245,"column":3}},"line":229},"21":{"name":"render","decl":{"start":{"line":254,"column":61},"end":{"line":254,"column":67}},"loc":{"start":{"line":255,"column":4},"end":{"line":309,"column":5}},"line":255}},"branchMap":{"0":{"loc":{"start":{"line":1,"column":265},"end":{"line":1,"column":295}},"type":"binary-expr","locations":[{"start":{"line":1,"column":265},"end":{"line":1,"column":286}},{"start":{"line":1,"column":290},"end":{"line":1,"column":295}}],"line":1},"1":{"loc":{"start":{"line":1,"column":327},"end":{"line":1,"column":381}},"type":"if","locations":[{"start":{"line":1,"column":327},"end":{"line":1,"column":381}},{"start":{"line":1,"column":327},"end":{"line":1,"column":381}}],"line":1},"2":{"loc":{"start":{"line":1,"column":497},"end":{"line":1,"column":565}},"type":"if","locations":[{"start":{"line":1,"column":497},"end":{"line":1,"column":565}},{"start":{"line":1,"column":497},"end":{"line":1,"column":565}}],"line":1},"3":{"loc":{"start":{"line":1,"column":565},"end":{"line":1,"column":625}},"type":"if","locations":[{"start":{"line":1,"column":565},"end":{"line":1,"column":625}},{"start":{"line":1,"column":565},"end":{"line":1,"column":625}}],"line":1},"4":{"loc":{"start":{"line":9,"column":246},"end":{"line":9,"column":345}},"type":"if","locations":[{"start":{"line":9,"column":246},"end":{"line":9,"column":345}},{"start":{"line":9,"column":246},"end":{"line":9,"column":345}}],"line":9},"5":{"loc":{"start":{"line":9,"column":395},"end":{"line":9,"column":494}},"type":"if","locations":[{"start":{"line":9,"column":395},"end":{"line":9,"column":494}},{"start":{"line":9,"column":395},"end":{"line":9,"column":494}}],"line":9},"6":{"loc":{"start":{"line":9,"column":501},"end":{"line":9,"column":579}},"type":"cond-expr","locations":[{"start":{"line":9,"column":568},"end":{"line":9,"column":572}},{"start":{"line":9,"column":575},"end":{"line":9,"column":579}}],"line":9},"7":{"loc":{"start":{"line":9,"column":501},"end":{"line":9,"column":565}},"type":"binary-expr","locations":[{"start":{"line":9,"column":501},"end":{"line":9,"column":505}},{"start":{"line":9,"column":510},"end":{"line":9,"column":534}},{"start":{"line":9,"column":538},"end":{"line":9,"column":564}}],"line":9},"8":{"loc":{"start":{"line":9,"column":623},"end":{"line":9,"column":786}},"type":"if","locations":[{"start":{"line":9,"column":623},"end":{"line":9,"column":786}},{"start":{"line":9,"column":623},"end":{"line":9,"column":786}}],"line":9},"9":{"loc":{"start":{"line":9,"column":627},"end":{"line":9,"column":682}},"type":"binary-expr","locations":[{"start":{"line":9,"column":627},"end":{"line":9,"column":659}},{"start":{"line":9,"column":663},"end":{"line":9,"column":682}}],"line":9},"10":{"loc":{"start":{"line":9,"column":821},"end":{"line":9,"column":855}},"type":"binary-expr","locations":[{"start":{"line":9,"column":821},"end":{"line":9,"column":831}},{"start":{"line":9,"column":835},"end":{"line":9,"column":855}}],"line":9},"11":{"loc":{"start":{"line":9,"column":950},"end":{"line":9,"column":1068}},"type":"if","locations":[{"start":{"line":9,"column":950},"end":{"line":9,"column":1068}},{"start":{"line":9,"column":950},"end":{"line":9,"column":1068}}],"line":9},"12":{"loc":{"start":{"line":9,"column":966},"end":{"line":9,"column":1067}},"type":"cond-expr","locations":[{"start":{"line":9,"column":990},"end":{"line":9,"column":1033}},{"start":{"line":9,"column":1036},"end":{"line":9,"column":1067}}],"line":9},"13":{"loc":{"start":{"line":42,"column":6},"end":{"line":48,"column":7}},"type":"if","locations":[{"start":{"line":42,"column":6},"end":{"line":48,"column":7}},{"start":{"line":42,"column":6},"end":{"line":48,"column":7}}],"line":42},"14":{"loc":{"start":{"line":44,"column":13},"end":{"line":48,"column":7}},"type":"if","locations":[{"start":{"line":44,"column":13},"end":{"line":48,"column":7}},{"start":{"line":44,"column":13},"end":{"line":48,"column":7}}],"line":44},"15":{"loc":{"start":{"line":90,"column":6},"end":{"line":104,"column":7}},"type":"if","locations":[{"start":{"line":90,"column":6},"end":{"line":104,"column":7}},{"start":{"line":90,"column":6},"end":{"line":104,"column":7}}],"line":90},"16":{"loc":{"start":{"line":92,"column":13},"end":{"line":104,"column":7}},"type":"if","locations":[{"start":{"line":92,"column":13},"end":{"line":104,"column":7}},{"start":{"line":92,"column":13},"end":{"line":104,"column":7}}],"line":92},"17":{"loc":{"start":{"line":94,"column":13},"end":{"line":104,"column":7}},"type":"if","locations":[{"start":{"line":94,"column":13},"end":{"line":104,"column":7}},{"start":{"line":94,"column":13},"end":{"line":104,"column":7}}],"line":94},"18":{"loc":{"start":{"line":229,"column":152},"end":{"line":229,"column":199}},"type":"binary-expr","locations":[{"start":{"line":229,"column":152},"end":{"line":229,"column":167}},{"start":{"line":229,"column":171},"end":{"line":229,"column":199}}],"line":229}},"s":{"0":1,"1":1,"2":2,"3":14,"4":14,"5":14,"6":14,"7":14,"8":14,"9":1,"10":2,"11":2,"12":2,"13":0,"14":2,"15":10,"16":0,"17":10,"18":0,"19":10,"20":1,"21":0,"22":1,"23":1,"24":1,"25":1,"26":1,"27":1,"28":1,"29":1,"30":1,"31":1,"32":1,"33":0,"34":0,"35":1,"36":1,"37":1,"38":1,"39":1,"40":0,"41":0,"42":0,"43":0,"44":0,"45":0,"46":0,"47":1,"48":1,"49":1,"50":1,"51":1,"52":1,"53":10,"54":1,"55":16,"56":1},"f":{"0":1,"1":2,"2":2,"3":10,"4":10,"5":1,"6":1,"7":1,"8":0,"9":1,"10":0,"11":0,"12":0,"13":0,"14":1,"15":1,"16":1,"17":1,"18":1,"19":1,"20":10,"21":16},"b":{"0":[14,14],"1":[14,0],"2":[2,0],"3":[0,2],"4":[0,10],"5":[0,10],"6":[0,10],"7":[10,0,0],"8":[0,1],"9":[1,0],"10":[1,1],"11":[1,0],"12":[1,0],"13":[1,0],"14":[0,0],"15":[1,0],"16":[0,0],"17":[0,0],"18":[10,0]},"_coverageSchema":"332fd63041d2c1bcb487cc26dd0d5f7d97098a6c","hash":"0a66b576f61b6d25714d5c9142d2b3f861874c29"}
,"/Users/andeladeveloper/Documents/post-it-app/post-it-app/Client/components/Message.jsx": {"path":"/Users/andeladeveloper/Documents/post-it-app/post-it-app/Client/components/Message.jsx","statementMap":{"0":{"start":{"line":1,"column":39},"end":{"line":1,"column":101}},"1":{"start":{"line":1,"column":120},"end":{"line":1,"column":649}},"2":{"start":{"line":1,"column":175},"end":{"line":1,"column":440}},"3":{"start":{"line":1,"column":232},"end":{"line":1,"column":240}},"4":{"start":{"line":1,"column":241},"end":{"line":1,"column":296}},"5":{"start":{"line":1,"column":296},"end":{"line":1,"column":327}},"6":{"start":{"line":1,"column":327},"end":{"line":1,"column":381}},"7":{"start":{"line":1,"column":354},"end":{"line":1,"column":381}},"8":{"start":{"line":1,"column":381},"end":{"line":1,"column":439}},"9":{"start":{"line":1,"column":441},"end":{"line":1,"column":646}},"10":{"start":{"line":1,"column":497},"end":{"line":1,"column":565}},"11":{"start":{"line":1,"column":513},"end":{"line":1,"column":565}},"12":{"start":{"line":1,"column":565},"end":{"line":1,"column":625}},"13":{"start":{"line":1,"column":582},"end":{"line":1,"column":625}},"14":{"start":{"line":1,"column":625},"end":{"line":1,"column":644}},"15":{"start":{"line":10,"column":190},"end":{"line":10,"column":244}},"16":{"start":{"line":10,"column":294},"end":{"line":10,"column":393}},"17":{"start":{"line":10,"column":335},"end":{"line":10,"column":392}},"18":{"start":{"line":10,"column":443},"end":{"line":10,"column":542}},"19":{"start":{"line":10,"column":455},"end":{"line":10,"column":541}},"20":{"start":{"line":10,"column":542},"end":{"line":10,"column":628}},"21":{"start":{"line":10,"column":671},"end":{"line":10,"column":834}},"22":{"start":{"line":10,"column":733},"end":{"line":10,"column":833}},"23":{"start":{"line":10,"column":834},"end":{"line":10,"column":998}},"24":{"start":{"line":10,"column":998},"end":{"line":10,"column":1116}},"25":{"start":{"line":10,"column":1014},"end":{"line":10,"column":1116}},"26":{"start":{"line":12,"column":12},"end":{"line":12,"column":25}}},"fnMap":{"0":{"name":"(anonymous_0)","decl":{"start":{"line":1,"column":120},"end":{"line":1,"column":121}},"loc":{"start":{"line":1,"column":132},"end":{"line":1,"column":647}},"line":1},"1":{"name":"defineProperties","decl":{"start":{"line":1,"column":142},"end":{"line":1,"column":158}},"loc":{"start":{"line":1,"column":174},"end":{"line":1,"column":441}},"line":1},"2":{"name":"(anonymous_2)","decl":{"start":{"line":1,"column":448},"end":{"line":1,"column":449}},"loc":{"start":{"line":1,"column":496},"end":{"line":1,"column":645}},"line":1},"3":{"name":"_interopRequireDefault","decl":{"start":{"line":10,"column":161},"end":{"line":10,"column":183}},"loc":{"start":{"line":10,"column":189},"end":{"line":10,"column":245}},"line":10},"4":{"name":"_classCallCheck","decl":{"start":{"line":10,"column":254},"end":{"line":10,"column":269}},"loc":{"start":{"line":10,"column":293},"end":{"line":10,"column":394}},"line":10},"5":{"name":"_possibleConstructorReturn","decl":{"start":{"line":10,"column":403},"end":{"line":10,"column":429}},"loc":{"start":{"line":10,"column":442},"end":{"line":10,"column":629}},"line":10},"6":{"name":"_inherits","decl":{"start":{"line":10,"column":638},"end":{"line":10,"column":647}},"loc":{"start":{"line":10,"column":670},"end":{"line":10,"column":1117}},"line":10}},"branchMap":{"0":{"loc":{"start":{"line":1,"column":265},"end":{"line":1,"column":295}},"type":"binary-expr","locations":[{"start":{"line":1,"column":265},"end":{"line":1,"column":286}},{"start":{"line":1,"column":290},"end":{"line":1,"column":295}}],"line":1},"1":{"loc":{"start":{"line":1,"column":327},"end":{"line":1,"column":381}},"type":"if","locations":[{"start":{"line":1,"column":327},"end":{"line":1,"column":381}},{"start":{"line":1,"column":327},"end":{"line":1,"column":381}}],"line":1},"2":{"loc":{"start":{"line":1,"column":497},"end":{"line":1,"column":565}},"type":"if","locations":[{"start":{"line":1,"column":497},"end":{"line":1,"column":565}},{"start":{"line":1,"column":497},"end":{"line":1,"column":565}}],"line":1},"3":{"loc":{"start":{"line":1,"column":565},"end":{"line":1,"column":625}},"type":"if","locations":[{"start":{"line":1,"column":565},"end":{"line":1,"column":625}},{"start":{"line":1,"column":565},"end":{"line":1,"column":625}}],"line":1},"4":{"loc":{"start":{"line":10,"column":197},"end":{"line":10,"column":243}},"type":"cond-expr","locations":[{"start":{"line":10,"column":221},"end":{"line":10,"column":224}},{"start":{"line":10,"column":227},"end":{"line":10,"column":243}}],"line":10},"5":{"loc":{"start":{"line":10,"column":197},"end":{"line":10,"column":218}},"type":"binary-expr","locations":[{"start":{"line":10,"column":197},"end":{"line":10,"column":200}},{"start":{"line":10,"column":204},"end":{"line":10,"column":218}}],"line":10},"6":{"loc":{"start":{"line":10,"column":294},"end":{"line":10,"column":393}},"type":"if","locations":[{"start":{"line":10,"column":294},"end":{"line":10,"column":393}},{"start":{"line":10,"column":294},"end":{"line":10,"column":393}}],"line":10},"7":{"loc":{"start":{"line":10,"column":443},"end":{"line":10,"column":542}},"type":"if","locations":[{"start":{"line":10,"column":443},"end":{"line":10,"column":542}},{"start":{"line":10,"column":443},"end":{"line":10,"column":542}}],"line":10},"8":{"loc":{"start":{"line":10,"column":549},"end":{"line":10,"column":627}},"type":"cond-expr","locations":[{"start":{"line":10,"column":616},"end":{"line":10,"column":620}},{"start":{"line":10,"column":623},"end":{"line":10,"column":627}}],"line":10},"9":{"loc":{"start":{"line":10,"column":549},"end":{"line":10,"column":613}},"type":"binary-expr","locations":[{"start":{"line":10,"column":549},"end":{"line":10,"column":553}},{"start":{"line":10,"column":558},"end":{"line":10,"column":582}},{"start":{"line":10,"column":586},"end":{"line":10,"column":612}}],"line":10},"10":{"loc":{"start":{"line":10,"column":671},"end":{"line":10,"column":834}},"type":"if","locations":[{"start":{"line":10,"column":671},"end":{"line":10,"column":834}},{"start":{"line":10,"column":671},"end":{"line":10,"column":834}}],"line":10},"11":{"loc":{"start":{"line":10,"column":675},"end":{"line":10,"column":730}},"type":"binary-expr","locations":[{"start":{"line":10,"column":675},"end":{"line":10,"column":707}},{"start":{"line":10,"column":711},"end":{"line":10,"column":730}}],"line":10},"12":{"loc":{"start":{"line":10,"column":869},"end":{"line":10,"column":903}},"type":"binary-expr","locations":[{"start":{"line":10,"column":869},"end":{"line":10,"column":879}},{"start":{"line":10,"column":883},"end":{"line":10,"column":903}}],"line":10},"13":{"loc":{"start":{"line":10,"column":998},"end":{"line":10,"column":1116}},"type":"if","locations":[{"start":{"line":10,"column":998},"end":{"line":10,"column":1116}},{"start":{"line":10,"column":998},"end":{"line":10,"column":1116}}],"line":10},"14":{"loc":{"start":{"line":10,"column":1014},"end":{"line":10,"column":1115}},"type":"cond-expr","locations":[{"start":{"line":10,"column":1038},"end":{"line":10,"column":1081}},{"start":{"line":10,"column":1084},"end":{"line":10,"column":1115}}],"line":10}},"s":{"0":3,"1":3,"2":6,"3":9,"4":9,"5":9,"6":9,"7":9,"8":9,"9":3,"10":6,"11":6,"12":6,"13":0,"14":6,"15":18,"16":4,"17":0,"18":4,"19":0,"20":4,"21":3,"22":0,"23":3,"24":3,"25":3,"26":3},"f":{"0":3,"1":6,"2":6,"3":18,"4":4,"5":4,"6":3},"b":{"0":[9,9],"1":[9,0],"2":[6,0],"3":[0,6],"4":[15,3],"5":[18,18],"6":[0,4],"7":[0,4],"8":[0,4],"9":[4,0,0],"10":[0,3],"11":[3,0],"12":[3,3],"13":[3,0],"14":[3,0]},"_coverageSchema":"332fd63041d2c1bcb487cc26dd0d5f7d97098a6c","hash":"90cfc2cfcc0656efdbf0a9971946b7b635c9dd48"}
,"/Users/andeladeveloper/Documents/post-it-app/post-it-app/Client/components/MessageBoard.jsx": {"path":"/Users/andeladeveloper/Documents/post-it-app/post-it-app/Client/components/MessageBoard.jsx","statementMap":{"0":{"start":{"line":1,"column":39},"end":{"line":1,"column":101}},"1":{"start":{"line":1,"column":120},"end":{"line":1,"column":649}},"2":{"start":{"line":1,"column":175},"end":{"line":1,"column":440}},"3":{"start":{"line":1,"column":232},"end":{"line":1,"column":240}},"4":{"start":{"line":1,"column":241},"end":{"line":1,"column":296}},"5":{"start":{"line":1,"column":296},"end":{"line":1,"column":327}},"6":{"start":{"line":1,"column":327},"end":{"line":1,"column":381}},"7":{"start":{"line":1,"column":354},"end":{"line":1,"column":381}},"8":{"start":{"line":1,"column":381},"end":{"line":1,"column":439}},"9":{"start":{"line":1,"column":441},"end":{"line":1,"column":646}},"10":{"start":{"line":1,"column":497},"end":{"line":1,"column":565}},"11":{"start":{"line":1,"column":513},"end":{"line":1,"column":565}},"12":{"start":{"line":1,"column":565},"end":{"line":1,"column":625}},"13":{"start":{"line":1,"column":582},"end":{"line":1,"column":625}},"14":{"start":{"line":1,"column":625},"end":{"line":1,"column":644}},"15":{"start":{"line":13,"column":182},"end":{"line":13,"column":236}},"16":{"start":{"line":13,"column":286},"end":{"line":13,"column":385}},"17":{"start":{"line":13,"column":327},"end":{"line":13,"column":384}},"18":{"start":{"line":13,"column":435},"end":{"line":13,"column":534}},"19":{"start":{"line":13,"column":447},"end":{"line":13,"column":533}},"20":{"start":{"line":13,"column":534},"end":{"line":13,"column":620}},"21":{"start":{"line":13,"column":663},"end":{"line":13,"column":826}},"22":{"start":{"line":13,"column":725},"end":{"line":13,"column":825}},"23":{"start":{"line":13,"column":826},"end":{"line":13,"column":990}},"24":{"start":{"line":13,"column":990},"end":{"line":13,"column":1108}},"25":{"start":{"line":13,"column":1006},"end":{"line":13,"column":1108}},"26":{"start":{"line":20,"column":2},"end":{"line":31,"column":18}}},"fnMap":{"0":{"name":"(anonymous_0)","decl":{"start":{"line":1,"column":120},"end":{"line":1,"column":121}},"loc":{"start":{"line":1,"column":132},"end":{"line":1,"column":647}},"line":1},"1":{"name":"defineProperties","decl":{"start":{"line":1,"column":142},"end":{"line":1,"column":158}},"loc":{"start":{"line":1,"column":174},"end":{"line":1,"column":441}},"line":1},"2":{"name":"(anonymous_2)","decl":{"start":{"line":1,"column":448},"end":{"line":1,"column":449}},"loc":{"start":{"line":1,"column":496},"end":{"line":1,"column":645}},"line":1},"3":{"name":"_interopRequireDefault","decl":{"start":{"line":13,"column":153},"end":{"line":13,"column":175}},"loc":{"start":{"line":13,"column":181},"end":{"line":13,"column":237}},"line":13},"4":{"name":"_classCallCheck","decl":{"start":{"line":13,"column":246},"end":{"line":13,"column":261}},"loc":{"start":{"line":13,"column":285},"end":{"line":13,"column":386}},"line":13},"5":{"name":"_possibleConstructorReturn","decl":{"start":{"line":13,"column":395},"end":{"line":13,"column":421}},"loc":{"start":{"line":13,"column":434},"end":{"line":13,"column":621}},"line":13},"6":{"name":"_inherits","decl":{"start":{"line":13,"column":630},"end":{"line":13,"column":639}},"loc":{"start":{"line":13,"column":662},"end":{"line":13,"column":1109}},"line":13},"7":{"name":"getAppState","decl":{"start":{"line":19,"column":9},"end":{"line":19,"column":20}},"loc":{"start":{"line":19,"column":23},"end":{"line":33,"column":1}},"line":19}},"branchMap":{"0":{"loc":{"start":{"line":1,"column":265},"end":{"line":1,"column":295}},"type":"binary-expr","locations":[{"start":{"line":1,"column":265},"end":{"line":1,"column":286}},{"start":{"line":1,"column":290},"end":{"line":1,"column":295}}],"line":1},"1":{"loc":{"start":{"line":1,"column":327},"end":{"line":1,"column":381}},"type":"if","locations":[{"start":{"line":1,"column":327},"end":{"line":1,"column":381}},{"start":{"line":1,"column":327},"end":{"line":1,"column":381}}],"line":1},"2":{"loc":{"start":{"line":1,"column":497},"end":{"line":1,"column":565}},"type":"if","locations":[{"start":{"line":1,"column":497},"end":{"line":1,"column":565}},{"start":{"line":1,"column":497},"end":{"line":1,"column":565}}],"line":1},"3":{"loc":{"start":{"line":1,"column":565},"end":{"line":1,"column":625}},"type":"if","locations":[{"start":{"line":1,"column":565},"end":{"line":1,"column":625}},{"start":{"line":1,"column":565},"end":{"line":1,"column":625}}],"line":1},"4":{"loc":{"start":{"line":13,"column":189},"end":{"line":13,"column":235}},"type":"cond-expr","locations":[{"start":{"line":13,"column":213},"end":{"line":13,"column":216}},{"start":{"line":13,"column":219},"end":{"line":13,"column":235}}],"line":13},"5":{"loc":{"start":{"line":13,"column":189},"end":{"line":13,"column":210}},"type":"binary-expr","locations":[{"start":{"line":13,"column":189},"end":{"line":13,"column":192}},{"start":{"line":13,"column":196},"end":{"line":13,"column":210}}],"line":13},"6":{"loc":{"start":{"line":13,"column":286},"end":{"line":13,"column":385}},"type":"if","locations":[{"start":{"line":13,"column":286},"end":{"line":13,"column":385}},{"start":{"line":13,"column":286},"end":{"line":13,"column":385}}],"line":13},"7":{"loc":{"start":{"line":13,"column":435},"end":{"line":13,"column":534}},"type":"if","locations":[{"start":{"line":13,"column":435},"end":{"line":13,"column":534}},{"start":{"line":13,"column":435},"end":{"line":13,"column":534}}],"line":13},"8":{"loc":{"start":{"line":13,"column":541},"end":{"line":13,"column":619}},"type":"cond-expr","locations":[{"start":{"line":13,"column":608},"end":{"line":13,"column":612}},{"start":{"line":13,"column":615},"end":{"line":13,"column":619}}],"line":13},"9":{"loc":{"start":{"line":13,"column":541},"end":{"line":13,"column":605}},"type":"binary-expr","locations":[{"start":{"line":13,"column":541},"end":{"line":13,"column":545}},{"start":{"line":13,"column":550},"end":{"line":13,"column":574}},{"start":{"line":13,"column":578},"end":{"line":13,"column":604}}],"line":13},"10":{"loc":{"start":{"line":13,"column":663},"end":{"line":13,"column":826}},"type":"if","locations":[{"start":{"line":13,"column":663},"end":{"line":13,"column":826}},{"start":{"line":13,"column":663},"end":{"line":13,"column":826}}],"line":13},"11":{"loc":{"start":{"line":13,"column":667},"end":{"line":13,"column":722}},"type":"binary-expr","locations":[{"start":{"line":13,"column":667},"end":{"line":13,"column":699}},{"start":{"line":13,"column":703},"end":{"line":13,"column":722}}],"line":13},"12":{"loc":{"start":{"line":13,"column":861},"end":{"line":13,"column":895}},"type":"binary-expr","locations":[{"start":{"line":13,"column":861},"end":{"line":13,"column":871}},{"start":{"line":13,"column":875},"end":{"line":13,"column":895}}],"line":13},"13":{"loc":{"start":{"line":13,"column":990},"end":{"line":13,"column":1108}},"type":"if","locations":[{"start":{"line":13,"column":990},"end":{"line":13,"column":1108}},{"start":{"line":13,"column":990},"end":{"line":13,"column":1108}}],"line":13},"14":{"loc":{"start":{"line":13,"column":1006},"end":{"line":13,"column":1107}},"type":"cond-expr","locations":[{"start":{"line":13,"column":1030},"end":{"line":13,"column":1073}},{"start":{"line":13,"column":1076},"end":{"line":13,"column":1107}}],"line":13}},"s":{"0":1,"1":1,"2":2,"3":5,"4":5,"5":5,"6":5,"7":5,"8":5,"9":1,"10":2,"11":2,"12":2,"13":0,"14":2,"15":10,"16":2,"17":0,"18":2,"19":0,"20":2,"21":1,"22":0,"23":1,"24":1,"25":1,"26":2},"f":{"0":1,"1":2,"2":2,"3":10,"4":2,"5":2,"6":1,"7":2},"b":{"0":[5,5],"1":[5,0],"2":[2,0],"3":[0,2],"4":[9,1],"5":[10,10],"6":[0,2],"7":[0,2],"8":[0,2],"9":[2,0,0],"10":[0,1],"11":[1,0],"12":[1,1],"13":[1,0],"14":[1,0]},"_coverageSchema":"332fd63041d2c1bcb487cc26dd0d5f7d97098a6c","hash":"5c12a793200fd567f70e78690c7346713e61d250"}
,"/Users/andeladeveloper/Documents/post-it-app/post-it-app/Client/components/MessageForm.jsx": {"path":"/Users/andeladeveloper/Documents/post-it-app/post-it-app/Client/components/MessageForm.jsx","statementMap":{"0":{"start":{"line":1,"column":39},"end":{"line":1,"column":101}},"1":{"start":{"line":1,"column":120},"end":{"line":1,"column":649}},"2":{"start":{"line":1,"column":175},"end":{"line":1,"column":440}},"3":{"start":{"line":1,"column":232},"end":{"line":1,"column":240}},"4":{"start":{"line":1,"column":241},"end":{"line":1,"column":296}},"5":{"start":{"line":1,"column":296},"end":{"line":1,"column":327}},"6":{"start":{"line":1,"column":327},"end":{"line":1,"column":381}},"7":{"start":{"line":1,"column":354},"end":{"line":1,"column":381}},"8":{"start":{"line":1,"column":381},"end":{"line":1,"column":439}},"9":{"start":{"line":1,"column":441},"end":{"line":1,"column":646}},"10":{"start":{"line":1,"column":497},"end":{"line":1,"column":565}},"11":{"start":{"line":1,"column":513},"end":{"line":1,"column":565}},"12":{"start":{"line":1,"column":565},"end":{"line":1,"column":625}},"13":{"start":{"line":1,"column":582},"end":{"line":1,"column":625}},"14":{"start":{"line":1,"column":625},"end":{"line":1,"column":644}},"15":{"start":{"line":4,"column":170},"end":{"line":4,"column":224}},"16":{"start":{"line":4,"column":274},"end":{"line":4,"column":373}},"17":{"start":{"line":4,"column":315},"end":{"line":4,"column":372}},"18":{"start":{"line":4,"column":423},"end":{"line":4,"column":522}},"19":{"start":{"line":4,"column":435},"end":{"line":4,"column":521}},"20":{"start":{"line":4,"column":522},"end":{"line":4,"column":608}},"21":{"start":{"line":4,"column":651},"end":{"line":4,"column":814}},"22":{"start":{"line":4,"column":713},"end":{"line":4,"column":813}},"23":{"start":{"line":4,"column":814},"end":{"line":4,"column":978}},"24":{"start":{"line":4,"column":978},"end":{"line":4,"column":1096}},"25":{"start":{"line":4,"column":994},"end":{"line":4,"column":1096}},"26":{"start":{"line":11,"column":14},"end":{"line":110,"column":48}},"27":{"start":{"line":11,"column":37},"end":{"line":11,"column":72}},"28":{"start":{"line":11,"column":72},"end":{"line":76,"column":14}},"29":{"start":{"line":19,"column":6},"end":{"line":19,"column":29}},"30":{"start":{"line":20,"column":24},"end":{"line":20,"column":42}},"31":{"start":{"line":21,"column":21},"end":{"line":21,"column":40}},"32":{"start":{"line":22,"column":21},"end":{"line":22,"column":55}},"33":{"start":{"line":24,"column":6},"end":{"line":49,"column":7}},"34":{"start":{"line":26,"column":13},"end":{"line":49,"column":7}},"35":{"start":{"line":29,"column":8},"end":{"line":42,"column":9}},"36":{"start":{"line":30,"column":21},"end":{"line":30,"column":49}},"37":{"start":{"line":31,"column":30},"end":{"line":39,"column":59}},"38":{"start":{"line":44,"column":8},"end":{"line":46,"column":32}},"39":{"start":{"line":59,"column":6},"end":{"line":59,"column":53}},"40":{"start":{"line":69,"column":6},"end":{"line":69,"column":54}},"41":{"start":{"line":77,"column":130},"end":{"line":78,"column":11}},"42":{"start":{"line":90,"column":7},"end":{"line":110,"column":10}},"43":{"start":{"line":92,"column":6},"end":{"line":106,"column":210}},"44":{"start":{"line":110,"column":10},"end":{"line":110,"column":29}}},"fnMap":{"0":{"name":"(anonymous_0)","decl":{"start":{"line":1,"column":120},"end":{"line":1,"column":121}},"loc":{"start":{"line":1,"column":132},"end":{"line":1,"column":647}},"line":1},"1":{"name":"defineProperties","decl":{"start":{"line":1,"column":142},"end":{"line":1,"column":158}},"loc":{"start":{"line":1,"column":174},"end":{"line":1,"column":441}},"line":1},"2":{"name":"(anonymous_2)","decl":{"start":{"line":1,"column":448},"end":{"line":1,"column":449}},"loc":{"start":{"line":1,"column":496},"end":{"line":1,"column":645}},"line":1},"3":{"name":"_interopRequireDefault","decl":{"start":{"line":4,"column":141},"end":{"line":4,"column":163}},"loc":{"start":{"line":4,"column":169},"end":{"line":4,"column":225}},"line":4},"4":{"name":"_classCallCheck","decl":{"start":{"line":4,"column":234},"end":{"line":4,"column":249}},"loc":{"start":{"line":4,"column":273},"end":{"line":4,"column":374}},"line":4},"5":{"name":"_possibleConstructorReturn","decl":{"start":{"line":4,"column":383},"end":{"line":4,"column":409}},"loc":{"start":{"line":4,"column":422},"end":{"line":4,"column":609}},"line":4},"6":{"name":"_inherits","decl":{"start":{"line":4,"column":618},"end":{"line":4,"column":627}},"loc":{"start":{"line":4,"column":650},"end":{"line":4,"column":1097}},"line":4},"7":{"name":"(anonymous_7)","decl":{"start":{"line":11,"column":14},"end":{"line":11,"column":15}},"loc":{"start":{"line":11,"column":36},"end":{"line":110,"column":30}},"line":11},"8":{"name":"submit","decl":{"start":{"line":17,"column":135},"end":{"line":17,"column":141}},"loc":{"start":{"line":18,"column":11},"end":{"line":50,"column":5}},"line":18},"9":{"name":"handleMessageChange","decl":{"start":{"line":57,"column":59},"end":{"line":57,"column":78}},"loc":{"start":{"line":58,"column":11},"end":{"line":60,"column":5}},"line":58},"10":{"name":"handlePriorityChange","decl":{"start":{"line":67,"column":60},"end":{"line":67,"column":80}},"loc":{"start":{"line":68,"column":11},"end":{"line":70,"column":5}},"line":68},"11":{"name":"MessageForm","decl":{"start":{"line":77,"column":37},"end":{"line":77,"column":48}},"loc":{"start":{"line":77,"column":56},"end":{"line":84,"column":3}},"line":77},"12":{"name":"render","decl":{"start":{"line":90,"column":67},"end":{"line":90,"column":73}},"loc":{"start":{"line":91,"column":4},"end":{"line":110,"column":5}},"line":91}},"branchMap":{"0":{"loc":{"start":{"line":1,"column":265},"end":{"line":1,"column":295}},"type":"binary-expr","locations":[{"start":{"line":1,"column":265},"end":{"line":1,"column":286}},{"start":{"line":1,"column":290},"end":{"line":1,"column":295}}],"line":1},"1":{"loc":{"start":{"line":1,"column":327},"end":{"line":1,"column":381}},"type":"if","locations":[{"start":{"line":1,"column":327},"end":{"line":1,"column":381}},{"start":{"line":1,"column":327},"end":{"line":1,"column":381}}],"line":1},"2":{"loc":{"start":{"line":1,"column":497},"end":{"line":1,"column":565}},"type":"if","locations":[{"start":{"line":1,"column":497},"end":{"line":1,"column":565}},{"start":{"line":1,"column":497},"end":{"line":1,"column":565}}],"line":1},"3":{"loc":{"start":{"line":1,"column":565},"end":{"line":1,"column":625}},"type":"if","locations":[{"start":{"line":1,"column":565},"end":{"line":1,"column":625}},{"start":{"line":1,"column":565},"end":{"line":1,"column":625}}],"line":1},"4":{"loc":{"start":{"line":4,"column":177},"end":{"line":4,"column":223}},"type":"cond-expr","locations":[{"start":{"line":4,"column":201},"end":{"line":4,"column":204}},{"start":{"line":4,"column":207},"end":{"line":4,"column":223}}],"line":4},"5":{"loc":{"start":{"line":4,"column":177},"end":{"line":4,"column":198}},"type":"binary-expr","locations":[{"start":{"line":4,"column":177},"end":{"line":4,"column":180}},{"start":{"line":4,"column":184},"end":{"line":4,"column":198}}],"line":4},"6":{"loc":{"start":{"line":4,"column":274},"end":{"line":4,"column":373}},"type":"if","locations":[{"start":{"line":4,"column":274},"end":{"line":4,"column":373}},{"start":{"line":4,"column":274},"end":{"line":4,"column":373}}],"line":4},"7":{"loc":{"start":{"line":4,"column":423},"end":{"line":4,"column":522}},"type":"if","locations":[{"start":{"line":4,"column":423},"end":{"line":4,"column":522}},{"start":{"line":4,"column":423},"end":{"line":4,"column":522}}],"line":4},"8":{"loc":{"start":{"line":4,"column":529},"end":{"line":4,"column":607}},"type":"cond-expr","locations":[{"start":{"line":4,"column":596},"end":{"line":4,"column":600}},{"start":{"line":4,"column":603},"end":{"line":4,"column":607}}],"line":4},"9":{"loc":{"start":{"line":4,"column":529},"end":{"line":4,"column":593}},"type":"binary-expr","locations":[{"start":{"line":4,"column":529},"end":{"line":4,"column":533}},{"start":{"line":4,"column":538},"end":{"line":4,"column":562}},{"start":{"line":4,"column":566},"end":{"line":4,"column":592}}],"line":4},"10":{"loc":{"start":{"line":4,"column":651},"end":{"line":4,"column":814}},"type":"if","locations":[{"start":{"line":4,"column":651},"end":{"line":4,"column":814}},{"start":{"line":4,"column":651},"end":{"line":4,"column":814}}],"line":4},"11":{"loc":{"start":{"line":4,"column":655},"end":{"line":4,"column":710}},"type":"binary-expr","locations":[{"start":{"line":4,"column":655},"end":{"line":4,"column":687}},{"start":{"line":4,"column":691},"end":{"line":4,"column":710}}],"line":4},"12":{"loc":{"start":{"line":4,"column":849},"end":{"line":4,"column":883}},"type":"binary-expr","locations":[{"start":{"line":4,"column":849},"end":{"line":4,"column":859}},{"start":{"line":4,"column":863},"end":{"line":4,"column":883}}],"line":4},"13":{"loc":{"start":{"line":4,"column":978},"end":{"line":4,"column":1096}},"type":"if","locations":[{"start":{"line":4,"column":978},"end":{"line":4,"column":1096}},{"start":{"line":4,"column":978},"end":{"line":4,"column":1096}}],"line":4},"14":{"loc":{"start":{"line":4,"column":994},"end":{"line":4,"column":1095}},"type":"cond-expr","locations":[{"start":{"line":4,"column":1018},"end":{"line":4,"column":1061}},{"start":{"line":4,"column":1064},"end":{"line":4,"column":1095}}],"line":4},"15":{"loc":{"start":{"line":24,"column":6},"end":{"line":49,"column":7}},"type":"if","locations":[{"start":{"line":24,"column":6},"end":{"line":49,"column":7}},{"start":{"line":24,"column":6},"end":{"line":49,"column":7}}],"line":24},"16":{"loc":{"start":{"line":26,"column":13},"end":{"line":49,"column":7}},"type":"if","locations":[{"start":{"line":26,"column":13},"end":{"line":49,"column":7}},{"start":{"line":26,"column":13},"end":{"line":49,"column":7}}],"line":26},"17":{"loc":{"start":{"line":29,"column":8},"end":{"line":42,"column":9}},"type":"if","locations":[{"start":{"line":29,"column":8},"end":{"line":42,"column":9}},{"start":{"line":29,"column":8},"end":{"line":42,"column":9}}],"line":29},"18":{"loc":{"start":{"line":77,"column":164},"end":{"line":77,"column":223}},"type":"binary-expr","locations":[{"start":{"line":77,"column":164},"end":{"line":77,"column":185}},{"start":{"line":77,"column":189},"end":{"line":77,"column":223}}],"line":77}},"s":{"0":2,"1":2,"2":4,"3":8,"4":8,"5":8,"6":8,"7":8,"8":8,"9":2,"10":4,"11":4,"12":4,"13":0,"14":4,"15":4,"16":6,"17":0,"18":6,"19":0,"20":6,"21":2,"22":0,"23":2,"24":2,"25":2,"26":2,"27":2,"28":2,"29":1,"30":1,"31":1,"32":1,"33":1,"34":0,"35":0,"36":0,"37":0,"38":0,"39":1,"40":1,"41":6,"42":2,"43":8,"44":2},"f":{"0":2,"1":4,"2":4,"3":4,"4":6,"5":6,"6":2,"7":2,"8":1,"9":1,"10":1,"11":6,"12":8},"b":{"0":[8,8],"1":[8,0],"2":[4,0],"3":[0,4],"4":[0,4],"5":[4,4],"6":[0,6],"7":[0,6],"8":[0,6],"9":[6,0,0],"10":[0,2],"11":[2,0],"12":[2,2],"13":[2,0],"14":[2,0],"15":[1,0],"16":[0,0],"17":[0,0],"18":[6,0]},"_coverageSchema":"332fd63041d2c1bcb487cc26dd0d5f7d97098a6c","hash":"c12bb9ecea78ed31ea35696533d2fe1718da6710"}
,"/Users/andeladeveloper/Documents/post-it-app/post-it-app/Client/components/MessageList.jsx": {"path":"/Users/andeladeveloper/Documents/post-it-app/post-it-app/Client/components/MessageList.jsx","statementMap":{"0":{"start":{"line":1,"column":39},"end":{"line":1,"column":101}},"1":{"start":{"line":1,"column":120},"end":{"line":1,"column":649}},"2":{"start":{"line":1,"column":175},"end":{"line":1,"column":440}},"3":{"start":{"line":1,"column":232},"end":{"line":1,"column":240}},"4":{"start":{"line":1,"column":241},"end":{"line":1,"column":296}},"5":{"start":{"line":1,"column":296},"end":{"line":1,"column":327}},"6":{"start":{"line":1,"column":327},"end":{"line":1,"column":381}},"7":{"start":{"line":1,"column":354},"end":{"line":1,"column":381}},"8":{"start":{"line":1,"column":381},"end":{"line":1,"column":439}},"9":{"start":{"line":1,"column":441},"end":{"line":1,"column":646}},"10":{"start":{"line":1,"column":497},"end":{"line":1,"column":565}},"11":{"start":{"line":1,"column":513},"end":{"line":1,"column":565}},"12":{"start":{"line":1,"column":565},"end":{"line":1,"column":625}},"13":{"start":{"line":1,"column":582},"end":{"line":1,"column":625}},"14":{"start":{"line":1,"column":625},"end":{"line":1,"column":644}},"15":{"start":{"line":5,"column":176},"end":{"line":5,"column":230}},"16":{"start":{"line":5,"column":280},"end":{"line":5,"column":379}},"17":{"start":{"line":5,"column":321},"end":{"line":5,"column":378}},"18":{"start":{"line":5,"column":429},"end":{"line":5,"column":528}},"19":{"start":{"line":5,"column":441},"end":{"line":5,"column":527}},"20":{"start":{"line":5,"column":528},"end":{"line":5,"column":614}},"21":{"start":{"line":5,"column":657},"end":{"line":5,"column":820}},"22":{"start":{"line":5,"column":719},"end":{"line":5,"column":819}},"23":{"start":{"line":5,"column":820},"end":{"line":5,"column":984}},"24":{"start":{"line":5,"column":984},"end":{"line":5,"column":1102}},"25":{"start":{"line":5,"column":1000},"end":{"line":5,"column":1102}},"26":{"start":{"line":11,"column":14},"end":{"line":48,"column":48}},"27":{"start":{"line":11,"column":37},"end":{"line":11,"column":72}},"28":{"start":{"line":18,"column":130},"end":{"line":19,"column":11}},"29":{"start":{"line":28,"column":7},"end":{"line":48,"column":10}},"30":{"start":{"line":30,"column":23},"end":{"line":30,"column":25}},"31":{"start":{"line":31,"column":20},"end":{"line":31,"column":22}},"32":{"start":{"line":32,"column":6},"end":{"line":35,"column":7}},"33":{"start":{"line":33,"column":8},"end":{"line":33,"column":56}},"34":{"start":{"line":34,"column":8},"end":{"line":34,"column":51}},"35":{"start":{"line":36,"column":6},"end":{"line":45,"column":169}},"36":{"start":{"line":48,"column":10},"end":{"line":48,"column":29}}},"fnMap":{"0":{"name":"(anonymous_0)","decl":{"start":{"line":1,"column":120},"end":{"line":1,"column":121}},"loc":{"start":{"line":1,"column":132},"end":{"line":1,"column":647}},"line":1},"1":{"name":"defineProperties","decl":{"start":{"line":1,"column":142},"end":{"line":1,"column":158}},"loc":{"start":{"line":1,"column":174},"end":{"line":1,"column":441}},"line":1},"2":{"name":"(anonymous_2)","decl":{"start":{"line":1,"column":448},"end":{"line":1,"column":449}},"loc":{"start":{"line":1,"column":496},"end":{"line":1,"column":645}},"line":1},"3":{"name":"_interopRequireDefault","decl":{"start":{"line":5,"column":147},"end":{"line":5,"column":169}},"loc":{"start":{"line":5,"column":175},"end":{"line":5,"column":231}},"line":5},"4":{"name":"_classCallCheck","decl":{"start":{"line":5,"column":240},"end":{"line":5,"column":255}},"loc":{"start":{"line":5,"column":279},"end":{"line":5,"column":380}},"line":5},"5":{"name":"_possibleConstructorReturn","decl":{"start":{"line":5,"column":389},"end":{"line":5,"column":415}},"loc":{"start":{"line":5,"column":428},"end":{"line":5,"column":615}},"line":5},"6":{"name":"_inherits","decl":{"start":{"line":5,"column":624},"end":{"line":5,"column":633}},"loc":{"start":{"line":5,"column":656},"end":{"line":5,"column":1103}},"line":5},"7":{"name":"(anonymous_7)","decl":{"start":{"line":11,"column":14},"end":{"line":11,"column":15}},"loc":{"start":{"line":11,"column":36},"end":{"line":48,"column":30}},"line":11},"8":{"name":"MessageList","decl":{"start":{"line":18,"column":37},"end":{"line":18,"column":48}},"loc":{"start":{"line":18,"column":56},"end":{"line":21,"column":3}},"line":18},"9":{"name":"render","decl":{"start":{"line":28,"column":67},"end":{"line":28,"column":73}},"loc":{"start":{"line":29,"column":4},"end":{"line":48,"column":5}},"line":29},"10":{"name":"(anonymous_10)","decl":{"start":{"line":41,"column":36},"end":{"line":41,"column":37}},"loc":{"start":{"line":41,"column":84},"end":{"line":42,"column":66}},"line":41}},"branchMap":{"0":{"loc":{"start":{"line":1,"column":265},"end":{"line":1,"column":295}},"type":"binary-expr","locations":[{"start":{"line":1,"column":265},"end":{"line":1,"column":286}},{"start":{"line":1,"column":290},"end":{"line":1,"column":295}}],"line":1},"1":{"loc":{"start":{"line":1,"column":327},"end":{"line":1,"column":381}},"type":"if","locations":[{"start":{"line":1,"column":327},"end":{"line":1,"column":381}},{"start":{"line":1,"column":327},"end":{"line":1,"column":381}}],"line":1},"2":{"loc":{"start":{"line":1,"column":497},"end":{"line":1,"column":565}},"type":"if","locations":[{"start":{"line":1,"column":497},"end":{"line":1,"column":565}},{"start":{"line":1,"column":497},"end":{"line":1,"column":565}}],"line":1},"3":{"loc":{"start":{"line":1,"column":565},"end":{"line":1,"column":625}},"type":"if","locations":[{"start":{"line":1,"column":565},"end":{"line":1,"column":625}},{"start":{"line":1,"column":565},"end":{"line":1,"column":625}}],"line":1},"4":{"loc":{"start":{"line":5,"column":183},"end":{"line":5,"column":229}},"type":"cond-expr","locations":[{"start":{"line":5,"column":207},"end":{"line":5,"column":210}},{"start":{"line":5,"column":213},"end":{"line":5,"column":229}}],"line":5},"5":{"loc":{"start":{"line":5,"column":183},"end":{"line":5,"column":204}},"type":"binary-expr","locations":[{"start":{"line":5,"column":183},"end":{"line":5,"column":186}},{"start":{"line":5,"column":190},"end":{"line":5,"column":204}}],"line":5},"6":{"loc":{"start":{"line":5,"column":280},"end":{"line":5,"column":379}},"type":"if","locations":[{"start":{"line":5,"column":280},"end":{"line":5,"column":379}},{"start":{"line":5,"column":280},"end":{"line":5,"column":379}}],"line":5},"7":{"loc":{"start":{"line":5,"column":429},"end":{"line":5,"column":528}},"type":"if","locations":[{"start":{"line":5,"column":429},"end":{"line":5,"column":528}},{"start":{"line":5,"column":429},"end":{"line":5,"column":528}}],"line":5},"8":{"loc":{"start":{"line":5,"column":535},"end":{"line":5,"column":613}},"type":"cond-expr","locations":[{"start":{"line":5,"column":602
[...]
:{"line":3,"column":501},"end":{"line":3,"column":565}},"type":"binary-expr","locations":[{"start":{"line":3,"column":501},"end":{"line":3,"column":505}},{"start":{"line":3,"column":510},"end":{"line":3,"column":534}},{"start":{"line":3,"column":538},"end":{"line":3,"column":564}}],"line":3},"8":{"loc":{"start":{"line":3,"column":623},"end":{"line":3,"column":786}},"type":"if","locations":[{"start":{"line":3,"column":623},"end":{"line":3,"column":786}},{"start":{"line":3,"column":623},"end":{"line":3,"column":786}}],"line":3},"9":{"loc":{"start":{"line":3,"column":627},"end":{"line":3,"column":682}},"type":"binary-expr","locations":[{"start":{"line":3,"column":627},"end":{"line":3,"column":659}},{"start":{"line":3,"column":663},"end":{"line":3,"column":682}}],"line":3},"10":{"loc":{"start":{"line":3,"column":821},"end":{"line":3,"column":855}},"type":"binary-expr","locations":[{"start":{"line":3,"column":821},"end":{"line":3,"column":831}},{"start":{"line":3,"column":835},"end":{"line":3,"column":855}}],"line":3},"11":{"loc":{"start":{"line":3,"column":950},"end":{"line":3,"column":1068}},"type":"if","locations":[{"start":{"line":3,"column":950},"end":{"line":3,"column":1068}},{"start":{"line":3,"column":950},"end":{"line":3,"column":1068}}],"line":3},"12":{"loc":{"start":{"line":3,"column":966},"end":{"line":3,"column":1067}},"type":"cond-expr","locations":[{"start":{"line":3,"column":990},"end":{"line":3,"column":1033}},{"start":{"line":3,"column":1036},"end":{"line":3,"column":1067}}],"line":3},"13":{"loc":{"start":{"line":19,"column":6},"end":{"line":23,"column":7}},"type":"if","locations":[{"start":{"line":19,"column":6},"end":{"line":23,"column":7}},{"start":{"line":19,"column":6},"end":{"line":23,"column":7}}],"line":19},"14":{"loc":{"start":{"line":44,"column":168},"end":{"line":44,"column":231}},"type":"binary-expr","locations":[{"start":{"line":44,"column":168},"end":{"line":44,"column":191}},{"start":{"line":44,"column":195},"end":{"line":44,"column":231}}],"line":44}},"s":{"0":1,"1":1,"2":2,"3":3,"4":3,"5":3,"6":3,"7":3,"8":3,"9":1,"10":2,"11":2,"12":2,"13":0,"14":2,"15":4,"16":0,"17":4,"18":0,"19":4,"20":1,"21":0,"22":1,"23":1,"24":1,"25":1,"26":1,"27":1,"28":1,"29":1,"30":1,"31":4,"32":1,"33":5,"34":1},"f":{"0":1,"1":2,"2":2,"3":4,"4":4,"5":1,"6":1,"7":1,"8":1,"9":4,"10":5},"b":{"0":[3,3],"1":[3,0],"2":[2,0],"3":[0,2],"4":[0,4],"5":[0,4],"6":[0,4],"7":[4,0,0],"8":[0,1],"9":[1,0],"10":[1,1],"11":[1,0],"12":[1,0],"13":[1,0],"14":[4,0]},"_coverageSchema":"332fd63041d2c1bcb487cc26dd0d5f7d97098a6c","hash":"75d936f6151b31f50547436d09e20ae63fc96c7f"}
,"/Users/andeladeveloper/Documents/post-it-app/post-it-app/Client/constants/AppConstants.js": {"path":"/Users/andeladeveloper/Documents/post-it-app/post-it-app/Client/constants/AppConstants.js","statementMap":{"0":{"start":{"line":1,"column":39},"end":{"line":21,"column":77}}},"fnMap":{},"branchMap":{},"s":{"0":14},"f":{},"b":{},"_coverageSchema":"332fd63041d2c1bcb487cc26dd0d5f7d97098a6c","hash":"03f7b015cc050be224412a2bbf93e447533c77fa"}
,"/Users/andeladeveloper/Documents/post-it-app/post-it-app/Client/dispatcher/AppDispatcher.js": {"path":"/Users/andeladeveloper/Documents/post-it-app/post-it-app/Client/dispatcher/AppDispatcher.js","statementMap":{"0":{"start":{"line":1,"column":39},"end":{"line":1,"column":101}},"1":{"start":{"line":2,"column":195},"end":{"line":2,"column":249}},"2":{"start":{"line":4,"column":46},"end":{"line":11,"column":6}},"3":{"start":{"line":6,"column":18},"end":{"line":8,"column":22}},"4":{"start":{"line":10,"column":4},"end":{"line":10,"column":27}}},"fnMap":{"0":{"name":"_interopRequireDefault","decl":{"start":{"line":2,"column":166},"end":{"line":2,"column":188}},"loc":{"start":{"line":2,"column":194},"end":{"line":2,"column":250}},"line":2},"1":{"name":"handleViewAction","decl":{"start":{"line":5,"column":29},"end":{"line":5,"column":45}},"loc":{"start":{"line":5,"column":54},"end":{"line":11,"column":3}},"line":5}},"branchMap":{"0":{"loc":{"start":{"line":2,"column":202},"end":{"line":2,"column":248}},"type":"cond-expr","locations":[{"start":{"line":2,"column":226},"end":{"line":2,"column":229}},{"start":{"line":2,"column":232},"end":{"line":2,"column":248}}],"line":2},"1":{"loc":{"start":{"line":2,"column":202},"end":{"line":2,"column":223}},"type":"binary-expr","locations":[{"start":{"line":2,"column":202},"end":{"line":2,"column":205}},{"start":{"line":2,"column":209},"end":{"line":2,"column":223}}],"line":2}},"s":{"0":14,"1":14,"2":14,"3":5,"4":5},"f":{"0":14,"1":5},"b":{"0":[0,14],"1":[14,14]},"_coverageSchema":"332fd63041d2c1bcb487cc26dd0d5f7d97098a6c","hash":"053643362cb3548305388863f41137841336487b"}
,"/Users/andeladeveloper/Documents/post-it-app/post-it-app/Client/jest/styleMock.js": {"path":"/Users/andeladeveloper/Documents/post-it-app/post-it-app/Client/jest/styleMock.js","statementMap":{},"fnMap":{},"branchMap":{},"s":{},"f":{},"b":{},"_coverageSchema":"332fd63041d2c1bcb487cc26dd0d5f7d97098a6c","hash":"c11497575a238830c3ef1fb2cb7b296cd898b65f"}
,"/Users/andeladeveloper/Documents/post-it-app/post-it-app/Client/stores/AppStore.js": {"path":"/Users/andeladeveloper/Documents/post-it-app/post-it-app/Client/stores/AppStore.js","statementMap":{"0":{"start":{"line":1,"column":39},"end":{"line":1,"column":101}},"1":{"start":{"line":10,"column":207},"end":{"line":10,"column":261}},"2":{"start":{"line":12,"column":19},"end":{"line":12,"column":27}},"3":{"start":{"line":14,"column":19},"end":{"line":14,"column":21}},"4":{"start":{"line":15,"column":22},"end":{"line":15,"column":24}},"5":{"start":{"line":16,"column":17},"end":{"line":16,"column":19}},"6":{"start":{"line":17,"column":20},"end":{"line":17,"column":22}},"7":{"start":{"line":18,"column":23},"end":{"line":18,"column":25}},"8":{"start":{"line":19,"column":13},"end":{"line":19,"column":15}},"9":{"start":{"line":20,"column":14},"end":{"line":20,"column":16}},"10":{"start":{"line":21,"column":20},"end":{"line":21,"column":22}},"11":{"start":{"line":22,"column":22},"end":{"line":22,"column":27}},"12":{"start":{"line":23,"column":19},"end":{"line":23,"column":21}},"13":{"start":{"line":24,"column":21},"end":{"line":24,"column":23}},"14":{"start":{"line":27,"column":41},"end":{"line":143,"column":6}},"15":{"start":{"line":30,"column":4},"end":{"line":30,"column":30}},"16":{"start":{"line":34,"column":4},"end":{"line":34,"column":28}},"17":{"start":{"line":38,"column":4},"end":{"line":38,"column":32}},"18":{"start":{"line":42,"column":4},"end":{"line":42,"column":27}},"19":{"start":{"line":46,"column":4},"end":{"line":46,"column":28}},"20":{"start":{"line":50,"column":4},"end":{"line":50,"column":23}},"21":{"start":{"line":54,"column":4},"end":{"line":54,"column":28}},"22":{"start":{"line":58,"column":4},"end":{"line":58,"column":19}},"23":{"start":{"line":62,"column":4},"end":{"line":62,"column":22}},"24":{"start":{"line":66,"column":4},"end":{"line":66,"column":18}},"25":{"start":{"line":70,"column":4},"end":{"line":70,"column":25}},"26":{"start":{"line":74,"column":4},"end":{"line":74,"column":24}},"27":{"start":{"line":78,"column":4},"end":{"line":78,"column":26}},"28":{"start":{"line":82,"column":4},"end":{"line":82,"column":27}},"29":{"start":{"line":86,"column":4},"end":{"line":86,"column":22}},"30":{"start":{"line":90,"column":4},"end":{"line":90,"column":25}},"31":{"start":{"line":94,"column":4},"end":{"line":94,"column":28}},"32":{"start":{"line":98,"column":4},"end":{"line":98,"column":24}},"33":{"start":{"line":102,"column":4},"end":{"line":102,"column":27}},"34":{"start":{"line":106,"column":4},"end":{"line":106,"column":19}},"35":{"start":{"line":110,"column":4},"end":{"line":110,"column":24}},"36":{"start":{"line":114,"column":4},"end":{"line":114,"column":29}},"37":{"start":{"line":118,"column":4},"end":{"line":118,"column":33}},"38":{"start":{"line":122,"column":4},"end":{"line":122,"column":26}},"39":{"start":{"line":126,"column":4},"end":{"line":126,"column":25}},"40":{"start":{"line":130,"column":4},"end":{"line":130,"column":28}},"41":{"start":{"line":134,"column":4},"end":{"line":134,"column":28}},"42":{"start":{"line":138,"column":4},"end":{"line":138,"column":32}},"43":{"start":{"line":142,"column":4},"end":{"line":142,"column":44}}},"fnMap":{"0":{"name":"_interopRequireDefault","decl":{"start":{"line":10,"column":178},"end":{"line":10,"column":200}},"loc":{"start":{"line":10,"column":206},"end":{"line":10,"column":262}},"line":10},"1":{"name":"registerNewUser","decl":{"start":{"line":29,"column":28},"end":{"line":29,"column":43}},"loc":{"start":{"line":29,"column":50},"end":{"line":31,"column":3}},"line":29},"2":{"name":"addUserToGroup","decl":{"start":{"line":33,"column":27},"end":{"line":33,"column":41}},"loc":{"start":{"line":33,"column":48},"end":{"line":35,"column":3}},"line":33},"3":{"name":"postMessage","decl":{"start":{"line":37,"column":24},"end":{"line":37,"column":35}},"loc":{"start":{"line":37,"column":45},"end":{"line":39,"column":3}},"line":37},"4":{"name":"createNewGroup","decl":{"start":{"line":41,"column":27},"end":{"line":41,"column":41}},"loc":{"start":{"line":41,"column":49},"end":{"line":43,"column":3}},"line":41},"5":{"name":"signinUser","decl":{"start":{"line":45,"column":23},"end":{"line":45,"column":33}},"loc":{"start":{"line":45,"column":40},"end":{"line":47,"column":3}},"line":45},"6":{"name":"signOutUser","decl":{"start":{"line":49,"column":24},"end":{"line":49,"column":35}},"loc":{"start":{"line":49,"column":38},"end":{"line":51,"column":3}},"line":49},"7":{"name":"setIsAuthenticated","decl":{"start":{"line":53,"column":31},"end":{"line":53,"column":49}},"loc":{"start":{"line":53,"column":57},"end":{"line":55,"column":3}},"line":53},"8":{"name":"receiveErrors","decl":{"start":{"line":57,"column":26},"end":{"line":57,"column":39}},"loc":{"start":{"line":57,"column":47},"end":{"line":59,"column":3}},"line":57},"9":{"name":"receiveSuccess","decl":{"start":{"line":61,"column":27},"end":{"line":61,"column":41}},"loc":{"start":{"line":61,"column":51},"end":{"line":63,"column":3}},"line":61},"10":{"name":"getErrors","decl":{"start":{"line":65,"column":22},"end":{"line":65,"column":31}},"loc":{"start":{"line":65,"column":34},"end":{"line":67,"column":3}},"line":65},"11":{"name":"getSelectedGroup","decl":{"start":{"line":69,"column":29},"end":{"line":69,"column":45}},"loc":{"start":{"line":69,"column":48},"end":{"line":71,"column":3}},"line":69},"12":{"name":"getLoggedInUser","decl":{"start":{"line":73,"column":28},"end":{"line":73,"column":43}},"loc":{"start":{"line":73,"column":46},"end":{"line":75,"column":3}},"line":73},"13":{"name":"getRegisteredUser","decl":{"start":{"line":77,"column":30},"end":{"line":77,"column":47}},"loc":{"start":{"line":77,"column":50},"end":{"line":79,"column":3}},"line":77},"14":{"name":"getIsAuthenticated","decl":{"start":{"line":81,"column":31},"end":{"line":81,"column":49}},"loc":{"start":{"line":81,"column":52},"end":{"line":83,"column":3}},"line":81},"15":{"name":"getUserGroups","decl":{"start":{"line":85,"column":26},"end":{"line":85,"column":39}},"loc":{"start":{"line":85,"column":42},"end":{"line":87,"column":3}},"line":85},"16":{"name":"getGroupMessages","decl":{"start":{"line":89,"column":29},"end":{"line":89,"column":45}},"loc":{"start":{"line":89,"column":48},"end":{"line":91,"column":3}},"line":89},"17":{"name":"getUsersReadMessage","decl":{"start":{"line":93,"column":32},"end":{"line":93,"column":51}},"loc":{"start":{"line":93,"column":54},"end":{"line":95,"column":3}},"line":93},"18":{"name":"getUsersInGroup","decl":{"start":{"line":97,"column":28},"end":{"line":97,"column":43}},"loc":{"start":{"line":97,"column":46},"end":{"line":99,"column":3}},"line":97},"19":{"name":"getUsersNotInGroup","decl":{"start":{"line":101,"column":31},"end":{"line":101,"column":49}},"loc":{"start":{"line":101,"column":52},"end":{"line":103,"column":3}},"line":101},"20":{"name":"getSuccess","decl":{"start":{"line":105,"column":23},"end":{"line":105,"column":33}},"loc":{"start":{"line":105,"column":36},"end":{"line":107,"column":3}},"line":105},"21":{"name":"setUserGroups","decl":{"start":{"line":109,"column":26},"end":{"line":109,"column":39}},"loc":{"start":{"line":109,"column":48},"end":{"line":111,"column":3}},"line":109},"22":{"name":"setGroupMessages","decl":{"start":{"line":113,"column":29},"end":{"line":113,"column":45}},"loc":{"start":{"line":113,"column":56},"end":{"line":115,"column":3}},"line":113},"23":{"name":"setUserReadMessages","decl":{"start":{"line":117,"column":32},"end":{"line":117,"column":51}},"loc":{"start":{"line":117,"column":63},"end":{"line":119,"column":3}},"line":117},"24":{"name":"setSelectedGroup","decl":{"start":{"line":121,"column":29},"end":{"line":121,"column":45}},"loc":{"start":{"line":121,"column":53},"end":{"line":123,"column":3}},"line":121},"25":{"name":"setUsersInGroup","decl":{"start":{"line":125,"column":28},"end":{"line":125,"column":43}},"loc":{"start":{"line":125,"column":51},"end":{"line":127,"column":3}},"line":125},"26":{"name":"setUsersNotInGroup","decl":{"start":{"line":129,"column":31},"end":{"line":129,"column":49}},"loc":{"start":{"line":129,"column":57},"end":{"line":131,"column":3}},"line":129},"27":{"name":"emitChange","decl":{"start":{"line":133,"column":23},"end":{"line":133,"column":33}},"loc":{"start":{"line":133,"column":36},"end":{"line":135,"column":3}},"line":133},"28":{"name":"addChangeListener","decl":{"start":{"line":137,"column":30},"end":{"line":137,"column":47}},"loc":{"start":{"line":137,"column":58},"end":{"line":139,"column":3}},"line":137},"29":{"name":"removeChangeListener","decl":{"start":{"line":141,"column":33},"end":{"line":141,"column":53}},"loc":{"start":{"line":141,"column":64},"end":{"line":143,"column":3}},"line":141}},"branchMap":{"0":{"loc":{"start":{"line":10,"column":214},"end":{"line":10,"column":260}},"type":"cond-expr","locations":[{"start":{"line":10,"column":238},"end":{"line":10,"column":241}},{"start":{"line":10,"column":244},"end":{"line":10,"column":260}}],"line":10},"1":{"loc":{"start":{"line":10,"column":214},"end":{"line":10,"column":235}},"type":"binary-expr","locations":[{"start":{"line":10,"column":214},"end":{"line":10,"column":217}},{"start":{"line":10,"column":221},"end":{"line":10,"column":235}}],"line":10}},"s":{"0":2,"1":6,"2":2,"3":2,"4":2,"5":2,"6":2,"7":2,"8":2,"9":2,"10":2,"11":2,"12":2,"13":2,"14":2,"15":0,"16":0,"17":0,"18":0,"19":0,"20":0,"21":0,"22":0,"23":0,"24":2,"25":2,"26":2,"27":2,"28":0,"29":2,"30":2,"31":2,"32":0,"33":2,"34":2,"35":0,"36":0,"37":0,"38":0,"39":0,"40":0,"41":0,"42":0,"43":0},"f":{"0":6,"1":0,"2":0,"3":0,"4":0,"5":0,"6":0,"7":0,"8":0,"9":0,"10":2,"11":2,"12":2,"13":2,"14":0,"15":2,"16":2,"17":2,"18":0,"19":2,"20":2,"21":0,"22":0,"23":0,"24":0,"25":0,"26":0,"27":0,"28":0,"29":0},"b":{"0":[2,4],"1":[6,6]},"_coverageSchema":"332fd63041d2c1bcb487cc26dd0d5f7d97098a6c","hash":"12e99361d734bf7bf92524d579c555c5e8611e32"}
,"/Users/andeladeveloper/Documents/post-it-app/post-it-app/Client/utils/appAPI.js": {"path":"/Users/andeladeveloper/Documents/post-it-app/post-it-app/Client/utils/appAPI.js","statementMap":{"0":{"start":{"line":1,"column":39},"end":{"line":1,"column":101}},"1":{"start":{"line":1,"column":101},"end":{"line":1,"column":560}},"2":{"start":{"line":10,"column":48},"end":{"line":33,"column":1}},"3":{"start":{"line":35,"column":50},"end":{"line":47,"column":1}},"4":{"start":{"line":49,"column":43},"end":{"line":69,"column":1}},"5":{"start":{"line":71,"column":46},"end":{"line":81,"column":1}},"6":{"start":{"line":83,"column":53},"end":{"line":94,"column":1}},"7":{"start":{"line":96,"column":49},"end":{"line":114,"column":1}},"8":{"start":{"line":117,"column":44},"end":{"line":124,"column":1}},"9":{"start":{"line":126,"column":47},"end":{"line":140,"column":1}},"10":{"start":{"line":142,"column":47},"end":{"line":154,"column":1}},"11":{"start":{"line":156,"column":44},"end":{"line":172,"column":1}},"12":{"start":{"line":174,"column":50},"end":{"line":185,"column":1}},"13":{"start":{"line":187,"column":46},"end":{"line":196,"column":1}},"14":{"start":{"line":198,"column":49},"end":{"line":200,"column":1}},"15":{"start":{"line":202,"column":54},"end":{"line":211,"column":1}},"16":{"start":{"line":213,"column":52},"end":{"line":222,"column":1}},"17":{"start":{"line":224,"column":49},"end":{"line":233,"column":1}},"18":{"start":{"line":235,"column":52},"end":{"line":244,"column":1}}},"fnMap":{"0":{"name":"registerNewUser","decl":{"start":{"line":10,"column":83},"end":{"line":10,"column":98}},"loc":{"start":{"line":10,"column":105},"end":{"line":33,"column":1}},"line":10},"1":{"name":"updateUserProfile","decl":{"start":{"line":35,"column":87},"end":{"line":35,"column":104}},"loc":{"start":{"line":35,"column":111},"end":{"line":47,"column":1}},"line":35},"2":{"name":"signinUser","decl":{"start":{"line":49,"column":73},"end":{"line":49,"column":83}},"loc":{"start":{"line":49,"column":90},"end":{"line":69,"column":1}},"line":49},"3":{"name":"resetPassword","decl":{"start":{"line":71,"column":79},"end":{"line":71,"column":92}},"loc":{"start":{"line":71,"column":107},"end":{"line":81,"column":1}},"line":71},"4":{"name":"confirmResetPassword","decl":{"start":{"line":83,"column":93},"end":{"line":83,"column":113}},"loc":{"start":{"line":83,"column":127},"end":{"line":94,"column":1}},"line":83},"5":{"name":"signinGoogleUser","decl":{"start":{"line":96,"column":85},"end":{"line":96,"column":101}},"loc":{"start":{"line":96,"column":111},"end":{"line":114,"column":1}},"line":96},"6":{"name":"signoutUser","decl":{"start":{"line":117,"column":75},"end":{"line":117,"column":86}},"loc":{"start":{"line":117,"column":89},"end":{"line":124,"column":1}},"line":117},"7":{"name":"createNewGroup","decl":{"start":{"line":126,"column":81},"end":{"line":126,"column":95}},"loc":{"start":{"line":126,"column":103},"end":{"line":140,"column":1}},"line":126},"8":{"name":"addUserToGroup","decl":{"start":{"line":142,"column":81},"end":{"line":142,"column":95}},"loc":{"start":{"line":142,"column":102},"end":{"line":154,"column":1}},"line":142},"9":{"name":"postMessage","decl":{"start":{"line":156,"column":75},"end":{"line":156,"column":86}},"loc":{"start":{"line":156,"column":96},"end":{"line":172,"column":1}},"line":156},"10":{"name":"updateMessageFlag","decl":{"start":{"line":174,"column":87},"end":{"line":174,"column":104}},"loc":{"start":{"line":174,"column":119},"end":{"line":185,"column":1}},"line":174},"11":{"name":"getUserGroups","decl":{"start":{"line":187,"column":79},"end":{"line":187,"column":92}},"loc":{"start":{"line":187,"column":101},"end":{"line":196,"column":1}},"line":187},"12":{"name":"getGroupMessages","decl":{"start":{"line":198,"column":85},"end":{"line":198,"column":101}},"loc":{"start":{"line":198,"column":113},"end":{"line":200,"column":1}},"line":198},"13":{"name":"getQuickGroupMessages","decl":{"start":{"line":202,"column":95},"end":{"line":202,"column":116}},"loc":{"start":{"line":202,"column":128},"end":{"line":211,"column":1}},"line":202},"14":{"name":"getUsersReadMessage","decl":{"start":{"line":213,"column":91},"end":{"line":213,"column":110}},"loc":{"start":{"line":213,"column":117},"end":{"line":222,"column":1}},"line":213},"15":{"name":"getUsersInGroups","decl":{"start":{"line":224,"column":85},"end":{"line":224,"column":101}},"loc":{"start":{"line":224,"column":109},"end":{"line":233,"column":1}},"line":224},"16":{"name":"getUsersNotInGroups","decl":{"start":{"line":235,"column":91},"end":{"line":235,"column":110}},"loc":{"start":{"line":235,"column":118},"end":{"line":244,"column":1}},"line":235}},"branchMap":{},"s":{"0":5,"1":5,"2":5,"3":5,"4":5,"5":5,"6":5,"7":5,"8":5,"9":5,"10":5,"11":5,"12":5,"13":5,"14":5,"15":5,"16":5,"17":5,"18":5},"f":{"0":0,"1":0,"2":0,"3":0,"4":0,"5":0,"6":0,"7":0,"8":0,"9":0,"10":0,"11":0,"12":0,"13":0,"14":0,"15":0,"16":0},"b":{},"_coverageSchema":"332fd63041d2c1bcb487cc26dd0d5f7d97098a6c","hash":"9be286e1e0bb947c8604d900a35ef0cf2e15e788"}
}
