{"/Users/andeladeveloper/Documents/post-it-app/post-it-app/Client/actions/AppActions.js": {"path":"/Users/andeladeveloper/Documents/post-it-app/post-it-app/Client/actions/AppActions.js","statementMap":{"0":{"start":{"line":1,"column":39},"end":{"line":1,"column":101}},"1":{"start":{"line":1,"column":101},"end":{"line":1,"column":655}},"2":{"start":{"line":2,"column":207},"end":{"line":2,"column":261}},"3":{"start":{"line":5,"column":38},"end":{"line":11,"column":1}},"4":{"start":{"line":13,"column":45},"end":{"line":19,"column":1}},"5":{"start":{"line":21,"column":46},"end":{"line":27,"column":1}},"6":{"start":{"line":29,"column":50},"end":{"line":35,"column":1}},"7":{"start":{"line":38,"column":47},"end":{"line":44,"column":1}},"8":{"start":{"line":46,"column":44},"end":{"line":52,"column":1}},"9":{"start":{"line":54,"column":47},"end":{"line":61,"column":1}},"10":{"start":{"line":63,"column":43},"end":{"line":69,"column":1}},"11":{"start":{"line":71,"column":51},"end":{"line":77,"column":1}},"12":{"start":{"line":79,"column":44},"end":{"line":85,"column":1}},"13":{"start":{"line":87,"column":51},"end":{"line":93,"column":1}},"14":{"start":{"line":95,"column":58},"end":{"line":101,"column":1}},"15":{"start":{"line":103,"column":61},"end":{"line":109,"column":1}},"16":{"start":{"line":111,"column":53},"end":{"line":117,"column":1}},"17":{"start":{"line":119,"column":56},"end":{"line":125,"column":1}},"18":{"start":{"line":127,"column":50},"end":{"line":133,"column":1}},"19":{"start":{"line":135,"column":57},"end":{"line":141,"column":1}},"20":{"start":{"line":143,"column":46},"end":{"line":149,"column":1}},"21":{"start":{"line":151,"column":53},"end":{"line":157,"column":1}},"22":{"start":{"line":159,"column":44},"end":{"line":165,"column":1}}},"fnMap":{"0":{"name":"_interopRequireDefault","decl":{"start":{"line":2,"column":178},"end":{"line":2,"column":200}},"loc":{"start":{"line":2,"column":206},"end":{"line":2,"column":262}},"line":2},"1":{"name":"login","decl":{"start":{"line":5,"column":63},"end":{"line":5,"column":68}},"loc":{"start":{"line":5,"column":75},"end":{"line":11,"column":1}},"line":5},"2":{"name":"registerUser","decl":{"start":{"line":13,"column":77},"end":{"line":13,"column":89}},"loc":{"start":{"line":13,"column":96},"end":{"line":19,"column":1}},"line":13},"3":{"name":"receiveErrors","decl":{"start":{"line":21,"column":79},"end":{"line":21,"column":92}},"loc":{"start":{"line":21,"column":101},"end":{"line":27,"column":1}},"line":21},"4":{"name":"updateUserProfile","decl":{"start":{"line":29,"column":87},"end":{"line":29,"column":104}},"loc":{"start":{"line":29,"column":111},"end":{"line":35,"column":1}},"line":29},"5":{"name":"receiveSuccess","decl":{"start":{"line":38,"column":81},"end":{"line":38,"column":95}},"loc":{"start":{"line":38,"column":105},"end":{"line":44,"column":1}},"line":38},"6":{"name":"createGroup","decl":{"start":{"line":46,"column":75},"end":{"line":46,"column":86}},"loc":{"start":{"line":46,"column":94},"end":{"line":52,"column":1}},"line":46},"7":{"name":"addUserToGroup","decl":{"start":{"line":54,"column":81},"end":{"line":54,"column":95}},"loc":{"start":{"line":54,"column":102},"end":{"line":61,"column":1}},"line":54},"8":{"name":"addMessage","decl":{"start":{"line":63,"column":73},"end":{"line":63,"column":83}},"loc":{"start":{"line":63,"column":93},"end":{"line":69,"column":1}},"line":63},"9":{"name":"updateMessageFlags","decl":{"start":{"line":71,"column":89},"end":{"line":71,"column":107}},"loc":{"start":{"line":71,"column":122},"end":{"line":77,"column":1}},"line":71},"10":{"name":"signOutUser","decl":{"start":{"line":79,"column":75},"end":{"line":79,"column":86}},"loc":{"start":{"line":79,"column":93},"end":{"line":85,"column":1}},"line":79},"11":{"name":"registerGoogleUser","decl":{"start":{"line":87,"column":89},"end":{"line":87,"column":107}},"loc":{"start":{"line":87,"column":117},"end":{"line":93,"column":1}},"line":87},"12":{"name":"receiveUserInGroupResults","decl":{"start":{"line":95,"column":103},"end":{"line":95,"column":128}},"loc":{"start":{"line":95,"column":136},"end":{"line":101,"column":1}},"line":95},"13":{"name":"receiveUserNotInGroupResults","decl":{"start":{"line":103,"column":109},"end":{"line":103,"column":137}},"loc":{"start":{"line":103,"column":145},"end":{"line":109,"column":1}},"line":103},"14":{"name":"receiveGroupMessages","decl":{"start":{"line":111,"column":93},"end":{"line":111,"column":113}},"loc":{"start":{"line":111,"column":124},"end":{"line":117,"column":1}},"line":111},"15":{"name":"receiveUserReadMessages","decl":{"start":{"line":119,"column":99},"end":{"line":119,"column":122}},"loc":{"start":{"line":119,"column":134},"end":{"line":125,"column":1}},"line":119},"16":{"name":"receiveUserGroups","decl":{"start":{"line":127,"column":87},"end":{"line":127,"column":104}},"loc":{"start":{"line":127,"column":113},"end":{"line":133,"column":1}},"line":127},"17":{"name":"receiveAuthenticatedUser","decl":{"start":{"line":135,"column":101},"end":{"line":135,"column":125}},"loc":{"start":{"line":135,"column":132},"end":{"line":141,"column":1}},"line":135},"18":{"name":"resetPassword","decl":{"start":{"line":143,"column":79},"end":{"line":143,"column":92}},"loc":{"start":{"line":143,"column":107},"end":{"line":149,"column":1}},"line":143},"19":{"name":"confirmPasswordReset","decl":{"start":{"line":151,"column":93},"end":{"line":151,"column":113}},"loc":{"start":{"line":151,"column":127},"end":{"line":157,"column":1}},"line":151},"20":{"name":"selectGroup","decl":{"start":{"line":159,"column":75},"end":{"line":159,"column":86}},"loc":{"start":{"line":159,"column":102},"end":{"line":165,"column":1}},"line":159}},"branchMap":{"0":{"loc":{"start":{"line":2,"column":214},"end":{"line":2,"column":260}},"type":"cond-expr","locations":[{"start":{"line":2,"column":238},"end":{"line":2,"column":241}},{"start":{"line":2,"column":244},"end":{"line":2,"column":260}}],"line":2},"1":{"loc":{"start":{"line":2,"column":214},"end":{"line":2,"column":235}},"type":"binary-expr","locations":[{"start":{"line":2,"column":214},"end":{"line":2,"column":217}},{"start":{"line":2,"column":221},"end":{"line":2,"column":235}}],"line":2}},"s":{"0":2,"1":2,"2":4,"3":2,"4":2,"5":2,"6":2,"7":2,"8":2,"9":2,"10":2,"11":2,"12":2,"13":2,"14":2,"15":2,"16":2,"17":2,"18":2,"19":2,"20":2,"21":2,"22":2},"f":{"0":4,"1":0,"2":0,"3":0,"4":0,"5":0,"6":0,"7":0,"8":0,"9":0,"10":0,"11":0,"12":0,"13":0,"14":0,"15":0,"16":0,"17":0,"18":0,"19":0,"20":0},"b":{"0":[2,2],"1":[4,4]},"_coverageSchema":"332fd63041d2c1bcb487cc26dd0d5f7d97098a6c","hash":"f5c29cbe65dd212c532c287e1ecb8261672582a2"}
,"/Users/andeladeveloper/Documents/post-it-app/post-it-app/Client/components/Group.jsx": {"path":"/Users/andeladeveloper/Documents/post-it-app/post-it-app/Client/components/Group.jsx","statementMap":{"0":{"start":{"line":1,"column":39},"end":{"line":1,"column":101}},"1":{"start":{"line":1,"column":120},"end":{"line":1,"column":649}},"2":{"start":{"line":1,"column":175},"end":{"line":1,"column":440}},"3":{"start":{"line":1,"column":232},"end":{"line":1,"column":240}},"4":{"start":{"line":1,"column":241},"end":{"line":1,"column":296}},"5":{"start":{"line":1,"column":296},"end":{"line":1,"column":327}},"6":{"start":{"line":1,"column":327},"end":{"line":1,"column":381}},"7":{"start":{"line":1,"column":354},"end":{"line":1,"column":381}},"8":{"start":{"line":1,"column":381},"end":{"line":1,"column":439}},"9":{"start":{"line":1,"column":441},"end":{"line":1,"column":646}},"10":{"start":{"line":1,"column":497},"end":{"line":1,"column":565}},"11":{"start":{"line":1,"column":513},"end":{"line":1,"column":565}},"12":{"start":{"line":1,"column":565},"end":{"line":1,"column":625}},"13":{"start":{"line":1,"column":582},"end":{"line":1,"column":625}},"14":{"start":{"line":1,"column":625},"end":{"line":1,"column":644}},"15":{"start":{"line":8,"column":251},"end":{"line":8,"column":350}},"16":{"start":{"line":8,"column":292},"end":{"line":8,"column":349}},"17":{"start":{"line":8,"column":400},"end":{"line":8,"column":499}},"18":{"start":{"line":8,"column":412},"end":{"line":8,"column":498}},"19":{"start":{"line":8,"column":499},"end":{"line":8,"column":585}},"20":{"start":{"line":8,"column":628},"end":{"line":8,"column":791}},"21":{"start":{"line":8,"column":690},"end":{"line":8,"column":790}},"22":{"start":{"line":8,"column":791},"end":{"line":8,"column":955}},"23":{"start":{"line":8,"column":955},"end":{"line":8,"column":1073}},"24":{"start":{"line":8,"column":971},"end":{"line":8,"column":1073}},"25":{"start":{"line":14,"column":8},"end":{"line":57,"column":42}},"26":{"start":{"line":14,"column":31},"end":{"line":14,"column":60}},"27":{"start":{"line":14,"column":60},"end":{"line":35,"column":14}},"28":{"start":{"line":20,"column":17},"end":{"line":20,"column":45}},"29":{"start":{"line":22,"column":22},"end":{"line":24,"column":37}},"30":{"start":{"line":36,"column":118},"end":{"line":37,"column":11}},"31":{"start":{"line":44,"column":6},"end":{"line":57,"column":10}},"32":{"start":{"line":46,"column":17},"end":{"line":46,"column":19}},"33":{"start":{"line":47,"column":6},"end":{"line":49,"column":7}},"34":{"start":{"line":48,"column":8},"end":{"line":48,"column":226}},"35":{"start":{"line":50,"column":6},"end":{"line":53,"column":205}},"36":{"start":{"line":57,"column":10},"end":{"line":57,"column":23}}},"fnMap":{"0":{"name":"(anonymous_0)","decl":{"start":{"line":1,"column":120},"end":{"line":1,"column":121}},"loc":{"start":{"line":1,"column":132},"end":{"line":1,"column":647}},"line":1},"1":{"name":"defineProperties","decl":{"start":{"line":1,"column":142},"end":{"line":1,"column":158}},"loc":{"start":{"line":1,"column":174},"end":{"line":1,"column":441}},"line":1},"2":{"name":"(anonymous_2)","decl":{"start":{"line":1,"column":448},"end":{"line":1,"column":449}},"loc":{"start":{"line":1,"column":496},"end":{"line":1,"column":645}},"line":1},"3":{"name":"_classCallCheck","decl":{"start":{"line":8,"column":211},"end":{"line":8,"column":226}},"loc":{"start":{"line":8,"column":250},"end":{"line":8,"column":351}},"line":8},"4":{"name":"_possibleConstructorReturn","decl":{"start":{"line":8,"column":360},"end":{"line":8,"column":386}},"loc":{"start":{"line":8,"column":399},"end":{"line":8,"column":586}},"line":8},"5":{"name":"_inherits","decl":{"start":{"line":8,"column":595},"end":{"line":8,"column":604}},"loc":{"start":{"line":8,"column":627},"end":{"line":8,"column":1074}},"line":8},"6":{"name":"(anonymous_6)","decl":{"start":{"line":14,"column":8},"end":{"line":14,"column":9}},"loc":{"start":{"line":14,"column":30},"end":{"line":57,"column":24}},"line":14},"7":{"name":"groupClicked","decl":{"start":{"line":18,"column":122},"end":{"line":18,"column":134}},"loc":{"start":{"line":19,"column":4},"end":{"line":31,"column":5}},"line":19},"8":{"name":"Group","decl":{"start":{"line":36,"column":37},"end":{"line":36,"column":42}},"loc":{"start":{"line":36,"column":50},"end":{"line":40,"column":3}},"line":36},"9":{"name":"render","decl":{"start":{"line":44,"column":60},"end":{"line":44,"column":66}},"loc":{"start":{"line":45,"column":4},"end":{"line":57,"column":5}},"line":45}},"branchMap":{"0":{"loc":{"start":{"line":1,"column":265},"end":{"line":1,"column":295}},"type":"binary-expr","locations":[{"start":{"line":1,"column":265},"end":{"line":1,"column":286}},{"start":{"line":1,"column":290},"end":{"line":1,"column":295}}],"line":1},"1":{"loc":{"start":{"line":1,"column":327},"end":{"line":1,"column":381}},"type":"if","locations":[{"start":{"line":1,"column":327},"end":{"line":1,"column":381}},{"start":{"line":1,"column":327},"end":{"line":1,"column":381}}],"line":1},"2":{"loc":{"start":{"line":1,"column":497},"end":{"line":1,"column":565}},"type":"if","locations":[{"start":{"line":1,"column":497},"end":{"line":1,"column":565}},{"start":{"line":1,"column":497},"end":{"line":1,"column":565}}],"line":1},"3":{"loc":{"start":{"line":1,"column":565},"end":{"line":1,"column":625}},"type":"if","locations":[{"start":{"line":1,"column":565},"end":{"line":1,"column":625}},{"start":{"line":1,"column":565},"end":{"line":1,"column":625}}],"line":1},"4":{"loc":{"start":{"line":8,"column":251},"end":{"line":8,"column":350}},"type":"if","locations":[{"start":{"line":8,"column":251},"end":{"line":8,"column":350}},{"start":{"line":8,"column":251},"end":{"line":8,"column":350}}],"line":8},"5":{"loc":{"start":{"line":8,"column":400},"end":{"line":8,"column":499}},"type":"if","locations":[{"start":{"line":8,"column":400},"end":{"line":8,"column":499}},{"start":{"line":8,"column":400},"end":{"line":8,"column":499}}],"line":8},"6":{"loc":{"start":{"line":8,"column":506},"end":{"line":8,"column":584}},"type":"cond-expr","locations":[{"start":{"line":8,"column":573},"end":{"line":8,"column":577}},{"start":{"line":8,"column":580},"end":{"line":8,"column":584}}],"line":8},"7":{"loc":{"start":{"line":8,"column":506},"end":{"line":8,"column":570}},"type":"binary-expr","locations":[{"start":{"line":8,"column":506},"end":{"line":8,"column":510}},{"start":{"line":8,"column":515},"end":{"line":8,"column":539}},{"start":{"line":8,"column":543},"end":{"line":8,"column":569}}],"line":8},"8":{"loc":{"start":{"line":8,"column":628},"end":{"line":8,"column":791}},"type":"if","locations":[{"start":{"line":8,"column":628},"end":{"line":8,"column":791}},{"start":{"line":8,"column":628},"end":{"line":8,"column":791}}],"line":8},"9":{"loc":{"start":{"line":8,"column":632},"end":{"line":8,"column":687}},"type":"binary-expr","locations":[{"start":{"line":8,"column":632},"end":{"line":8,"column":664}},{"start":{"line":8,"column":668},"end":{"line":8,"column":687}}],"line":8},"10":{"loc":{"start":{"line":8,"column":826},"end":{"line":8,"column":860}},"type":"binary-expr","locations":[{"start":{"line":8,"column":826},"end":{"line":8,"column":836}},{"start":{"line":8,"column":840},"end":{"line":8,"column":860}}],"line":8},"11":{"loc":{"start":{"line":8,"column":955},"end":{"line":8,"column":1073}},"type":"if","locations":[{"start":{"line":8,"column":955},"end":{"line":8,"column":1073}},{"start":{"line":8,"column":955},"end":{"line":8,"column":1073}}],"line":8},"12":{"loc":{"start":{"line":8,"column":971},"end":{"line":8,"column":1072}},"type":"cond-expr","locations":[{"start":{"line":8,"column":995},"end":{"line":8,"column":1038}},{"start":{"line":8,"column":1041},"end":{"line":8,"column":1072}}],"line":8},"13":{"loc":{"start":{"line":36,"column":152},"end":{"line":36,"column":199}},"type":"binary-expr","locations":[{"start":{"line":36,"column":152},"end":{"line":36,"column":167}},{"start":{"line":36,"column":171},"end":{"line":36,"column":199}}],"line":36},"14":{"loc":{"start":{"line":47,"column":6},"end":{"line":49,"column":7}},"type":"if","locations":[{"start":{"line":47,"column":6},"end":{"line":49,"column":7}},{"start":{"line":47,"column":6},"end":{"line":49,"column":7}}],"line":47}},"s":{"0":1,"1":1,"2":2,"3":2,"4":2,"5":2,"6":2,"7":2,"8":2,"9":1,"10":2,"11":2,"12":2,"13":0,"14":2,"15":4,"16":0,"17":4,"18":0,"19":4,"20":1,"21":0,"22":1,"23":1,"24":1,"25":1,"26":1,"27":1,"28":0,"29":0,"30":4,"31":1,"32":4,"33":4,"34":0,"35":4,"36":1},"f":{"0":1,"1":2,"2":2,"3":4,"4":4,"5":1,"6":1,"7":0,"8":4,"9":4},"b":{"0":[2,2],"1":[2,0],"2":[2,0],"3":[0,2],"4":[0,4],"5":[0,4],"6":[0,4],"7":[4,0,0],"8":[0,1],"9":[1,0],"10":[1,1],"11":[1,0],"12":[1,0],"13":[4,0],"14":[0,4]},"_coverageSchema":"332fd63041d2c1bcb487cc26dd0d5f7d97098a6c","hash":"cb9891a0d64a660147a20c36d7a0e9308814793d"}
,"/Users/andeladeveloper/Documents/post-it-app/post-it-app/Client/components/GroupForm.jsx": {"path":"/Users/andeladeveloper/Documents/post-it-app/post-it-app/Client/components/GroupForm.jsx","statementMap":{"0":{"start":{"line":1,"column":39},"end":{"line":1,"column":101}},"1":{"start":{"line":1,"column":120},"end":{"line":1,"column":649}},"2":{"start":{"line":1,"column":175},"end":{"line":1,"column":440}},"3":{"start":{"line":1,"column":232},"end":{"line":1,"column":240}},"4":{"start":{"line":1,"column":241},"end":{"line":1,"column":296}},"5":{"start":{"line":1,"column":296},"end":{"line":1,"column":327}},"6":{"start":{"line":1,"column":327},"end":{"line":1,"column":381}},"7":{"start":{"line":1,"column":354},"end":{"line":1,"column":381}},"8":{"start":{"line":1,"column":381},"end":{"line":1,"column":439}},"9":{"start":{"line":1,"column":441},"end":{"line":1,"column":646}},"10":{"start":{"line":1,"column":497},"end":{"line":1,"column":565}},"11":{"start":{"line":1,"column":513},"end":{"line":1,"column":565}},"12":{"start":{"line":1,"column":565},"end":{"line":1,"column":625}},"13":{"start":{"line":1,"column":582},"end":{"line":1,"column":625}},"14":{"start":{"line":1,"column":625},"end":{"line":1,"column":644}},"15":{"start":{"line":4,"column":246},"end":{"line":4,"column":345}},"16":{"start":{"line":4,"column":287},"end":{"line":4,"column":344}},"17":{"start":{"line":4,"column":395},"end":{"line":4,"column":494}},"18":{"start":{"line":4,"column":407},"end":{"line":4,"column":493}},"19":{"start":{"line":4,"column":494},"end":{"line":4,"column":580}},"20":{"start":{"line":4,"column":623},"end":{"line":4,"column":786}},"21":{"start":{"line":4,"column":685},"end":{"line":4,"column":785}},"22":{"start":{"line":4,"column":786},"end":{"line":4,"column":950}},"23":{"start":{"line":4,"column":950},"end":{"line":4,"column":1068}},"24":{"start":{"line":4,"column":966},"end":{"line":4,"column":1068}},"25":{"start":{"line":12,"column":12},"end":{"line":91,"column":46}},"26":{"start":{"line":12,"column":35},"end":{"line":12,"column":68}},"27":{"start":{"line":12,"column":68},"end":{"line":65,"column":14}},"28":{"start":{"line":22,"column":6},"end":{"line":22,"column":29}},"29":{"start":{"line":24,"column":22},"end":{"line":24,"column":49}},"30":{"start":{"line":25,"column":24},"end":{"line":25,"column":58}},"31":{"start":{"line":27,"column":17},"end":{"line":27,"column":45}},"32":{"start":{"line":29,"column":6},"end":{"line":43,"column":7}},"33":{"start":{"line":30,"column":20},"end":{"line":36,"column":48}},"34":{"start":{"line":39,"column":8},"end":{"line":40,"column":27}},"35":{"start":{"line":56,"column":6},"end":{"line":56,"column":55}},"36":{"start":{"line":66,"column":126},"end":{"line":67,"column":11}},"37":{"start":{"line":77,"column":7},"end":{"line":91,"column":10}},"38":{"start":{"line":79,"column":6},"end":{"line":87,"column":154}},"39":{"start":{"line":91,"column":10},"end":{"line":91,"column":27}}},"fnMap":{"0":{"name":"(anonymous_0)","decl":{"start":{"line":1,"column":120},"end":{"line":1,"column":121}},"loc":{"start":{"line":1,"column":132},"end":{"line":1,"column":647}},"line":1},"1":{"name":"defineProperties","decl":{"start":{"line":1,"column":142},"end":{"line":1,"column":158}},"loc":{"start":{"line":1,"column":174},"end":{"line":1,"column":441}},"line":1},"2":{"name":"(anonymous_2)","decl":{"start":{"line":1,"column":448},"end":{"line":1,"column":449}},"loc":{"start":{"line":1,"column":496},"end":{"line":1,"column":645}},"line":1},"3":{"name":"_classCallCheck","decl":{"start":{"line":4,"column":206},"end":{"line":4,"column":221}},"loc":{"start":{"line":4,"column":245},"end":{"line":4,"column":346}},"line":4},"4":{"name":"_possibleConstructorReturn","decl":{"start":{"line":4,"column":355},"end":{"line":4,"column":381}},"loc":{"start":{"line":4,"column":394},"end":{"line":4,"column":581}},"line":4},"5":{"name":"_inherits","decl":{"start":{"line":4,"column":590},"end":{"line":4,"column":599}},"loc":{"start":{"line":4,"column":622},"end":{"line":4,"column":1069}},"line":4},"6":{"name":"(anonymous_6)","decl":{"start":{"line":12,"column":12},"end":{"line":12,"column":13}},"loc":{"start":{"line":12,"column":34},"end":{"line":91,"column":28}},"line":12},"7":{"name":"submit","decl":{"start":{"line":20,"column":128},"end":{"line":20,"column":134}},"loc":{"start":{"line":21,"column":11},"end":{"line":44,"column":5}},"line":21},"8":{"name":"handleGroupNameChange","decl":{"start":{"line":54,"column":61},"end":{"line":54,"column":82}},"loc":{"start":{"line":55,"column":11},"end":{"line":57,"column":5}},"line":55},"9":{"name":"GroupForm","decl":{"start":{"line":66,"column":37},"end":{"line":66,"column":46}},"loc":{"start":{"line":66,"column":54},"end":{"line":72,"column":3}},"line":66},"10":{"name":"render","decl":{"start":{"line":77,"column":65},"end":{"line":77,"column":71}},"loc":{"start":{"line":78,"column":4},"end":{"line":91,"column":5}},"line":78}},"branchMap":{"0":{"loc":{"start":{"line":1,"column":265},"end":{"line":1,"column":295}},"type":"binary-expr","locations":[{"start":{"line":1,"column":265},"end":{"line":1,"column":286}},{"start":{"line":1,"column":290},"end":{"line":1,"column":295}}],"line":1},"1":{"loc":{"start":{"line":1,"column":327},"end":{"line":1,"column":381}},"type":"if","locations":[{"start":{"line":1,"column":327},"end":{"line":1,"column":381}},{"start":{"line":1,"column":327},"end":{"line":1,"column":381}}],"line":1},"2":{"loc":{"start":{"line":1,"column":497},"end":{"line":1,"column":565}},"type":"if","locations":[{"start":{"line":1,"column":497},"end":{"line":1,"column":565}},{"start":{"line":1,"column":497},"end":{"line":1,"column":565}}],"line":1},"3":{"loc":{"start":{"line":1,"column":565},"end":{"line":1,"column":625}},"type":"if","locations":[{"start":{"line":1,"column":565},"end":{"line":1,"column":625}},{"start":{"line":1,"column":565},"end":{"line":1,"column":625}}],"line":1},"4":{"loc":{"start":{"line":4,"column":246},"end":{"line":4,"column":345}},"type":"if","locations":[{"start":{"line":4,"column":246},"end":{"line":4,"column":345}},{"start":{"line":4,"column":246},"end":{"line":4,"column":345}}],"line":4},"5":{"loc":{"start":{"line":4,"column":395},"end":{"line":4,"column":494}},"type":"if","locations":[{"start":{"line":4,"column":395},"end":{"line":4,"column":494}},{"start":{"line":4,"column":395},"end":{"line":4,"column":494}}],"line":4},"6":{"loc":{"start":{"line":4,"column":501},"end":{"line":4,"column":579}},"type":"cond-expr","locations":[{"start":{"line":4,"column":568},"end":{"line":4,"column":572}},{"start":{"line":4,"column":575},"end":{"line":4,"column":579}}],"line":4},"7":{"loc":{"start":{"line":4,"column":501},"end":{"line":4,"column":565}},"type":"binary-expr","locations":[{"start":{"line":4,"column":501},"end":{"line":4,"column":505}},{"start":{"line":4,"column":510},"end":{"line":4,"column":534}},{"start":{"line":4,"column":538},"end":{"line":4,"column":564}}],"line":4},"8":{"loc":{"start":{"line":4,"column":623},"end":{"line":4,"column":786}},"type":"if","locations":[{"start":{"line":4,"column":623},"end":{"line":4,"column":786}},{"start":{"line":4,"column":623},"end":{"line":4,"column":786}}],"line":4},"9":{"loc":{"start":{"line":4,"column":627},"end":{"line":4,"column":682}},"type":"binary-expr","locations":[{"start":{"line":4,"column":627},"end":{"line":4,"column":659}},{"start":{"line":4,"column":663},"end":{"line":4,"column":682}}],"line":4},"10":{"loc":{"start":{"line":4,"column":821},"end":{"line":4,"column":855}},"type":"binary-expr","locations":[{"start":{"line":4,"column":821},"end":{"line":4,"column":831}},{"start":{"line":4,"column":835},"end":{"line":4,"column":855}}],"line":4},"11":{"loc":{"start":{"line":4,"column":950},"end":{"line":4,"column":1068}},"type":"if","locations":[{"start":{"line":4,"column":950},"end":{"line":4,"column":1068}},{"start":{"line":4,"column":950},"end":{"line":4,"column":1068}}],"line":4},"12":{"loc":{"start":{"line":4,"column":966},"end":{"line":4,"column":1067}},"type":"cond-expr","locations":[{"start":{"line":4,"column":990},"end":{"line":4,"column":1033}},{"start":{"line":4,"column":1036},"end":{"line":4,"column":1067}}],"line":4},"13":{"loc":{"start":{"line":29,"column":6},"end":{"line":43,"column":7}},"type":"if","locations":[{"start":{"line":29,"column":6},"end":{"line":43,"column":7}},{"start":{"line":29,"column":6},"end":{"line":43,"column":7}}],"line":29},"14":{"loc":{"start":{"line":66,"column":160},"end":{"line":66,"column":215}},"type":"binary-expr","locations":[{"start":{"line":66,"column":160},"end":{"line":66,"column":179}},{"start":{"line":66,"column":183},"end":{"line":66,"column":215}}],"line":66}},"s":{"0":1,"1":1,"2":2,"3":3,"4":3,"5":3,"6":3,"7":3,"8":3,"9":1,"10":2,"11":2,"12":2,"13":0,"14":2,"15":4,"16":0,"17":4,"18":0,"19":4,"20":1,"21":0,"22":1,"23":1,"24":1,"25":1,"26":1,"27":1,"28":0,"29":0,"30":0,"31":0,"32":0,"33":0,"34":0,"35":1,"36":4,"37":1,"38":5,"39":1},"f":{"0":1,"1":2,"2":2,"3":4,"4":4,"5":1,"6":1,"7":0,"8":1,"9":4,"10":5},"b":{"0":[3,3],"1":[3,0],"2":[2,0],"3":[0,2],"4":[0,4],"5":[0,4],"6":[0,4],"7":[4,0,0],"8":[0,1],"9":[1,0],"10":[1,1],"11":[1,0],"12":[1,0],"13":[0,0],"14":[4,0]},"_coverageSchema":"332fd63041d2c1bcb487cc26dd0d5f7d97098a6c","hash":"047150eacdbafb1494313038e52a574c47a9db32"}
,"/Users/andeladeveloper/Documents/post-it-app/post-it-app/Client/constants/AppConstants.js": {"path":"/Users/andeladeveloper/Documents/post-it-app/post-it-app/Client/constants/AppConstants.js","statementMap":{"0":{"start":{"line":1,"column":39},"end":{"line":21,"column":77}}},"fnMap":{},"branchMap":{},"s":{"0":2},"f":{},"b":{},"_coverageSchema":"332fd63041d2c1bcb487cc26dd0d5f7d97098a6c","hash":"03f7b015cc050be224412a2bbf93e447533c77fa"}
,"/Users/andeladeveloper/Documents/post-it-app/post-it-app/Client/dispatcher/AppDispatcher.js": {"path":"/Users/andeladeveloper/Documents/post-it-app/post-it-app/Client/dispatcher/AppDispatcher.js","statementMap":{"0":{"start":{"line":1,"column":39},"end":{"line":1,"column":101}},"1":{"start":{"line":2,"column":195},"end":{"line":2,"column":249}},"2":{"start":{"line":4,"column":46},"end":{"line":11,"column":6}},"3":{"start":{"line":6,"column":18},"end":{"line":8,"column":22}},"4":{"start":{"line":10,"column":4},"end":{"line":10,"column":27}}},"fnMap":{"0":{"name":"_interopRequireDefault","decl":{"start":{"line":2,"column":166},"end":{"line":2,"column":188}},"loc":{"start":{"line":2,"column":194},"end":{"line":2,"column":250}},"line":2},"1":{"name":"handleViewAction","decl":{"start":{"line":5,"column":29},"end":{"line":5,"column":45}},"loc":{"start":{"line":5,"column":54},"end":{"line":11,"column":3}},"line":5}},"branchMap":{"0":{"loc":{"start":{"line":2,"column":202},"end":{"line":2,"column":248}},"type":"cond-expr","locations":[{"start":{"line":2,"column":226},"end":{"line":2,"column":229}},{"start":{"line":2,"column":232},"end":{"line":2,"column":248}}],"line":2},"1":{"loc":{"start":{"line":2,"column":202},"end":{"line":2,"column":223}},"type":"binary-expr","locations":[{"start":{"line":2,"column":202},"end":{"line":2,"column":205}},{"start":{"line":2,"column":209},"end":{"line":2,"column":223}}],"line":2}},"s":{"0":2,"1":2,"2":2,"3":0,"4":0},"f":{"0":2,"1":0},"b":{"0":[0,2],"1":[2,2]},"_coverageSchema":"332fd63041d2c1bcb487cc26dd0d5f7d97098a6c","hash":"053643362cb3548305388863f41137841336487b"}
,"/Users/andeladeveloper/Documents/post-it-app/post-it-app/Client/public/jquery.js": {"path":"/Users/andeladeveloper/Documents/post-it-app/post-it-app/Client/public/jquery.js","statementMap":{"0":{"start":{"line":1,"column":53},"end":{"line":1,"column":303}},"1":{"start":{"line":1,"column":139},"end":{"line":1,"column":157}},"2":{"start":{"line":1,"column":177},"end":{"line":1,"column":302}},"3":{"start":{"line":15,"column":0},"end":{"line":11008,"column":3}},"4":{"start":{"line":17,"column":1},"end":{"line":35,"column":2}},"5":{"start":{"line":25,"column":2},"end":{"line":32,"column":4}},"6":{"start":{"line":28,"column":3},"end":{"line":30,"column":4}},"7":{"start":{"line":29,"column":4},"end":{"line":29,"column":64}},"8":{"start":{"line":31,"column":3},"end":{"line":31,"column":21}},"9":{"start":{"line":34,"column":2},"end":{"line":34,"column":18}},"10":{"start":{"line":45,"column":18},"end":{"line":45,"column":20}},"11":{"start":{"line":47,"column":16},"end":{"line":47,"column":31}},"12":{"start":{"line":49,"column":14},"end":{"line":49,"column":30}},"13":{"start":{"line":51,"column":14},"end":{"line":51,"column":31}},"14":{"start":{"line":53,"column":12},"end":{"line":53,"column":27}},"15":{"start":{"line":55,"column":15},"end":{"line":55,"column":33}},"16":{"start":{"line":57,"column":18},"end":{"line":57,"column":20}},"17":{"start":{"line":59,"column":16},"end":{"line":59,"column":35}},"18":{"start":{"line":61,"column":14},"end":{"line":61,"column":39}},"19":{"start":{"line":63,"column":15},"end":{"line":63,"column":17}},"20":{"start":{"line":68,"column":11},"end":{"line":68,"column":19}},"21":{"start":{"line":71,"column":10},"end":{"line":76,"column":2}},"22":{"start":{"line":75,"column":2},"end":{"line":75,"column":47}},"23":{"start":{"line":80,"column":9},"end":{"line":80,"column":45}},"24":{"start":{"line":83,"column":13},"end":{"line":83,"column":20}},"25":{"start":{"line":84,"column":14},"end":{"line":84,"column":28}},"26":{"start":{"line":87,"column":14},"end":{"line":89,"column":2}},"27":{"start":{"line":88,"column":2},"end":{"line":88,"column":30}},"28":{"start":{"line":91,"column":1},"end":{"line":172,"column":30}},"29":{"start":{"line":105,"column":3},"end":{"line":105,"column":28}},"30":{"start":{"line":111,"column":3},"end":{"line":117,"column":21}},"31":{"start":{"line":125,"column":13},"end":{"line":125,"column":52}},"32":{"start":{"line":128,"column":3},"end":{"line":128,"column":25}},"33":{"start":{"line":129,"column":3},"end":{"line":129,"column":30}},"34":{"start":{"line":132,"column":3},"end":{"line":132,"column":14}},"35":{"start":{"line":137,"column":3},"end":{"line":137,"column":38}},"36":{"start":{"line":141,"column":3},"end":{"line":143,"column":7}},"37":{"start":{"line":142,"column":4},"end":{"line":142,"column":40}},"38":{"start":{"line":147,"column":3},"end":{"line":147,"column":56}},"39":{"start":{"line":151,"column":3},"end":{"line":151,"column":21}},"40":{"start":{"line":155,"column":3},"end":{"line":155,"column":22}},"41":{"start":{"line":159,"column":13},"end":{"line":159,"column":24}},"42":{"start":{"line":160,"column":7},"end":{"line":160,"column":29}},"43":{"start":{"line":161,"column":3},"end":{"line":161,"column":61}},"44":{"start":{"line":165,"column":3},"end":{"line":165,"column":48}},"45":{"start":{"line":175,"column":1},"end":{"line":242,"column":3}},"46":{"start":{"line":177,"column":11},"end":{"line":177,"column":29}},"47":{"start":{"line":178,"column":6},"end":{"line":178,"column":7}},"48":{"start":{"line":179,"column":11},"end":{"line":179,"column":27}},"49":{"start":{"line":180,"column":9},"end":{"line":180,"column":14}},"50":{"start":{"line":183,"column":2},"end":{"line":189,"column":3}},"51":{"start":{"line":184,"column":3},"end":{"line":184,"column":17}},"52":{"start":{"line":187,"column":3},"end":{"line":187,"column":31}},"53":{"start":{"line":188,"column":3},"end":{"line":188,"column":7}},"54":{"start":{"line":192,"column":2},"end":{"line":194,"column":3}},"55":{"start":{"line":193,"column":3},"end":{"line":193,"column":15}},"56":{"start":{"line":197,"column":2},"end":{"line":200,"column":3}},"57":{"start":{"line":198,"column":3},"end":{"line":198,"column":17}},"58":{"start":{"line":199,"column":3},"end":{"line":199,"column":7}},"59":{"start":{"line":202,"column":2},"end":{"line":238,"column":3}},"60":{"start":{"line":205,"column":3},"end":{"line":237,"column":4}},"61":{"start":{"line":208,"column":4},"end":{"line":236,"column":5}},"62":{"start":{"line":209,"column":5},"end":{"line":209,"column":24}},"63":{"start":{"line":210,"column":5},"end":{"line":210,"column":26}},"64":{"start":{"line":213,"column":5},"end":{"line":215,"column":6}},"65":{"start":{"line":214,"column":6},"end":{"line":214,"column":15}},"66":{"start":{"line":218,"column":5},"end":{"line":235,"column":6}},"67":{"start":{"line":221,"column":6},"end":{"line":227,"column":7}},"68":{"start":{"line":222,"column":7},"end":{"line":222,"column":27}},"69":{"start":{"line":223,"column":7},"end":{"line":223,"column":53}},"70":{"start":{"line":226,"column":7},"end":{"line":226,"column":59}},"71":{"start":{"line":230,"column":6},"end":{"line":230,"column":54}},"72":{"start":{"line":233,"column":12},"end":{"line":235,"column":6}},"73":{"start":{"line":234,"column":6},"end":{"line":234,"column":26}},"74":{"start":{"line":241,"column":2},"end":{"line":241,"column":16}},"75":{"start":{"line":244,"column":1},"end":{"line":544,"column":22}},"76":{"start":{"line":253,"column":3},"end":{"line":253,"column":24}},"77":{"start":{"line":262,"column":3},"end":{"line":262,"column":42}},"78":{"start":{"line":266,"column":3},"end":{"line":266,"column":39}},"79":{"start":{"line":271,"column":3},"end":{"line":271,"column":43}},"80":{"start":{"line":280,"column":23},"end":{"line":280,"column":44}},"81":{"start":{"line":281,"column":3},"end":{"line":281,"column":85}},"82":{"start":{"line":286,"column":3},"end":{"line":288,"column":4}},"83":{"start":{"line":287,"column":4},"end":{"line":287,"column":17}},"84":{"start":{"line":289,"column":3},"end":{"line":289,"column":15}},"85":{"start":{"line":298,"column":3},"end":{"line":300,"column":4}},"86":{"start":{"line":299,"column":4},"end":{"line":299,"column":17}},"87":{"start":{"line":302,"column":3},"end":{"line":314,"column":4}},"88":{"start":{"line":305,"column":4},"end":{"line":309,"column":5}},"89":{"start":{"line":308,"column":5},"end":{"line":308,"column":18}},"90":{"start":{"line":313,"column":4},"end":{"line":313,"column":17}},"91":{"start":{"line":318,"column":3},"end":{"line":322,"column":4}},"92":{"start":{"line":319,"column":4},"end":{"line":321,"column":5}},"93":{"start":{"line":320,"column":5},"end":{"line":320,"column":34}},"94":{"start":{"line":326,"column":3},"end":{"line":326,"column":22}},"95":{"start":{"line":328,"column":3},"end":{"line":328,"column":53}},"96":{"start":{"line":332,"column":3},"end":{"line":334,"column":4}},"97":{"start":{"line":333,"column":4},"end":{"line":333,"column":20}},"98":{"start":{"line":335,"column":3},"end":{"line":337,"column":54}},"99":{"start":{"line":343,"column":3},"end":{"line":351,"column":4}},"100":{"start":{"line":348,"column":4},"end":{"line":350,"column":13}},"101":{"start":{"line":349,"column":5},"end":{"line":349,"column":39}},"102":{"start":{"line":357,"column":3},"end":{"line":357,"column":75}},"103":{"start":{"line":361,"column":3},"end":{"line":361,"column":78}},"104":{"start":{"line":365,"column":18},"end":{"line":365,"column":19}},"105":{"start":{"line":367,"column":3},"end":{"line":380,"column":4}},"106":{"start":{"line":368,"column":4},"end":{"line":368,"column":24}},"107":{"start":{"line":369,"column":4},"end":{"line":373,"column":5}},"108":{"start":{"line":370,"column":5},"end":{"line":372,"column":6}},"109":{"start":{"line":371,"column":6},"end":{"line":371,"column":12}},"110":{"start":{"line":375,"column":4},"end":{"line":379,"column":5}},"111":{"start":{"line":376,"column":5},"end":{"line":378,"column":6}},"112":{"start":{"line":377,"column":6},"end":{"line":377,"column":12}},"113":{"start":{"line":382,"column":3},"end":{"line":382,"column":14}},"114":{"start":{"line":387,"column":3},"end":{"line":389,"column":34}},"115":{"start":{"line":394,"column":13},"end":{"line":394,"column":26}},"116":{"start":{"line":396,"column":3},"end":{"line":405,"column":4}},"117":{"start":{"line":397,"column":4},"end":{"line":404,"column":5}},"118":{"start":{"line":398,"column":5},"end":{"line":400,"column":18}},"119":{"start":{"line":403,"column":5},"end":{"line":403,"column":25}},"120":{"start":{"line":407,"column":3},"end":{"line":407,"column":14}},"121":{"start":{"line":413,"column":3},"end":{"line":428,"column":4}},"122":{"start":{"line":414,"column":4},"end":{"line":416,"column":5}},"123":{"start":{"line":415,"column":5},"end":{"line":415,"column":39}},"124":{"start":{"line":418,"column":4},"end":{"line":418,"column":21}},"125":{"start":{"line":419,"column":4},"end":{"line":419,"column":49}},"126":{"start":{"line":421,"column":4},"end":{"line":427,"column":5}},"127":{"start":{"line":424,"column":5},"end":{"line":426,"column":6}},"128":{"start":{"line":425,"column":6},"end":{"line":425,"column":15}},"129":{"start":{"line":430,"column":3},"end":{"line":430,"column":13}},"130":{"start":{"line":434,"column":13},"end":{"line":434,"column":27}},"131":{"start":{"line":435,"column":7},"end":{"line":435,"column":8}},"132":{"start":{"line":436,"column":7},"end":{"line":436,"column":19}},"133":{"start":{"line":438,"column":3},"end":{"line":440,"column":4}},"134":{"start":{"line":439,"column":4},"end":{"line":439,"column":29}},"135":{"start":{"line":444,"column":3},"end":{"line":448,"column":4}},"136":{"start":{"line":445,"column":4},"end":{"line":447,"column":5}},"137":{"start":{"line":446,"column":5},"end":{"line":446,"column":30}},"138":{"start":{"line":450,"column":3},"end":{"line":450,"column":20}},"139":{"start":{"line":452,"column":3},"end":{"line":452,"column":16}},"140":{"start":{"line":457,"column":13},"end":{"line":457,"column":15}},"141":{"start":{"line":458,"column":7},"end":{"line":458,"column":8}},"142":{"start":{"line":459,"column":12},"end":{"line":459,"column":24}},"143":{"start":{"line":460,"column":20},"end":{"line":460,"column":27}},"144":{"start":{"line":464,"column":3},"end":{"line":469,"column":4}},"145":{"start":{"line":465,"column":4},"end":{"line":465,"column":45}},"146":{"start":{"line":466,"column":4},"end":{"line":468,"column":5}},"147":{"start":{"line":467,"column":5},"end":{"line":467,"column":28}},"148":{"start":{"line":471,"column":3},"end":{"line":471,"column":18}},"149":{"start":{"line":477,"column":7},"end":{"line":477,"column":8}},"150":{"start":{"line":478,"column":9},"end":{"line":478,"column":11}},"151":{"start":{"line":481,"column":3},"end":{"line":500,"column":4}},"152":{"start":{"line":482,"column":4},"end":{"line":482,"column":26}},"153":{"start":{"line":483,"column":4},"end":{"line":489,"column":5}},"154":{"start":{"line":484,"column":5},"end":{"line":484,"column":40}},"155":{"start":{"line":486,"column":5},"end":{"line":488,"column":6}},"156":{"start":{"line":487,"column":6},"end":{"line":487,"column":22}},"157":{"start":{"line":493,"column":4},"end":{"line":499,"column":5}},"158":{"start":{"line":494,"column":5},"end":{"line":494,"column":40}},"159":{"start":{"line":496,"column":5},"end":{"line":498,"column":6}},"160":{"start":{"line":497,"column":6},"end":{"line":497,"column":22}},"161":{"start":{"line":503,"column":3},"end":{"line":503,"column":32}},"162":{"start":{"line":514,"column":3},"end":{"line":518,"column":4}},"163":{"start":{"line":515,"column":4},"end":{"line":515,"column":22}},"164":{"start":{"line":516,"column":4},"end":{"line":516,"column":17}},"165":{"start":{"line":517,"column":4},"end":{"line":517,"column":13}},"166":{"start":{"line":522,"column":3},"end":{"line":524,"column":4}},"167":{"start":{"line":523,"column":4},"end":{"line":523,"column":21}},"168":{"start":{"line":527,"column":3},"end":{"line":527,"column":36}},"169":{"start":{"line":528,"column":3},"end":{"line":530,"column":5}},"170":{"start":{"line":529,"column":4},"end":{"line":529,"column":74}},"171":{"start":{"line":533,"column":3},"end":{"line":533,"column":51}},"172":{"start":{"line":535,"column":3},"end":{"line":535,"column":16}},"173":{"start":{"line":539,"column":3},"end":{"line":539,"column":22}},"174":{"start":{"line":552,"column":1},"end":{"line":554,"column":2}},"175":{"start":{"line":553,"column":2},"end":{"line":553,"column":59}},"176":{"start":{"line":558,"column":1},"end":{"line":561,"column":4}},"177":{"start":{"line":560,"column":2},"end":{"line":560,"column":59}},"178":{"start":{"line":569,"column":15},"end":{"line":569,"column":53}},"179":{"start":{"line":570,"column":9},"end":{"line":570,"column":25}},"180":{"start":{"line":572,"column":2},"end":{"line":574,"column":3}},"181":{"start":{"line":573,"column":3},"end":{"line":573,"column":16}},"182":{"start":{"line":576,"column":2},"end":{"line":577,"column":64}},"183":{"start":{"line":590,"column":1},"end":{"line":2713,"column":10}},"184":{"start":{"line":615,"column":12},"end":{"line":615,"column":37}},"185":{"start":{"line":616,"column":17},"end":{"line":616,"column":32}},"186":{"start":{"line":617,"column":12},"end":{"line":617,"column":13}},"187":{"start":{"line":618,"column":9},"end":{"line":618,"column":10}},"188":{"start":{"line":619,"column":15},"end":{"line":619,"column":28}},"189":{"start":{"line":620,"column":15},"end":{"line":620,"column":28}},"190":{"start":{"line":621,"column":18},"end":{"line":621,"column":31}},"191":{"start":{"line":622,"column":14},"end":{"line":627,"column":3}},"192":{"start":{"line":623,"column":3},"end":{"line":625,"column":4}},"193":{"start":{"line":624,"column":4},"end":{"line":624,"column":24}},"194":{"start":{"line":626,"column":3},"end":{"line":626,"column":12}},"195":{"start":{"line":630,"column":17},"end":{"line":630,"column":24}},"196":{"start":{"line":633,"column":11},"end":{"line":633,"column":28}},"197":{"start":{"line":634,"column":8},"end":{"line":634,"column":10}},"198":{"start":{"line":635,"column":8},"end":{"line":635,"column":15}},"199":{"start":{"line":636,"column":16},"end":{"line":636,"column":24}},"200":{"start":{"line":637,"column":9},"end":{"line":637,"column":17}},"201":{"start":{"line":638,"column":10},"end":{"line":638,"column":19}},"202":{"start":{"line":641,"column":12},"end":{"line":650,"column":3}},"203":{"start":{"line":642,"column":11},"end":{"line":642,"column":12}},"204":{"start":{"line":643,"column":9},"end":{"line":643,"column":20}},"205":{"start":{"line":644,"column":3},"end":{"line":648,"column":4}},"206":{"start":{"line":645,"column":4},"end":{"line":647,"column":5}},"207":{"start":{"line":646,"column":5},"end":{"line":646,"column":14}},"208":{"start":{"line":649,"column":3},"end":{"line":649,"column":13}},"209":{"start":{"line":652,"column":13},"end":{"line":652,"column":137}},"210":{"start":{"line":657,"column":15},"end":{"line":657,"column":36}},"211":{"start":{"line":660,"column":15},"end":{"line":660,"column":49}},"212":{"start":{"line":663,"column":15},"end":{"line":668,"column":8}},"213":{"start":{"line":670,"column":12},"end":{"line":678,"column":10}},"214":{"start":{"line":681,"column":16},"end":{"line":681,"column":49}},"215":{"start":{"line":682,"column":10},"end":{"line":682,"column":95}},"216":{"start":{"line":684,"column":11},"end":{"line":684,"column":65}},"217":{"start":{"line":685,"column":17},"end":{"line":685,"column":96}},"218":{"start":{"line":687,"column":21},"end":{"line":687,"column":95}},"219":{"start":{"line":689,"column":12},"end":{"line":689,"column":31}},"220":{"start":{"line":690,"column":16},"end":{"line":690,"column":50}},"221":{"start":{"line":692,"column":14},"end":{"line":705,"column":76}},"222":{"start":{"line":708,"column":12},"end":{"line":708,"column":49}},"223":{"start":{"line":709,"column":12},"end":{"line":709,"column":20}},"224":{"start":{"line":711,"column":12},"end":{"line":711,"column":36}},"225":{"start":{"line":714,"column":15},"end":{"line":714,"column":49}},"226":{"start":{"line":716,"column":13},"end":{"line":716,"column":19}},"227":{"start":{"line":717,"column":12},"end":{"line":717,"column":19}},"228":{"start":{"line":720,"column":14},"end":{"line":720,"column":95}},"229":{"start":{"line":721,"column":14},"end":{"line":733,"column":3}},"230":{"start":{"line":722,"column":14},"end":{"line":722,"column":38}},"231":{"start":{"line":726,"column":3},"end":{"line":732,"column":67}},"232":{"start":{"line":739,"column":18},"end":{"line":741,"column":3}},"233":{"start":{"line":740,"column":3},"end":{"line":740,"column":17}},"234":{"start":{"line":744,"column":2},"end":{"line":770,"column":3}},"235":{"start":{"line":745,"column":3},"end":{"line":747,"column":28}},"236":{"start":{"line":751,"column":3},"end":{"line":751,"column":48}},"237":{"start":{"line":753,"column":3},"end":{"line":768,"column":8}},"238":{"start":{"line":757,"column":5},"end":{"line":757,"column":48}},"239":{"start":{"line":763,"column":13},"end":{"line":763,"column":26}},"240":{"start":{"line":764,"column":9},"end":{"line":764,"column":10}},"241":{"start":{"line":766,"column":5},"end":{"line":766,"column":38}},"242":{"start":{"line":767,"column":5},"end":{"line":767,"column":27}},"243":{"start":{"line":774,"column":16},"end":{"line":774,"column":48}},"244":{"start":{"line":777,"column":14},"end":{"line":777,"column":44}},"245":{"start":{"line":779,"column":3},"end":{"line":779,"column":27}},"246":{"start":{"line":782,"column":3},"end":{"line":786,"column":4}},"247":{"start":{"line":785,"column":4},"end":{"line":785,"column":19}},"248":{"start":{"line":789,"column":3},"end":{"line":900,"column":4}},"249":{"start":{"line":791,"column":4},"end":{"line":793,"column":5}},"250":{"start":{"line":792,"column":5},"end":{"line":792,"column":26}},"251":{"start":{"line":794,"column":4},"end":{"line":794,"column":34}},"252":{"start":{"line":796,"column":4},"end":{"line":899,"column":5}},"253":{"start":{"line":800,"column":5},"end":{"line":847,"column":6}},"254":{"start":{"line":803,"column":6},"end":{"line":846,"column":7}},"255":{"start":{"line":806,"column":7},"end":{"line":833,"column":8}},"256":{"start":{"line":807,"column":8},"end":{"line":818,"column":9}},"257":{"start":{"line":812,"column":9},"end":{"line":815,"column":10}},"258":{"start":{"line":813,"column":10},"end":{"line":813,"column":29}},"259":{"start":{"line":814,"column":10},"end":{"line":814,"column":25}},"260":{"start":{"line":817,"column":9},"end":{"line":817,"column":24}},"261":{"start":{"line":826,"column":8},"end":{"line":832,"column":9}},"262":{"start":{"line":830,"column":9},"end":{"line":830,"column":28}},"263":{"start":{"line":831,"column":9},"end":{"line":831,"column":24}},"264":{"start":{"line":836,"column":13},"end":{"line":846,"column":7}},"265":{"start":{"line":837,"column":7},"end":{"line":837,"column":67}},"266":{"start":{"line":838,"column":7},"end":{"line":838,"column":22}},"267":{"start":{"line":841,"column":13},"end":{"line":846,"column":7}},"268":{"start":{"line":844,"column":7},"end":{"line":844,"column":62}},"269":{"start":{"line":845,"column":7},"end":{"line":845,"column":22}},"270":{"start":{"line":850,"column":5},"end":{"line":898,"column":6}},"271":{"start":{"line":854,"column":6},"end":{"line":883,"column":7}},"272":{"start":{"line":855,"column":7},"end":{"line":855,"column":28}},"273":{"start":{"line":856,"column":7},"end":{"line":856,"column":30}},"274":{"start":{"line":862,"column":13},"end":{"line":883,"column":7}},"275":{"start":{"line":865,"column":7},"end":{"line":869,"column":8}},"276":{"start":{"line":866,"column":8},"end":{"line":866,"column":43}},"277":{"start":{"line":868,"column":8},"end":{"line":868,"column":50}},"278":{"start":{"line":872,"column":7},"end":{"line":872,"column":35}},"279":{"start":{"line":873,"column":7},"end":{"line":873,"column":25}},"280":{"start":{"line":874,"column":7},"end":{"line":874,"column":76}},"281":{"start":{"line":875,"column":7},"end":{"line":877,"column":8}},"282":{"start":{"line":876,"column":8},"end":{"line":876,"column":60}},"283":{"start":{"line":878,"column":7},"end":{"line":878,"column":38}},"284":{"start":{"line":881,"column":7},"end":{"line":882,"column":15}},"285":{"start":{"line":885,"column":6},"end":{"line":897,"column":7}},"286":{"start":{"line":886,"column":7},"end":{"line":896,"column":8}},"287":{"start":{"line":887,"column":8},"end":{"line":888,"column":50}},"288":{"start":{"line":890,"column":8},"end":{"line":890,"column":23}},"289":{"start":{"line":893,"column":8},"end":{"line":895,"column":9}},"290":{"start":{"line":894,"column":9},"end":{"line":894,"column":39}},"291":{"start":{"line":903,"column":3},"end":{"line":903,"column":72}},"292":{"start":{"line":913,"column":14},"end":{"line":913,"column":16}},"293":{"start":{"line":917,"column":4},"end":{"line":920,"column":5}},"294":{"start":{"line":919,"column":5},"end":{"line":919,"column":32}},"295":{"start":{"line":921,"column":4},"end":{"line":921,"column":36}},"296":{"start":{"line":923,"column":3},"end":{"line":923,"column":16}},"297":{"start":{"line":931,"column":3},"end":{"line":931,"column":22}},"298":{"start":{"line":932,"column":3},"end":{"line":932,"column":13}},"299":{"start":{"line":940,"column":13},"end":{"line":940,"column":42}},"300":{"start":{"line":942,"column":3},"end":{"line":953,"column":4}},"301":{"start":{"line":943,"column":4},"end":{"line":943,"column":21}},"302":{"start":{"line":945,"column":4},"end":{"line":945,"column":17}},"303":{"start":{"line":948,"column":4},"end":{"line":950,"column":5}},"304":{"start":{"line":949,"column":5},"end":{"line":949,"column":37}},"305":{"start":{"line":952,"column":4},"end":{"line":952,"column":15}},"306":{"start":{"line":962,"column":13},"end":{"line":962,"column":29}},"307":{"start":{"line":963,"column":7},"end":{"line":963,"column":17}},"308":{"start":{"line":965,"column":3},"end":{"line":967,"column":4}},"309":{"start":{"line":966,"column":4},"end":{"line":966,"column":38}},"310":{"start":{"line":977,"column":13},"end":{"line":977,"column":19}},"311":{"start":{"line":978,"column":10},"end":{"line":980,"column":34}},"312":{"start":{"line":983,"column":3},"end":{"line":985,"column":4}},"313":{"start":{"line":984,"column":4},"end":{"line":984,"column":16}},"314":{"start":{"line":988,"column":3},"end":{"line":994,"column":4}},"315":{"start":{"line":989,"column":4},"end":{"line":993,"column":5}},"316":{"start":{"line":990,"column":5},"end":{"line":992,"column":6}},"317":{"start":{"line":991,"column":6},"end":{"line":991,"column":16}},"318":{"start":{"line":996,"column":3},"end":{"line":996,"column":21}},"319":{"start":{"line":1004,"column":3},"end":{"line":1007,"column":5}},"320":{"start":{"line":1005,"column":15},"end":{"line":1005,"column":42}},"321":{"start":{"line":1006,"column":4},"end":{"line":1006,"column":50}},"322":{"start":{"line":1015,"column":3},"end":{"line":1018,"column":5}},"323":{"start":{"line":1016,"column":15},"end":{"line":1016,"column":42}},"324":{"start":{"line":1017,"column":4},"end":{"line":1017,"column":73}},"325":{"start":{"line":1026,"column":3},"end":{"line":1040,"column":6}},"326":{"start":{"line":1027,"column":4},"end":{"line":1027,"column":25}},"327":{"start":{"line":1028,"column":4},"end":{"line":1039,"column":7}},"328":{"start":{"line":1030,"column":20},"end":{"line":1030,"column":49}},"329":{"start":{"line":1031,"column":9},"end":{"line":1031,"column":28}},"330":{"start":{"line":1034,"column":5},"end":{"line":1038,"column":6}},"331":{"start":{"line":1035,"column":6},"end":{"line":1037,"column":7}},"332":{"start":{"line":1036,"column":7},"end":{"line":1036,"column":41}},"333":{"start":{"line":1049,"column":3},"end":{"line":1049,"column":84}},"334":{"start":{"line":1053,"column":2},"end":{"line":1053,"column":32}},"335":{"start":{"line":1060,"column":2},"end":{"line":1065,"column":4}},"336":{"start":{"line":1063,"column":25},"end":{"line":1063,"column":77}},"337":{"start":{"line":1064,"column":3},"end":{"line":1064,"column":72}},"338":{"start":{"line":1072,"column":2},"end":{"line":1436,"column":4}},"339":{"start":{"line":1074,"column":9},"end":{"line":1074,"column":57}},"340":{"start":{"line":1077,"column":3},"end":{"line":1079,"column":4}},"341":{"start":{"line":1078,"column":4},"end":{"line":1078,"column":20}},"342":{"start":{"line":1082,"column":3},"end":{"line":1082,"column":18}},"343":{"start":{"line":1083,"column":3},"end":{"line":1083,"column":38}},"344":{"start":{"line":1084,"column":3},"end":{"line":1084,"column":37}},"345":{"start":{"line":1088,"column":3},"end":{"line":1097,"column":4}},"346":{"start":{"line":1090,"column":4},"end":{"line":1096,"column":5}},"347":{"start":{"line":1091,"column":5},"end":{"line":1091,"column":61}},"348":{"start":{"line":1094,"column":11},"end":{"line":1096,"column":5}},"349":{"start":{"line":1095,"column":5},"end":{"line":1095,"column":51}},"350":{"start":{"line":1105,"column":3},"end":{"line":1108,"column":6}},"351":{"start":{"line":1106,"column":4},"end":{"line":1106,"column":24}},"352":{"start":{"line":1107,"column":4},"end":{"line":1107,"column":42}},"353":{"start":{"line":1114,"column":3},"end":{"line":1117,"column":6}},"354":{"start":{"line":1115,"column":4},"end":{"line":1115,"column":48}},"355":{"start":{"line":1116,"column":4},"end":{"line":1116,"column":49}},"356":{"start":{"line":1120,"column":3},"end":{"line":1120,"column":82}},"357":{"start":{"line":1126,"column":3},"end":{"line":1129,"column":6}},"358":{"start":{"line":1127,"column":4},"end":{"line":1127,"column":42}},"359":{"start":{"line":1128,"column":4},"end":{"line":1128,"column":86}},"360":{"start":{"line":1132,"column":3},"end":{"line":1158,"column":4}},"361":{"start":{"line":1133,"column":4},"end":{"line":1138,"column":6}},"362":{"start":{"line":1134,"column":5},"end":{"line":1137,"column":6}},"363":{"start":{"line":1135,"column":14},"end":{"line":1135,"column":40}},"364":{"start":{"line":1136,"column":6},"end":{"line":1136,"column":26}},"365":{"start":{"line":1139,"column":4},"end":{"line":1144,"column":6}},"366":{"start":{"line":1140,"column":18},"end":{"line":1140,"column":50}},"367":{"start":{"line":1141,"column":5},"end":{"line":1143,"column":7}},"368":{"start":{"line":1142,"column":6},"end":{"line":1142,"column":48}},"369":{"start":{"line":1148,"column":4},"end":{"line":1148,"column":27}},"370":{"start":{"line":1150,"column":4},"end":{"line":1157,"column":6}},"371":{"start":{"line":1151,"column":18},"end":{"line":1151,"column":50}},"372":{"start":{"line":1152,"column":5},"end":{"line":1156,"column":7}},"373":{"start":{"line":1153,"column":17},"end":{"line":1154,"column":33}},"374":{"start":{"line":1155,"column":6},"end":{"line":1155,"column":43}},"375":{"start":{"line":1161,"column":3},"end":{"line":1190,"column":5}},"376":{"start":{"line":1163,"column":4},"end":{"line":1169,"column":5}},"377":{"start":{"line":1164,"column":5},"end":{"line":1164,"column":46}},"378":{"start":{"line":1167,"column":11},"end":{"line":1169,"column":5}},"379":{"start":{"line":1168,"column":5},"end":{"line":1168,"column":42}},"380":{"start":{"line":1174,"column":10},"end":{"line":1174,"column":12}},"381":{"start":{"line":1175,"column":8},"end":{"line":1175,"column":9}},"382":{"start":{"line":1177,"column":14},"end":{"line":1177,"column":47}},"383":{"start":{"line":1180,"column":4},"end":{"line":1188,"column":5}},"384":{"start":{"line":1181,"column":5},"end":{"line":1185,"column":6}},"385":{"start":{"line":1182,"column":6},"end":{"line":1184,"column":7}},"386":{"start":{"line":1183,"column":7},"end":{"line":1183,"column":22}},"387":{"start":{"line":1187,"column":5},"end":{"line":1187,"column":16}},"388":{"start":{"line":1189,"column":4},"end":{"line":1189,"column":19}},"389":{"start":{"line":1193,"column":3},"end":{"line":1197,"column":5}},"390":{"start":{"line":1194,"column":4},"end":{"line":1196,"column":5}},"391":{"start":{"line":1195,"column":5},"end":{"line":1195,"column":54}},"392":{"start":{"line":1205,"column":3},"end":{"line":1205,"column":22}},"393":{"start":{"line":1212,"column":3},"end":{"line":1212,"column":18}},"394":{"start":{"line":1214,"column":3},"end":{"line":1284,"column":4}},"395":{"start":{"line":1217,"column":4},"end":{"line":1259,"column":7}},"396":{"start":{"line":1223,"column":5},"end":{"line":1225,"column":46}},"397":{"start":{"line":1231,"column":5},"end":{"line":1233,"column":6}},"398":{"start":{"line":1232,"column":6},"end":{"line":1232,"column":61}},"399":{"start":{"line":1237,"column":5},"end":{"line":1239,"column":6}},"400":{"start":{"line":1238,"column":6},"end":{"line":1238,"column":73}},"401":{"start":{"line":1242,"column":5},"end":{"line":1244,"column":6}},"402":{"start":{"line":1243,"column":6},"end":{"line":1243,"column":27}},"403":{"start":{"line":1249,"column":5},"end":{"line":1251,"column":6}},"404":{"start":{"line":1250,"column":6},"end":{"line":1250,"column":33}},"405":{"start":{"line":1256,"column":5},"end":{"line":1258,"column":6}},"406":{"start":{"line":1257,"column":6},"end":{"line":1257,"column":33}},"407":{"start":{"line":1261,"column":4},"end":{"line":1283,"column":7}},"408":{"start":{"line":1264,"column":17},"end":{"line":1264,"column":48}},"409":{"start":{"line":1265,"column":5},"end":{"line":1265,"column":42}},"410":{"start":{"line":1266,"column":5},"end":{"line":1266,"column":54}},"411":{"start":{"line":1270,"column":5},"end":{"line":1272,"column":6}},"412":{"start":{"line":1271,"column":6},"end":{"line":1271,"column":58}},"413":{"start":{"line":1276,"column":5},"end":{"line":1278,"column":6}},"414":{"start":{"line":1277,"column":6},"end":{"line":1277,"column":46}},"415":{"start":{"line":1281,"column":5},"end":{"line":1281,"column":34}},"416":{"start":{"line":1282,"column":5},"end":{"line":1282,"column":28}},"417":{"start":{"line":1286,"column":3},"end":{"line":1302,"column":4}},"418":{"start":{"line":1292,"column":4},"end":{"line":1301,"column":7}},"419":{"start":{"line":1295,"column":5},"end":{"line":1295,"column":58}},"420":{"start":{"line":1299,"column":5},"end":{"line":1299,"column":36}},"421":{"start":{"line":1300,"column":5},"end":{"line":1300,"column":39}},"422":{"start":{"line":1304,"column":3},"end":{"line":1304,"column":67}},"423":{"start":{"line":1305,"column":3},"end":{"line":1305,"column":79}},"424":{"start":{"line":1309,"column":3},"end":{"line":1309,"column":62}},"425":{"start":{"line":1314,"column":3},"end":{"line":1333,"column":5}},"426":{"start":{"line":1316,"column":16},"end":{"line":1316,"column":56}},"427":{"start":{"line":1317,"column":10},"end":{"line":1317,"column":27}},"428":{"start":{"line":1318,"column":4},"end":{"line":1321,"column":71}},"429":{"start":{"line":1325,"column":4},"end":{"line":1331,"column":5}},"430":{"start":{"line":1326,"column":5},"end":{"line":1330,"column":6}},"431":{"start":{"line":1327,"column":6},"end":{"line":1329,"column":7}},"432":{"start":{"line":1328,"column":7},"end":{"line":1328,"column":19}},"433":{"start":{"line":1332,"column":4},"end":{"line":1332,"column":17}},"434":{"start":{"line":1339,"column":3},"end":{"line":1433,"column":5}},"435":{"start":{"line":1343,"column":4},"end":{"line":1346,"column":5}},"436":{"start":{"line":1344,"column":5},"end":{"line":1344,"column":25}},"437":{"start":{"line":1345,"column":5},"end":{"line":1345,"column":14}},"438":{"start":{"line":1349,"column":18},"end":{"line":1349,"column":73}},"439":{"start":{"line":1350,"column":4},"end":{"line":1352,"column":5}},"440":{"start":{"line":1351,"column":5},"end":{"line":1351,"column":20}},"441":{"start":{"line":1355,"column":4},"end":{"line":1359,"column":6}},"442":{"start":{"line":1362,"column":4},"end":{"line":1377,"column":5}},"443":{"start":{"line":1366,"column":5},"end":{"line":1368,"column":6}},"444":{"start":{"line":1367,"column":6},"end":{"line":1367,"column":16}},"445":{"start":{"line":1369,"column":5},"end":{"line":1371,"column":6}},"446":{"start":{"line":1370,"column":6},"end":{"line":1370,"column":15}},"447":{"start":{"line":1374,"column":5},"end":{"line":1376,"column":7}},"448":{"start":{"line":1379,"column":4},"end":{"line":1379,"column":32}},"449":{"start":{"line":1383,"column":4},"end":{"line":1386,"column":5}},"450":{"start":{"line":1384,"column":5},"end":{"line":1384,"column":25}},"451":{"start":{"line":1385,"column":5},"end":{"line":1385,"column":14}},"452":{"start":{"line":1389,"column":8},"end":{"line":1389,"column":9}},"453":{"start":{"line":1390,"column":10},"end":{"line":1390,"column":22}},"454":{"start":{"line":1391,"column":10},"end":{"line":1391,"column":22}},"455":{"start":{"line":1392,"column":9},"end":{"line":1392,"column":12}},"456":{"start":{"line":1393,"column":9},"end":{"line":1393,"column":12}},"457":{"start":{"line":1396,"column":4},"end":{"line":1408,"column":5}},"458":{"start":{"line":1397,"column":5},"end":{"line":1403,"column":7}},"459":{"start":{"line":1406,"column":11},"end":{"line":1408,"column":5}},"460":{"start":{"line":1407,"column":5},"end":{"line":1407,"column":31}},"461":{"start":{"line":1411,"column":4},"end":{"line":1411,"column":12}},"462":{"start":{"line":1412,"column":4},"end":{"line":1414,"column":5}},"463":{"start":{"line":1413,"column":5},"end":{"line":1413,"column":21}},"464":{"start":{"line":1415,"column":4},"end":{"line":1415,"column":12}},"465":{"start":{"line":1416,"column":4},"end":{"line":1418,"column":5}},"466":{"start":{"line":1417,"column":5},"end":{"line":1417,"column":21}},"467":{"start":{"line":1421,"column":4},"end":{"line":1423,"column":5}},"468":{"start":{"line":1422,"column":5},"end":{"line":1422,"column":9}},"469":{"start":{"line":1425,"column":4},"end":{"line":1432,"column":6}},"470":{"start":{"line":1435,"column":3},"end":{"line":1435,"column":19}},"471":{"start":{"line":1438,"column":2},"end":{"line":1440,"column":4}},"472":{"start":{"line":1439,"column":3},"end":{"line":1439,"column":45}},"473":{"start":{"line":1442,"column":2},"end":{"line":1470,"column":4}},"474":{"start":{"line":1444,"column":3},"end":{"line":1446,"column":4}},"475":{"start":{"line":1445,"column":4},"end":{"line":1445,"column":22}},"476":{"start":{"line":1449,"column":3},"end":{"line":1449,"column":51}},"477":{"start":{"line":1451,"column":3},"end":{"line":1467,"column":4}},"478":{"start":{"line":1456,"column":4},"end":{"line":1466,"column":18}},"479":{"start":{"line":1457,"column":15},"end":{"line":1457,"column":39}},"480":{"start":{"line":1460,"column":5},"end":{"line":1465,"column":6}},"481":{"start":{"line":1464,"column":6},"end":{"line":1464,"column":17}},"482":{"start":{"line":1469,"column":3},"end":{"line":1469,"column":58}},"483":{"start":{"line":1472,"column":2},"end":{"line":1478,"column":4}},"484":{"start":{"line":1474,"column":3},"end":{"line":1476,"column":4}},"485":{"start":{"line":1475,"column":4},"end":{"line":1475,"column":25}},"486":{"start":{"line":1477,"column":3},"end":{"line":1477,"column":34}},"487":{"start":{"line":1480,"column":2},"end":{"line":1499,"column":4}},"488":{"start":{"line":1482,"column":3},"end":{"line":1484,"column":4}},"489":{"start":{"line":1483,"column":4},"end":{"line":1483,"column":22}},"490":{"start":{"line":1486,"column":12},"end":{"line":1486,"column":47}},"491":{"start":{"line":1488,"column":9},"end":{"line":1490,"column":12}},"492":{"start":{"line":1492,"column":3},"end":{"line":1498,"column":8}},"493":{"start":{"line":1501,"column":2},"end":{"line":1503,"column":4}},"494":{"start":{"line":1502,"column":3},"end":{"line":1502,"column":68}},"495":{"start":{"line":1509,"column":2},"end":{"line":1536,"column":4}},"496":{"start":{"line":1511,"column":16},"end":{"line":1511,"column":18}},"497":{"start":{"line":1512,"column":7},"end":{"line":1512,"column":8}},"498":{"start":{"line":1513,"column":7},"end":{"line":1513,"column":8}},"499":{"start":{"line":1516,"column":3},"end":{"line":1516,"column":44}},"500":{"start":{"line":1517,"column":3},"end":{"line":1517,"column":55}},"501":{"start":{"line":1518,"column":3},"end":{"line":1518,"column":27}},"502":{"start":{"line":1520,"column":3},"end":{"line":1529,"column":4}},"503":{"start":{"line":1521,"column":4},"end":{"line":1525,"column":5}},"504":{"start":{"line":1522,"column":5},"end":{"line":1524,"column":6}},"505":{"start":{"line":1523,"column":6},"end":{"line":1523,"column":29}},"506":{"start":{"line":1526,"column":4},"end":{"line":1528,"column":5}},"507":{"start":{"line":1527,"column":5},"end":{"line":1527,"column":38}},"508":{"start":{"line":1533,"column":3},"end":{"line":1533,"column":20}},"509":{"start":{"line":1535,"column":3},"end":{"line":1535,"column":18}},"510":{"start":{"line":1542,"column":2},"end":{"line":1571,"column":4}},"511":{"start":{"line":1544,"column":9},"end":{"line":1544,"column":11}},"512":{"start":{"line":1545,"column":7},"end":{"line":1545,"column":8}},"513":{"start":{"line":1546,"column":14},"end":{"line":1546,"column":27}},"514":{"start":{"line":1548,"column":3},"end":{"line":1567,"column":4}},"515":{"start":{"line":1550,"column":4},"end":{"line":1553,"column":5}},"516":{"start":{"line":1552,"column":5},"end":{"line":1552,"column":26}},"517":{"start":{"line":1554,"column":10},"end":{"line":1567,"column":4}},"518":{"start":{"line":1557,"column":4},"end":{"line":1564,"column":5}},"519":{"start":{"line":1558,"column":5},"end":{"line":1558,"column":29}},"520":{"start":{"line":1561,"column":5},"end":{"line":1563,"column":6}},"521":{"start":{"line":1562,"column":6},"end":{"line":1562,"column":27}},"522":{"start":{"line":1565,"column":10},"end":{"line":1567,"column":4}},"523":{"start":{"line":1566,"column":4},"end":{"line":1566,"column":26}},"524":{"start":{"line":1570,"column":3},"end":{"line":1570,"column":14}},"525":{"start":{"line":1573,"column":2},"end":{"line":2078,"column":11}},"526":{"start":{"line":1595,"column":5},"end":{"line":1595,"column":55}},"527":{"start":{"line":1598,"column":5},"end":{"line":1598,"column":87}},"528":{"start":{"line":1600,"column":5},"end":{"line":1602,"column":6}},"529":{"start":{"line":1601,"column":6},"end":{"line":1601,"column":38}},"530":{"start":{"line":1604,"column":5},"end":{"line":1604,"column":30}},"531":{"start":{"line":1618,"column":5},"end":{"line":1618,"column":39}},"532":{"start":{"line":1620,"column":5},"end":{"line":1634,"column":6}},"533":{"start":{"line":1622,"column":6},"end":{"line":1624,"column":7}},"534":{"start":{"line":1623,"column":7},"end":{"line":1623,"column":30}},"535":{"start":{"line":1628,"column":6},"end":{"line":1628,"column":108}},"536":{"start":{"line":1629,"column":6},"end":{"line":1629,"column":62}},"537":{"start":{"line":1632,"column":12},"end":{"line":1634,"column":6}},"538":{"start":{"line":1633,"column":6},"end":{"line":1633,"column":29}},"539":{"start":{"line":1636,"column":5},"end":{"line":1636,"column":18}},"540":{"start":{"line":1641,"column":16},"end":{"line":1641,"column":37}},"541":{"start":{"line":1643,"column":5},"end":{"line":1645,"column":6}},"542":{"start":{"line":1644,"column":6},"end":{"line":1644,"column":18}},"543":{"start":{"line":1648,"column":5},"end":{"line":1661,"column":6}},"544":{"start":{"line":1649,"column":6},"end":{"line":1649,"column":44}},"545":{"start":{"line":1652,"column":12},"end":{"line":1661,"column":6}},"546":{"start":{"line":1659,"column":6},"end":{"line":1659,"column":43}},"547":{"start":{"line":1660,"column":6},"end":{"line":1660,"column":43}},"548":{"start":{"line":1664,"column":5},"end":{"line":1664,"column":30}},"549":{"start":{"line":1671,"column":20},"end":{"line":1671,"column":80}},"550":{"start":{"line":1672,"column":5},"end":{"line":1676,"column":7}},"551":{"start":{"line":1673,"column":18},"end":{"line":1673,"column":30}},"552":{"start":{"line":1675,"column":6},"end":{"line":1675,"column":71}},"553":{"start":{"line":1680,"column":19},"end":{"line":1680,"column":46}},"554":{"start":{"line":1682,"column":5},"end":{"line":1686,"column":8}},"555":{"start":{"line":1685,"column":6},"end":{"line":1685,"column":160}},"556":{"start":{"line":1690,"column":5},"end":{"line":1710,"column":7}},"557":{"start":{"line":1691,"column":19},"end":{"line":1691,"column":42}},"558":{"start":{"line":1693,"column":6},"end":{"line":1695,"column":7}},"559":{"start":{"line":1694,"column":7},"end":{"line":1694,"column":32}},"560":{"start":{"line":1696,"column":6},"end":{"line":1698,"column":7}},"561":{"start":{"line":1697,"column":7},"end":{"line":1697,"column":19}},"562":{"start":{"line":1700,"column":6},"end":{"line":1700,"column":19}},"563":{"start":{"line":1702,"column":6},"end":{"line":1709,"column":12}},"564":{"start":{"line":1714,"column":18},"end":{"line":1714,"column":44}},"565":{"start":{"line":1715,"column":15},"end":{"line":1715,"column":40}},"566":{"start":{"line":1716,"column":14},"end":{"line":1716,"column":32}},"567":{"start":{"line":1718,"column":5},"end":{"line":1839,"column":7}},"568":{"start":{"line":1722,"column":6},"end":{"line":1722,"column":31}},"569":{"start":{"line":1727,"column":12},"end":{"line":1727,"column":66}},"570":{"start":{"line":1728,"column":15},"end":{"line":1728,"column":30}},"571":{"start":{"line":1729,"column":13},"end":{"line":1729,"column":50}},"572":{"start":{"line":1730,"column":17},"end":{"line":1730,"column":32}},"573":{"start":{"line":1731,"column":13},"end":{"line":1731,"column":18}},"574":{"start":{"line":1733,"column":6},"end":{"line":1838,"column":7}},"575":{"start":{"line":1736,"column":7},"end":{"line":1751,"column":8}},"576":{"start":{"line":1737,"column":8},"end":{"line":1749,"column":9}},"577":{"start":{"line":1738,"column":9},"end":{"line":1738,"column":21}},"578":{"start":{"line":1739,"column":9},"end":{"line":1746,"column":10}},"579":{"start":{"line":1740,"column":10},"end":{"line":1745,"column":11}},"580":{"start":{"line":1744,"column":11},"end":{"line":1744,"column":24}},"581":{"start":{"line":1748,"column":9},"end":{"line":1748,"column":66}},"582":{"start":{"line":1750,"column":8},"end":{"line":1750,"column":20}},"583":{"start":{"line":1753,"column":7},"end":{"line":1753,"column":64}},"584":{"start":{"line":1756,"column":7},"end":{"line":1833,"column":8}},"585":{"start":{"line":1761,"column":8},"end":{"line":1761,"column":22}},"586":{"start":{"line":1762,"column":8},"end":{"line":1762,"column":59}},"587":{"start":{"line":1766,"column":8},"end":{"line":1767,"column":40}},"588":{"start":{"line":1769,"column":8},"end":{"line":1769,"column":40}},"589":{"start":{"line":1770,"column":8},"end":{"line":1770,"column":53}},"590":{"start":{"line":1771,"column":8},"end":{"line":1771,"column":37}},"591":{"start":{"line":1772,"column":8},"end":{"line":1772,"column":57}},"592":{"start":{"line":1774,"column":8},"end":{"line":1784,"column":9}},"593":{"start":{"line":1780,"column":9},"end":{"line":1783,"column":10}},"594":{"start":{"line":1781,"column":10},"end":{"line":1781,"column":57}},"595":{"start":{"line":1782,"column":10},"end":{"line":1782,"column":16}},"596":{"start":{"line":1788,"column":8},"end":{"line":1801,"column":9}},"597":{"start":{"line":1790,"column":9},"end":{"line":1790,"column":21}},"598":{"start":{"line":1791,"column":9},"end":{"line":1791,"column":60}},"599":{"start":{"line":1795,"column":9},"end":{"line":1796,"column":41}},"600":{"start":{"line":1798,"column":9},"end":{"line":1798,"column":41}},"601":{"start":{"line":1799,"column":9},"end":{"line":1799,"column":54}},"602":{"start":{"line":1800,"column":9},"end":{"line":1800,"column":26}},"603":{"start":{"line":1805,"column":8},"end":{"line":1832,"column":9}},"604":{"start":{"line":1807,"column":9},"end":{"line":1831,"column":10}},"605":{"start":{"line":1810,"column":10},"end":{"line":1830,"column":11}},"606":{"start":{"line":1816,"column":11},"end":{"line":1825,"column":12}},"607":{"start":{"line":1817,"column":12},"end":{"line":1817,"column":63}},"608":{"start":{"line":1821,"column":12},"end":{"line":1822,"column":44}},"609":{"start":{"line":1824,"column":12},"end":{"line":1824,"column":48}},"610":{"start":{"line":1827,"column":11},"end":{"line":1829,"column":12}},"611":{"start":{"line":1828,"column":12},"end":{"line":1828,"column":18}},"612":{"start":{"line":1836,"column":7},"end":{"line":1836,"column":20}},"613":{"start":{"line":1837,"column":7},"end":{"line":1837,"column":72}},"614":{"start":{"line":1848,"column":10},"end":{"line":1849,"column":50}},"615":{"start":{"line":1854,"column":5},"end":{"line":1856,"column":6}},"616":{"start":{"line":1855,"column":6},"end":{"line":1855,"column":26}},"617":{"start":{"line":1859,"column":5},"end":{"line":1874,"column":6}},"618":{"start":{"line":1860,"column":6},"end":{"line":1860,"column":44}},"619":{"start":{"line":1861,"column":6},"end":{"line":1873,"column":8}},"620":{"start":{"line":1864,"column":17},"end":{"line":1864,"column":35}},"621":{"start":{"line":1865,"column":11},"end":{"line":1865,"column":25}},"622":{"start":{"line":1866,"column":7},"end":{"line":1869,"column":8}},"623":{"start":{"line":1867,"column":8},"end":{"line":1867,"column":40}},"624":{"start":{"line":1868,"column":8},"end":{"line":1868,"column":49}},"625":{"start":{"line":1872,"column":7},"end":{"line":1872,"column":32}},"626":{"start":{"line":1876,"column":5},"end":{"line":1876,"column":15}},"627":{"start":{"line":1886,"column":17},"end":{"line":1886,"column":19}},"628":{"start":{"line":1887,"column":15},"end":{"line":1887,"column":17}},"629":{"start":{"line":1888,"column":15},"end":{"line":1888,"column":53}},"630":{"start":{"line":1890,"column":5},"end":{"line":1909,"column":7}},"631":{"start":{"line":1893,"column":18},"end":{"line":1893,"column":46}},"632":{"start":{"line":1894,"column":10},"end":{"line":1894,"column":21}},"633":{"start":{"line":1897,"column":6},"end":{"line":1901,"column":7}},"634":{"start":{"line":1898,"column":7},"end":{"line":1900,"column":8}},"635":{"start":{"line":1899,"column":8},"end":{"line":1899,"column":39}},"636":{"start":{"line":1904,"column":6},"end":{"line":1904,"column":22}},"637":{"start":{"line":1905,"column":6},"end":{"line":1905,"column":41}},"638":{"start":{"line":1907,"column":6},"end":{"line":1907,"column":22}},"639":{"start":{"line":1908,"column":6},"end":{"line":1908,"column":28}},"640":{"start":{"line":1913,"column":5},"end":{"line":1915,"column":7}},"641":{"start":{"line":1914,"column":6},"end":{"line":1914,"column":47}},"642":{"start":{"line":1919,"column":5},"end":{"line":1919,"column":47}},"643":{"start":{"line":1920,"column":5},"end":{"line":1922,"column":7}},"644":{"start":{"line":1921,"column":6},"end":{"line":1921,"column":86}},"645":{"start":{"line":1934,"column":5},"end":{"line":1936,"column":6}},"646":{"start":{"line":1935,"column":6},"end":{"line":1935,"column":48}},"647":{"start":{"line":1937,"column":5},"end":{"line":1937,"column":61}},"648":{"start":{"line":1938,"column":5},"end":{"line":1950,"column":7}},"649":{"start":{"line":1940,"column":6},"end":{"line":1948,"column":64}},"650":{"start":{"line":1941,"column":7},"end":{"line":1947,"column":8}},"651":{"start":{"line":1945,"column":8},"end":{"line":1945,"column":42}},"652":{"start":{"line":1946,"column":8},"end":{"line":1946,"column":71}},"653":{"start":{"line":1949,"column":6},"end":{"line":1949,"column":19}},"654":{"start":{"line":1955,"column":16},"end":{"line":1955,"column":55}},"655":{"start":{"line":1956,"column":5},"end":{"line":1956,"column":46}},"656":{"start":{"line":1960,"column":5},"end":{"line":1960,"column":29}},"657":{"start":{"line":1964,"column":5},"end":{"line":1964,"column":139}},"658":{"start":{"line":1969,"column":5},"end":{"line":1969,"column":36}},"659":{"start":{"line":1973,"column":5},"end":{"line":1973,"column":35}},"660":{"start":{"line":1979,"column":20},"end":{"line":1979,"column":47}},"661":{"start":{"line":1980,"column":5},"end":{"line":1980,"column":95}},"662":{"start":{"line":1986,"column":5},"end":{"line":1988,"column":6}},"663":{"start":{"line":1987,"column":6},"end":{"line":1987,"column":36}},"664":{"start":{"line":1990,"column":5},"end":{"line":1990,"column":35}},"665":{"start":{"line":1999,"column":5},"end":{"line":2003,"column":6}},"666":{"start":{"line":2000,"column":6},"end":{"line":2002,"column":7}},"667":{"start":{"line":2001,"column":7},"end":{"line":2001,"column":20}},"668":{"start":{"line":2004,"column":5},"end":{"line":2004,"column":17}},"669":{"start":{"line":2008,"column":5},"end":{"line":2008,"column":41}},"670":{"start":{"line":2013,"column":5},"end":{"line":2013,"column":40}},"671":{"start":{"line":2017,"column":5},"end":{"line":2017,"column":40}},"672":{"start":{"line":2021,"column":16},"end":{"line":2021,"column":43}},"673":{"start":{"line":2022,"column":5},"end":{"line":2022,"column":76}},"674":{"start":{"line":2027,"column":5},"end":{"line":2032,"column":82}},"675":{"start":{"line":2037,"column":5},"end":{"line":2037,"column":16}},"676":{"start":{"line":2041,"column":5},"end":{"line":2041,"column":25}},"677":{"start":{"line":2045,"column":5},"end":{"line":2045,"column":58}},"678":{"start":{"line":2049,"column":13},"end":{"line":2049,"column":14}},"679":{"start":{"line":2050,"column":5},"end":{"line":2052,"column":6}},"680":{"start":{"line":2051,"column":6},"end":{"line":2051,"column":27}},"681":{"start":{"line":2053,"column":5},"end":{"line":2053,"column":25}},"682":{"start":{"line":2057,"column":13},"end":{"line":2057,"column":14}},"683":{"start":{"line":2058,"column":5},"end":{"line":2060,"column":6}},"684":{"start":{"line":2059,"column":6},"end":{"line":2059,"column":27}},"685":{"start":{"line":2061,"column":5},"end":{"line":2061,"column":25}},"686":{"start":{"line":2065,"column":13},"end":{"line":2065,"column":56}},"687":{"start":{"line":2066,"column":5},"end":{"line":2068,"column":6}},"688":{"start":{"line":2067,"column":6},"end":{"line":2067,"column":27}},"689":{"start":{"line":2069,"column":5},"end":{"line":2069,"column":25}},"690":{"start":{"line":2073,"column":13},"end":{"line":2073,"column":56}},"691":{"start":{"line":2074,"column":5},"end":{"line":2076,"column":6}},"692":{"start":{"line":2075,"column":6},"end":{"line":2075,"column":27}},"693":{"start":{"line":2077,"column":5},"end":{"line":2077,"column":25}},"694":{"start":{"line":2082,"column":2},"end":{"line":2082,"column":43}},"695":{"start":{"line":2085,"column":2},"end":{"line":2087,"column":3}},"696":{"start":{"line":2086,"column":3},"end":{"line":2086,"column":42}},"697":{"start":{"line":2088,"column":2},"end":{"line":2090,"column":3}},"698":{"start":{"line":2089,"column":3},"end":{"line":2089,"column":43}},"699":{"start":{"line":2094,"column":2},"end":{"line":2094,"column":53}},"700":{"start":{"line":2095,"column":2},"end":{"line":2095,"column":37}},"701":{"start":{"line":2097,"column":2},"end":{"line":2162,"column":4}},"702":{"start":{"line":2100,"column":12},"end":{"line":2100,"column":38}},"703":{"start":{"line":2102,"column":3},"end":{"line":2104,"column":4}},"704":{"start":{"line":2103,"column":4},"end":{"line":2103,"column":43}},"705":{"start":{"line":2106,"column":3},"end":{"line":2106,"column":20}},"706":{"start":{"line":2107,"column":3},"end":{"line":2107,"column":15}},"707":{"start":{"line":2108,"column":3},"end":{"line":2108,"column":31}},"708":{"start":{"line":2110,"column":3},"end":{"line":2151,"column":4}},"709":{"start":{"line":2113,"column":4},"end":{"line":2119,"column":5}},"710":{"start":{"line":2114,"column":5},"end":{"line":2117,"column":6}},"711":{"start":{"line":2116,"column":6},"end":{"line":2116,"column":52}},"712":{"start":{"line":2118,"column":5},"end":{"line":2118,"column":30}},"713":{"start":{"line":2121,"column":4},"end":{"line":2121,"column":20}},"714":{"start":{"line":2124,"column":4},"end":{"line":2132,"column":5}},"715":{"start":{"line":2125,"column":5},"end":{"line":2125,"column":29}},"716":{"start":{"line":2126,"column":5},"end":{"line":2129,"column":44}},"717":{"start":{"line":2131,"column":5},"end":{"line":2131,"column":41}},"718":{"start":{"line":2135,"column":4},"end":{"line":2146,"column":5}},"719":{"start":{"line":2136,"column":5},"end":{"line":2145,"column":6}},"720":{"start":{"line":2138,"column":6},"end":{"line":2138,"column":30}},"721":{"start":{"line":2139,"column":6},"end":{"line":2142,"column":25}},"722":{"start":{"line":2144,"column":6},"end":{"line":2144,"column":42}},"723":{"start":{"line":2148,"column":4},"end":{"line":2150,"column":5}},"724":{"start":{"line":2149,"column":5},"end":{"line":2149,"column":11}},"725":{"start":{"line":2156,"column":3},"end":{"line":2161,"column":41}},"726":{"start":{"line":2165,"column":11},"end":{"line":2165,"column":12}},"727":{"start":{"line":2166,"column":9},"end":{"line":2166,"column":22}},"728":{"start":{"line":2167,"column":14},"end":{"line":2167,"column":16}},"729":{"start":{"line":2168,"column":3},"end":{"line":2170,"column":4}},"730":{"start":{"line":2169,"column":4},"end":{"line":2169,"column":32}},"731":{"start":{"line":2171,"column":3},"end":{"line":2171,"column":19}},"732":{"start":{"line":2175,"column":13},"end":{"line":2175,"column":27}},"733":{"start":{"line":2176,"column":22},"end":{"line":2176,"column":50}},"734":{"start":{"line":2177,"column":14},"end":{"line":2177,"column":20}},"735":{"start":{"line":2179,"column":3},"end":{"line":2229,"column":5}},"736":{"start":{"line":2182,"column":4},"end":{"line":2186,"column":5}},"737":{"start
[...]
,0],"668":[0,0],"669":[0,0],"670":[0,0],"671":[0,0],"672":[0,0],"673":[0,0],"674":[0,0],"675":[0,0],"676":[0,0],"677":[0,0],"678":[0,0],"679":[0,0],"680":[0,0],"681":[0,0],"682":[0,0],"683":[0,0],"684":[0,0],"685":[0,0],"686":[0,0],"687":[0,0],"688":[0,0],"689":[0,0,0],"690":[0,0],"691":[0,0,0,0],"692":[0,0],"693":[0,0],"694":[0,0],"695":[0,0],"696":[0,0],"697":[0,0,0],"698":[0,0],"699":[0,0],"700":[0,0,0],"701":[0,0],"702":[0,0],"703":[0,0],"704":[0,0],"705":[0,0],"706":[0,0],"707":[0,0],"708":[0,0],"709":[0,0],"710":[0,0],"711":[0,0],"712":[0,0],"713":[0,1],"714":[1,0],"715":[0,0],"716":[0,0],"717":[0,0],"718":[0,0],"719":[0,0],"720":[0,0],"721":[0,0],"722":[0,0],"723":[0,0],"724":[0,0,0],"725":[0,0],"726":[0,0],"727":[0,0],"728":[0,0],"729":[0,0],"730":[0,0],"731":[0,0],"732":[0,0],"733":[0,0],"734":[0,0],"735":[0,0],"736":[0,0],"737":[0,0],"738":[0,0],"739":[0,0],"740":[0,0],"741":[0,0],"742":[0,0],"743":[0,0],"744":[0,0],"745":[0,0],"746":[0,0],"747":[0,0],"748":[0,0],"749":[0,0],"750":[0,0],"751":[0,0],"752":[0,0],"753":[0,0],"754":[3,0],"755":[0,0],"756":[0,0],"757":[0,0],"758":[0,0],"759":[0,0],"760":[0,0],"761":[0,0],"762":[0,0],"763":[0,0],"764":[0,0],"765":[0,0],"766":[0,0],"767":[0,0],"768":[0,0],"769":[0,0],"770":[0,0],"771":[0,0],"772":[0,0],"773":[0,0,0],"774":[0,0],"775":[0,0],"776":[0,0],"777":[0,0],"778":[0,0],"779":[0,0],"780":[0,0],"781":[0,0],"782":[0,0],"783":[0,0],"784":[0,0],"785":[0,0],"786":[0,0],"787":[0,0],"788":[0,0],"789":[0,0],"790":[0,0],"791":[0,0],"792":[0,0],"793":[0,0],"794":[0,0],"795":[0,0],"796":[0,0],"797":[0,0],"798":[0,0],"799":[0,0],"800":[0,0],"801":[0,0],"802":[0,0],"803":[0,0],"804":[0,0],"805":[0,0],"806":[0,0,0,0,0,0,0,0,0,0],"807":[0,0],"808":[0,0],"809":[0,0],"810":[0,0],"811":[0,0],"812":[0,0],"813":[0,0],"814":[0,0],"815":[0,0],"816":[0,0],"817":[0,0],"818":[0,0],"819":[0,0],"820":[0,0],"821":[0,0],"822":[0,0],"823":[0,0],"824":[0,0],"825":[0,0],"826":[0,0],"827":[0,0],"828":[0,0],"829":[0,0],"830":[0,0,0],"831":[0,0],"832":[0,0,0],"833":[0,0],"834":[0,0],"835":[0,0],"836":[0,0],"837":[0,0,0],"838":[0,0],"839":[0,0],"840":[0,0],"841":[0,0],"842":[0,0],"843":[0,0],"844":[0,0],"845":[0,0],"846":[0,0,0],"847":[0,0],"848":[0,0],"849":[0,0],"850":[0,0],"851":[0,0,0],"852":[0,0],"853":[0,0,0],"854":[0,0],"855":[0,0],"856":[0,0],"857":[0,0],"858":[0,0],"859":[0,0],"860":[0,0],"861":[0,0],"862":[0,0],"863":[0,0],"864":[0,0],"865":[0,0],"866":[0,0],"867":[0,0],"868":[0,0],"869":[0,0],"870":[0,0],"871":[0,0,0,0,0],"872":[0,0],"873":[0,0],"874":[0,0,0],"875":[0,0],"876":[0,0],"877":[0,0],"878":[0,0],"879":[0,0],"880":[0,0],"881":[0,0],"882":[0,0],"883":[0,0],"884":[0,0],"885":[0,0],"886":[0,0],"887":[0,0],"888":[0,0],"889":[0,0],"890":[0,0],"891":[0,0],"892":[0,0],"893":[0,0],"894":[0,0,0,0,0],"895":[0,0,0,0,0],"896":[0,0,0,0,0],"897":[0,0,0,0,0],"898":[0,0],"899":[0,0],"900":[0,0],"901":[0,0],"902":[0,0],"903":[0,0],"904":[0,0],"905":[0,0],"906":[0,0],"907":[0,0],"908":[0,0],"909":[0,0],"910":[0,0],"911":[0,0,0],"912":[0,0],"913":[0,0],"914":[0,0],"915":[1,0],"916":[0,0],"917":[0,0],"918":[0,0],"919":[0,0],"920":[0,0],"921":[0,0],"922":[0,0],"923":[0,0,0],"924":[0,0],"925":[0,0,0],"926":[0,0],"927":[0,0],"928":[0,0],"929":[0,0],"930":[0,0],"931":[0,0],"932":[0,0],"933":[0,0],"934":[0,0,0],"935":[1,0],"936":[0,0],"937":[0,0],"938":[0,0],"939":[0,0],"940":[0,0],"941":[0,0],"942":[0,0],"943":[0,0],"944":[0,0],"945":[1,0],"946":[0,0],"947":[0,0],"948":[0,0],"949":[0,0],"950":[0,0],"951":[0,0],"952":[0,0],"953":[0,0],"954":[0,0],"955":[0,0,0],"956":[0,0],"957":[0,0,0,0,0],"958":[1,0],"959":[0,0],"960":[0,0],"961":[0,0],"962":[0,0],"963":[0,0],"964":[0,0],"965":[0,0,0],"966":[0,0],"967":[0,0],"968":[0,0],"969":[0,0],"970":[0,0],"971":[0,0],"972":[0,0],"973":[0,0],"974":[0,0],"975":[0,0],"976":[0,0],"977":[0,0],"978":[0,0],"979":[0,0],"980":[0,0],"981":[0,0],"982":[0,0],"983":[0,0],"984":[0,0],"985":[0,0],"986":[0,0],"987":[0,0],"988":[0,0],"989":[0,0],"990":[0,0,0],"991":[0,0],"992":[0,0],"993":[0,0],"994":[0,0],"995":[0,0],"996":[0,0],"997":[0,0],"998":[0,0,0,0,0],"999":[0,0],"1000":[0,0],"1001":[0,0],"1002":[0,0],"1003":[0,0],"1004":[0,0],"1005":[0,0],"1006":[0,0],"1007":[0,0],"1008":[0,0,0],"1009":[0,0],"1010":[0,0],"1011":[0,0],"1012":[0,0,0,0],"1013":[0,0],"1014":[0,0],"1015":[0,0],"1016":[0,0],"1017":[0,0],"1018":[0,0],"1019":[0,0],"1020":[0,0,0],"1021":[0,0],"1022":[0,0,0,0,0],"1023":[0,0],"1024":[0,0],"1025":[0,0],"1026":[0,0],"1027":[0,0],"1028":[0,0],"1029":[0,0],"1030":[0,0],"1031":[0,0],"1032":[0,0],"1033":[0,0],"1034":[0,0],"1035":[0,0],"1036":[0,0],"1037":[0,0],"1038":[0,0],"1039":[0,0],"1040":[0,0,0],"1041":[0,0],"1042":[0,0,0],"1043":[0,0],"1044":[0,0,0],"1045":[0,0],"1046":[0,0],"1047":[0,0],"1048":[0,0],"1049":[0,0],"1050":[0,0],"1051":[0,0],"1052":[0,0],"1053":[0,0],"1054":[0,0],"1055":[0,0],"1056":[0,0,0,0,0,0,0],"1057":[0,0],"1058":[0,0],"1059":[0,0],"1060":[0,0],"1061":[0,0],"1062":[0,0],"1063":[0,0],"1064":[0,0],"1065":[0,0],"1066":[0,0],"1067":[0,0],"1068":[0,0],"1069":[0,0],"1070":[0,1],"1071":[1,0,0],"1072":[0,0],"1073":[0,0],"1074":[0,0],"1075":[0,0],"1076":[0,0],"1077":[0,0],"1078":[0,0],"1079":[0,0],"1080":[0,0],"1081":[0,0],"1082":[0,0],"1083":[0,0],"1084":[0,0],"1085":[0,0],"1086":[1,0],"1087":[0,0],"1088":[0,0],"1089":[0,0],"1090":[0,0],"1091":[0,0],"1092":[0,0],"1093":[0,0,0],"1094":[0,0],"1095":[0,0],"1096":[0,0,0],"1097":[0,0],"1098":[0,0],"1099":[0,0],"1100":[0,0],"1101":[0,0],"1102":[0,0,0],"1103":[0,0],"1104":[0,0],"1105":[0,0],"1106":[0,0],"1107":[0,0],"1108":[0,0],"1109":[0,0],"1110":[0,0],"1111":[0,0],"1112":[0,0],"1113":[0,0],"1114":[0,0],"1115":[0,0],"1116":[0,0],"1117":[0,0],"1118":[0,0],"1119":[0,0],"1120":[0,0],"1121":[0,0,0],"1122":[0,0],"1123":[0,0],"1124":[0,0],"1125":[0,0,0],"1126":[0,0],"1127":[0,0],"1128":[0,0],"1129":[0,0],"1130":[0,0],"1131":[0,0],"1132":[0,0],"1133":[0,0],"1134":[0,0],"1135":[0,0],"1136":[0,0],"1137":[0,0],"1138":[0,0],"1139":[0,0],"1140":[0,0],"1141":[0,0],"1142":[0,0],"1143":[0,0],"1144":[0,0],"1145":[0,0],"1146":[0,0,0],"1147":[0,0],"1148":[0,0],"1149":[0,0],"1150":[0,0],"1151":[0,0],"1152":[1,0],"1153":[0,0],"1154":[0,0,0,0],"1155":[0,0],"1156":[0,0],"1157":[0,0],"1158":[0,0],"1159":[0,0],"1160":[0,0,0],"1161":[0,0],"1162":[0,0],"1163":[0,0],"1164":[0,0,0],"1165":[0,0],"1166":[0,0],"1167":[0,0,0],"1168":[0,0],"1169":[0,0,0],"1170":[0,0],"1171":[0,0,0],"1172":[0,0],"1173":[0,0],"1174":[0,0],"1175":[0,0],"1176":[0,0],"1177":[0,0],"1178":[0,0],"1179":[0,0],"1180":[0,0],"1181":[0,0],"1182":[0,0],"1183":[0,0],"1184":[0,0],"1185":[0,0],"1186":[0,0],"1187":[0,0],"1188":[0,0],"1189":[0,0],"1190":[0,0],"1191":[0,1],"1192":[0,0],"1193":[0,0],"1194":[0,0],"1195":[0,0],"1196":[0,0],"1197":[0,0],"1198":[0,0,0,0],"1199":[0,0],"1200":[0,0,0,0],"1201":[0,0],"1202":[0,0,0],"1203":[0,0],"1204":[0,0],"1205":[0,0],"1206":[0,0],"1207":[0,0],"1208":[0,0],"1209":[0,0,0],"1210":[2,1],"1211":[0,0],"1212":[0,0],"1213":[0,0],"1214":[0,0],"1215":[0,0],"1216":[0,0],"1217":[0,0],"1218":[0,0],"1219":[0,0],"1220":[0,0],"1221":[0,0],"1222":[0,0],"1223":[0,0],"1224":[0,0],"1225":[0,0],"1226":[0,0,0],"1227":[0,0],"1228":[0,0],"1229":[0,0],"1230":[0,0],"1231":[0,0,0],"1232":[0,0],"1233":[0,0],"1234":[0,3],"1235":[0,3],"1236":[0,0],"1237":[0,0],"1238":[0,0],"1239":[0,0],"1240":[0,0],"1241":[0,0],"1242":[0,0],"1243":[0,0],"1244":[0,0,0],"1245":[0,0],"1246":[0,0],"1247":[0,0],"1248":[0,0],"1249":[0,0],"1250":[0,0],"1251":[0,0],"1252":[0,0],"1253":[0,0],"1254":[0,0],"1255":[0,0],"1256":[0,0],"1257":[0,0],"1258":[0,0,0],"1259":[0,0,0],"1260":[0,0],"1261":[0,0],"1262":[0,0],"1263":[0,0],"1264":[0,0],"1265":[0,0],"1266":[0,0],"1267":[0,0],"1268":[0,0],"1269":[0,0],"1270":[0,0],"1271":[0,0],"1272":[0,0],"1273":[0,0],"1274":[0,0],"1275":[0,0],"1276":[0,0],"1277":[0,0],"1278":[0,0],"1279":[0,0],"1280":[0,0],"1281":[0,0],"1282":[0,0],"1283":[0,0],"1284":[0,0],"1285":[0,0],"1286":[0,0],"1287":[0,0],"1288":[0,0],"1289":[0,0],"1290":[0,0],"1291":[0,0],"1292":[0,0],"1293":[0,0],"1294":[0],"1295":[0,0],"1296":[0,0,0,0,0],"1297":[0,0,0,0,0],"1298":[0,0],"1299":[0,0],"1300":[0,0],"1301":[0,0],"1302":[0,0],"1303":[0,0],"1304":[0,0],"1305":[0,0],"1306":[0,0],"1307":[0,0],"1308":[0,0],"1309":[0,0],"1310":[0,0],"1311":[0,0],"1312":[0,0],"1313":[0,0],"1314":[0,0],"1315":[0,0],"1316":[0,0],"1317":[0,0],"1318":[0,0,0],"1319":[0,0],"1320":[0,0,0],"1321":[0,0],"1322":[0,0],"1323":[0,0],"1324":[0,0],"1325":[0,0],"1326":[0,0],"1327":[0,0],"1328":[0,0],"1329":[0,0],"1330":[0,0],"1331":[0,0],"1332":[0,0],"1333":[0,0],"1334":[0,0],"1335":[0,0],"1336":[0,0],"1337":[0,0],"1338":[0,0],"1339":[0,0],"1340":[0,0],"1341":[0,0],"1342":[0,0],"1343":[0,0],"1344":[0,0],"1345":[0,0],"1346":[0,0,0],"1347":[0,0],"1348":[0,0],"1349":[0,0],"1350":[0,0],"1351":[0,0],"1352":[0,0],"1353":[0,0],"1354":[0,0],"1355":[0,0],"1356":[0,0],"1357":[0,0,0],"1358":[0,0],"1359":[0,0],"1360":[0,0],"1361":[0,0],"1362":[0,0],"1363":[0,0],"1364":[0,0],"1365":[0,0,0,0,0],"1366":[0,0],"1367":[0,0],"1368":[0,0],"1369":[0,0],"1370":[0,0],"1371":[2,0],"1372":[0,0],"1373":[0,0],"1374":[0,0,0],"1375":[0,0],"1376":[0,0],"1377":[0,0],"1378":[0,0],"1379":[0,0],"1380":[0,0],"1381":[0,0],"1382":[0,0],"1383":[0,0,0],"1384":[0,0],"1385":[0,0,0],"1386":[0,0],"1387":[0,0],"1388":[0,0,0],"1389":[0,0],"1390":[0,0],"1391":[0,0],"1392":[0,0],"1393":[0,0],"1394":[0,0],"1395":[0,0],"1396":[0,0,0],"1397":[0,0],"1398":[0,0],"1399":[0,0],"1400":[0,0,0],"1401":[0,0,0],"1402":[16,16],"1403":[16,0],"1404":[16,16,0],"1405":[0,0],"1406":[0,0],"1407":[0,0],"1408":[0,0],"1409":[0,1],"1410":[1,1],"1411":[0,0],"1412":[0,0],"1413":[0,1],"1414":[0,0],"1415":[0,0],"1416":[0,0],"1417":[0,0],"1418":[0,0],"1419":[0,0],"1420":[0,0],"1421":[0,0],"1422":[0,0],"1423":[0,0],"1424":[0,1],"1425":[0,0],"1426":[0,0],"1427":[0,0],"1428":[0,0,0],"1429":[0,0],"1430":[0,0],"1431":[0,0],"1432":[0,0],"1433":[0,0],"1434":[0,0,0],"1435":[0,0],"1436":[0,0,0],"1437":[0,0],"1438":[0,0],"1439":[0,0,0],"1440":[0,1],"1441":[0,1],"1442":[0,0],"1443":[0,0],"1444":[0,0],"1445":[0,0],"1446":[0,1],"1447":[0,0],"1448":[0,0],"1449":[0,0],"1450":[0,0],"1451":[0,0],"1452":[0,0],"1453":[0,0],"1454":[0,0],"1455":[0,0],"1456":[0,0],"1457":[0,0],"1458":[0,0],"1459":[0,0],"1460":[0,0],"1461":[0,0],"1462":[0,0],"1463":[0,0],"1464":[0,0],"1465":[0,0],"1466":[0,0],"1467":[0,0],"1468":[0,0],"1469":[0,0],"1470":[0,0],"1471":[0,0],"1472":[0,0],"1473":[0,0],"1474":[0,0],"1475":[0,0],"1476":[0,0],"1477":[0,0],"1478":[0,0],"1479":[0,0],"1480":[0,0],"1481":[0,0],"1482":[0,0],"1483":[0,0],"1484":[0,0],"1485":[0,0],"1486":[0,0],"1487":[0,0],"1488":[0,0],"1489":[0,0],"1490":[0,0],"1491":[0,0],"1492":[0,0],"1493":[0,0],"1494":[0,0,0],"1495":[1,0],"1496":[1,3],"1497":[4,0],"1498":[4,0],"1499":[0,5],"1500":[0,0],"1501":[0,0],"1502":[5,5],"1503":[0,0],"1504":[0,0],"1505":[0,0,0],"1506":[0,0],"1507":[0,0,0],"1508":[2,0],"1509":[5,0],"1510":[0,5],"1511":[5,2],"1512":[2,0],"1513":[0,0],"1514":[0,0],"1515":[0,0],"1516":[0,0],"1517":[0,0],"1518":[0,0],"1519":[0,0],"1520":[0,0],"1521":[0,0],"1522":[0,0],"1523":[0,0],"1524":[0,0],"1525":[0,0],"1526":[0,0],"1527":[0,0],"1528":[0,0,0],"1529":[0,0],"1530":[0,0],"1531":[0,0],"1532":[0,0],"1533":[0,0],"1534":[0,0],"1535":[0,0],"1536":[0,0],"1537":[0,0],"1538":[0,0],"1539":[0,0],"1540":[0,0],"1541":[0,0],"1542":[0,0],"1543":[0,0],"1544":[0,2],"1545":[0,0],"1546":[0,0],"1547":[0,0],"1548":[0,0],"1549":[0,0],"1550":[0,0,0],"1551":[0,0],"1552":[0,0],"1553":[0,0],"1554":[0,0],"1555":[0,0],"1556":[0,0],"1557":[0,0],"1558":[0,0],"1559":[0,0],"1560":[0,0],"1561":[0,0],"1562":[0,0],"1563":[0,0,0],"1564":[0,0,0,0],"1565":[0,0],"1566":[0,0],"1567":[0,0],"1568":[0,0,0,0],"1569":[0,0],"1570":[0,0],"1571":[0,0],"1572":[0,0],"1573":[0,0],"1574":[0,0,0],"1575":[0,0],"1576":[0,0],"1577":[0,0],"1578":[0,0],"1579":[0,0],"1580":[0,0],"1581":[0,0],"1582":[0,0],"1583":[0,0],"1584":[0,0],"1585":[0,0],"1586":[0,0],"1587":[0,0],"1588":[0,0],"1589":[0,0,0,0],"1590":[0,0],"1591":[0,0],"1592":[0,0],"1593":[0,0],"1594":[0,0,0],"1595":[0,0],"1596":[0,0],"1597":[0,0],"1598":[0,0],"1599":[0,0],"1600":[0,0],"1601":[0,0],"1602":[0,0],"1603":[0,0],"1604":[0,0],"1605":[0,0,0],"1606":[0,0],"1607":[0,0],"1608":[0,0],"1609":[0,0],"1610":[0,0],"1611":[0,0],"1612":[0,0],"1613":[0,0],"1614":[0,0],"1615":[0,0],"1616":[0,0],"1617":[0,0],"1618":[0,0],"1619":[0,0],"1620":[0,0],"1621":[0,0],"1622":[0,0],"1623":[0,0],"1624":[0,0],"1625":[0,0],"1626":[0,0],"1627":[0,0],"1628":[0,0],"1629":[0,0],"1630":[0,0],"1631":[0,0],"1632":[0,0],"1633":[0,0],"1634":[0,0],"1635":[0,0,0],"1636":[0,0],"1637":[0,0],"1638":[0,0],"1639":[0,0],"1640":[0,0],"1641":[0,0],"1642":[0,0,0],"1643":[0,0],"1644":[0,0],"1645":[0,0],"1646":[0,0],"1647":[0,0],"1648":[0,0],"1649":[0,0],"1650":[0,0],"1651":[0,0],"1652":[0,0],"1653":[0,0,0],"1654":[0,0],"1655":[0,0,0,0,0,0],"1656":[0,0],"1657":[0,0],"1658":[0,1],"1659":[0,0],"1660":[0,0],"1661":[0,0,0],"1662":[0,1],"1663":[1,1],"1664":[1,0],"1665":[0,0],"1666":[0,0],"1667":[0,0],"1668":[0,0],"1669":[0,0],"1670":[0,0],"1671":[0,0],"1672":[0,0],"1673":[0,0,0],"1674":[0,0],"1675":[0,0,0],"1676":[0,0],"1677":[0,0],"1678":[0,0],"1679":[0,0],"1680":[0,0,0],"1681":[0,0],"1682":[0,0],"1683":[0,0],"1684":[0,0],"1685":[0,0],"1686":[0,0],"1687":[0,0],"1688":[0,0],"1689":[0,0],"1690":[0,0,0],"1691":[0,0],"1692":[0,0],"1693":[0,0,0],"1694":[0,0],"1695":[0,0],"1696":[0,0],"1697":[0,0],"1698":[0,0],"1699":[0,0],"1700":[0,0,0,0],"1701":[0,0],"1702":[0,0],"1703":[0,0],"1704":[0,0],"1705":[0,0],"1706":[0,0],"1707":[0,0],"1708":[0,0],"1709":[0,0],"1710":[0,0],"1711":[0,0],"1712":[0,0],"1713":[0,0],"1714":[0,0],"1715":[0,0],"1716":[0,0],"1717":[0,0],"1718":[0,0],"1719":[0,0],"1720":[0,0],"1721":[0,0],"1722":[0,0],"1723":[0,0],"1724":[0,0],"1725":[0,0],"1726":[0],"1727":[0,0],"1728":[0,0],"1729":[0,0],"1730":[0,0],"1731":[0,0],"1732":[0,0],"1733":[0,0],"1734":[0,0],"1735":[0,0],"1736":[0,0],"1737":[0,0,0],"1738":[0,0],"1739":[0,0],"1740":[0,0],"1741":[0,0],"1742":[0,0],"1743":[0,0],"1744":[0,0],"1745":[0,0],"1746":[0,0],"1747":[0,0],"1748":[0,0],"1749":[0,0],"1750":[0,0],"1751":[0,0],"1752":[0,0],"1753":[0,0],"1754":[0,0],"1755":[0,0],"1756":[0,0],"1757":[0,0],"1758":[0,0,0],"1759":[0,0],"1760":[0,0],"1761":[0,0],"1762":[0,0],"1763":[0,0],"1764":[0,0],"1765":[0,0],"1766":[0,0],"1767":[0,0],"1768":[0,0,0],"1769":[0,0],"1770":[0,0],"1771":[0,0],"1772":[0,0],"1773":[0,0],"1774":[0,0],"1775":[0,0],"1776":[0,0],"1777":[0,0],"1778":[0,1],"1779":[1,0],"1780":[0,0],"1781":[0,0],"1782":[0,0],"1783":[0,1]},"_coverageSchema":"332fd63041d2c1bcb487cc26dd0d5f7d97098a6c","hash":"d46168d7f63bf29316b80a2159a8bc64e0f935cf"}
,"/Users/andeladeveloper/Documents/post-it-app/post-it-app/Client/public/style.css": {"path":"/Users/andeladeveloper/Documents/post-it-app/post-it-app/Client/public/style.css","statementMap":{},"fnMap":{},"branchMap":{},"s":{},"f":{},"b":{},"_coverageSchema":"332fd63041d2c1bcb487cc26dd0d5f7d97098a6c","hash":"7e9b1481dd6cf0ebc4488bf67cd86d9a12df0382"}
,"/Users/andeladeveloper/Documents/post-it-app/post-it-app/Client/utils/appAPI.js": {"path":"/Users/andeladeveloper/Documents/post-it-app/post-it-app/Client/utils/appAPI.js","statementMap":{"0":{"start":{"line":1,"column":39},"end":{"line":1,"column":101}},"1":{"start":{"line":1,"column":101},"end":{"line":1,"column":560}},"2":{"start":{"line":10,"column":48},"end":{"line":33,"column":1}},"3":{"start":{"line":35,"column":50},"end":{"line":47,"column":1}},"4":{"start":{"line":49,"column":43},"end":{"line":69,"column":1}},"5":{"start":{"line":71,"column":46},"end":{"line":81,"column":1}},"6":{"start":{"line":83,"column":53},"end":{"line":94,"column":1}},"7":{"start":{"line":96,"column":49},"end":{"line":114,"column":1}},"8":{"start":{"line":117,"column":44},"end":{"line":124,"column":1}},"9":{"start":{"line":126,"column":47},"end":{"line":140,"column":1}},"10":{"start":{"line":142,"column":47},"end":{"line":154,"column":1}},"11":{"start":{"line":156,"column":44},"end":{"line":172,"column":1}},"12":{"start":{"line":174,"column":50},"end":{"line":185,"column":1}},"13":{"start":{"line":187,"column":46},"end":{"line":196,"column":1}},"14":{"start":{"line":198,"column":49},"end":{"line":200,"column":1}},"15":{"start":{"line":202,"column":54},"end":{"line":211,"column":1}},"16":{"start":{"line":213,"column":52},"end":{"line":222,"column":1}},"17":{"start":{"line":224,"column":49},"end":{"line":233,"column":1}},"18":{"start":{"line":235,"column":52},"end":{"line":244,"column":1}}},"fnMap":{"0":{"name":"registerNewUser","decl":{"start":{"line":10,"column":83},"end":{"line":10,"column":98}},"loc":{"start":{"line":10,"column":105},"end":{"line":33,"column":1}},"line":10},"1":{"name":"updateUserProfile","decl":{"start":{"line":35,"column":87},"end":{"line":35,"column":104}},"loc":{"start":{"line":35,"column":111},"end":{"line":47,"column":1}},"line":35},"2":{"name":"signinUser","decl":{"start":{"line":49,"column":73},"end":{"line":49,"column":83}},"loc":{"start":{"line":49,"column":90},"end":{"line":69,"column":1}},"line":49},"3":{"name":"resetPassword","decl":{"start":{"line":71,"column":79},"end":{"line":71,"column":92}},"loc":{"start":{"line":71,"column":107},"end":{"line":81,"column":1}},"line":71},"4":{"name":"confirmResetPassword","decl":{"start":{"line":83,"column":93},"end":{"line":83,"column":113}},"loc":{"start":{"line":83,"column":127},"end":{"line":94,"column":1}},"line":83},"5":{"name":"signinGoogleUser","decl":{"start":{"line":96,"column":85},"end":{"line":96,"column":101}},"loc":{"start":{"line":96,"column":111},"end":{"line":114,"column":1}},"line":96},"6":{"name":"signoutUser","decl":{"start":{"line":117,"column":75},"end":{"line":117,"column":86}},"loc":{"start":{"line":117,"column":89},"end":{"line":124,"column":1}},"line":117},"7":{"name":"createNewGroup","decl":{"start":{"line":126,"column":81},"end":{"line":126,"column":95}},"loc":{"start":{"line":126,"column":103},"end":{"line":140,"column":1}},"line":126},"8":{"name":"addUserToGroup","decl":{"start":{"line":142,"column":81},"end":{"line":142,"column":95}},"loc":{"start":{"line":142,"column":102},"end":{"line":154,"column":1}},"line":142},"9":{"name":"postMessage","decl":{"start":{"line":156,"column":75},"end":{"line":156,"column":86}},"loc":{"start":{"line":156,"column":96},"end":{"line":172,"column":1}},"line":156},"10":{"name":"updateMessageFlag","decl":{"start":{"line":174,"column":87},"end":{"line":174,"column":104}},"loc":{"start":{"line":174,"column":119},"end":{"line":185,"column":1}},"line":174},"11":{"name":"getUserGroups","decl":{"start":{"line":187,"column":79},"end":{"line":187,"column":92}},"loc":{"start":{"line":187,"column":101},"end":{"line":196,"column":1}},"line":187},"12":{"name":"getGroupMessages","decl":{"start":{"line":198,"column":85},"end":{"line":198,"column":101}},"loc":{"start":{"line":198,"column":113},"end":{"line":200,"column":1}},"line":198},"13":{"name":"getQuickGroupMessages","decl":{"start":{"line":202,"column":95},"end":{"line":202,"column":116}},"loc":{"start":{"line":202,"column":128},"end":{"line":211,"column":1}},"line":202},"14":{"name":"getUsersReadMessage","decl":{"start":{"line":213,"column":91},"end":{"line":213,"column":110}},"loc":{"start":{"line":213,"column":117},"end":{"line":222,"column":1}},"line":213},"15":{"name":"getUsersInGroups","decl":{"start":{"line":224,"column":85},"end":{"line":224,"column":101}},"loc":{"start":{"line":224,"column":109},"end":{"line":233,"column":1}},"line":224},"16":{"name":"getUsersNotInGroups","decl":{"start":{"line":235,"column":91},"end":{"line":235,"column":110}},"loc":{"start":{"line":235,"column":118},"end":{"line":244,"column":1}},"line":235}},"branchMap":{},"s":{"0":1,"1":1,"2":1,"3":1,"4":1,"5":1,"6":1,"7":1,"8":1,"9":1,"10":1,"11":1,"12":1,"13":1,"14":1,"15":1,"16":1,"17":1,"18":1},"f":{"0":0,"1":0,"2":0,"3":0,"4":0,"5":0,"6":0,"7":0,"8":0,"9":0,"10":0,"11":0,"12":0,"13":0,"14":0,"15":0,"16":0},"b":{},"_coverageSchema":"332fd63041d2c1bcb487cc26dd0d5f7d97098a6c","hash":"9be286e1e0bb947c8604d900a35ef0cf2e15e788"}
}
