TN:
SF:/Users/andeladeveloper/Documents/post-it-app/post-it-app/Client/actions/AppActions.js
FN:2,_interopRequireDefault
FN:6,login
FN:14,registerUser
FN:22,receiveErrors
FN:30,updateUserProfile
FN:37,receiveSuccess
FN:45,createGroup
FN:53,addUserToGroup
FN:62,addMessage
FN:70,updateMessageFlags
FN:78,signOutUser
FN:86,registerGoogleUser
FN:94,receiveUserInGroupResults
FN:102,receiveUserNotInGroupResults
FN:110,receiveGroupMessages
FN:118,receiveUserReadMessages
FN:126,receiveUserGroups
FN:134,receiveAuthenticatedUser
FN:142,resetPassword
FN:150,confirmPasswordReset
FN:158,selectGroup
FNF:21
FNH:1
FNDA:2,_interopRequireDefault
FNDA:0,login
FNDA:0,registerUser
FNDA:0,receiveErrors
FNDA:0,updateUserProfile
FNDA:0,receiveSuccess
FNDA:0,createGroup
FNDA:0,addUserToGroup
FNDA:0,addMessage
FNDA:0,updateMessageFlags
FNDA:0,signOutUser
FNDA:0,registerGoogleUser
FNDA:0,receiveUserInGroupResults
FNDA:0,receiveUserNotInGroupResults
FNDA:0,receiveGroupMessages
FNDA:0,receiveUserReadMessages
FNDA:0,receiveUserGroups
FNDA:0,receiveAuthenticatedUser
FNDA:0,resetPassword
FNDA:0,confirmPasswordReset
FNDA:0,selectGroup
DA:1,1
DA:2,2
DA:4,1
LF:3
LH:3
BRDA:2,0,0,1
BRDA:2,0,1,1
BRDA:2,1,0,2
BRDA:2,1,1,2
BRF:4
BRH:4
end_of_record
TN:
SF:/Users/andeladeveloper/Documents/post-it-app/post-it-app/Client/components/Group.jsx
FN:1,(anonymous_0)
FN:1,defineProperties
FN:1,(anonymous_2)
FN:17,_classCallCheck
FN:17,_possibleConstructorReturn
FN:17,_inherits
FNF:6
FNH:6
FNDA:1,(anonymous_0)
FNDA:2,defineProperties
FNDA:2,(anonymous_2)
FNDA:3,_classCallCheck
FNDA:3,_possibleConstructorReturn
FNDA:1,_inherits
DA:1,2
DA:17,3
DA:19,1
DA:20,1
LF:4
LH:4
BRDA:1,0,0,2
BRDA:1,0,1,2
BRDA:1,1,0,2
BRDA:1,1,1,0
BRDA:1,2,0,2
BRDA:1,2,1,0
BRDA:1,3,0,0
BRDA:1,3,1,2
BRDA:17,4,0,0
BRDA:17,4,1,3
BRDA:17,5,0,0
BRDA:17,5,1,3
BRDA:17,6,0,0
BRDA:17,6,1,3
BRDA:17,7,0,3
BRDA:17,7,1,0
BRDA:17,7,2,0
BRDA:17,8,0,0
BRDA:17,8,1,1
BRDA:17,9,0,1
BRDA:17,9,1,0
BRDA:17,10,0,1
BRDA:17,10,1,1
BRDA:17,11,0,1
BRDA:17,11,1,0
BRDA:17,12,0,1
BRDA:17,12,1,0
BRF:27
BRH:15
end_of_record
TN:
SF:/Users/andeladeveloper/Documents/post-it-app/post-it-app/Client/constants/AppConstants.js
FNF:0
FNH:0
DA:1,1
LF:1
LH:1
BRF:0
BRH:0
end_of_record
TN:
SF:/Users/andeladeveloper/Documents/post-it-app/post-it-app/Client/dispatcher/AppDispatcher.js
FN:2,_interopRequireDefault
FN:5,handleViewAction
FNF:2
FNH:1
FNDA:1,_interopRequireDefault
FNDA:0,handleViewAction
DA:1,1
DA:2,1
DA:4,1
DA:6,0
DA:10,0
LF:5
LH:3
BRDA:2,0,0,0
BRDA:2,0,1,1
BRDA:2,1,0,1
BRDA:2,1,1,1
BRF:4
BRH:3
end_of_record
TN:
SF:/Users/andeladeveloper/Documents/post-it-app/post-it-app/Client/public/jquery.js
FN:1,(anonymous_0)
FN:1,(anonymous_1)
FN:15,(anonymous_2)
FN:27,(anonymous_3)
FN:38,(anonymous_4)
FN:71,jQuery
FN:87,fcamelCase
FN:104,toArray
FN:110,get
FN:122,pushStack
FN:136,each
FN:140,map
FN:141,(anonymous_12)
FN:146,slice
FN:150,first
FN:154,last
FN:158,eq
FN:164,end
FN:175,(anonymous_18)
FN:252,error
FN:256,noop
FN:261,isFunction
FN:265,(anonymous_22)
FN:269,isWindow
FN:274,isNumeric
FN:284,isEmptyObject
FN:292,isPlainObject
FN:331,type
FN:342,globalEval
FN:348,(anonymous_29)
FN:356,camelCase
FN:360,nodeName
FN:364,each
FN:386,trim
FN:393,makeArray
FN:410,inArray
FN:433,merge
FN:455,grep
FN:475,map
FN:511,proxy
FN:528,proxy
FN:538,now
FN:559,(anonymous_42)
FN:563,isArrayLike
FN:590,(anonymous_44)
FN:622,sortOrder
FN:641,indexOf
FN:721,funescape
FN:739,unloadHandler
FN:756,(anonymous_49)
FN:762,(anonymous_50)
FN:772,Sizzle
FN:912,createCache
FN:915,cache
FN:930,markFunction
FN:939,assert
FN:961,addHandle
FN:976,siblingCheck
FN:1003,createInputPseudo
FN:1004,(anonymous_59)
FN:1014,createButtonPseudo
FN:1015,(anonymous_61)
FN:1025,createPositionalPseudo
FN:1026,(anonymous_63)
FN:1028,(anonymous_64)
FN:1048,testContext
FN:1060,(anonymous_66)
FN:1072,(anonymous_67)
FN:1105,(anonymous_68)
FN:1114,(anonymous_69)
FN:1126,(anonymous_70)
FN:1133,(anonymous_71)
FN:1139,(anonymous_72)
FN:1141,(anonymous_73)
FN:1150,(anonymous_74)
FN:1152,(anonymous_75)
FN:1162,(anonymous_76)
FN:1172,(anonymous_77)
FN:1193,(anonymous_78)
FN:1217,(anonymous_79)
FN:1261,(anonymous_80)
FN:1292,(anonymous_81)
FN:1315,(anonymous_82)
FN:1324,(anonymous_83)
FN:1340,(anonymous_84)
FN:1381,(anonymous_85)
FN:1438,(anonymous_86)
FN:1442,(anonymous_87)
FN:1472,(anonymous_88)
FN:1480,(anonymous_89)
FN:1501,(anonymous_90)
FN:1509,(anonymous_91)
FN:1542,(anonymous_92)
FN:1594,ATTR
FN:1607,CHILD
FN:1639,PSEUDO
FN:1670,TAG
FN:1673,(anonymous_97)
FN:1674,(anonymous_98)
FN:1679,CLASS
FN:1684,(anonymous_100)
FN:1689,ATTR
FN:1690,(anonymous_102)
FN:1713,CHILD
FN:1721,(anonymous_104)
FN:1725,(anonymous_105)
FN:1842,PSEUDO
FN:1862,(anonymous_107)
FN:1871,(anonymous_108)
FN:1882,(anonymous_109)
FN:1891,(anonymous_110)
FN:1903,(anonymous_111)
FN:1912,(anonymous_112)
FN:1913,(anonymous_113)
FN:1918,(anonymous_114)
FN:1920,(anonymous_115)
FN:1932,(anonymous_116)
FN:1938,(anonymous_117)
FN:1954,target
FN:1959,root
FN:1963,focus
FN:1968,enabled
FN:1972,disabled
FN:1976,checked
FN:1983,selected
FN:1994,empty
FN:2007,parent
FN:2012,header
FN:2016,input
FN:2020,button
FN:2025,text
FN:2036,(anonymous_131)
FN:2040,(anonymous_132)
FN:2044,(anonymous_133)
FN:2048,(anonymous_134)
FN:2056,(anonymous_135)
FN:2064,(anonymous_136)
FN:2072,(anonymous_137)
FN:2093,setFilters
FN:2097,(anonymous_139)
FN:2164,toSelector
FN:2174,addCombinator
FN:2181,(anonymous_142)
FN:2190,(anonymous_143)
FN:2232,elementMatcher
FN:2234,(anonymous_145)
FN:2246,multipleContexts
FN:2255,condense
FN:2276,setMatcher
FN:2283,(anonymous_149)
FN:2369,matcherFromTokens
FN:2377,(anonymous_151)
FN:2380,(anonymous_152)
FN:2383,(anonymous_153)
FN:2427,matcherFromGroupMatchers
FN:2430,superMatcher
FN:2538,(anonymous_156)
FN:2577,(anonymous_157)
FN:2662,(anonymous_158)
FN:2670,(anonymous_159)
FN:2674,(anonymous_160)
FN:2683,(anonymous_161)
FN:2688,(anonymous_162)
FN:2697,(anonymous_163)
FN:2700,(anonymous_164)
FN:2727,dir
FN:2743,_siblings
FN:2765,winnow
FN:2767,(anonymous_168)
FN:2775,(anonymous_169)
FN:2789,(anonymous_170)
FN:2794,(anonymous_171)
FN:2803,(anonymous_172)
FN:2809,find
FN:2816,(anonymous_174)
FN:2834,filter
FN:2837,not
FN:2840,is
FN:2866,(anonymous_178)
FN:2999,has
FN:3004,(anonymous_180)
FN:3013,closest
FN:3044,index
FN:3063,add
FN:3071,addBack
FN:3078,sibling
FN:3087,parent
FN:3091,parents
FN:3094,parentsUntil
FN:3097,next
FN:3100,prev
FN:3103,nextAll
FN:3106,prevAll
FN:3109,nextUntil
FN:3112,prevUntil
FN:3115,siblings
FN:3118,children
FN:3121,contents
FN:3126,(anonymous_198)
FN:3127,(anonymous_199)
FN:3159,createOptions
FN:3161,(anonymous_201)
FN:3189,(anonymous_202)
FN:3219,fire
FN:3267,add
FN:3276,add
FN:3277,(anonymous_206)
FN:3298,remove
FN:3299,(anonymous_208)
FN:3315,has
FN:3322,empty
FN:3332,disable
FN:3337,disabled
FN:3344,lock
FN:3351,locked
FN:3356,fireWith
FN:3369,fire
FN:3375,fired
FN:3386,Deferred
FN:3396,state
FN:3399,always
FN:3403,then
FN:3405,(anonymous_222)
FN:3406,(anonymous_223)
FN:3410,(anonymous_224)
FN:3431,promise
FN:3441,(anonymous_226)
FN:3450,(anonymous_227)
FN:3460,(anonymous_228)
FN:3480,when
FN:3494,updateFunc
FN:3495,(anonymous_231)
FN:3539,(anonymous_232)
FN:3557,holdReady
FN:3566,ready
FN:3595,detach
FN:3609,completed
FN:3621,(anonymous_237)
FN:3663,doScrollCheck
FN:3707,(anonymous_239)
FN:3747,(anonymous_240)
FN:3761,acceptData
FN:3779,dataAttr
FN:3813,isEmptyDataObject
FN:3829,internalData
FN:3921,internalRemoveData
FN:4025,hasData
FN:4030,data
FN:4034,removeData
FN:4039,_data
FN:4043,_removeData
FN:4049,data
FN:4085,(anonymous_252)
FN:4093,(anonymous_253)
FN:4102,removeData
FN:4103,(anonymous_255)
FN:4111,queue
FN:4130,dequeue
FN:4137,next
FN:4167,_queueHooks
FN:4170,(anonymous_260)
FN:4179,queue
FN:4194,(anonymous_262)
FN:4205,dequeue
FN:4206,(anonymous_264)
FN:4210,clearQueue
FN:4216,promise
FN:4222,resolve
FN:4247,(anonymous_268)
FN:4250,(anonymous_269)
FN:4303,isHidden
FN:4314,adjustCSS
FN:4319,(anonymous_272)
FN:4320,(anonymous_273)
FN:4375,access
FN:4405,fn
FN:4444,createSafeFragment
FN:4459,(anonymous_277)
FN:4548,getAll
FN:4577,setGlobalEval
FN:4593,fixDefaultChecked
FN:4599,buildFragment
FN:4732,(anonymous_282)
FN:4759,returnTrue
FN:4763,returnFalse
FN:4769,safeActiveElement
FN:4775,_on
FN:4821,fn
FN:4831,(anonymous_288)
FN:4844,add
FN:4872,(anonymous_290)
FN:4964,remove
FN:5041,trigger
FN:5186,dispatch
FN:5246,handlers
FN:5299,fix
FN:5353,filter
FN:5367,filter
FN:5412,trigger
FN:5428,trigger
FN:5439,trigger
FN:5447,_default
FN:5453,postDispatch
FN:5465,simulate
FN:5493,(anonymous_304)
FN:5500,(anonymous_305)
FN:5516,(anonymous_306)
FN:5563,preventDefault
FN:5581,stopPropagation
FN:5599,stopImmediatePropagation
FN:5625,(anonymous_310)
FN:5630,handle
FN:5652,setup
FN:5660,(anonymous_313)
FN:5674,(anonymous_314)
FN:5684,postDispatch
FN:5695,teardown
FN:5713,setup
FN:5721,(anonymous_318)
FN:5726,(anonymous_319)
FN:5739,(anonymous_320)
FN:5743,(anonymous_321)
FN:5753,handle
FN:5764,teardown
FN:5781,(anonymous_324)
FN:5784,handler
FN:5789,setup
FN:5798,teardown
FN:5815,on
FN:5818,one
FN:5821,off
FN:5853,(anonymous_331)
FN:5858,trigger
FN:5859,(anonymous_333)
FN:5863,triggerHandler
FN:5890,manipulationTarget
FN:5900,disableScript
FN:5904,restoreScript
FN:5914,cloneCopyEvent
FN:5941,fixCloneNodeIssues
FN:6009,domManip
FN:6026,(anonymous_341)
FN:6106,_remove
FN:6129,htmlPrefilter
FN:6133,clone
FN:6191,cleanData
FN:6250,detach
FN:6254,remove
FN:6258,text
FN:6259,(anonymous_349)
FN:6268,append
FN:6269,(anonymous_351)
FN:6277,prepend
FN:6278,(anonymous_353)
FN:6286,before
FN:6287,(anonymous_355)
FN:6294,after
FN:6295,(anonymous_357)
FN:6302,empty
FN:6328,clone
FN:6332,(anonymous_360)
FN:6337,html
FN:6338,(anonymous_362)
FN:6380,replaceWith
FN:6384,(anonymous_364)
FN:6405,(anonymous_365)
FN:6406,(anonymous_366)
FN:6442,actualDisplay
FN:6458,defaultDisplay
FN:6493,swap
FN:6518,(anonymous_370)
FN:6555,reliableHiddenOffsets
FN:6562,boxSizingReliable
FN:6572,pixelMarginRight
FN:6581,pixelPosition
FN:6588,reliableMarginRight
FN:6597,reliableMarginLeft
FN:6607,computeStyleTests
FN:6697,getStyles
FN:6711,curCSS
FN:6761,getStyles
FN:6765,curCSS
FN:6819,addGetHookIf
FN:6823,get
FN:6862,vendorPropName
FN:6881,showHide
FN:6938,setPositiveNumber
FN:6947,augmentWidthOrHeight
FN:6991,getWidthOrHeight
FN:7043,get
FN:7080,style
FN:7153,css
FN:7189,(anonymous_392)
FN:7191,get
FN:7198,(anonymous_394)
FN:7205,set
FN:7223,get
FN:7233,set
FN:7271,(anonymous_398)
FN:7280,(anonymous_399)
FN:7291,(anonymous_400)
FN:7306,(anonymous_401)
FN:7308,expand
FN:7330,css
FN:7331,(anonymous_404)
FN:7352,show
FN:7355,hide
FN:7358,toggle
FN:7363,(anonymous_408)
FN:7374,Tween
FN:7381,init
FN:7390,cur
FN:7397,run
FN:7427,get
FN:7446,set
FN:7467,set
FN:7475,linear
FN:7478,swing
FN:7498,createFxNow
FN:7499,(anonymous_419)
FN:7506,genFx
FN:7526,createTween
FN:7540,defaultPrefilter
FN:7555,(anonymous_423)
FN:7563,(anonymous_424)
FN:7567,(anonymous_425)
FN:7608,(anonymous_426)
FN:7656,(anonymous_427)
FN:7660,(anonymous_428)
FN:7685,propFilter
FN:7722,Animation
FN:7727,(anonymous_431)
FN:7732,tick
FN:7771,createTween
FN:7777,stop
FN:7841,(anonymous_435)
FN:7848,tweener
FN:7869,prefilter
FN:7878,(anonymous_438)
FN:7898,(anonymous_439)
FN:7912,fadeTo
FN:7920,animate
FN:7923,doAnimation
FN:7939,stop
FN:7940,stopQueue
FN:7955,(anonymous_445)
FN:7991,finish
FN:7995,(anonymous_447)
FN:8034,(anonymous_448)
FN:8036,(anonymous_449)
FN:8051,(anonymous_450)
FN:8052,(anonymous_451)
FN:8058,(anonymous_452)
FN:8080,(anonymous_453)
FN:8091,(anonymous_454)
FN:8097,(anonymous_455)
FN:8113,(anonymous_456)
FN:8117,(anonymous_457)
FN:8119,(anonymous_458)
FN:8126,(anonymous_459)
FN:8193,val
FN:8226,(anonymous_461)
FN:8245,(anonymous_462)
FN:8263,get
FN:8276,get
FN:8317,set
FN:8358,(anonymous_466)
FN:8360,set
FN:8367,(anonymous_468)
FN:8383,attr
FN:8387,removeAttr
FN:8388,(anonymous_471)
FN:8395,attr
FN:8444,set
FN:8461,removeAttr
FN:8497,set
FN:8517,(anonymous_476)
FN:8521,(anonymous_477)
FN:8536,(anonymous_478)
FN:8549,set
FN:8569,set
FN:8590,(anonymous_481)
FN:8601,get
FN:8613,set
FN:8620,(anonymous_484)
FN:8622,set
FN:8634,get
FN:8641,set
FN:8654,prop
FN:8658,removeProp
FN:8660,(anonymous_490)
FN:8672,prop
FN:8706,get
FN:8735,(anonymous_493)
FN:8737,get
FN:8752,get
FN:8765,set
FN:8789,(anonymous_497)
FN:8803,getClass
FN:8808,addClass
FN:8813,(anonymous_500)
FN:8846,removeClass
FN:8851,(anonymous_502)
FN:8892,toggleClass
FN:8900,(anonymous_504)
FN:8908,(anonymous_505)
FN:8950,hasClass
FN:8977,(anonymous_507)
FN:8980,(anonymous_508)
FN:8988,hover
FN:9004,(anonymous_510)
FN:9020,(anonymous_511)
FN:9050,(anonymous_512)
FN:9115,addToPrefiltersOrTransports
FN:9118,(anonymous_514)
FN:9149,inspectPrefiltersOrTransports
FN:9154,inspect
FN:9157,(anonymous_517)
FN:9178,ajaxExtend
FN:9198,ajaxHandleResponses
FN:9255,ajaxConvert
FN:9430,ajaxSetup
FN:9444,ajax
FN:9514,getResponseHeader
FN:9529,getAllResponseHeaders
FN:9534,setRequestHeader
FN:9544,overrideMimeType
FN:9552,statusCode
FN:9571,abort
FN:9731,(anonymous_529)
FN:9753,done
FN:9870,getJSON
FN:9874,getScript
FN:9879,(anonymous_533)
FN:9880,(anonymous_534)
FN:9901,(anonymous_535)
FN:9917,wrapAll
FN:9919,(anonymous_537)
FN:9933,(anonymous_538)
FN:9947,wrapInner
FN:9949,(anonymous_540)
FN:9954,(anonymous_541)
FN:9967,wrap
FN:9970,(anonymous_543)
FN:9975,unwrap
FN:9976,(anonymous_545)
FN:9985,getDisplay
FN:9989,filterHidden
FN:10004,(anonymous_548)
FN:10014,(anonymous_549)
FN:10027,buildParams
FN:10033,(anonymous_551)
FN:10067,(anonymous_552)
FN:10070,add
FN:10086,(anonymous_554)
FN:10104,serialize
FN:10107,serializeArray
FN:10108,(anonymous_557)
FN:10114,(anonymous_558)
FN:10122,(anonymous_559)
FN:10128,(anonymous_560)
FN:10142,(anonymous_561)
FN:10180,(anonymous_562)
FN:10194,(anonymous_563)
FN:10202,send
FN:10257,callback
FN:10335,abort
FN:10346,createStandardXHR
FN:10352,createActiveXHR
FN:10371,textScript
FN:10379,(anonymous_570)
FN:10390,(anonymous_571)
FN:10400,send
FN:10413,(anonymous_573)
FN:10440,abort
FN:10458,jsonpCallback
FN:10466,(anonymous_576)
FN:10493,(anonymous_577)
FN:10505,(anonymous_578)
FN:10510,(anonymous_579)
FN:10551,(anonymous_580)
FN:10585,(anonymous_581)
FN:10622,(anonymous_582)
FN:10639,(anonymous_583)
FN:10640,(anonymous_584)
FN:10660,(anonymous_585)
FN:10661,(anonymous_586)
FN:10669,(anonymous_587)
FN:10670,(anonymous_588)
FN:10682,getWindow
FN:10691,setOffset
FN:10741,offset
FN:10745,(anonymous_592)
FN:10778,position
FN:10818,offsetParent
FN:10819,(anonymous_595)
FN:10832,(anonymous_596)
FN:10835,(anonymous_597)
FN:10836,(anonymous_598)
FN:10863,(anonymous_599)
FN:10865,(anonymous_600)
FN:10880,(anonymous_601)
FN:10882,(anonymous_602)
FN:10885,(anonymous_603)
FN:10889,(anonymous_604)
FN:10930,bind
FN:10933,unbind
FN:10937,delegate
FN:10940,undelegate
FN:10950,(anonymous_609)
FN:10973,(anonymous_610)
FN:10988,(anonymous_611)
FNF:612
FNH:76
FNDA:93,(anonymous_0)
FNDA:0,(anonymous_1)
FNDA:1,(anonymous_2)
FNDA:0,(anonymous_3)
FNDA:1,(anonymous_4)
FNDA:3,jQuery
FNDA:0,fcamelCase
FNDA:0,toArray
FNDA:0,get
FNDA:0,pushStack
FNDA:0,each
FNDA:0,map
FNDA:0,(anonymous_12)
FNDA:0,slice
FNDA:0,first
FNDA:0,last
FNDA:0,eq
FNDA:0,end
FNDA:36,(anonymous_18)
FNDA:0,error
FNDA:0,noop
FNDA:14,isFunction
FNDA:0,(anonymous_22)
FNDA:34,isWindow
FNDA:0,isNumeric
FNDA:0,isEmptyObject
FNDA:11,isPlainObject
FNDA:53,type
FNDA:0,globalEval
FNDA:0,(anonymous_29)
FNDA:0,camelCase
FNDA:0,nodeName
FNDA:27,each
FNDA:0,trim
FNDA:1,makeArray
FNDA:0,inArray
FNDA:0,merge
FNDA:0,grep
FNDA:0,map
FNDA:0,proxy
FNDA:0,proxy
FNDA:1,now
FNDA:10,(anonymous_42)
FNDA:28,isArrayLike
FNDA:1,(anonymous_44)
FNDA:18,sortOrder
FNDA:0,indexOf
FNDA:0,funescape
FNDA:0,unloadHandler
FNDA:0,(anonymous_49)
FNDA:0,(anonymous_50)
FNDA:0,Sizzle
FNDA:3,createCache
FNDA:0,cache
FNDA:11,markFunction
FNDA:7,assert
FNDA:0,addHandle
FNDA:0,siblingCheck
FNDA:5,createInputPseudo
FNDA:0,(anonymous_59)
FNDA:2,createButtonPseudo
FNDA:0,(anonymous_61)
FNDA:7,createPositionalPseudo
FNDA:0,(anonymous_63)
FNDA:0,(anonymous_64)
FNDA:0,testContext
FNDA:1,(anonymous_66)
FNDA:1,(anonymous_67)
FNDA:1,(anonymous_68)
FNDA:1,(anonymous_69)
FNDA:1,(anonymous_70)
FNDA:0,(anonymous_71)
FNDA:0,(anonymous_72)
FNDA:0,(anonymous_73)
FNDA:0,(anonymous_74)
FNDA:0,(anonymous_75)
FNDA:0,(anonymous_76)
FNDA:0,(anonymous_77)
FNDA:0,(anonymous_78)
FNDA:0,(anonymous_79)
FNDA:0,(anonymous_80)
FNDA:0,(anonymous_81)
FNDA:0,(anonymous_82)
FNDA:0,(anonymous_83)
FNDA:0,(anonymous_84)
FNDA:0,(anonymous_85)
FNDA:0,(anonymous_86)
FNDA:0,(anonymous_87)
FNDA:0,(anonymous_88)
FNDA:0,(anonymous_89)
FNDA:0,(anonymous_90)
FNDA:0,(anonymous_91)
FNDA:0,(anonymous_92)
FNDA:0,ATTR
FNDA:0,CHILD
FNDA:0,PSEUDO
FNDA:0,TAG
FNDA:0,(anonymous_97)
FNDA:0,(anonymous_98)
FNDA:0,CLASS
FNDA:0,(anonymous_100)
FNDA:0,ATTR
FNDA:0,(anonymous_102)
FNDA:0,CHILD
FNDA:0,(anonymous_104)
FNDA:0,(anonymous_105)
FNDA:0,PSEUDO
FNDA:0,(anonymous_107)
FNDA:0,(anonymous_108)
FNDA:0,(anonymous_109)
FNDA:0,(anonymous_110)
FNDA:0,(anonymous_111)
FNDA:0,(anonymous_112)
FNDA:0,(anonymous_113)
FNDA:0,(anonymous_114)
FNDA:0,(anonymous_115)
FNDA:0,(anonymous_116)
FNDA:0,(anonymous_117)
FNDA:0,target
FNDA:0,root
FNDA:0,focus
FNDA:0,enabled
FNDA:0,disabled
FNDA:0,checked
FNDA:0,selected
FNDA:0,empty
FNDA:0,parent
FNDA:0,header
FNDA:0,input
FNDA:0,button
FNDA:0,text
FNDA:0,(anonymous_131)
FNDA:0,(anonymous_132)
FNDA:0,(anonymous_133)
FNDA:0,(anonymous_134)
FNDA:0,(anonymous_135)
FNDA:0,(anonymous_136)
FNDA:0,(anonymous_137)
FNDA:1,setFilters
FNDA:0,(anonymous_139)
FNDA:0,toSelector
FNDA:0,addCombinator
FNDA:0,(anonymous_142)
FNDA:0,(anonymous_143)
FNDA:0,elementMatcher
FNDA:0,(anonymous_145)
FNDA:0,multipleContexts
FNDA:0,condense
FNDA:0,setMatcher
FNDA:0,(anonymous_149)
FNDA:0,matcherFromTokens
FNDA:0,(anonymous_151)
FNDA:0,(anonymous_152)
FNDA:0,(anonymous_153)
FNDA:0,matcherFromGroupMatchers
FNDA:0,superMatcher
FNDA:0,(anonymous_156)
FNDA:0,(anonymous_157)
FNDA:1,(anonymous_158)
FNDA:1,(anonymous_159)
FNDA:0,(anonymous_160)
FNDA:1,(anonymous_161)
FNDA:0,(anonymous_162)
FNDA:1,(anonymous_163)
FNDA:0,(anonymous_164)
FNDA:0,dir
FNDA:0,_siblings
FNDA:0,winnow
FNDA:0,(anonymous_168)
FNDA:0,(anonymous_169)
FNDA:0,(anonymous_170)
FNDA:0,(anonymous_171)
FNDA:0,(anonymous_172)
FNDA:0,find
FNDA:0,(anonymous_174)
FNDA:0,filter
FNDA:0,not
FNDA:0,is
FNDA:3,(anonymous_178)
FNDA:0,has
FNDA:0,(anonymous_180)
FNDA:0,closest
FNDA:0,index
FNDA:0,add
FNDA:0,addBack
FNDA:0,sibling
FNDA:0,parent
FNDA:0,parents
FNDA:0,parentsUntil
FNDA:0,next
FNDA:0,prev
FNDA:0,nextAll
FNDA:0,prevAll
FNDA:0,nextUntil
FNDA:0,prevUntil
FNDA:0,siblings
FNDA:0,children
FNDA:0,contents
FNDA:12,(anonymous_198)
FNDA:0,(anonymous_199)
FNDA:3,createOptions
FNDA:5,(anonymous_201)
FNDA:3,(anonymous_202)
FNDA:0,fire
FNDA:3,add
FNDA:3,add
FNDA:7,(anonymous_206)
FNDA:0,remove
FNDA:0,(anonymous_208)
FNDA:0,has
FNDA:0,empty
FNDA:0,disable
FNDA:0,disabled
FNDA:0,lock
FNDA:0,locked
FNDA:0,fireWith
FNDA:0,fire
FNDA:0,fired
FNDA:1,Deferred
FNDA:0,state
FNDA:0,always
FNDA:0,then
FNDA:0,(anonymous_222)
FNDA:0,(anonymous_223)
FNDA:0,(anonymous_224)
FNDA:3,promise
FNDA:3,(anonymous_226)
FNDA:0,(anonymous_227)
FNDA:0,(anonymous_228)
FNDA:0,when
FNDA:0,updateFunc
FNDA:0,(anonymous_231)
FNDA:1,(anonymous_232)
FNDA:0,holdReady
FNDA:0,ready
FNDA:0,detach
FNDA:0,completed
FNDA:2,(anonymous_237)
FNDA:0,doScrollCheck
FNDA:0,(anonymous_239)
FNDA:1,(anonymous_240)
FNDA:0,acceptData
FNDA:0,dataAttr
FNDA:0,isEmptyDataObject
FNDA:0,internalData
FNDA:0,internalRemoveData
FNDA:0,hasData
FNDA:0,data
FNDA:0,removeData
FNDA:0,_data
FNDA:0,_removeData
FNDA:0,data
FNDA:0,(anonymous_252)
FNDA:0,(anonymous_253)
FNDA:0,removeData
FNDA:0,(anonymous_255)
FNDA:0,queue
FNDA:0,dequeue
FNDA:0,next
FNDA:0,_queueHooks
FNDA:0,(anonymous_260)
FNDA:0,queue
FNDA:0,(anonymous_262)
FNDA:0,dequeue
FNDA:0,(anonymous_264)
FNDA:0,clearQueue
FNDA:0,promise
FNDA:0,resolve
FNDA:1,(anonymous_268)
FNDA:0,(anonymous_269)
FNDA:0,isHidden
FNDA:0,adjustCSS
FNDA:0,(anonymous_272)
FNDA:0,(anonymous_273)
FNDA:0,access
FNDA:0,fn
FNDA:1,createSafeFragment
FNDA:1,(anonymous_277)
FNDA:0,getAll
FNDA:0,setGlobalEval
FNDA:0,fixDefaultChecked
FNDA:0,buildFragment
FNDA:1,(anonymous_282)
FNDA:0,returnTrue
FNDA:0,returnFalse
FNDA:0,safeActiveElement
FNDA:0,_on
FNDA:0,fn
FNDA:0,(anonymous_288)
FNDA:0,add
FNDA:0,(anonymous_290)
FNDA:0,remove
FNDA:0,trigger
FNDA:0,dispatch
FNDA:0,handlers
FNDA:0,fix
FNDA:0,filter
FNDA:0,filter
FNDA:0,trigger
FNDA:0,trigger
FNDA:0,trigger
FNDA:0,_default
FNDA:0,postDispatch
FNDA:0,simulate
FNDA:0,(anonymous_304)
FNDA:0,(anonymous_305)
FNDA:0,(anonymous_306)
FNDA:0,preventDefault
FNDA:0,stopPropagation
FNDA:0,stopImmediatePropagation
FNDA:4,(anonymous_310)
FNDA:0,handle
FNDA:0,setup
FNDA:0,(anonymous_313)
FNDA:0,(anonymous_314)
FNDA:0,postDispatch
FNDA:0,teardown
FNDA:0,setup
FNDA:0,(anonymous_318)
FNDA:0,(anonymous_319)
FNDA:0,(anonymous_320)
FNDA:0,(anonymous_321)
FNDA:0,handle
FNDA:0,teardown
FNDA:2,(anonymous_324)
FNDA:0,handler
FNDA:0,setup
FNDA:0,teardown
FNDA:0,on
FNDA:0,one
FNDA:0,off
FNDA:0,(anonymous_331)
FNDA:0,trigger
FNDA:0,(anonymous_333)
FNDA:0,triggerHandler
FNDA:0,manipulationTarget
FNDA:0,disableScript
FNDA:0,restoreScript
FNDA:0,cloneCopyEvent
FNDA:0,fixCloneNodeIssues
FNDA:0,domManip
FNDA:0,(anonymous_341)
FNDA:0,_remove
FNDA:0,htmlPrefilter
FNDA:0,clone
FNDA:0,cleanData
FNDA:0,detach
FNDA:0,remove
FNDA:0,text
FNDA:0,(anonymous_349)
FNDA:0,append
FNDA:0,(anonymous_351)
FNDA:0,prepend
FNDA:0,(anonymous_353)
FNDA:0,before
FNDA:0,(anonymous_355)
FNDA:0,after
FNDA:0,(anonymous_357)
FNDA:0,empty
FNDA:0,clone
FNDA:0,(anonymous_360)
FNDA:0,html
FNDA:0,(anonymous_362)
FNDA:0,replaceWith
FNDA:0,(anonymous_364)
FNDA:5,(anonymous_365)
FNDA:0,(anonymous_366)
FNDA:0,actualDisplay
FNDA:0,defaultDisplay
FNDA:0,swap
FNDA:1,(anonymous_370)
FNDA:0,reliableHiddenOffsets
FNDA:0,boxSizingReliable
FNDA:0,pixelMarginRight
FNDA:0,pixelPosition
FNDA:0,reliableMarginRight
FNDA:0,reliableMarginLeft
FNDA:0,computeStyleTests
FNDA:0,getStyles
FNDA:0,curCSS
FNDA:0,getStyles
FNDA:0,curCSS
FNDA:4,addGetHookIf
FNDA:0,get
FNDA:0,vendorPropName
FNDA:0,showHide
FNDA:0,setPositiveNumber
FNDA:0,augmentWidthOrHeight
FNDA:0,getWidthOrHeight
FNDA:0,get
FNDA:0,style
FNDA:0,css
FNDA:2,(anonymous_392)
FNDA:0,get
FNDA:0,(anonymous_394)
FNDA:0,set
FNDA:0,get
FNDA:0,set
FNDA:0,(anonymous_398)
FNDA:0,(anonymous_399)
FNDA:0,(anonymous_400)
FNDA:3,(anonymous_401)
FNDA:0,expand
FNDA:0,css
FNDA:0,(anonymous_404)
FNDA:0,show
FNDA:0,hide
FNDA:0,toggle
FNDA:0,(anonymous_408)
FNDA:0,Tween
FNDA:0,init
FNDA:0,cur
FNDA:0,run
FNDA:0,get
FNDA:0,set
FNDA:0,set
FNDA:0,linear
FNDA:0,swing
FNDA:0,createFxNow
FNDA:0,(anonymous_419)
FNDA:3,genFx
FNDA:0,createTween
FNDA:0,defaultPrefilter
FNDA:0,(anonymous_423)
FNDA:0,(anonymous_424)
FNDA:0,(anonymous_425)
FNDA:0,(anonymous_426)
FNDA:0,(anonymous_427)
FNDA:0,(anonymous_428)
FNDA:0,propFilter
FNDA:0,Animation
FNDA:0,(anonymous_431)
FNDA:0,tick
FNDA:0,createTween
FNDA:0,stop
FNDA:0,(anonymous_435)
FNDA:0,tweener
FNDA:0,prefilter
FNDA:0,(anonymous_438)
FNDA:0,(anonymous_439)
FNDA:0,fadeTo
FNDA:0,animate
FNDA:0,doAnimation
FNDA:0,stop
FNDA:0,stopQueue
FNDA:0,(anonymous_445)
FNDA:0,finish
FNDA:0,(anonymous_447)
FNDA:3,(anonymous_448)
FNDA:0,(anonymous_449)
FNDA:6,(anonymous_450)
FNDA:0,(anonymous_451)
FNDA:0,(anonymous_452)
FNDA:0,(anonymous_453)
FNDA:0,(anonymous_454)
FNDA:0,(anonymous_455)
FNDA:0,(anonymous_456)
FNDA:0,(anonymous_457)
FNDA:0,(anonymous_458)
FNDA:1,(anonymous_459)
FNDA:0,val
FNDA:0,(anonymous_461)
FNDA:0,(anonymous_462)
FNDA:0,get
FNDA:0,get
FNDA:0,set
FNDA:2,(anonymous_466)
FNDA:0,set
FNDA:0,(anonymous_468)
FNDA:0,attr
FNDA:0,removeAttr
FNDA:0,(anonymous_471)
FNDA:0,attr
FNDA:0,set
FNDA:0,removeAttr
FNDA:0,set
FNDA:16,(anonymous_476)
FNDA:0,(anonymous_477)
FNDA:0,(anonymous_478)
FNDA:0,set
FNDA:0,set
FNDA:0,(anonymous_481)
FNDA:0,get
FNDA:0,set
FNDA:0,(anonymous_484)
FNDA:0,set
FNDA:0,get
FNDA:0,set
FNDA:0,prop
FNDA:0,removeProp
FNDA:0,(anonymous_490)
FNDA:0,prop
FNDA:0,get
FNDA:0,(anonymous_493)
FNDA:0,get
FNDA:0,get
FNDA:0,set
FNDA:10,(anonymous_497)
FNDA:0,getClass
FNDA:0,addClass
FNDA:0,(anonymous_500)
FNDA:0,removeClass
FNDA:0,(anonymous_502)
FNDA:0,toggleClass
FNDA:0,(anonymous_504)
FNDA:0,(anonymous_505)
FNDA:0,hasClass
FNDA:25,(anonymous_507)
FNDA:0,(anonymous_508)
FNDA:0,hover
FNDA:0,(anonymous_510)
FNDA:0,(anonymous_511)
FNDA:0,(anonymous_512)
FNDA:2,addToPrefiltersOrTransports
FNDA:4,(anonymous_514)
FNDA:0,inspectPrefiltersOrTransports
FNDA:0,inspect
FNDA:0,(anonymous_517)
FNDA:2,ajaxExtend
FNDA:0,ajaxHandleResponses
FNDA:0,ajaxConvert
FNDA:2,ajaxSetup
FNDA:0,ajax
FNDA:0,getResponseHeader
FNDA:0,getAllResponseHeaders
FNDA:0,setRequestHeader
FNDA:0,overrideMimeType
FNDA:0,statusCode
FNDA:0,abort
FNDA:0,(anonymous_529)
FNDA:0,done
FNDA:0,getJSON
FNDA:0,getScript
FNDA:2,(anonymous_533)
FNDA:0,(anonymous_534)
FNDA:0,(anonymous_535)
FNDA:0,wrapAll
FNDA:0,(anonymous_537)
FNDA:0,(anonymous_538)
FNDA:0,wrapInner
FNDA:0,(anonymous_540)
FNDA:0,(anonymous_541)
FNDA:0,wrap
FNDA:0,(anonymous_543)
FNDA:0,unwrap
FNDA:0,(anonymous_545)
FNDA:0,getDisplay
FNDA:0,filterHidden
FNDA:0,(anonymous_548)
FNDA:0,(anonymous_549)
FNDA:0,buildParams
FNDA:0,(anonymous_551)
FNDA:0,(anonymous_552)
FNDA:0,add
FNDA:0,(anonymous_554)
FNDA:0,serialize
FNDA:0,serializeArray
FNDA:0,(anonymous_557)
FNDA:0,(anonymous_558)
FNDA:0,(anonymous_559)
FNDA:0,(anonymous_560)
FNDA:0,(anonymous_561)
FNDA:0,(anonymous_562)
FNDA:0,(anonymous_563)
FNDA:0,send
FNDA:0,callback
FNDA:0,abort
FNDA:1,createStandardXHR
FNDA:0,createActiveXHR
FNDA:0,textScript
FNDA:0,(anonymous_570)
FNDA:0,(anonymous_571)
FNDA:0,send
FNDA:0,(anonymous_573)
FNDA:0,abort
FNDA:0,jsonpCallback
FNDA:0,(anonymous_576)
FNDA:0,(anonymous_577)
FNDA:0,(anonymous_578)
FNDA:0,(anonymous_579)
FNDA:0,(anonymous_580)
FNDA:0,(anonymous_581)
FNDA:0,(anonymous_582)
FNDA:0,(anonymous_583)
FNDA:0,(anonymous_584)
FNDA:6,(anonymous_585)
FNDA:0,(anonymous_586)
FNDA:0,(anonymous_587)
FNDA:0,(anonymous_588)
FNDA:0,getWindow
FNDA:0,setOffset
FNDA:0,offset
FNDA:0,(anonymous_592)
FNDA:0,position
FNDA:0,offsetParent
FNDA:0,(anonymous_595)
FNDA:2,(anonymous_596)
FNDA:0,(anonymous_597)
FNDA:0,(anonymous_598)
FNDA:2,(anonymous_599)
FNDA:0,(anonymous_600)
FNDA:2,(anonymous_601)
FNDA:6,(anonymous_602)
FNDA:0,(anonymous_603)
FNDA:0,(anonymous_604)
FNDA:0,bind
FNDA:0,unbind
FNDA:0,delegate
FNDA:0,undelegate
FNDA:0,(anonymous_609)
FNDA:0,(anonymous_610)
FNDA:0,(anonymous_611)
DA:1,93
DA:15,1
DA:17,1
DA:25,1
DA:28,0
DA:29,0
DA:31,0
DA:34,0
DA:45,1
DA:47,1
DA:49,1
DA:51,1
DA:53,1
DA:55,1
DA:57,1
DA:59,1
DA:61,1
DA:63,1
DA:68,1
DA:71,1
DA:75,3
DA:80,1
DA:83,1
DA:84,1
DA:87,1
DA:88,0
DA:91,1
DA:105,0
DA:111,0
DA:125,0
DA:128,0
DA:129,0
DA:132,0
DA:137,0
DA:141,0
DA:142,0
DA:147,0
DA:151,0
DA:155,0
DA:159,0
DA:160,0
DA:161,0
DA:165,0
DA:175,1
DA:177,36
DA:178,36
DA:179,36
DA:180,36
DA:183,36
DA:184,5
DA:187,5
DA:188,5
DA:192,36
DA:193,0
DA:197,36
DA:198,28
DA:199,28
DA:202,36
DA:205,36
DA:208,36
DA:209,155
DA:210,155
DA:213,155
DA:214,0
DA:218,155
DA:221,3
DA:222,0
DA:223,0
DA:226,3
DA:230,3
DA:233,152
DA:234,152
DA:241,36
DA:244,1
DA:253,0
DA:262,14
DA:266,0
DA:271,34
DA:280,0
DA:281,0
DA:286,0
DA:287,0
DA:289,0
DA:298,11
DA:299,5
DA:302,6
DA:305,6
DA:308,0
DA:313,0
DA:318,6
DA:319,0
DA:320,0
DA:326,6
DA:328,6
DA:332,53
DA:333,0
DA:335,53
DA:343,0
DA:348,0
DA:349,0
DA:357,0
DA:361,0
DA:365,27
DA:367,27
DA:368,17
DA:369,17
DA:370,93
DA:371,0
DA:375,10
DA:376,42
DA:377,0
DA:382,27
DA:387,0
DA:394,1
DA:396,1
DA:397,1
DA:398,0
DA:403,1
DA:407,1
DA:413,0
DA:414,0
DA:415,0
DA:418,0
DA:419,0
DA:421,0
DA:424,0
DA:425,0
DA:430,0
DA:434,0
DA:435,0
DA:436,0
DA:438,0
DA:439,0
DA:444,0
DA:445,0
DA:446,0
DA:450,0
DA:452,0
DA:457,0
DA:458,0
DA:459,0
DA:460,0
DA:464,0
DA:465,0
DA:466,0
DA:467,0
DA:471,0
DA:477,0
DA:478,0
DA:481,0
DA:482,0
DA:483,0
DA:484,0
DA:486,0
DA:487,0
DA:493,0
DA:494,0
DA:496,0
DA:497,0
DA:503,0
DA:514,0
DA:515,0
DA:516,0
DA:517,0
DA:522,0
DA:523,0
DA:527,0
DA:528,0
DA:529,0
DA:533,0
DA:535,0
DA:539,1
DA:552,1
DA:553,1
DA:558,1
DA:560,10
DA:569,28
DA:570,28
DA:572,28
DA:573,0
DA:576,28
DA:590,1
DA:615,1
DA:616,1
DA:617,1
DA:618,1
DA:619,1
DA:620,1
DA:621,1
DA:622,1
DA:623,18
DA:624,0
DA:626,18
DA:630,1
DA:633,1
DA:634,1
DA:635,1
DA:636,1
DA:637,1
DA:638,1
DA:641,1
DA:642,0
DA:643,0
DA:644,0
DA:645,0
DA:646,0
DA:649,0
DA:652,1
DA:657,1
DA:660,1
DA:663,1
DA:670,1
DA:681,1
DA:682,1
DA:684,1
DA:685,1
DA:687,1
DA:689,1
DA:690,1
DA:692,1
DA:708,1
DA:709,1
DA:711,1
DA:714,1
DA:716,1
DA:717,1
DA:720,1
DA:721,1
DA:722,0
DA:726,0
DA:739,1
DA:740,0
DA:744,1
DA:745,1
DA:751,1
DA:753,0
DA:757,0
DA:763,0
DA:764,0
DA:766,0
DA:767,0
DA:774,0
DA:777,0
DA:779,0
DA:782,0
DA:785,0
DA:789,0
DA:791,0
DA:792,0
DA:794,0
DA:796,0
DA:800,0
DA:803,0
DA:806,0
DA:807,0
DA:812,0
DA:813,0
DA:814,0
DA:817,0
DA:826,0
DA:830,0
DA:831,0
DA:836,0
DA:837,0
DA:838,0
DA:841,0
DA:844,0
DA:845,0
DA:850,0
DA:854,0
DA:855,0
DA:856,0
DA:862,0
DA:865,0
DA:866,0
DA:868,0
DA:872,0
DA:873,0
DA:874,0
DA:875,0
DA:876,0
DA:878,0
DA:881,0
DA:885,0
DA:886,0
DA:887,0
DA:890,0
DA:893,0
DA:894,0
DA:903,0
DA:913,3
DA:917,0
DA:919,0
DA:921,0
DA:923,3
DA:931,11
DA:932,11
DA:940,7
DA:942,7
DA:943,7
DA:945,0
DA:948,7
DA:949,1
DA:952,7
DA:962,0
DA:963,0
DA:965,0
DA:966,0
DA:977,0
DA:978,0
DA:983,0
DA:984,0
DA:988,0
DA:989,0
DA:990,0
DA:991,0
DA:996,0
DA:1004,5
DA:1005,0
DA:1006,0
DA:1015,2
DA:1016,0
DA:1017,0
DA:1026,7
DA:1027,0
DA:1028,0
DA:1030,0
DA:1031,0
DA:1034,0
DA:1035,0
DA:1036,0
DA:1049,0
DA:1053,1
DA:1060,1
DA:1063,1
DA:1064,1
DA:1072,1
DA:1074,1
DA:1077,1
DA:1078,0
DA:1082,1
DA:1083,1
DA:1084,1
DA:1088,1
DA:1090,0
DA:1091,0
DA:1094,0
DA:1095,0
DA:1105,1
DA:1106,1
DA:1107,1
DA:1114,1
DA:1115,1
DA:1116,1
DA:1120,1
DA:1126,1
DA:1127,1
DA:1128,1
DA:1132,1
DA:1133,1
DA:1134,0
DA:1135,0
DA:1136,0
DA:1139,1
DA:1140,0
DA:1141,0
DA:1142,0
DA:1148,0
DA:1150,0
DA:1151,0
DA:1152,0
DA:1153,0
DA:1155,0
DA:1161,1
DA:1163,0
DA:1164,0
DA:1167,0
DA:1168,0
DA:1174,0
DA:1175,0
DA:1177,0
DA:1180,0
DA:1181,0
DA:1182,0
DA:1183,0
DA:1187,0
DA:1189,0
DA:1193,1
DA:1194,0
DA:1195,0
DA:1205,1
DA:1212,1
DA:1214,1
DA:1217,0
DA:1223,0
DA:1231,0
DA:1232,0
DA:1237,0
DA:1238,0
DA:1242,0
DA:1243,0
DA:1249,0
DA:1250,0
DA:1256,0
DA:1257,0
DA:1261,0
DA:1264,0
DA:1265,0
DA:1266,0
DA:1270,0
DA:1271,0
DA:1276,0
DA:1277,0
DA:1281,0
DA:1282,0
DA:1286,1
DA:1292,0
DA:1295,0
DA:1299,0
DA:1300,0
DA:1304,1
DA:1305,1
DA:1309,1
DA:1314,1
DA:1316,0
DA:1317,0
DA:1318,0
DA:1325,0
DA:1326,0
DA:1327,0
DA:1328,0
DA:1332,0
DA:1339,1
DA:1343,0
DA:1344,0
DA:1345,0
DA:1349,0
DA:1350,0
DA:1351,0
DA:1355,0
DA:1362,0
DA:1366,0
DA:1367,0
DA:1369,0
DA:1370,0
DA:1374,0
DA:1379,0
DA:1383,0
DA:1384,0
DA:1385,0
DA:1389,0
DA:1390,0
DA:1391,0
DA:1392,0
DA:1393,0
DA:1396,0
DA:1397,0
DA:1406,0
DA:1407,0
DA:1411,0
DA:1412,0
DA:1413,0
DA:1415,0
DA:1416,0
DA:1417,0
DA:1421,0
DA:1422,0
DA:1425,0
DA:1435,1
DA:1438,1
DA:1439,0
DA:1442,1
DA:1444,0
DA:1445,0
DA:1449,0
DA:1451,0
DA:1456,0
DA:1457,0
DA:1460,0
DA:1464,0
DA:1469,0
DA:1472,1
DA:1474,0
DA:1475,0
DA:1477,0
DA:1480,1
DA:1482,0
DA:1483,0
DA:1486,0
DA:1488,0
DA:1492,0
DA:1501,1
DA:1502,0
DA:1509,1
DA:1511,0
DA:1512,0
DA:1513,0
DA:1516,0
DA:1517,0
DA:1518,0
DA:1520,0
DA:1521,0
DA:1522,0
DA:1523,0
DA:1526,0
DA:1527,0
DA:1533,0
DA:1535,0
DA:1542,1
DA:1544,0
DA:1545,0
DA:1546,0
DA:1548,0
DA:1550,0
DA:1552,0
DA:1554,0
DA:1557,0
DA:1558,0
DA:1561,0
DA:1562,0
DA:1565,0
DA:1566,0
DA:1570,0
DA:1573,1
DA:1595,0
DA:1598,0
DA:1600,0
DA:1601,0
DA:1604,0
DA:1618,0
DA:1620,0
DA:1622,0
DA:1623,0
DA:1628,0
DA:1629,0
DA:1632,0
DA:1633,0
DA:1636,0
DA:1641,0
DA:1643,0
DA:1644,0
DA:1648,0
DA:1649,0
DA:1652,0
DA:1659,0
DA:1660,0
DA:1664,0
DA:1671,0
DA:1672,0
DA:1673,0
DA:1675,0
DA:1680,0
DA:1682,0
DA:1685,0
DA:1690,0
DA:1691,0
DA:1693,0
DA:1694,0
DA:1696,0
DA:1697,0
DA:1700,0
DA:1702,0
DA:1714,0
DA:1715,0
DA:1716,0
DA:1718,0
DA:1722,0
DA:1727,0
DA:1728,0
DA:1729,0
DA:1730,0
DA:1731,0
DA:1733,0
DA:1736,0
DA:1737,0
DA:1738,0
DA:1739,0
DA:1740,0
DA:1744,0
DA:1748,0
DA:1750,0
DA:1753,0
DA:1756,0
DA:1761,0
DA:1762,0
DA:1766,0
DA:1769,0
DA:1770,0
DA:1771,0
DA:1772,0
DA:1774,0
DA:1780,0
DA:1781,0
DA:1782,0
DA:1788,0
DA:1790,0
DA:1791,0
DA:1795,0
DA:1798,0
DA:1799,0
DA:1800,0
DA:1805,0
DA:1807,0
DA:1810,0
DA:1816,0
DA:1817,0
DA:1821,0
DA:1824,0
DA:1827,0
DA:1828,0
DA:1836,0
DA:1837,0
DA:1848,0
DA:1854,0
DA:1855,0
DA:1859,0
DA:1860,0
DA:1861,0
DA:1864,0
DA:1865,0
DA:1866,0
DA:1867,0
DA:1868,0
DA:1872,0
DA:1876,0
DA:1886,0
DA:1887,0
DA:1888,0
DA:1890,0
DA:1893,0
DA:1894,0
DA:1897,0
DA:1898,0
DA:1899,0
DA:1904,0
DA:1905,0
DA:1907,0
DA:1908,0
DA:1913,0
DA:1914,0
DA:1919,0
DA:1920,0
DA:1921,0
DA:1934,0
DA:1935,0
DA:1937,0
DA:1938,0
DA:1940,0
DA:1941,0
DA:1945,0
DA:1946,0
DA:1949,0
DA:1955,0
DA:1956,0
DA:1960,0
DA:1964,0
DA:1969,0
DA:1973,0
DA:1979,0
DA:1980,0
DA:1986,0
DA:1987,0
DA:1990,0
DA:1999,0
DA:2000,0
DA:2001,0
DA:2004,0
DA:2008,0
DA:2013,0
DA:2017,0
DA:2021,0
DA:2022,0
DA:2027,0
DA:2037,0
DA:2041,0
DA:2045,0
DA:2049,0
DA:2050,0
DA:2051,0
DA:2053,0
DA:2057,0
DA:2058,0
DA:2059,0
DA:2061,0
DA:2065,0
DA:2066,0
DA:2067,0
DA:2069,0
DA:2073,0
DA:2074,0
DA:2075,0
DA:2077,0
DA:2082,1
DA:2085,1
DA:2086,5
DA:2088,1
DA:2089,2
DA:2094,1
DA:2095,1
DA:2097,1
DA:2100,0
DA:2102,0
DA:2103,0
DA:2106,0
DA:2107,0
DA:2108,0
DA:2110,0
DA:2113,0
DA:2114,0
DA:2116,0
DA:2118,0
DA:2121,0
DA:2124,0
DA:2125,0
DA:2126,0
DA:2131,0
DA:2135,0
DA:2136,0
DA:2138,0
DA:2139,0
DA:2144,0
DA:2148,0
DA:2149,0
DA:2156,0
DA:2165,0
DA:2166,0
DA:2167,0
DA:2168,0
DA:2169,0
DA:2171,0
DA:2175,0
DA:2176,0
DA:2177,0
DA:2179,0
DA:2182,0
DA:2183,0
DA:2184,0
DA:2192,0
DA:2195,0
DA:2196,0
DA:2197,0
DA:2198,0
DA:2199,0
DA:2204,0
DA:2205,0
DA:2206,0
DA:2210,0
DA:2212,0
DA:2216,0
DA:2219,0
DA:2222,0
DA:2223,0
DA:2233,0
DA:2235,0
DA:2236,0
DA:2237,0
DA:2238,0
DA:2241,0
DA:2247,0
DA:2248,0
DA:2249,0
DA:2250,0
DA:2252,0
DA:2257,0
DA:2258,0
DA:2259,0
DA:2260,0
DA:2262,0
DA:2263,0
DA:2264,0
DA:2265,0
DA:2266,0
DA:2267,0
DA:2273,0
DA:2277,0
DA:2278,0
DA:2280,0
DA:2281,0
DA:2283,0
DA:2285,0
DA:2286,0
DA:2287,0
DA:2290,0
DA:2293,0
DA:2297,0
DA:2309,0
DA:2310,0
DA:2314,0
DA:2315,0
DA:2316,0
DA:2319,0
DA:2320,0
DA:2321,0
DA:2322,0
DA:2327,0
DA:2328,0
DA:2329,0
DA:2331,0
DA:2332,0
DA:2333,0
DA:2334,0
DA:2336,0
DA:2339,0
DA:2343,0
DA:2344,0
DA:2345,0
DA:2348,0
DA:2355,0
DA:2360,0
DA:2361,0
DA:2363,0
DA:2371,0
DA:2372,0
DA:2373,0
DA:2374,0
DA:2377,0
DA:2378,0
DA:2380,0
DA:2381,0
DA:2383,0
DA:2384,0
DA:2389,0
DA:2390,0
DA:2393,0
DA:2394,0
DA:2395,0
DA:2397,0
DA:2400,0
DA:2402,0
DA:2403,0
DA:2404,0
DA:2405,0
DA:2408,0
DA:2420,0
DA:2424,0
DA:2428,0
DA:2429,0
DA:2430,0
DA:2432,0
DA:2433,0
DA:2434,0
DA:2435,0
DA:2436,0
DA:2438,0
DA:2440,0
DA:2441,0
DA:2443,0
DA:2444,0
DA:2450,0
DA:2451,0
DA:2452,0
DA:2453,0
DA:2454,0
DA:2455,0
DA:2457,0
DA:2458,0
DA:2459,0
DA:2460,0
DA:2463,0
DA:2464,0
DA:2469,0
DA:2471,0
DA:2472,0
DA:2476,0
DA:2477,0
DA:2484,0
DA:2493,0
DA:2494,0
DA:2495,0
DA:2496,0
DA:2499,0
DA:2501,0
DA:2502,0
DA:2503,0
DA:2504,0
DA:2510,0
DA:2514,0
DA:2517,0
DA:2520,0
DA:2525,0
DA:2526,0
DA:2527,0
DA:2530,0
DA:2533,0
DA:2538,1
DA:2540,0
DA:2541,0
DA:2542,0
DA:2544,0
DA:2546,0
DA:2547,0
DA:2549,0
DA:2550,0
DA:2551,0
DA:2552,0
DA:2553,0
DA:2555,0
DA:2560,0
DA:2563,0
DA:2565,0
DA:2577,1
DA:2579,0
DA:2580,0
DA:2582,0
DA:2586,0
DA:2589,0
DA:2590,0
DA:2594,0
DA:2595,0
DA:2596,0
DA:2599,0
DA:2600,0
DA:2603,0
DA:2607,0
DA:2608,0
DA:2609,0
DA:2612,0
DA:2613,0
DA:2615,0
DA:2617,0
DA:2623,0
DA:2624,0
DA:2625,0
DA:2626,0
DA:2627,0
DA:2630,0
DA:2638,0
DA:2645,0
DA:2651,1
DA:2655,1
DA:2658,1
DA:2662,1
DA:2664,1
DA:2670,1
DA:2671,1
DA:2672,1
DA:2674,0
DA:2675,0
DA:2676,0
DA:2683,1
DA:2684,1
DA:2685,1
DA:2686,1
DA:2688,0
DA:2689,0
DA:2690,0
DA:2697,1
DA:2698,1
DA:2700,0
DA:2702,0
DA:2703,0
DA:2711,1
DA:2717,1
DA:2718,1
DA:2719,1
DA:2720,1
DA:2721,1
DA:2722,1
DA:2723,1
DA:2727,1
DA:2728,0
DA:2729,0
DA:2731,0
DA:2732,0
DA:2733,0
DA:2734,0
DA:2736,0
DA:2739,0
DA:2743,1
DA:2744,0
DA:2746,0
DA:2747,0
DA:2748,0
DA:2752,0
DA:2756,1
DA:2758,1
DA:2762,1
DA:2766,0
DA:2767,0
DA:2769,0
DA:2774,0
DA:2775,0
DA:2776,0
DA:2781,0
DA:2782,0
DA:2783,0
DA:2786,0
DA:2789,0
DA:2790,0
DA:2794,1
DA:2795,0
DA:2797,0
DA:2798,0
DA:2801,0
DA:2804,0
DA:2808,1
DA:2811,0
DA:2812,0
DA:2813,0
DA:2815,0
DA:2816,0
DA:2817,0
DA:2818,0
DA:2819,0
DA:2825,0
DA:2826,0
DA:2830,0
DA:2831,0
DA:2832,0
DA:2835,0
DA:2838,0
DA:2841,0
DA:2864,1
DA:2866,1
DA:2870,3
DA:2871,0
DA:2876,3
DA:2879,3
DA:2880,0
DA:2885,0
DA:2888,0
DA:2892,0
DA:2895,0
DA:2896,0
DA:2900,0
DA:2907,0
DA:2908,0
DA:2911,0
DA:2912,0
DA:2916,0
DA:2921,0
DA:2925,0
DA:2929,0
DA:2933,0
DA:2934,0
DA:2938,0
DA:2939,0
DA:2942,0
DA:2943,0
DA:2944,0
DA:2948,0
DA:2949,0
DA:2954,0
DA:2958,3
DA:2959,1
DA:2960,1
DA:2961,1
DA:2965,2
DA:2966,1
DA:2973,1
DA:2974,0
DA:2975,0
DA:2978,1
DA:2982,1
DA:2985,1
DA:2988,1
DA:2991,1
DA:2998,1
DA:3001,0
DA:3002,0
DA:3004,0
DA:3005,0
DA:3006,0
DA:3007,0
DA:3015,0
DA:3016,0
DA:3017,0
DA:3018,0
DA:3022,0
DA:3023,0
DA:3026,0
DA:3033,0
DA:3034,0
DA:3039,0
DA:3047,0
DA:3048,0
DA:3052,0
DA:3053,0
DA:3057,0
DA:3064,0
DA:3072,0
DA:3079,0
DA:3080,0
DA:3083,0
DA:3086,1
DA:3088,0
DA:3089,0
DA:3092,0
DA:3095,0
DA:3098,0
DA:3101,0
DA:3104,0
DA:3107,0
DA:3110,0
DA:3113,0
DA:3116,0
DA:3119,0
DA:3122,0
DA:3127,12
DA:3128,0
DA:3130,0
DA:3131,0
DA:3134,0
DA:3135,0
DA:3138,0
DA:3141,0
DA:3142,0
DA:3146,0
DA:3147,0
DA:3151,0
DA:3154,1
DA:3160,3
DA:3161,3
DA:3162,5
DA:3164,3
DA:3189,1
DA:3193,3
DA:3210,3
DA:3213,3
DA:3216,3
DA:3219,3
DA:3222,0
DA:3226,0
DA:3227,0
DA:3228,0
DA:3229,0
DA:3232,0
DA:3236,0
DA:3237,0
DA:3243,0
DA:3244,0
DA:3247,0
DA:3250,0
DA:3253,0
DA:3254,0
DA:3258,0
DA:3264,3
DA:3268,3
DA:3271,3
DA:3272,0
DA:3273,0
DA:3276,3
DA:3277,3
DA:3278,7
DA:3279,7
DA:3280,7
DA:3282,0
DA:3285,0
DA:3290,3
DA:3291,0
DA:3294,3
DA:3299,0
DA:3301,0
DA:3302,0
DA:3305,0
DA:3306,0
DA:3310,0
DA:3316,0
DA:3323,0
DA:3324,0
DA:3326,0
DA:3333,0
DA:3334,0
DA:3335,0
DA:3338,0
DA:3345,0
DA:3346,0
DA:3347,0
DA:3349,0
DA:3352,0
DA:3357,0
DA:3358,0
DA:3359,0
DA:3360,0
DA:3361,0
DA:3362,0
DA:3365,0
DA:3370,0
DA:3371,0
DA:3376,0
DA:3380,3
DA:3384,1
DA:3387,1
DA:3394,1
DA:3395,1
DA:3397,0
DA:3400,0
DA:3401,0
DA:3404,0
DA:3405,0
DA:3406,0
DA:3407,0
DA:3410,0
DA:3411,0
DA:3412,0
DA:3413,0
DA:3418,0
DA:3425,0
DA:3432,3
DA:3435,1
DA:3438,1
DA:3441,1
DA:3442,3
DA:3443,3
DA:3446,3
DA:3449,3
DA:3450,2
DA:3453,0
DA:3460,3
DA:3461,0
DA:3462,0
DA:3464,3
DA:3468,1
DA:3471,1
DA:3472,0
DA:3476,1
DA:3481,0
DA:3482,0
DA:3483,0
DA:3486,0
DA:3491,0
DA:3494,0
DA:3495,0
DA:3496,0
DA:3497,0
DA:3498,0
DA:3499,0
DA:3501,0
DA:3502,0
DA:3510,0
DA:3511,0
DA:3512,0
DA:3513,0
DA:3514,0
DA:3515,0
DA:3516,0
DA:3521,0
DA:3527,0
DA:3528,0
DA:3531,0
DA:3539,1
DA:3542,1
DA:3544,1
DA:3547,1
DA:3558,0
DA:3559,0
DA:3561,0
DA:3569,0
DA:3570,0
DA:3574,0
DA:3577,0
DA:3578,0
DA:3582,0
DA:3585,0
DA:3586,0
DA:3587,0
DA:3596,0
DA:3597,0
DA:3598,0
DA:3601,0
DA:3602,0
DA:3612,0
DA:3616,0
DA:3617,0
DA:3621,1
DA:3622,2
DA:3624,1
DA:3630,1
DA:3634,1
DA:3637,0
DA:3640,0
DA:3643,0
DA:3649,0
DA:3652,0
DA:3656,0
DA:3658,0
DA:3659,0
DA:3662,0
DA:3663,0
DA:3664,0
DA:3666,0
DA:3670,0
DA:3672,0
DA:3676,0
DA:3679,0
DA:3685,2
DA:3689,1
DA:3697,1
DA:3698,1
DA:3700,1
DA:3704,1
DA:3707,1
DA:3712,0
DA:3713,0
DA:3716,0
DA:3720,0
DA:3721,0
DA:3722,0
DA:3723,0
DA:3725,0
DA:3731,0
DA:3733,0
DA:3734,0
DA:3739,0
DA:3743,0
DA:3747,1
DA:3748,1
DA:3751,1
DA:3752,1
DA:3753,1
DA:3755,0
DA:3759,1
DA:3761,1
DA:3762,0
DA:3763,0
DA:3766,0
DA:3776,1
DA:3777,1
DA:3783,0
DA:3785,0
DA:3787,0
DA:3789,0
DA:3790,0
DA:3791,0
DA:3802,0
DA:3805,0
DA:3809,0
DA:3815,0
DA:3818,0
DA:3819,0
DA:3821,0
DA:3822,0
DA:3826,0
DA:3830,0
DA:3831,0
DA:3835,0
DA:3839,0
DA:3843,0
DA:3847,0
DA:3851,0
DA:3853,0
DA:3856,0
DA:3860,0
DA:3861,0
DA:3863,0
DA:3867,0
DA:3871,0
DA:3876,0
DA:3877,0
DA:3878,0
DA:3880,0
DA:3884,0
DA:3889,0
DA:3890,0
DA:3891,0
DA:3894,0
DA:3897,0
DA:3898,0
DA:3903,0
DA:3906,0
DA:3909,0
DA:3912,0
DA:3915,0
DA:3918,0
DA:3922,0
DA:3923,0
DA:3927,0
DA:3930,0
DA:3931,0
DA:3935,0
DA:3936,0
DA:3939,0
DA:3941,0
DA:3943,0
DA:3946,0
DA:3949,0
DA:3950,0
DA:3954,0
DA:3955,0
DA:3956,0
DA:3958,0
DA:3969,0
DA:3972,0
DA:3973,0
DA:3974,0
DA:3979,0
DA:3980,0
DA:3986,0
DA:3987,0
DA:3991,0
DA:3992,0
DA:3997,0
DA:3998,0
DA:4002,0
DA:4004,0
DA:4008,0
DA:4012,1
DA:4026,0
DA:4027,0
DA:4031,0
DA:4035,0
DA:4040,0
DA:4044,0
DA:4048,1
DA:4051,0
DA:4052,0
DA:4058,0
DA:4059,0
DA:4060,0
DA:4062,0
DA:4063,0
DA:4064,0
DA:4068,0
DA:4069,0
DA:4070,0
DA:4071,0
DA:4072,0
DA:4076,0
DA:4080,0
DA:4084,0
DA:4085,0
DA:4086,0
DA:4090,0
DA:4094,0
DA:4103,0
DA:4104,0
DA:4110,1
DA:4114,0
DA:4115,0
DA:4116,0
DA:4119,0
DA:4120,0
DA:4121,0
DA:4123,0
DA:4126,0
DA:4131,0
DA:4133,0
DA:4134,0
DA:4135,0
DA:4136,0
DA:4137,0
DA:4138,0
DA:4142,0
DA:4143,0
DA:4144,0
DA:4147,0
DA:4151,0
DA:4152,0
DA:4156,0
DA:4157,0
DA:4160,0
DA:4161,0
DA:4168,0
DA:4169,0
DA:4171,0
DA:4172,0
DA:4178,1
DA:4180,0
DA:4182,0
DA:4183,0
DA:4184,0
DA:4185,0
DA:4188,0
DA:4189,0
DA:4192,0
DA:4195,0
DA:4198,0
DA:4200,0
DA:4201,0
DA:4206,0
DA:4207,0
DA:4211,0
DA:4218,0
DA:4219,0
DA:4220,0
DA:4221,0
DA:4222,0
DA:4223,0
DA:4224,0
DA:4228,0
DA:4229,0
DA:4230,0
DA:4232,0
DA:4234,0
DA:4235,0
DA:4236,0
DA:4237,0
DA:4238,0
DA:4241,0
DA:4242,0
DA:4247,1
DA:4250,1
DA:4251,0
DA:4252,0
DA:4256,0
DA:4261,0
DA:4262,0
DA:4265,0
DA:4269,0
DA:4270,0
DA:4271,0
DA:4272,0
DA:4276,0
DA:4279,0
DA:4286,0
DA:4287,0
DA:4290,0
DA:4292,0
DA:4296,1
DA:4298,1
DA:4301,1
DA:4303,1
DA:4307,0
DA:4308,0
DA:4316,0
DA:4317,0
DA:4318,0
DA:4319,0
DA:4320,0
DA:4321,0
DA:4322,0
DA:4325,0
DA:4328,0
DA:4331,0
DA:4334,0
DA:4337,0
DA:4339,0
DA:4343,0
DA:4346,0
DA:4347,0
DA:4356,0
DA:4357,0
DA:4360,0
DA:4363,0
DA:4364,0
DA:4365,0
DA:4366,0
DA:4369,0
DA:4375,1
DA:4376,0
DA:4377,0
DA:4378,0
DA:4381,0
DA:4382,0
DA:4383,0
DA:4384,0
DA:4388,0
DA:4389,0
DA:4391,0
DA:4392,0
DA:4395,0
DA:4398,0
DA:4399,0
DA:4400,0
DA:4404,0
DA:4405,0
DA:4406,0
DA:4411,0
DA:4412,0
DA:4413,0
DA:4422,0
DA:4430,1
DA:4432,1
DA:4434,1
DA:4436,1
DA:4438,1
DA:4445,1
DA:4446,1
DA:4448,1
DA:4449,0
DA:4450,0
DA:4455,1
DA:4459,1
DA:4460,1
DA:4461,1
DA:4462,1
DA:4465,1
DA:4468,1
DA:4472,1
DA:4476,1
DA:4480,1
DA:4485,1
DA:4486,1
DA:4487,1
DA:4488,1
DA:4492,1
DA:4493,1
DA:4496,1
DA:4500,1
DA:4501,1
DA:4502,1
DA:4503,1
DA:4505,1
DA:4509,1
DA:4513,1
DA:4518,1
DA:4519,1
DA:4524,1
DA:4542,1
DA:4544,1
DA:4545,1
DA:4550,0
DA:4551,0
DA:4557,0
DA:4558,0
DA:4562,0
DA:4563,0
DA:4565,0
DA:4570,0
DA:4579,0
DA:4580,0
DA:4581,0
DA:4590,1
DA:4591,1
DA:4594,0
DA:4595,0
DA:4602,0
DA:4605,0
DA:4607,0
DA:4608,0
DA:4610,0
DA:4611,0
DA:4613,0
DA:4616,0
DA:4617,0
DA:4620,0
DA:4621,0
DA:4625,0
DA:4628,0
DA:4629,0
DA:4631,0
DA:4634,0
DA:4635,0
DA:4636,0
DA:4640,0
DA:4641,0
DA:4645,0
DA:4648,0
DA:4656,0
DA:4657,0
DA:4658,0
DA:4661,0
DA:4666,0
DA:4669,0
DA:4672,0
DA:4673,0
DA:4677,0
DA:4683,0
DA:4684,0
DA:4689,0
DA:4690,0
DA:4693,0
DA:4694,0
DA:4697,0
DA:4698,0
DA:4699,0
DA:4702,0
DA:4705,0
DA:4708,0
DA:4711,0
DA:4712,0
DA:4716,0
DA:4717,0
DA:4718,0
DA:4719,0
DA:4720,0
DA:4726,0
DA:4728,0
DA:4732,1
DA:4734,1
DA:4737,1
DA:4738,3
DA:4740,3
DA:4743,3
DA:4744,3
DA:4749,1
DA:4753,1
DA:4754,1
DA:4755,1
DA:4756,1
DA:4757,1
DA:4760,0
DA:4764,0
DA:4770,0
DA:4771,0
DA:4779,0
DA:4782,0
DA:4785,0
DA:4786,0
DA:4788,0
DA:4789,0
DA:4791,0
DA:4794,0
DA:4797,0
DA:4798,0
DA:4799,0
DA:4800,0
DA:4803,0
DA:4804,0
DA:4808,0
DA:4809,0
DA:4810,0
DA:4813,0
DA:4814,0
DA:4815,0
DA:4816,0
DA:4819,0
DA:4820,0
DA:4821,0
DA:4824,0
DA:4825,0
DA:4829,0
DA:4831,0
DA:4832,0
DA:4840,1
DA:4848,0
DA:4851,0
DA:4852,0
DA:4856,0
DA:4857,0
DA:4858,0
DA:4859,0
DA:4863,0
DA:4864,0
DA:4868,0
DA:4869,0
DA:4871,0
DA:4872,0
DA:4876,0
DA:4884,0
DA:4888,0
DA:4889,0
DA:4890,0
DA:4891,0
DA:4892,0
DA:4893,0
DA:4896,0
DA:4897,0
DA:4901,0
DA:4904,0
DA:4907,0
DA:4910,0
DA:4922,0
DA:4923,0
DA:4924,0
DA:4927,0
DA:4931,0
DA:4932,0
DA:4934,0
DA:4935,0
DA:4940,0
DA:4941,0
DA:4943,0
DA:4944,0
DA:4949,0
DA:4950,0
DA:4952,0
DA:4956,0
DA:4960,0
DA:4969,0
DA:4971,0
DA:4972,0
DA:4976,0
DA:4977,0
DA:4978,0
DA:4979,0
DA:4980,0
DA:4981,0
DA:4984,0
DA:4985,0
DA:4986,0
DA:4988,0
DA:4991,0
DA:4992,0
DA:4993,0
DA:4994,0
DA:4998,0
DA:4999,0
DA:5000,0
DA:5002,0
DA:5007,0
DA:5009,0
DA:5010,0
DA:5012,0
DA:5013,0
DA:5020,0
DA:5021,0
DA:5024,0
DA:5027,0
DA:5032,0
DA:5033,0
DA:5037,0
DA:5044,0
DA:5045,0
DA:5046,0
DA:5048,0
DA:5051,0
DA:5052,0
DA:5056,0
DA:5057,0
DA:5060,0
DA:5063,0
DA:5064,0
DA:5065,0
DA:5067,0
DA:5070,0
DA:5075,0
DA:5076,0
DA:5077,0
DA:5082,0
DA:5083,0
DA:5084,0
DA:5088,0
DA:5093,0
DA:5094,0
DA:5095,0
DA:5100,0
DA:5102,0
DA:5103,0
DA:5104,0
DA:5106,0
DA:5107,0
DA:5108,0
DA:5112,0
DA:5113,0
DA:5118,0
DA:5119,0
DA:5121,0
DA:5126,0
DA:5129,0
DA:5130,0
DA:5134,0
DA:5135,0
DA:5136,0
DA:5137,0
DA:5138,0
DA:5142,0
DA:5145,0
DA:5147,0
DA:5156,0
DA:5159,0
DA:5161,0
DA:5162,0
DA:5166,0
DA:5167,0
DA:5168,0
DA:5174,0
DA:5176,0
DA:5177,0
DA:5183,0
DA:5189,0
DA:5192,0
DA:5193,0
DA:5194,0
DA:5195,0
DA:5198,0
DA:5199,0
DA:5202,0
DA:5203,0
DA:5207,0
DA:5210,0
DA:5211,0
DA:5212,0
DA:5214,0
DA:5215,0
DA:5220,0
DA:5222,0
DA:5223,0
DA:5225,0
DA:5228,0
DA:5229,0
DA:5230,0
DA:5231,0
DA:5239,0
DA:5240,0
DA:5243,0
DA:5248,0
DA:5249,0
DA:5250,0
DA:5258,0
DA:5262,0
DA:5267,0
DA:5268,0
DA:5269,0
DA:5270,0
DA:5273,0
DA:5275,0
DA:5276,0
DA:5280,0
DA:5281,0
DA:5284,0
DA:5285,0
DA:5292,0
DA:5293,0
DA:5296,0
DA:5300,0
DA:5301,0
DA:5306,0
DA:5307,0
DA:5308,0
DA:5310,0
DA:5311,0
DA:5316,0
DA:5318,0
DA:5320,0
DA:5321,0
DA:5322,0
DA:5323,0
DA:5328,0
DA:5329,0
DA:5334,0
DA:5335,0
DA:5340,0
DA:5342,0
DA:5356,0
DA:5357,0
DA:5360,0
DA:5369,0
DA:5370,0
DA:5373,0
DA:5374,0
DA:5375,0
DA:5376,0
DA:5378,0
DA:5381,0
DA:5387,0
DA:5388,0
DA:5395,0
DA:5396,0
DA:5399,0
DA:5413,0
DA:5414,0
DA:5415,0
DA:5416,0
DA:5429,0
DA:5430,0
DA:5431,0
DA:5440,0
DA:5441,0
DA:5442,0
DA:5448,0
DA:5457,0
DA:5458,0
DA:5466,0
DA:5484,0
DA:5486,0
DA:5487,0
DA:5492,1
DA:5496,0
DA:5497,0
DA:5501,0
DA:5503,0
DA:5508,0
DA:5509,0
DA:5512,0
DA:5516,1
DA:5519,0
DA:5520,0
DA:5524,0
DA:5525,0
DA:5526,0
DA:5530,0
DA:5540,0
DA:5544,0
DA:5545,0
DA:5549,0
DA:5552,0
DA:5557,1
DA:5564,0
DA:5566,0
DA:5567,0
DA:5568,0
DA:5572,0
DA:5573,0
DA:5578,0
DA:5582,0
DA:5584,0
DA:5586,0
DA:5587,0
DA:5591,0
DA:5592,0
DA:5597,0
DA:5600,0
DA:5602,0
DA:5604,0
DA:5605,0
DA:5608,0
DA:5620,1
DA:5626,4
DA:5632,0
DA:5633,0
DA:5634,0
DA:5638,0
DA:5639,0
DA:5640,0
DA:5641,0
DA:5643,0
DA:5649,1
DA:5651,1
DA:5655,0
DA:5656,0
DA:5660,0
DA:5663,0
DA:5664,0
DA:5673,0
DA:5674,0
DA:5675,0
DA:5677,0
DA:5687,0
DA:5688,0
DA:5689,0
DA:5690,0
DA:5698,0
DA:5699,0
DA:5703,0
DA:5709,1
DA:5711,1
DA:5715,0
DA:5720,0
DA:5721,0
DA:5722,0
DA:5723,0
DA:5726,0
DA:5727,0
DA:5728,0
DA:5732,0
DA:5735,0
DA:5739,0
DA:5740,0
DA:5742,0
DA:5743,0
DA:5744,0
DA:5745,0
DA:5748,0
DA:5754,0
DA:5757,0
DA:5760,0
DA:5765,0
DA:5767,0
DA:5780,1
DA:5781,1
DA:5784,2
DA:5785,0
DA:5788,2
DA:5790,0
DA:5791,0
DA:5793,0
DA:5794,0
DA:5796,0
DA:5799,0
DA:5800,0
DA:5802,0
DA:5803,0
DA:5804,0
DA:5806,0
DA:5813,1
DA:5816,0
DA:5819,0
DA:5823,0
DA:5826,0
DA:5827,0
DA:5834,0
DA:5836,0
DA:5839,0
DA:5840,0
DA:5842,0
DA:5844,0
DA:5847,0
DA:5848,0
DA:5850,0
DA:5851,0
DA:5853,0
DA:5854,0
DA:5859,0
DA:5860,0
DA:5864,0
DA:5865,0
DA:5866,0
DA:5872,1
DA:5873,1
DA:5874,1
DA:5879,1
DA:5882,1
DA:5883,1
DA:5884,1
DA:5885,1
DA:5886,1
DA:5891,0
DA:5901,0
DA:5902,0
DA:5905,0
DA:5906,0
DA:5907,0
DA:5909,0
DA:5911,0
DA:5915,0
DA:5916,0
DA:5920,0
DA:5921,0
DA:5922,0
DA:5924,0
DA:5925,0
DA:5926,0
DA:5928,0
DA:5929,0
DA:5930,0
DA:5936,0
DA:5937,0
DA:5945,0
DA:5946,0
DA:5949,0
DA:5952,0
DA:5953,0
DA:5955,0
DA:5956,0
DA:5960,0
DA:5964,0
DA:5965,0
DA:5966,0
DA:5970,0
DA:5971,0
DA:5972,0
DA:5979,0
DA:5980,0
DA:5983,0
DA:5989,0
DA:5993,0
DA:5994,0
DA:5999,0
DA:6000,0
DA:6004,0
DA:6005,0
DA:6012,0
DA:6016,0
DA:6017,0
DA:6018,0
DA:6019,0
DA:6020,0
DA:6023,0
DA:6026,0
DA:6027,0
DA:6028,0
DA:6029,0
DA:6031,0
DA:6035,0
DA:6036,0
DA:6037,0
DA:6039,0
DA:6040,0
DA:6044,0
DA:6045,0
DA:6046,0
DA:6051,0
DA:6052,0
DA:6054,0
DA:6055,0
DA:6058,0
DA:6062,0
DA:6066,0
DA:6069,0
DA:6070,0
DA:6073,0
DA:6076,0
DA:6077,0
DA:6078,0
DA:6082,0
DA:6085,0
DA:6086,0
DA:6089,0
DA:6099,0
DA:6103,0
DA:6108,0
DA:6109,0
DA:6111,0
DA:6113,0
DA:6114,0
DA:6117,0
DA:6118,0
DA:6119,0
DA:6121,0
DA:6125,0
DA:6128,1
DA:6130,0
DA:6135,0
DA:6137,0
DA:6140,0
DA:6144,0
DA:6145,0
DA:6148,0
DA:6152,0
DA:6153,0
DA:6156,0
DA:6159,0
DA:6160,0
DA:6166,0
DA:6167,0
DA:6168,0
DA:6169,0
DA:6171,0
DA:6172,0
DA:6175,0
DA:6180,0
DA:6181,0
DA:6182,0
DA:6185,0
DA:6188,0
DA:6193,0
DA:6194,0
DA:6195,0
DA:6196,0
DA:6197,0
DA:6199,0
DA:6200,0
DA:6202,0
DA:6203,0
DA:6205,0
DA:6206,0
DA:6207,0
DA:6208,0
DA:6209,0
DA:6213,0
DA:6219,0
DA:6221,0
DA:6227,0
DA:6228,0
DA:6234,0
DA:6237,0
DA:6245,1
DA:6251,0
DA:6255,0
DA:6259,0
DA:6260,0
DA:6269,0
DA:6270,0
DA:6271,0
DA:6272,0
DA:6278,0
DA:6279,0
DA:6280,0
DA:6281,0
DA:6287,0
DA:6288,0
DA:6289,0
DA:6295,0
DA:6296,0
DA:6297,0
DA:6304,0
DA:6306,0
DA:6309,0
DA:6310,0
DA:6314,0
DA:6315,0
DA:6320,0
DA:6321,0
DA:6325,0
DA:6329,0
DA:6330,0
DA:6332,0
DA:6333,0
DA:6338,0
DA:6339,0
DA:6340,0
DA:6341,0
DA:6343,0
DA:6344,0
DA:6350,0
DA:6355,0
DA:6357,0
DA:6358,0
DA:6361,0
DA:6362,0
DA:6363,0
DA:6364,0
DA:6368,0
DA:6374,0
DA:6375,0
DA:6381,0
DA:6384,0
DA:6385,0
DA:6387,0
DA:6388,0
DA:6389,0
DA:6390,0
DA:6399,1
DA:6406,5
DA:6408,0
DA:6409,0
DA:6410,0
DA:6411,0
DA:6413,0
DA:6414,0
DA:6415,0
DA:6418,0
DA:6421,0
DA:6427,1
DA:6443,0
DA:6445,0
DA:6449,0
DA:6451,0
DA:6459,0
DA:6460,0
DA:6462,0
DA:6463,0
DA:6466,0
DA:6469,0
DA:6473,0
DA:6476,0
DA:6477,0
DA:6479,0
DA:6480,0
DA:6484,0
DA:6487,0
DA:6489,1
DA:6491,1
DA:6493,1
DA:6495,0
DA:6498,0
DA:6499,0
DA:6500,0
DA:6503,0
DA:6506,0
DA:6507,0
DA:6510,0
DA:6514,1
DA:6518,1
DA:6521,1
DA:6522,1
DA:6525,1
DA:6526,0
DA:6529,1
DA:6533,1
DA:6537,1
DA:6539,1
DA:6540,1
DA:6541,1
DA:6543,1
DA:6544,1
DA:6546,1
DA:6547,1
DA:6551,1
DA:6554,1
DA:6556,0
DA:6557,0
DA:6559,0
DA:6566,0
DA:6567,0
DA:6569,0
DA:6575,0
DA:6576,0
DA:6578,0
DA:6582,0
DA:6583,0
DA:6585,0
DA:6591,0
DA:6592,0
DA:6594,0
DA:6600,0
DA:6601,0
DA:6603,0
DA:6609,0
DA:6612,0
DA:6614,0
DA:6625,0
DA:6626,0
DA:6629,0
DA:6630,0
DA:6631,0
DA:6632,0
DA:6633,0
DA:6637,0
DA:6638,0
DA:6644,0
DA:6647,0
DA:6653,0
DA:6654,0
DA:6656,0
DA:6659,0
DA:6670,0
DA:6671,0
DA:6672,0
DA:6673,0
DA:6674,0
DA:6675,0
DA:6676,0
DA:6677,0
DA:6678,0
DA:6679,0
DA:6680,0
DA:6681,0
DA:6682,0
DA:6687,0
DA:6694,1
DA:6696,1
DA:6697,1
DA:6702,0
DA:6704,0
DA:6705,0
DA:6708,0
DA:6711,1
DA:6713,0
DA:6715,0
DA:6718,0
DA:6723,0
DA:6724,0
DA:6727,0
DA:6736,0
DA:6739,0
DA:6740,0
DA:6741,0
DA:6744,0
DA:6745,0
DA:6748,0
DA:6749,0
DA:6750,0
DA:6756,0
DA:6760,0
DA:6761,0
DA:6762,0
DA:6765,0
DA:6767,0
DA:6769,0
DA:6770,0
DA:6774,0
DA:6775,0
DA:6787,0
DA:6790,0
DA:6791,0
DA:6792,0
DA:6795,0
DA:6796,0
DA:6798,0
DA:6799,0
DA:6802,0
DA:6803,0
DA:6804,0
DA:6810,0
DA:6822,4
DA:6824,0
DA:6828,0
DA:6829,0
DA:6833,0
DA:6841,1
DA:6842,1
DA:6848,1
DA:6849,1
DA:6851,1
DA:6852,1
DA:6857,1
DA:6858,1
DA:6865,0
DA:6866,0
DA:6870,0
DA:6871,0
DA:6873,0
DA:6874,0
DA:6875,0
DA:6876,0
DA:6883,0
DA:6884,0
DA:6885,0
DA:6887,0
DA:6888,0
DA:6889,0
DA:6890,0
DA:6893,0
DA:6894,0
DA:6895,0
DA:6899,0
DA:6900,0
DA:6906,0
DA:6907,0
DA:6911,0
DA:6913,0
DA:6914,0
DA:6925,0
DA:6926,0
DA:6927,0
DA:6928,0
DA:6930,0
DA:6931,0
DA:6935,0
DA:6939,0
DA:6940,0
DA:6948,0
DA:6956,0
DA:6958,0
DA:6961,0
DA:6962,0
DA:6965,0
DA:6968,0
DA:6969,0
DA:6973,0
DA:6974,0
DA:6979,0
DA:6982,0
DA:6983,0
DA:6988,0
DA:6994,0
DA:6995,0
DA:6996,0
DA:6997,0
DA:7003,0
DA:7006,0
DA:7007,0
DA:7008,0
DA:7012,0
DA:7013,0
DA:7018,0
DA:7022,0
DA:7026,0
DA:7037,1
DA:7044,0
DA:7047,0
DA:7048,0
DA:7083,0
DA:7084,0
DA:7089,0
DA:7090,0
DA:7092,0
DA:7097,0
DA:7100,0
DA:7101,0
DA:7104,0
DA:7105,0
DA:7108,0
DA:7112,0
DA:7113,0
DA:7117,0
DA:7118,0
DA:7124,0
DA:7125,0
DA:7129,0
DA:7134,0
DA:7135,0
DA:7142,0
DA:7145,0
DA:7149,0
DA:7155,0
DA:7158,0
DA:7163,0
DA:7166,0
DA:7167,0
DA:7171,0
DA:7172,0
DA:7176,0
DA:7177,0
DA:7181,0
DA:7182,0
DA:7183,0
DA:7185,0
DA:7189,1
DA:7190,2
DA:7192,0
DA:7196,0
DA:7199,0
DA:7206,0
DA:7207,0
DA:7221,1
DA:7222,0
DA:7226,0
DA:7234,0
DA:7235,0
DA:7236,0
DA:7237,0
DA:7241,0
DA:7246,0
DA:7253,0
DA:7257,0
DA:7258,0
DA:7263,0
DA:7270,1
DA:7272,0
DA:7273,0
DA:7279,1
DA:7281,0
DA:7282,0
DA:7292,0
DA:7302,1
DA:7307,3
DA:7309,0
DA:7310,0
DA:7313,0
DA:7315,0
DA:7316,0
DA:7320,0
DA:7324,3
DA:7325,2
DA:7329,1
DA:7331,0
DA:7333,0
DA:7334,0
DA:7336,0
DA:7337,0
DA:7338,0
DA:7340,0
DA:7341,0
DA:7344,0
DA:7347,0
DA:7353,0
DA:7356,0
DA:7359,0
DA:7360,0
DA:7363,0
DA:7364,0
DA:7365,0
DA:7367,0
DA:7375,0
DA:7377,1
DA:7379,1
DA:7382,0
DA:7383,0
DA:7384,0
DA:7385,0
DA:7386,0
DA:7387,0
DA:7388,0
DA:7391,0
DA:7393,0
DA:7399,0
DA:7401,0
DA:7402,0
DA:7406,0
DA:7408,0
DA:7410,0
DA:7411,0
DA:7414,0
DA:7415,0
DA:7417,0
DA:7419,0
DA:7423,1
DA:7425,1
DA:7432,0
DA:7434,0
DA:7441,0
DA:7444,0
DA:7450,0
DA:7451,0
DA:7452,0
DA:7455,0
DA:7457,0
DA:7466,1
DA:7468,0
DA:7469,0
DA:7474,1
DA:7476,0
DA:7479,0
DA:7484,1
DA:7487,1
DA:7494,1
DA:7495,1
DA:7499,0
DA:7500,0
DA:7502,0
DA:7508,3
DA:7509,3
DA:7513,3
DA:7514,3
DA:7515,6
DA:7516,6
DA:7519,3
DA:7520,0
DA:7523,3
DA:7528,0
DA:7529,0
DA:7530,0
DA:7531,0
DA:7532,0
DA:7535,0
DA:7543,0
DA:7544,0
DA:7545,0
DA:7546,0
DA:7547,0
DA:7550,0
DA:7551,0
DA:7552,0
DA:7553,0
DA:7554,0
DA:7555,0
DA:7556,0
DA:7557,0
DA:7561,0
DA:7563,0
DA:7567,0
DA:7568,0
DA:7569,0
DA:7570,0
DA:7577,0
DA:7583,0
DA:7587,0
DA:7590,0
DA:7593,0
DA:7597,0
DA:7598,0
DA:7600,0
DA:7605,0
DA:7606,0
DA:7607,0
DA:7608,0
DA:7609,0
DA:7610,0
DA:7611,0
DA:7617,0
DA:7618,0
DA:7619,0
DA:7620,0
DA:7621,0
DA:7622,0
DA:7626,0
DA:7627,0
DA:7629,0
DA:7632,0
DA:7636,0
DA:7640,0
DA:7641,0
DA:7642,0
DA:7643,0
DA:7646,0
DA:7650,0
DA:7651,0
DA:7653,0
DA:7654,0
DA:7656,0
DA:7657,0
DA:7660,0
DA:7662,0
DA:7663,0
DA:7664,0
DA:7667,0
DA:7668,0
DA:7670,0
DA:7671,0
DA:7672,0
DA:7673,0
DA:7674,0
DA:7680,0
DA:7681,0
DA:7689,0
DA:7690,0
DA:7691,0
DA:7692,0
DA:7693,0
DA:7694,0
DA:7695,0
DA:7698,0
DA:7699,0
DA:7700,0
DA:7703,0
DA:7704,0
DA:7705,0
DA:7706,0
DA:7710,0
DA:7711,0
DA:7712,0
DA:7713,0
DA:7717,0
DA:7725,0
DA:7726,0
DA:7727,0
DA:7730,0
DA:7732,0
DA:7733,0
DA:7734,0
DA:7736,0
DA:7737,0
DA:7741,0
DA:7742,0
DA:7743,0
DA:7744,0
DA:7746,0
DA:7747,0
DA:7750,0
DA:7752,0
DA:7753,0
DA:7755,0
DA:7756,0
DA:7759,0
DA:7772,0
DA:7774,0
DA:7775,0
DA:7778,0
DA:7782,0
DA:7783,0
DA:7784,0
DA:7786,0
DA:7787,0
DA:7788,0
DA:7793,0
DA:7794,0
DA:7795,0
DA:7797,0
DA:7799,0
DA:7802,0
DA:7804,0
DA:7806,0
DA:7807,0
DA:7808,0
DA:7809,0
DA:7810,0
DA:7813,0
DA:7817,0
DA:7819,0
DA:7820,0
DA:7823,0
DA:7832,0
DA:7838,1
DA:7842,0
DA:7843,0
DA:7844,0
DA:7849,0
DA:7850,0
DA:7851,0
DA:7853,0
DA:7857,0
DA:7858,0
DA:7860,0
DA:7861,0
DA:7862,0
DA:7863,0
DA:7870,0
DA:7871,0
DA:7873,0
DA:7878,1
DA:7879,0
DA:7886,0
DA:7891,0
DA:7892,0
DA:7896,0
DA:7898,0
DA:7899,0
DA:7900,0
DA:7903,0
DA:7904,0
DA:7908,0
DA:7911,1
DA:7915,0
DA:7921,0
DA:7922,0
DA:7923,0
DA:7926,0
DA:7929,0
DA:7930,0
DA:7933,0
DA:7935,0
DA:7940,0
DA:7941,0
DA:7942,0
DA:7943,0
DA:7946,0
DA:7947,0
DA:7948,0
DA:7949,0
DA:7951,0
DA:7952,0
DA:7955,0
DA:7956,0
DA:7957,0
DA:7958,0
DA:7959,0
DA:7961,0
DA:7962,0
DA:7963,0
DA:7966,0
DA:7967,0
DA:7968,0
DA:7973,0
DA:7974,0
DA:7977,0
DA:7978,0
DA:7979,0
DA:7986,0
DA:7987,0
DA:7992,0
DA:7993,0
DA:7995,0
DA:7997,0
DA:7998,0
DA:7999,0
DA:8000,0
DA:8001,0
DA:8004,0
DA:8007,0
DA:8009,0
DA:8010,0
DA:8014,0
DA:8015,0
DA:8016,0
DA:8017,0
DA:8022,0
DA:8023,0
DA:8024,0
DA:8029,0
DA:8034,1
DA:8035,3
DA:8036,3
DA:8037,0
DA:8044,1
DA:8052,6
DA:8053,0
DA:8057,1
DA:8058,1
DA:8060,0
DA:8061,0
DA:8063,0
DA:8065,0
DA:8066,0
DA:8069,0
DA:8070,0
DA:8074,0
DA:8075,0
DA:8077,0
DA:8080,1
DA:8081,0
DA:8082,0
DA:8083,0
DA:8085,0
DA:8089,1
DA:8091,1
DA:8092,0
DA:8093,0
DA:8097,1
DA:8098,0
DA:8099,0
DA:8102,1
DA:8113,1
DA:8114,0
DA:8115,0
DA:8117,0
DA:8118,0
DA:8119,0
DA:8120,0
DA:8126,1
DA:8128,1
DA:8129,1
DA:8130,1
DA:8131,1
DA:8134,1
DA:8135,1
DA:8136,1
DA:8137,1
DA:8141,1
DA:8142,1
DA:8144,1
DA:8147,1
DA:8151,1
DA:8155,1
DA:8159,1
DA:8162,1
DA:8166,1
DA:8169,1
DA:8173,1
DA:8174,1
DA:8178,1
DA:8179,1
DA:8180,1
DA:8183,1
DA:8184,1
DA:8185,1
DA:8189,1
DA:8190,1
DA:8192,1
DA:8195,0
DA:8197,0
DA:8198,0
DA:8199,0
DA:8202,0
DA:8207,0
DA:8210,0
DA:8212,0
DA:8221,0
DA:8224,0
DA:8226,0
DA:8229,0
DA:8230,0
DA:8233,0
DA:8234,0
DA:8236,0
DA:8240,0
DA:8241,0
DA:8242,0
DA:8243,0
DA:8244,0
DA:8245,0
DA:8246,0
DA:8250,0
DA:8253,0
DA:8254,0
DA:8260,1
DA:8264,0
DA:8265,0
DA:8278,0
DA:8279,0
DA:8280,0
DA:8281,0
DA:8282,0
DA:8283,0
DA:8288,0
DA:8289,0
DA:8292,0
DA:8302,0
DA:8305,0
DA:8306,0
DA:8310,0
DA:8314,0
DA:8319,0
DA:8320,0
DA:8321,0
DA:8323,0
DA:8324,0
DA:8326,0
DA:8332,0
DA:8333,0
DA:8338,0
DA:8342,0
DA:8347,0
DA:8348,0
DA:8351,0
DA:8358,1
DA:8359,2
DA:8361,0
DA:8362,0
DA:8366,2
DA:8367,2
DA:8368,0
DA:8377,1
DA:8378,1
DA:8379,1
DA:8380,1
DA:8382,1
DA:8384,0
DA:8388,0
DA:8389,0
DA:8394,1
DA:8397,0
DA:8400,0
DA:8401,0
DA:8405,0
DA:8406,0
DA:8411,0
DA:8412,0
DA:8413,0
DA:8417,0
DA:8418,0
DA:8419,0
DA:8420,0
DA:8423,0
DA:8425,0
DA:8428,0
DA:8429,0
DA:8432,0
DA:8433,0
DA:8436,0
DA:8439,0
DA:8445,0
DA:8450,0
DA:8451,0
DA:8452,0
DA:8453,0
DA:8455,0
DA:8463,0
DA:8464,0
DA:8466,0
DA:8467,0
DA:8468,0
DA:8471,0
DA:8474,0
DA:8475,0
DA:8480,0
DA:8486,0
DA:8489,0
DA:8496,1
DA:8498,0
DA:8501,0
DA:8502,0
DA:8505,0
DA:8511,0
DA:8513,0
DA:8517,1
DA:8518,16
DA:8520,16
DA:8521,16
DA:8523,0
DA:8526,0
DA:8527,0
DA:8528,0
DA:8531,0
DA:8533,0
DA:8536,0
DA:8537,0
DA:8538,0
DA:8547,1
DA:8548,0
DA:8550,0
DA:8553,0
DA:8557,0
DA:8564,1
DA:8568,0
DA:8572,0
DA:8573,0
DA:8574,0
DA:8579,0
DA:8582,0
DA:8583,0
DA:8589,0
DA:8592,0
DA:8593,0
DA:8600,0
DA:8602,0
DA:8603,0
DA:8604,0
DA:8612,0
DA:8614,0
DA:8620,0
DA:8621,0
DA:8623,0
DA:8624,0
DA:8625,0
DA:8632,1
DA:8633,0
DA:8639,0
DA:8642,0
DA:8650,1
DA:8651,1
DA:8653,1
DA:8655,0
DA:8659,0
DA:8660,0
DA:8663,0
DA:8664,0
DA:8665,0
DA:8671,1
DA:8674,0
DA:8677,0
DA:8678,0
DA:8681,0
DA:8684,0
DA:8685,0
DA:8688,0
DA:8689,0
DA:8691,0
DA:8694,0
DA:8697,0
DA:8698,0
DA:8701,0
DA:8712,0
DA:8714,0
DA:8732,1
DA:8735,0
DA:8736,0
DA:8738,0
DA:8750,1
DA:8751,0
DA:8753,0
DA:8755,0
DA:8756,0
DA:8759,0
DA:8760,0
DA:8763,0
DA:8766,0
DA:8767,0
DA:8768,0
DA:8770,0
DA:8771,0
DA:8778,1
DA:8790,10
DA:8794,1
DA:8795,0
DA:8801,1
DA:8804,0
DA:8807,1
DA:8810,0
DA:8812,0
DA:8813,0
DA:8814,0
DA:8818,0
DA:8819,0
DA:8821,0
DA:8822,0
DA:8823,0
DA:8826,0
DA:8827,0
DA:8828,0
DA:8829,0
DA:8830,0
DA:8835,0
DA:8836,0
DA:8837,0
DA:8843,0
DA:8848,0
DA:8850,0
DA:8851,0
DA:8852,0
DA:8856,0
DA:8857,0
DA:8860,0
DA:8861,0
DA:8863,0
DA:8864,0
DA:8867,0
DA:8870,0
DA:8871,0
DA:8872,0
DA:8875,0
DA:8876,0
DA:8881,0
DA:8882,0
DA:8883,0
DA:8889,0
DA:8893,0
DA:8895,0
DA:8896,0
DA:8899,0
DA:8900,0
DA:8901,0
DA:8908,0
DA:8911,0
DA:8914,0
DA:8915,0
DA:8916,0
DA:8918,0
DA:8921,0
DA:8922,0
DA:8924,0
DA:8929,0
DA:8930,0
DA:8931,0
DA:8934,0
DA:8941,0
DA:8952,0
DA:8954,0
DA:8955,0
DA:8956,0
DA:8960,0
DA:8964,0
DA:8974,1
DA:8980,25
DA:8981,0
DA:8987,1
DA:8989,0
DA:8994,1
DA:8996,1
DA:8998,1
DA:9002,1
DA:9004,1
DA:9007,0
DA:9011,0
DA:9015,0
DA:9016,0
DA:9020,0
DA:9023,0
DA:9024,0
DA:9028,0
DA:9029,0
DA:9033,0
DA:9039,0
DA:9042,0
DA:9050,1
DA:9052,0
DA:9053,0
DA:9055,0
DA:9056,0
DA:9057,0
DA:9058,0
DA:9060,0
DA:9061,0
DA:9062,0
DA:9065,0
DA:9067,0
DA:9068,0
DA:9070,0
DA:9075,1
DA:9076,1
DA:9079,1
DA:9082,1
DA:9083,1
DA:9084,1
DA:9085,1
DA:9096,1
DA:9103,1
DA:9106,1
DA:9109,1
DA:9112,1
DA:9118,2
DA:9120,4
DA:9121,1
DA:9122,1
DA:9126,4
DA:9127,4
DA:9129,4
DA:9132,4
DA:9135,5
DA:9136,0
DA:9137,0
DA:9141,5
DA:9151,0
DA:9152,0
DA:9156,0
DA:9157,0
DA:9158,0
DA:9159,0
DA:9162,0
DA:9163,0
DA:9164,0
DA:9165,0
DA:9166,0
DA:9169,0
DA:9172,0
DA:9180,2
DA:9182,2
DA:9183,5
DA:9184,5
DA:9187,2
DA:9188,2
DA:9191,2
DA:9200,0
DA:9201,0
DA:9204,0
DA:9205,0
DA:9206,0
DA:9207,0
DA:9212,0
DA:9213,0
DA:9214,0
DA:9215,0
DA:9216,0
DA:9222,0
DA:9223,0
DA:9227,0
DA:9228,0
DA:9229,0
DA:9230,0
DA:9232,0
DA:9233,0
DA:9238,0
DA:9244,0
DA:9245,0
DA:9246,0
DA:9248,0
DA:9257,0
DA:9260,0
DA:9263,0
DA:9264,0
DA:9265,0
DA:9269,0
DA:9272,0
DA:9274,0
DA:9275,0
DA:9279,0
DA:9280,0
DA:9283,0
DA:9284,0
DA:9286,0
DA:9289,0
DA:9291,0
DA:9294,0
DA:9297,0
DA:9300,0
DA:9301,0
DA:9304,0
DA:9305,0
DA:9308,0
DA:9310,0
DA:9313,0
DA:9314,0
DA:9317,0
DA:9318,0
DA:9319,0
DA:9321,0
DA:9328,0
DA:9331,0
DA:9332,0
DA:9334,0
DA:9335,0
DA:9337,0
DA:9348,0
DA:9351,1
DA:9431,2
DA:9447,0
DA:9448,0
DA:9449,0
DA:9453,0
DA:9481,0
DA:9484,0
DA:9487,0
DA:9493,0
DA:9494,0
DA:9497,0
DA:9500,0
DA:9501,0
DA:9504,0
DA:9507,0
DA:9510,0
DA:9516,0
DA:9517,0
DA:9518,0
DA:9519,0
DA:9520,0
DA:9523,0
DA:9525,0
DA:9530,0
DA:9535,0
DA:9536,0
DA:9537,0
DA:9538,0
DA:9540,0
DA:9545,0
DA:9546,0
DA:9548,0
DA:9554,0
DA:9555,0
DA:9556,0
DA:9559,0
DA:9564,0
DA:9567,0
DA:9572,0
DA:9573,0
DA:9574,0
DA:9576,0
DA:9577,0
DA:9582,0
DA:9583,0
DA:9584,0
DA:9590,0
DA:9595,0
DA:9598,0
DA:9601,0
DA:9602,0
DA:9603,0
DA:9611,0
DA:9612,0
DA:9616,0
DA:9619,0
DA:9620,0
DA:9625,0
DA:9628,0
DA:9629,0
DA:9633,0
DA:9636,0
DA:9640,0
DA:9643,0
DA:9646,0
DA:9647,0
DA:9650,0
DA:9654,0
DA:9655,0
DA:9666,0
DA:9667,0
DA:9668,0
DA:9670,0
DA:9671,0
DA:9676,0
DA:9677,0
DA:9681,0
DA:9690,0
DA:9691,0
DA:9695,0
DA:9699,0
DA:9703,0
DA:9706,0
DA:9707,0
DA:9711,0
DA:9714,0
DA:9715,0
DA:9717,0
DA:9720,0
DA:9721,0
DA:9725,0
DA:9726,0
DA:9730,0
DA:9731,0
DA:9732,0
DA:9736,0
DA:9737,0
DA:9738,0
DA:9742,0
DA:9743,0
DA:9747,0
DA:9755,0
DA:9758,0
DA:9759,0
DA:9763,0
DA:9766,0
DA:9767,0
DA:9772,0
DA:9775,0
DA:9778,0
DA:9781,0
DA:9784,0
DA:9785,0
DA:9789,0
DA:9792,0
DA:9795,0
DA:9796,0
DA:9797,0
DA:9798,0
DA:9800,0
DA:9801,0
DA:9802,0
DA:9807,0
DA:9808,0
DA:9811,0
DA:9812,0
DA:9816,0
DA:9817,0
DA:9818,0
DA:9819,0
DA:9825,0
DA:9826,0
DA:9827,0
DA:9828,0
DA:9829,0
DA:9835,0
DA:9836,0
DA:9839,0
DA:9840,0
DA:9842,0
DA:9846,0
DA:9847,0
DA:9849,0
DA:9850,0
DA:9855,0
DA:9857,0
DA:9858,0
DA:9861,0
DA:9862,0
DA:9867,0
DA:9871,0
DA:9875,0
DA:9879,1
DA:9880,2
DA:9883,0
DA:9884,0
DA:9885,0
DA:9886,0
DA:9890,0
DA:9901,1
DA:9902,0
DA:9916,1
DA:9918,0
DA:9919,0
DA:9920,0
DA:9924,0
DA:9927,0
DA:9929,0
DA:9930,0
DA:9933,0
DA:9934,0
DA:9936,0
DA:9937,0
DA:9940,0
DA:9944,0
DA:9948,0
DA:9949,0
DA:9950,0
DA:9954,0
DA:9955,0
DA:9956,0
DA:9958,0
DA:9959,0
DA:9962,0
DA:9968,0
DA:9970,0
DA:9971,0
DA:9976,0
DA:9977,0
DA:9978,0
DA:9986,0
DA:9992,0
DA:9993,0
DA:9995,0
DA:9996,0
DA:9997,0
DA:9999,0
DA:10001,0
DA:10004,1
DA:10008,0
DA:10014,1
DA:10015,0
DA:10021,1
DA:10022,1
DA:10023,1
DA:10024,1
DA:10025,1
DA:10030,0
DA:10033,0
DA:10034,0
DA:10037,0
DA:10042,0
DA:10051,0
DA:10054,0
DA:10055,0
DA:10061,0
DA:10067,1
DA:10069,0
DA:10070,0
DA:10073,0
DA:10074,0
DA:10078,0
DA:10079,0
DA:10083,0
DA:10086,0
DA:10087,0
DA:10094,0
DA:10095,0
DA:10100,0
DA:10103,1
DA:10105,0
DA:10108,0
DA:10111,0
DA:10112,0
DA:10115,0
DA:10118,0
DA:10123,0
DA:10125,0
DA:10129,0
DA:10139,1
DA:10145,0
DA:10146,0
DA:10155,0
DA:10156,0
DA:10165,0
DA:10172,1
DA:10173,1
DA:10174,1
DA:10179,1
DA:10180,0
DA:10181,0
DA:10182,0
DA:10188,1
DA:10189,1
DA:10192,1
DA:10194,1
DA:10197,0
DA:10201,0
DA:10204,0
DA:10205,0
DA:10208,0
DA:10217,0
DA:10218,0
DA:10219,0
DA:10224,0
DA:10225,0
DA:10233,0
DA:10234,0
DA:10238,0
DA:10246,0
DA:10247,0
DA:10254,0
DA:10257,0
DA:10261,0
DA:10264,0
DA:10265,0
DA:10266,0
DA:10269,0
DA:10270,0
DA:10271,0
DA:10274,0
DA:10275,0
DA:10280,0
DA:10281,0
DA:10286,0
DA:10287,0
DA:10291,0
DA:10299,0
DA:10300,0
DA:10303,0
DA:10304,0
DA:10310,0
DA:10311,0
DA:10318,0
DA:10321,0
DA:10322,0
DA:10326,0
DA:10331,0
DA:10336,0
DA:10337,0
DA:10347,1
DA:10348,1
DA:10353,0
DA:10354,0
DA:10362,1
DA:10372,0
DA:10373,0
DA:10379,1
DA:10380,0
DA:10381,0
DA:10383,0
DA:10384,0
DA:10385,0
DA:10390,1
DA:10393,0
DA:10396,0
DA:10398,0
DA:10402,0
DA:10404,0
DA:10406,0
DA:10407,0
DA:10410,0
DA:10413,0
DA:10415,0
DA:10418,0
DA:10421,0
DA:10422,0
DA:10426,0
DA:10429,0
DA:10430,0
DA:10437,0
DA:10441,0
DA:10442,0
DA:10452,1
DA:10453,1
DA:10456,1
DA:10459,0
DA:10460,0
DA:10461,0
DA:10466,1
DA:10469,0
DA:10478,0
DA:10481,0
DA:10486,0
DA:10487,0
DA:10488,0
DA:10489,0
DA:10493,0
DA:10494,0
DA:10495,0
DA:10497,0
DA:10501,0
DA:10504,0
DA:10505,0
DA:10506,0
DA:10510,0
DA:10513,0
DA:10514,0
DA:10518,0
DA:10522,0
DA:10525,0
DA:10528,0
DA:10532,0
DA:10533,0
DA:10536,0
DA:10540,0
DA:10551,1
DA:10552,0
DA:10553,0
DA:10555,0
DA:10556,0
DA:10557,0
DA:10559,0
DA:10561,0
DA:10562,0
DA:10565,0
DA:10566,0
DA:10569,0
DA:10571,0
DA:10572,0
DA:10575,0
DA:10580,1
DA:10585,1
DA:10586,0
DA:10587,0
DA:10591,0
DA:10592,0
DA:10594,0
DA:10595,0
DA:10596,0
DA:10600,0
DA:10603,0
DA:10604,0
DA:10607,0
DA:10608,0
DA:10612,0
DA:10613,0
DA:10625,0
DA:10627,0
DA:10640,0
DA:10641,0
DA:10646,0
DA:10653,1
DA:10661,6
DA:10662,0
DA:10669,1
DA:10670,0
DA:10671,0
DA:10683,0
DA:10690,1
DA:10693,0
DA:10694,0
DA:10695,0
DA:10698,0
DA:10699,0
DA:10702,0
DA:10703,0
DA:10704,0
DA:10705,0
DA:10710,0
DA:10711,0
DA:10712,0
DA:10713,0
DA:10715,0
DA:10716,0
DA:10719,0
DA:10722,0
DA:10725,0
DA:10726,0
DA:10728,0
DA:10729,0
DA:10732,0
DA:10733,0
DA:10735,0
DA:10740,1
DA:10742,0
DA:10743,0
DA:10746,0
DA:10751,0
DA:10752,0
DA:10753,0
DA:10755,0
DA:10756,0
DA:10759,0
DA:10762,0
DA:10763,0
DA:10768,0
DA:10769,0
DA:10771,0
DA:10772,0
DA:10779,0
DA:10780,0
DA:10784,0
DA:10785,0
DA:10789,0
DA:10792,0
DA:10796,0
DA:10799,0
DA:10800,0
DA:10801,0
DA:10805,0
DA:10806,0
DA:10812,0
DA:10819,0
DA:10820,0
DA:10822,0
DA:10824,0
DA:10826,0
DA:10832,1
DA:10833,2
DA:10835,2
DA:10836,0
DA:10837,0
DA:10839,0
DA:10840,0
DA:10845,0
DA:10846,0
DA:10852,0
DA:10863,1
DA:10864,2
DA:10866,0
DA:10867,0
DA:10870,0
DA:10880,1
DA:10881,2
DA:10885,6
DA:10886,0
DA:10887,0
DA:10889,0
DA:10892,0
DA:10897,0
DA:10901,0
DA:10902,0
DA:10908,0
DA:10915,0
DA:10928,1
DA:10931,0
DA:10934,0
DA:10938,0
DA:10943,0
DA:10950,1
DA:10951,0
DA:10954,1
DA:10972,1
DA:10973,0
DA:10974,0
DA:10983,1
DA:10986,1
DA:10988,1
DA:10989,0
DA:10990,0
DA:10993,0
DA:10994,0
DA:10997,0
DA:11003,1
DA:11004,0
DA:11007,1
LF:3893
LH:634
BRDA:1,0,0,1
BRDA:1,0,1,0
BRDA:1,1,0,1
BRDA:1,1,1,1
BRDA:1,2,0,0
BRDA:1,2,1,0
BRDA:1,3,0,0
BRDA:1,3,1,0
BRDA:1,3,2,0
BRDA:1,3,3,0
BRDA:17,4,0,1
BRDA:17,4,1,0
BRDA:25,5,0,1
BRDA:25,5,1,0
BRDA:28,6,0,0
BRDA:28,6,1,0
BRDA:38,7,0,1
BRDA:111,8,0,0
BRDA:111,8,1,0
BRDA:114,9,0,0
BRDA:114,9,1,0
BRDA:160,10,0,0
BRDA:160,10,1,0
BRDA:161,11,0,0
BRDA:161,11,1,0
BRDA:161,12,0,0
BRDA:161,12,1,0
BRDA:165,13,0,0
BRDA:165,13,1,0
BRDA:177,14,0,36
BRDA:177,14,1,0
BRDA:183,15,0,5
BRDA:183,15,1,31
BRDA:187,16,0,5
BRDA:187,16,1,0
BRDA:192,17,0,0
BRDA:192,17,1,36
BRDA:197,18,0,28
BRDA:197,18,1,8
BRDA:205,19,0,36
BRDA:205,19,1,0
BRDA:213,20,0,0
BRDA:213,20,1,155
BRDA:218,21,0,3
BRDA:218,21,1,152
BRDA:218,22,0,155
BRDA:218,22,1,8
BRDA:218,22,2,8
BRDA:218,22,3,5
BRDA:221,23,0,0
BRDA:221,23,1,3
BRDA:223,24,0,0
BRDA:223,24,1,0
BRDA:223,25,0,0
BRDA:223,25,1,0
BRDA:226,26,0,3
BRDA:226,26,1,0
BRDA:226,27,0,3
BRDA:226,27,1,3
BRDA:233,28,0,152
BRDA:233,28,1,0
BRDA:265,29,0,1
BRDA:265,29,1,0
BRDA:271,30,0,34
BRDA:271,30,1,34
BRDA:280,31,0,0
BRDA:280,31,1,0
BRDA:281,32,0,0
BRDA:281,32,1,0
BRDA:298,33,0,5
BRDA:298,33,1,6
BRDA:298,34,0,11
BRDA:298,34,1,11
BRDA:298,34,2,6
BRDA:298,34,3,6
BRDA:305,35,0,0
BRDA:305,35,1,6
BRDA:305,36,0,6
BRDA:305,36,1,6
BRDA:305,36,2,6
BRDA:318,37,0,0
BRDA:318,37,1,6
BRDA:328,38,0,6
BRDA:328,38,1,6
BRDA:332,39,0,0
BRDA:332,39,1,53
BRDA:343,40,0,0
BRDA:343,40,1,0
BRDA:343,41,0,0
BRDA:343,41,1,0
BRDA:348,42,0,0
BRDA:348,42,1,0
BRDA:361,43,0,0
BRDA:361,43,1,0
BRDA:367,44,0,17
BRDA:367,44,1,10
BRDA:370,45,0,0
BRDA:370,45,1,93
BRDA:376,46,0,0
BRDA:376,46,1,42
BRDA:387,47,0,0
BRDA:387,47,1,0
BRDA:394,48,0,1
BRDA:394,48,1,0
BRDA:396,49,0,1
BRDA:396,49,1,0
BRDA:397,50,0,0
BRDA:397,50,1,1
BRDA:399,51,0,0
BRDA:399,51,1,0
BRDA:413,52,0,0
BRDA:413,52,1,0
BRDA:414,53,0,0
BRDA:414,53,1,0
BRDA:419,54,0,0
BRDA:419,54,1,0
BRDA:419,55,0,0
BRDA:419,55,1,0
BRDA:424,56,0,0
BRDA:424,56,1,0
BRDA:424,57,0,0
BRDA:424,57,1,0
BRDA:444,58,0,0
BRDA:444,58,1,0
BRDA:466,59,0,0
BRDA:466,59,1,0
BRDA:481,60,0,0
BRDA:481,60,1,0
BRDA:486,61,0,0
BRDA:486,61,1,0
BRDA:496,62,0,0
BRDA:496,62,1,0
BRDA:514,63,0,0
BRDA:514,63,1,0
BRDA:522,64,0,0
BRDA:522,64,1,0
BRDA:529,65,0,0
BRDA:529,65,1,0
BRDA:533,66,0,0
BRDA:533,66,1,0
BRDA:552,67,0,1
BRDA:552,67,1,0
BRDA:569,68,0,28
BRDA:569,68,1,28
BRDA:569,68,2,17
BRDA:572,69,0,0
BRDA:572,69,1,28
BRDA:572,70,0,28
BRDA:572,70,1,28
BRDA:576,71,0,28
BRDA:576,71,1,15
BRDA:576,71,2,15
BRDA:576,71,3,4
BRDA:576,71,4,4
BRDA:623,72,0,0
BRDA:623,72,1,18
BRDA:645,73,0,0
BRDA:645,73,1,0
BRDA:726,74,0,0
BRDA:726,74,1,0
BRDA:726,75,0,0
BRDA:726,75,1,0
BRDA:728,76,0,0
BRDA:728,76,1,0
BRDA:753,77,0,0
BRDA:753,77,1,0
BRDA:774,78,0,0
BRDA:774,78,1,0
BRDA:777,79,0,0
BRDA:777,79,1,0
BRDA:779,80,0,0
BRDA:779,80,1,0
BRDA:782,81,0,0
BRDA:782,81,1,0
BRDA:782,82,0,0
BRDA:782,82,1,0
BRDA:782,82,2,0
BRDA:782,82,3,0
BRDA:782,82,4,0
BRDA:789,83,0,0
BRDA:789,83,1,0
BRDA:791,84,0,0
BRDA:791,84,1,0
BRDA:791,85,0,0
BRDA:791,85,1,0
BRDA:791,86,0,0
BRDA:791,86,1,0
BRDA:794,87,0,0
BRDA:794,87,1,0
BRDA:796,88,0,0
BRDA:796,88,1,0
BRDA:800,89,0,0
BRDA:800,89,1,0
BRDA:800,90,0,0
BRDA:800,90,1,0
BRDA:803,91,0,0
BRDA:803,91,1,0
BRDA:806,92,0,0
BRDA:806,92,1,0
BRDA:807,93,0,0
BRDA:807,93,1,0
BRDA:812,94,0,0
BRDA:812,94,1,0
BRDA:826,95,0,0
BRDA:826,95,1,0
BRDA:826,96,0,0
BRDA:826,96,1,0
BRDA:826,96,2,0
BRDA:826,96,3,0
BRDA:836,97,0,0
BRDA:836,97,1,0
BRDA:841,98,0,0
BRDA:841,98,1,0
BRDA:841,99,0,0
BRDA:841,99,1,0
BRDA:841,99,2,0
BRDA:850,100,0,0
BRDA:850,100,1,0
BRDA:850,101,0,0
BRDA:850,101,1,0
BRDA:850,101,2,0
BRDA:850,101,3,0
BRDA:854,102,0,0
BRDA:854,102,1,0
BRDA:862,103,0,0
BRDA:862,103,1,0
BRDA:865,104,0,0
BRDA:865,104,1,0
BRDA:874,105,0,0
BRDA:874,105,1,0
BRDA:881,106,0,0
BRDA:881,106,1,0
BRDA:881,106,2,0
BRDA:885,107,0,0
BRDA:885,107,1,0
BRDA:893,108,0,0
BRDA:893,108,1,0
BRDA:917,109,0,0
BRDA:917,109,1,0
BRDA:948,110,0,1
BRDA:948,110,1,6
BRDA:977,111,0,0
BRDA:977,111,1,0
BRDA:978,112,0,0
BRDA:978,112,1,0
BRDA:978,112,2,0
BRDA:978,112,3,0
BRDA:979,113,0,0
BRDA:979,113,1,0
BRDA:980,114,0,0
BRDA:980,114,1,0
BRDA:983,115,0,0
BRDA:983,115,1,0
BRDA:988,116,0,0
BRDA:988,116,1,0
BRDA:990,117,0,0
BRDA:990,117,1,0
BRDA:996,118,0,0
BRDA:996,118,1,0
BRDA:1006,119,0,0
BRDA:1006,119,1,0
BRDA:1017,120,0,0
BRDA:1017,120,1,0
BRDA:1017,120,2,0
BRDA:1035,121,0,0
BRDA:1035,121,1,0
BRDA:1049,122,0,0
BRDA:1049,122,1,0
BRDA:1049,122,2,0
BRDA:1063,123,0,1
BRDA:1063,123,1,1
BRDA:1063,124,0,1
BRDA:1063,124,1,1
BRDA:1064,125,0,1
BRDA:1064,125,1,0
BRDA:1074,126,0,0
BRDA:1074,126,1,1
BRDA:1074,127,0,0
BRDA:1074,127,1,0
BRDA:1077,128,0,0
BRDA:1077,128,1,1
BRDA:1077,129,0,1
BRDA:1077,129,1,1
BRDA:1077,129,2,1
BRDA:1088,130,0,0
BRDA:1088,130,1,1
BRDA:1088,131,0,1
BRDA:1088,131,1,1
BRDA:1090,132,0,0
BRDA:1090,132,1,0
BRDA:1094,133,0,0
BRDA:1094,133,1,0
BRDA:1128,134,0,1
BRDA:1128,134,1,1
BRDA:1132,135,0,1
BRDA:1132,135,1,0
BRDA:1134,136,0,0
BRDA:1134,136,1,0
BRDA:1134,137,0,0
BRDA:1134,137,1,0
BRDA:1136,138,0,0
BRDA:1136,138,1,0
BRDA:1153,139,0,0
BRDA:1153,139,1,0
BRDA:1155,140,0,0
BRDA:1155,140,1,0
BRDA:1161,141,0,1
BRDA:1161,141,1,0
BRDA:1163,142,0,0
BRDA:1163,142,1,0
BRDA:1167,143,0,0
BRDA:1167,143,1,0
BRDA:1180,144,0,0
BRDA:1180,144,1,0
BRDA:1182,145,0,0
BRDA:1182,145,1,0
BRDA:1193,146,0,1
BRDA:1193,146,1,0
BRDA:1194,147,0,0
BRDA:1194,147,1,0
BRDA:1194,148,0,0
BRDA:1194,148,1,0
BRDA:1214,149,0,0
BRDA:1214,149,1,1
BRDA:1231,150,0,0
BRDA:1231,150,1,0
BRDA:1237,151,0,0
BRDA:1237,151,1,0
BRDA:1242,152,0,0
BRDA:1242,152,1,0
BRDA:1249,153,0,0
BRDA:1249,153,1,0
BRDA:1256,154,0,0
BRDA:1256,154,1,0
BRDA:1270,155,0,0
BRDA:1270,155,1,0
BRDA:1276,156,0,0
BRDA:1276,156,1,0
BRDA:1286,157,0,0
BRDA:1286,157,1,1
BRDA:1286,158,0,1
BRDA:1286,158,1,0
BRDA:1286,158,2,0
BRDA:1286,158,3,0
BRDA:1286,158,4,0
BRDA:1304,159,0,1
BRDA:1304,159,1,0
BRDA:1305,160,0,1
BRDA:1305,160,1,0
BRDA:1314,161,0,0
BRDA:1314,161,1,1
BRDA:1314,162,0,1
BRDA:1314,162,1,1
BRDA:1316,163,0,0
BRDA:1316,163,1,0
BRDA:1317,164,0,0
BRDA:1317,164,1,0
BRDA:1318,165,0,0
BRDA:1318,165,1,0
BRDA:1318,166,0,0
BRDA:1318,166,1,0
BRDA:1318,166,2,0
BRDA:1319,167,0,0
BRDA:1319,167,1,0
BRDA:1321,168,0,0
BRDA:1321,168,1,0
BRDA:1325,169,0,0
BRDA:1325,169,1,0
BRDA:1327,170,0,0
BRDA:1327,170,1,0
BRDA:1339,171,0,0
BRDA:1339,171,1,1
BRDA:1343,172,0,0
BRDA:1343,172,1,0
BRDA:1350,173,0,0
BRDA:1350,173,1,0
BRDA:1355,174,0,0
BRDA:1355,174,1,0
BRDA:1355,175,0,0
BRDA:1355,175,1,0
BRDA:1355,176,0,0
BRDA:1355,176,1,0
BRDA:1362,177,0,0
BRDA:1362,177,1,0
BRDA:1362,178,0,0
BRDA:1362,178,1,0
BRDA:1362,178,2,0
BRDA:1366,179,0,0
BRDA:1366,179,1,0
BRDA:1366,180,0,0
BRDA:1366,180,1,0
BRDA:1366,180,2,0
BRDA:1369,181,0,0
BRDA:1369,181,1,0
BRDA:1369,182,0,0
BRDA:1369,182,1,0
BRDA:1369,182,2,0
BRDA:1374,183,0,0
BRDA:1374,183,1,0
BRDA:1379,184,0,0
BRDA:1379,184,1,0
BRDA:1383,185,0,0
BRDA:1383,185,1,0
BRDA:1396,186,0,0
BRDA:1396,186,1,0
BRDA:1396,187,0,0
BRDA:1396,187,1,0
BRDA:1397,188,0,0
BRDA:1397,188,1,0
BRDA:1398,189,0,0
BRDA:1398,189,1,0
BRDA:1399,190,0,0
BRDA:1399,190,1,0
BRDA:1400,191,0,0
BRDA:1400,191,1,0
BRDA:1401,192,0,0
BRDA:1401,192,1,0
BRDA:1406,193,0,0
BRDA:1406,193,1,0
BRDA:1425,194,0,0
BRDA:1425,194,1,0
BRDA:1430,195,0,0
BRDA:1430,195,1,0
BRDA:1431,196,0,0
BRDA:1431,196,1,0
BRDA:1444,197,0,0
BRDA:1444,197,1,0
BRDA:1444,198,0,0
BRDA:1444,198,1,0
BRDA:1451,199,0,0
BRDA:1451,199,1,0
BRDA:1451,200,0,0
BRDA:1451,200,1,0
BRDA:1451,200,2,0
BRDA:1451,200,3,0
BRDA:1451,200,4,0
BRDA:1451,200,5,0
BRDA:1451,200,6,0
BRDA:1460,201,0,0
BRDA:1460,201,1,0
BRDA:1460,202,0,0
BRDA:1460,202,1,0
BRDA:1460,202,2,0
BRDA:1460,202,3,0
BRDA:1474,203,0,0
BRDA:1474,203,1,0
BRDA:1474,204,0,0
BRDA:1474,204,1,0
BRDA:1482,205,0,0
BRDA:1482,205,1,0
BRDA:1482,206,0,0
BRDA:1482,206,1,0
BRDA:1488,207,0,0
BRDA:1488,207,1,0
BRDA:1488,208,0,0
BRDA:1488,208,1,0
BRDA:1492,209,0,0
BRDA:1492,209,1,0
BRDA:1494,210,0,0
BRDA:1494,210,1,0
BRDA:1494,211,0,0
BRDA:1494,211,1,0
BRDA:1496,212,0,0
BRDA:1496,212,1,0
BRDA:1496,213,0,0
BRDA:1496,213,1,0
BRDA:1517,214,0,0
BRDA:1517,214,1,0
BRDA:1520,215,0,0
BRDA:1520,215,1,0
BRDA:1522,216,0,0
BRDA:1522,216,1,0
BRDA:1548,217,0,0
BRDA:1548,217,1,0
BRDA:1554,218,0,0
BRDA:1554,218,1,0
BRDA:1554,219,0,0
BRDA:1554,219,1,0
BRDA:1554,219,2,0
BRDA:1557,220,0,0
BRDA:1557,220,1,0
BRDA:1565,221,0,0
BRDA:1565,221,1,0
BRDA:1565,222,0,0
BRDA:1565,222,1,0
BRDA:1598,223,0,0
BRDA:1598,223,1,0
BRDA:1598,223,2,0
BRDA:1598,223,3,0
BRDA:1600,224,0,0
BRDA:1600,224,1,0
BRDA:1620,225,0,0
BRDA:1620,225,1,0
BRDA:1622,226,0,0
BRDA:1622,226,1,0
BRDA:1628,227,0,0
BRDA:1628,227,1,0
BRDA:1628,228,0,0
BRDA:1628,228,1,0
BRDA:1628,229,0,0
BRDA:1628,229,1,0
BRDA:1629,230,0,0
BRDA:1629,230,1,0
BRDA:1632,231,0,0
BRDA:1632,231,1,0
BRDA:1641,232,0,0
BRDA:1641,232,1,0
BRDA:1643,233,0,0
BRDA:1643,233,1,0
BRDA:1648,234,0,0
BRDA:1648,234,1,0
BRDA:1649,235,0,0
BRDA:1649,235,1,0
BRDA:1649,235,2,0
BRDA:1652,236,0,0
BRDA:1652,236,1,0
BRDA:1652,237,0,0
BRDA:1652,237,1,0
BRDA:1652,237,2,0
BRDA:1652,237,3,0
BRDA:1672,238,0,0
BRDA:1672,238,1,0
BRDA:1675,239,0,0
BRDA:1675,239,1,0
BRDA:1682,240,0,0
BRDA:1682,240,1,0
BRDA:1682,240,2,0
BRDA:1685,241,0,0
BRDA:1685,241,1,0
BRDA:1685,241,2,0
BRDA:1685,241,3,0
BRDA:1685,241,4,0
BRDA:1693,242,0,0
BRDA:1693,242,1,0
BRDA:1696,243,0,0
BRDA:1696,243,1,0
BRDA:1702,244,0,0
BRDA:1702,244,1,0
BRDA:1703,245,0,0
BRDA:1703,245,1,0
BRDA:1704,246,0,0
BRDA:1704,246,1,0
BRDA:1704,247,0,0
BRDA:1704,247,1,0
BRDA:1705,248,0,0
BRDA:1705,248,1,0
BRDA:1705,249,0,0
BRDA:1705,249,1,0
BRDA:1706,250,0,0
BRDA:1706,250,1,0
BRDA:1706,251,0,0
BRDA:1706,251,1,0
BRDA:1707,252,0,0
BRDA:1707,252,1,0
BRDA:1708,253,0,0
BRDA:1708,253,1,0
BRDA:1708,254,0,0
BRDA:1708,254,1,0
BRDA:1718,255,0,0
BRDA:1718,255,1,0
BRDA:1718,256,0,0
BRDA:1718,256,1,0
BRDA:1727,257,0,0
BRDA:1727,257,1,0
BRDA:1729,258,0,0
BRDA:1729,258,1,0
BRDA:1730,259,0,0
BRDA:1730,259,1,0
BRDA:1733,260,0,0
BRDA:1733,260,1,0
BRDA:1736,261,0,0
BRDA:1736,261,1,0
BRDA:1740,262,0,0
BRDA:1740,262,1,0
BRDA:1740,263,0,0
BRDA:1740,263,1,0
BRDA:1748,264,0,0
BRDA:1748,264,1,0
BRDA:1748,264,2,0
BRDA:1753,265,0,0
BRDA:1753,265,1,0
BRDA:1756,266,0,0
BRDA:1756,266,1,0
BRDA:1756,267,0,0
BRDA:1756,267,1,0
BRDA:1762,268,0,0
BRDA:1762,268,1,0
BRDA:1766,269,0,0
BRDA:1766,269,1,0
BRDA:1769,270,0,0
BRDA:1769,270,1,0
BRDA:1770,271,0,0
BRDA:1770,271,1,0
BRDA:1771,272,0,0
BRDA:1771,272,1,0
BRDA:1772,273,0,0
BRDA:1772,273,1,0
BRDA:1774,274,0,0
BRDA:1774,274,1,0
BRDA:1774,274,2,0
BRDA:1774,274,3,0
BRDA:1774,274,4,0
BRDA:1780,275,0,0
BRDA:1780,275,1,0
BRDA:1780,276,0,0
BRDA:1780,276,1,0
BRDA:1780,276,2,0
BRDA:1788,277,0,0
BRDA:1788,277,1,0
BRDA:1791,278,0,0
BRDA:1791,278,1,0
BRDA:1795,279,0,0
BRDA:1795,279,1,0
BRDA:1798,280,0,0
BRDA:1798,280,1,0
BRDA:1799,281,0,0
BRDA:1799,281,1,0
BRDA:1805,282,0,0
BRDA:1805,282,1,0
BRDA:1807,283,0,0
BRDA:1807,283,1,0
BRDA:1807,283,2,0
BRDA:1807,283,3,0
BRDA:1807,283,4,0
BRDA:1810,284,0,0
BRDA:1810,284,1,0
BRDA:1810,285,0,0
BRDA:1810,285,1,0
BRDA:1810,286,0,0
BRDA:1810,286,1,0
BRDA:1816,287,0,0
BRDA:1816,287,1,0
BRDA:1817,288,0,0
BRDA:1817,288,1,0
BRDA:1821,289,0,0
BRDA:1821,289,1,0
BRDA:1827,290,0,0
BRDA:1827,290,1,0
BRDA:1837,291,0,0
BRDA:1837,291,1,0
BRDA:1837,291,2,0
BRDA:1848,292,0,0
BRDA:1848,292,1,0
BRDA:1848,292,2,0
BRDA:1854,293,0,0
BRDA:1854,293,1,0
BRDA:1859,294,0,0
BRDA:1859,294,1,0
BRDA:1861,295,0,0
BRDA:1861,295,1,0
BRDA:1890,296,0,0
BRDA:1890,296,1,0
BRDA:1898,297,0,0
BRDA:1898,297,1,0
BRDA:1921,298,0,0
BRDA:1921,298,1,0
BRDA:1921,298,2,0
BRDA:1934,299,0,0
BRDA:1934,299,1,0
BRDA:1934,300,0,0
BRDA:1934,300,1,0
BRDA:1948,301,0,0
BRDA:1948,301,1,0
BRDA:1941,302,0,0
BRDA:1941,302,1,0
BRDA:1941,303,0,0
BRDA:1941,303,1,0
BRDA:1943,304,0,0
BRDA:1943,304,1,0
BRDA:1946,305,0,0
BRDA:1946,305,1,0
BRDA:1955,306,0,0
BRDA:1955,306,1,0
BRDA:1956,307,0,0
BRDA:1956,307,1,0
BRDA:1964,308,0,0
BRDA:1964,308,1,0
BRDA:1964,308,2,0
BRDA:1964,308,3,0
BRDA:1964,309,0,0
BRDA:1964,309,1,0
BRDA:1964,309,2,0
BRDA:1980,310,0,0
BRDA:1980,310,1,0
BRDA:1980,310,2,0
BRDA:1980,310,3,0
BRDA:1986,311,0,0
BRDA:1986,311,1,0
BRDA:2000,312,0,0
BRDA:2000,312,1,0
BRDA:2022,313,0,0
BRDA:2022,313,1,0
BRDA:2022,313,2,0
BRDA:2027,314,0,0
BRDA:2027,314,1,0
BRDA:2027,314,2,0
BRDA:2027,314,3,0
BRDA:2045,315,0,0
BRDA:2045,315,1,0
BRDA:2065,316,0,0
BRDA:2065,316,1,0
BRDA:2073,317,0,0
BRDA:2073,317,1,0
BRDA:2102,318,0,0
BRDA:2102,318,1,0
BRDA:2103,319,0,0
BRDA:2103,319,1,0
BRDA:2113,320,0,0
BRDA:2113,320,1,0
BRDA:2113,321,0,0
BRDA:2113,321,1,0
BRDA:2114,322,0,0
BRDA:2114,322,1,0
BRDA:2116,323,0,0
BRDA:2116,323,1,0
BRDA:2124,324,0,0
BRDA:2124,324,1,0
BRDA:2136,325,0,0
BRDA:2136,325,1,0
BRDA:2136,326,0,0
BRDA:2136,326,1,0
BRDA:2136,326,2,0
BRDA:2148,327,0,0
BRDA:2148,327,1,0
BRDA:2156,328,0,0
BRDA:2156,328,1,0
BRDA:2158,329,0,0
BRDA:2158,329,1,0
BRDA:2176,330,0,0
BRDA:2176,330,1,0
BRDA:2179,331,0,0
BRDA:2179,331,1,0
BRDA:2183,332,0,0
BRDA:2183,332,1,0
BRDA:2183,333,0,0
BRDA:2183,333,1,0
BRDA:2195,334,0,0
BRDA:2195,334,1,0
BRDA:2197,335,0,0
BRDA:2197,335,1,0
BRDA:2197,336,0,0
BRDA:2197,336,1,0
BRDA:2198,337,0,0
BRDA:2198,337,1,0
BRDA:2205,338,0,0
BRDA:2205,338,1,0
BRDA:2205,339,0,0
BRDA:2205,339,1,0
BRDA:2206,340,0,0
BRDA:2206,340,1,0
BRDA:2210,341,0,0
BRDA:2210,341,1,0
BRDA:2212,342,0,0
BRDA:2212,342,1,0
BRDA:2212,343,0,0
BRDA:2212,343,1,0
BRDA:2212,343,2,0
BRDA:2222,344,0,0
BRDA:2222,344,1,0
BRDA:2233,345,0,0
BRDA:2233,345,1,0
BRDA:2237,346,0,0
BRDA:2237,346,1,0
BRDA:2263,347,0,0
BRDA:2263,347,1,0
BRDA:2264,348,0,0
BRDA:2264,348,1,0
BRDA:2264,349,0,0
BRDA:2264,349,1,0
BRDA:2266,350,0,0
BRDA:2266,350,1,0
BRDA:2277,351,0,0
BRDA:2277,351,1,0
BRDA:2277,352,0,0
BRDA:2277,352,1,0
BRDA:2280,353,0,0
BRDA:2280,353,1,0
BRDA:2280,354,0,0
BRDA:2280,354,1,0
BRDA:2290,355,0,0
BRDA:2290,355,1,0
BRDA:2290,356,0,0
BRDA:2290,356,1,0
BRDA:2290,357,0,0
BRDA:2290,357,1,0
BRDA:2293,358,0,0
BRDA:2293,358,1,0
BRDA:2293,359,0,0
BRDA:2293,359,1,0
BRDA:2293,359,2,0
BRDA:2297,360,0,0
BRDA:2297,360,1,0
BRDA:2299,361,0,0
BRDA:2299,361,1,0
BRDA:2299,362,0,0
BRDA:2299,362,1,0
BRDA:2299,363,0,0
BRDA:2299,363,1,0
BRDA:2299,364,0,0
BRDA:2299,364,1,0
BRDA:2309,365,0,0
BRDA:2309,365,1,0
BRDA:2314,366,0,0
BRDA:2314,366,1,0
BRDA:2321,367,0,0
BRDA:2321,367,1,0
BRDA:2327,368,0,0
BRDA:2327,368,1,0
BRDA:2328,369,0,0
BRDA:2328,369,1,0
BRDA:2328,370,0,0
BRDA:2328,370,1,0
BRDA:2329,371,0,0
BRDA:2329,371,1,0
BRDA:2334,372,0,0
BRDA:2334,372,1,0
BRDA:2345,373,0,0
BRDA:2345,373,1,0
BRDA:2345,374,0,0
BRDA:2345,374,1,0
BRDA:2346,375,0,0
BRDA:2346,375,1,0
BRDA:2356,376,0,0
BRDA:2356,376,1,0
BRDA:2360,377,0,0
BRDA:2360,377,1,0
BRDA:2373,378,0,0
BRDA:2373,378,1,0
BRDA:2374,379,0,0
BRDA:2374,379,1,0
BRDA:2384,380,0,0
BRDA:2384,380,1,0
BRDA:2384,380,2,0
BRDA:2384,380,3,0
BRDA:2385,381,0,0
BRDA:2385,381,1,0
BRDA:2394,382,0,0
BRDA:2394,382,1,0
BRDA:2400,383,0,0
BRDA:2400,383,1,0
BRDA:2404,384,0,0
BRDA:2404,384,1,0
BRDA:2409,385,0,0
BRDA:2409,385,1,0
BRDA:2410,386,0,0
[...]
BRDA:8368,1372,0,0
BRDA:8368,1372,1,0
BRDA:8400,1373,0,0
BRDA:8400,1373,1,0
BRDA:8400,1374,0,0
BRDA:8400,1374,1,0
BRDA:8400,1374,2,0
BRDA:8405,1375,0,0
BRDA:8405,1375,1,0
BRDA:8411,1376,0,0
BRDA:8411,1376,1,0
BRDA:8411,1377,0,0
BRDA:8411,1377,1,0
BRDA:8413,1378,0,0
BRDA:8413,1378,1,0
BRDA:8414,1379,0,0
BRDA:8414,1379,1,0
BRDA:8417,1380,0,0
BRDA:8417,1380,1,0
BRDA:8418,1381,0,0
BRDA:8418,1381,1,0
BRDA:8423,1382,0,0
BRDA:8423,1382,1,0
BRDA:8423,1383,0,0
BRDA:8423,1383,1,0
BRDA:8423,1383,2,0
BRDA:8432,1384,0,0
BRDA:8432,1384,1,0
BRDA:8432,1385,0,0
BRDA:8432,1385,1,0
BRDA:8432,1385,2,0
BRDA:8439,1386,0,0
BRDA:8439,1386,1,0
BRDA:8445,1387,0,0
BRDA:8445,1387,1,0
BRDA:8445,1388,0,0
BRDA:8445,1388,1,0
BRDA:8445,1388,2,0
BRDA:8452,1389,0,0
BRDA:8452,1389,1,0
BRDA:8464,1390,0,0
BRDA:8464,1390,1,0
BRDA:8466,1391,0,0
BRDA:8466,1391,1,0
BRDA:8466,1392,0,0
BRDA:8466,1392,1,0
BRDA:8468,1393,0,0
BRDA:8468,1393,1,0
BRDA:8471,1394,0,0
BRDA:8471,1394,1,0
BRDA:8474,1395,0,0
BRDA:8474,1395,1,0
BRDA:8474,1396,0,0
BRDA:8474,1396,1,0
BRDA:8474,1396,2,0
BRDA:8489,1397,0,0
BRDA:8489,1397,1,0
BRDA:8498,1398,0,0
BRDA:8498,1398,1,0
BRDA:8502,1399,0,0
BRDA:8502,1399,1,0
BRDA:8502,1400,0,0
BRDA:8502,1400,1,0
BRDA:8502,1400,2,0
BRDA:8505,1401,0,0
BRDA:8505,1401,1,0
BRDA:8505,1401,2,0
BRDA:8518,1402,0,16
BRDA:8518,1402,1,16
BRDA:8520,1403,0,16
BRDA:8520,1403,1,0
BRDA:8520,1404,0,16
BRDA:8520,1404,1,16
BRDA:8520,1404,2,0
BRDA:8523,1405,0,0
BRDA:8523,1405,1,0
BRDA:8528,1406,0,0
BRDA:8528,1406,1,0
BRDA:8537,1407,0,0
BRDA:8537,1407,1,0
BRDA:8538,1408,0,0
BRDA:8538,1408,1,0
BRDA:8547,1409,0,0
BRDA:8547,1409,1,1
BRDA:8547,1410,0,1
BRDA:8547,1410,1,1
BRDA:8550,1411,0,0
BRDA:8550,1411,1,0
BRDA:8557,1412,0,0
BRDA:8557,1412,1,0
BRDA:8564,1413,0,0
BRDA:8564,1413,1,1
BRDA:8573,1414,0,0
BRDA:8573,1414,1,0
BRDA:8582,1415,0,0
BRDA:8582,1415,1,0
BRDA:8582,1416,0,0
BRDA:8582,1416,1,0
BRDA:8592,1417,0,0
BRDA:8592,1417,1,0
BRDA:8593,1418,0,0
BRDA:8593,1418,1,0
BRDA:8593,1419,0,0
BRDA:8593,1419,1,0
BRDA:8603,1420,0,0
BRDA:8603,1420,1,0
BRDA:8603,1421,0,0
BRDA:8603,1421,1,0
BRDA:8614,1422,0,0
BRDA:8614,1422,1,0
BRDA:8623,1423,0,0
BRDA:8623,1423,1,0
BRDA:8632,1424,0,0
BRDA:8632,1424,1,1
BRDA:8639,1425,0,0
BRDA:8639,1425,1,0
BRDA:8659,1426,0,0
BRDA:8659,1426,1,0
BRDA:8677,1427,0,0
BRDA:8677,1427,1,0
BRDA:8677,1428,0,0
BRDA:8677,1428,1,0
BRDA:8677,1428,2,0
BRDA:8681,1429,0,0
BRDA:8681,1429,1,0
BRDA:8681,1430,0,0
BRDA:8681,1430,1,0
BRDA:8684,1431,0,0
BRDA:8684,1431,1,0
BRDA:8688,1432,0,0
BRDA:8688,1432,1,0
BRDA:8689,1433,0,0
BRDA:8689,1433,1,0
BRDA:8689,1434,0,0
BRDA:8689,1434,1,0
BRDA:8689,1434,2,0
BRDA:8697,1435,0,0
BRDA:8697,1435,1,0
BRDA:8697,1436,0,0
BRDA:8697,1436,1,0
BRDA:8697,1436,2,0
BRDA:8714,1437,0,0
BRDA:8714,1437,1,0
BRDA:8716,1438,0,0
BRDA:8716,1438,1,0
BRDA:8716,1439,0,0
BRDA:8716,1439,1,0
BRDA:8716,1439,2,0
BRDA:8732,1440,0,0
BRDA:8732,1440,1,1
BRDA:8750,1441,0,0
BRDA:8750,1441,1,1
BRDA:8755,1442,0,0
BRDA:8755,1442,1,0
BRDA:8759,1443,0,0
BRDA:8759,1443,1,0
BRDA:8767,1444,0,0
BRDA:8767,1444,1,0
BRDA:8770,1445,0,0
BRDA:8770,1445,1,0
BRDA:8794,1446,0,0
BRDA:8794,1446,1,1
BRDA:8804,1447,0,0
BRDA:8804,1447,1,0
BRDA:8812,1448,0,0
BRDA:8812,1448,1,0
BRDA:8818,1449,0,0
BRDA:8818,1449,1,0
BRDA:8818,1450,0,0
BRDA:8818,1450,1,0
BRDA:8819,1451,0,0
BRDA:8819,1451,1,0
BRDA:8823,1452,0,0
BRDA:8823,1452,1,0
BRDA:8826,1453,0,0
BRDA:8826,1453,1,0
BRDA:8829,1454,0,0
BRDA:8829,1454,1,0
BRDA:8836,1455,0,0
BRDA:8836,1455,1,0
BRDA:8850,1456,0,0
BRDA:8850,1456,1,0
BRDA:8856,1457,0,0
BRDA:8856,1457,1,0
BRDA:8860,1458,0,0
BRDA:8860,1458,1,0
BRDA:8860,1459,0,0
BRDA:8860,1459,1,0
BRDA:8861,1460,0,0
BRDA:8861,1460,1,0
BRDA:8867,1461,0,0
BRDA:8867,1461,1,0
BRDA:8870,1462,0,0
BRDA:8870,1462,1,0
BRDA:8882,1463,0,0
BRDA:8882,1463,1,0
BRDA:8893,1464,0,0
BRDA:8893,1464,1,0
BRDA:8895,1465,0,0
BRDA:8895,1465,1,0
BRDA:8895,1466,0,0
BRDA:8895,1466,1,0
BRDA:8896,1467,0,0
BRDA:8896,1467,1,0
BRDA:8899,1468,0,0
BRDA:8899,1468,1,0
BRDA:8911,1469,0,0
BRDA:8911,1469,1,0
BRDA:8916,1470,0,0
BRDA:8916,1470,1,0
BRDA:8921,1471,0,0
BRDA:8921,1471,1,0
BRDA:8929,1472,0,0
BRDA:8929,1472,1,0
BRDA:8929,1473,0,0
BRDA:8929,1473,1,0
BRDA:8931,1474,0,0
BRDA:8931,1474,1,0
BRDA:8942,1475,0,0
BRDA:8942,1475,1,0
BRDA:8942,1476,0,0
BRDA:8942,1476,1,0
BRDA:8944,1477,0,0
BRDA:8944,1477,1,0
BRDA:8956,1478,0,0
BRDA:8956,1478,1,0
BRDA:8956,1479,0,0
BRDA:8956,1479,1,0
BRDA:8981,1480,0,0
BRDA:8981,1480,1,0
BRDA:8989,1481,0,0
BRDA:8989,1481,1,0
BRDA:9007,1482,0,0
BRDA:9007,1482,1,0
BRDA:9007,1483,0,0
BRDA:9007,1483,1,0
BRDA:9020,1484,0,0
BRDA:9020,1484,1,0
BRDA:9020,1485,0,0
BRDA:9020,1485,1,0
BRDA:9023,1486,0,0
BRDA:9023,1486,1,0
BRDA:9023,1487,0,0
BRDA:9023,1487,1,0
BRDA:9028,1488,0,0
BRDA:9028,1488,1,0
BRDA:9033,1489,0,0
BRDA:9033,1489,1,0
BRDA:9052,1490,0,0
BRDA:9052,1490,1,0
BRDA:9052,1491,0,0
BRDA:9052,1491,1,0
BRDA:9056,1492,0,0
BRDA:9056,1492,1,0
BRDA:9067,1493,0,0
BRDA:9067,1493,1,0
BRDA:9067,1494,0,0
BRDA:9067,1494,1,0
BRDA:9067,1494,2,0
BRDA:9112,1495,0,1
BRDA:9112,1495,1,0
BRDA:9120,1496,0,1
BRDA:9120,1496,1,3
BRDA:9127,1497,0,4
BRDA:9127,1497,1,0
BRDA:9129,1498,0,4
BRDA:9129,1498,1,0
BRDA:9135,1499,0,0
BRDA:9135,1499,1,5
BRDA:9136,1500,0,0
BRDA:9136,1500,1,0
BRDA:9137,1501,0,0
BRDA:9137,1501,1,0
BRDA:9141,1502,0,5
BRDA:9141,1502,1,5
BRDA:9157,1503,0,0
BRDA:9157,1503,1,0
BRDA:9159,1504,0,0
BRDA:9159,1504,1,0
BRDA:9159,1505,0,0
BRDA:9159,1505,1,0
BRDA:9159,1505,2,0
BRDA:9165,1506,0,0
BRDA:9165,1506,1,0
BRDA:9172,1507,0,0
BRDA:9172,1507,1,0
BRDA:9172,1507,2,0
BRDA:9180,1508,0,2
BRDA:9180,1508,1,0
BRDA:9183,1509,0,5
BRDA:9183,1509,1,0
BRDA:9184,1510,0,0
BRDA:9184,1510,1,5
BRDA:9184,1511,0,5
BRDA:9184,1511,1,2
BRDA:9187,1512,0,2
BRDA:9187,1512,1,0
BRDA:9206,1513,0,0
BRDA:9206,1513,1,0
BRDA:9207,1514,0,0
BRDA:9207,1514,1,0
BRDA:9212,1515,0,0
BRDA:9212,1515,1,0
BRDA:9214,1516,0,0
BRDA:9214,1516,1,0
BRDA:9214,1517,0,0
BRDA:9214,1517,1,0
BRDA:9222,1518,0,0
BRDA:9222,1518,1,0
BRDA:9228,1519,0,0
BRDA:9228,1519,1,0
BRDA:9228,1520,0,0
BRDA:9228,1520,1,0
BRDA:9232,1521,0,0
BRDA:9232,1521,1,0
BRDA:9238,1522,0,0
BRDA:9238,1522,1,0
BRDA:9244,1523,0,0
BRDA:9244,1523,1,0
BRDA:9245,1524,0,0
BRDA:9245,1524,1,0
BRDA:9263,1525,0,0
BRDA:9263,1525,1,0
BRDA:9274,1526,0,0
BRDA:9274,1526,1,0
BRDA:9279,1527,0,0
BRDA:9279,1527,1,0
BRDA:9279,1528,0,0
BRDA:9279,1528,1,0
BRDA:9279,1528,2,0
BRDA:9286,1529,0,0
BRDA:9286,1529,1,0
BRDA:9289,1530,0,0
BRDA:9289,1530,1,0
BRDA:9294,1531,0,0
BRDA:9294,1531,1,0
BRDA:9294,1532,0,0
BRDA:9294,1532,1,0
BRDA:9297,1533,0,0
BRDA:9297,1533,1,0
BRDA:9300,1534,0,0
BRDA:9300,1534,1,0
BRDA:9305,1535,0,0
BRDA:9305,1535,1,0
BRDA:9308,1536,0,0
BRDA:9308,1536,1,0
BRDA:9310,1537,0,0
BRDA:9310,1537,1,0
BRDA:9313,1538,0,0
BRDA:9313,1538,1,0
BRDA:9317,1539,0,0
BRDA:9317,1539,1,0
BRDA:9328,1540,0,0
BRDA:9328,1540,1,0
BRDA:9331,1541,0,0
BRDA:9331,1541,1,0
BRDA:9331,1542,0,0
BRDA:9331,1542,1,0
BRDA:9339,1543,0,0
BRDA:9339,1543,1,0
BRDA:9431,1544,0,0
BRDA:9431,1544,1,2
BRDA:9447,1545,0,0
BRDA:9447,1545,1,0
BRDA:9447,1546,0,0
BRDA:9447,1546,1,0
BRDA:9453,1547,0,0
BRDA:9453,1547,1,0
BRDA:9484,1548,0,0
BRDA:9484,1548,1,0
BRDA:9487,1549,0,0
BRDA:9487,1549,1,0
BRDA:9487,1550,0,0
BRDA:9487,1550,1,0
BRDA:9487,1550,2,0
BRDA:9497,1551,0,0
BRDA:9497,1551,1,0
BRDA:9516,1552,0,0
BRDA:9516,1552,1,0
BRDA:9517,1553,0,0
BRDA:9517,1553,1,0
BRDA:9525,1554,0,0
BRDA:9525,1554,1,0
BRDA:9530,1555,0,0
BRDA:9530,1555,1,0
BRDA:9536,1556,0,0
BRDA:9536,1556,1,0
BRDA:9537,1557,0,0
BRDA:9537,1557,1,0
BRDA:9545,1558,0,0
BRDA:9545,1558,1,0
BRDA:9554,1559,0,0
BRDA:9554,1559,1,0
BRDA:9555,1560,0,0
BRDA:9555,1560,1,0
BRDA:9572,1561,0,0
BRDA:9572,1561,1,0
BRDA:9573,1562,0,0
BRDA:9573,1562,1,0
BRDA:9590,1563,0,0
BRDA:9590,1563,1,0
BRDA:9590,1563,2,0
BRDA:9595,1564,0,0
BRDA:9595,1564,1,0
BRDA:9595,1564,2,0
BRDA:9595,1564,3,0
BRDA:9598,1565,0,0
BRDA:9598,1565,1,0
BRDA:9598,1566,0,0
BRDA:9598,1566,1,0
BRDA:9601,1567,0,0
BRDA:9601,1567,1,0
BRDA:9603,1568,0,0
BRDA:9603,1568,1,0
BRDA:9603,1568,2,0
BRDA:9603,1568,3,0
BRDA:9605,1569,0,0
BRDA:9605,1569,1,0
BRDA:9605,1570,0,0
BRDA:9605,1570,1,0
BRDA:9606,1571,0,0
BRDA:9606,1571,1,0
BRDA:9606,1572,0,0
BRDA:9606,1572,1,0
BRDA:9611,1573,0,0
BRDA:9611,1573,1,0
BRDA:9611,1574,0,0
BRDA:9611,1574,1,0
BRDA:9611,1574,2,0
BRDA:9619,1575,0,0
BRDA:9619,1575,1,0
BRDA:9625,1576,0,0
BRDA:9625,1576,1,0
BRDA:9628,1577,0,0
BRDA:9628,1577,1,0
BRDA:9628,1578,0,0
BRDA:9628,1578,1,0
BRDA:9643,1579,0,0
BRDA:9643,1579,1,0
BRDA:9646,1580,0,0
BRDA:9646,1580,1,0
BRDA:9647,1581,0,0
BRDA:9647,1581,1,0
BRDA:9654,1582,0,0
BRDA:9654,1582,1,0
BRDA:9655,1583,0,0
BRDA:9655,1583,1,0
BRDA:9661,1584,0,0
BRDA:9661,1584,1,0
BRDA:9666,1585,0,0
BRDA:9666,1585,1,0
BRDA:9667,1586,0,0
BRDA:9667,1586,1,0
BRDA:9670,1587,0,0
BRDA:9670,1587,1,0
BRDA:9676,1588,0,0
BRDA:9676,1588,1,0
BRDA:9676,1589,0,0
BRDA:9676,1589,1,0
BRDA:9676,1589,2,0
BRDA:9676,1589,3,0
BRDA:9683,1590,0,0
BRDA:9683,1590,1,0
BRDA:9683,1591,0,0
BRDA:9683,1591,1,0
BRDA:9685,1592,0,0
BRDA:9685,1592,1,0
BRDA:9695,1593,0,0
BRDA:9695,1593,1,0
BRDA:9695,1594,0,0
BRDA:9695,1594,1,0
BRDA:9695,1594,2,0
BRDA:9714,1595,0,0
BRDA:9714,1595,1,0
BRDA:9720,1596,0,0
BRDA:9720,1596,1,0
BRDA:9725,1597,0,0
BRDA:9725,1597,1,0
BRDA:9730,1598,0,0
BRDA:9730,1598,1,0
BRDA:9730,1599,0,0
BRDA:9730,1599,1,0
BRDA:9742,1600,0,0
BRDA:9742,1600,1,0
BRDA:9758,1601,0,0
BRDA:9758,1601,1,0
BRDA:9766,1602,0,0
BRDA:9766,1602,1,0
BRDA:9775,1603,0,0
BRDA:9775,1603,1,0
BRDA:9778,1604,0,0
BRDA:9778,1604,1,0
BRDA:9781,1605,0,0
BRDA:9781,1605,1,0
BRDA:9781,1605,2,0
BRDA:9784,1606,0,0
BRDA:9784,1606,1,0
BRDA:9792,1607,0,0
BRDA:9792,1607,1,0
BRDA:9795,1608,0,0
BRDA:9795,1608,1,0
BRDA:9797,1609,0,0
BRDA:9797,1609,1,0
BRDA:9801,1610,0,0
BRDA:9801,1610,1,0
BRDA:9807,1611,0,0
BRDA:9807,1611,1,0
BRDA:9807,1612,0,0
BRDA:9807,1612,1,0
BRDA:9811,1613,0,0
BRDA:9811,1613,1,0
BRDA:9826,1614,0,0
BRDA:9826,1614,1,0
BRDA:9826,1615,0,0
BRDA:9826,1615,1,0
BRDA:9828,1616,0,0
BRDA:9828,1616,1,0
BRDA:9836,1617,0,0
BRDA:9836,1617,1,0
BRDA:9839,1618,0,0
BRDA:9839,1618,1,0
BRDA:9849,1619,0,0
BRDA:9849,1619,1,0
BRDA:9850,1620,0,0
BRDA:9850,1620,1,0
BRDA:9851,1621,0,0
BRDA:9851,1621,1,0
BRDA:9857,1622,0,0
BRDA:9857,1622,1,0
BRDA:9861,1623,0,0
BRDA:9861,1623,1,0
BRDA:9883,1624,0,0
BRDA:9883,1624,1,0
BRDA:9884,1625,0,0
BRDA:9884,1625,1,0
BRDA:9896,1626,0,0
BRDA:9896,1626,1,0
BRDA:9918,1627,0,0
BRDA:9918,1627,1,0
BRDA:9924,1628,0,0
BRDA:9924,1628,1,0
BRDA:9929,1629,0,0
BRDA:9929,1629,1,0
BRDA:9936,1630,0,0
BRDA:9936,1630,1,0
BRDA:9948,1631,0,0
BRDA:9948,1631,1,0
BRDA:9958,1632,0,0
BRDA:9958,1632,1,0
BRDA:9971,1633,0,0
BRDA:9971,1633,1,0
BRDA:9977,1634,0,0
BRDA:9977,1634,1,0
BRDA:9986,1635,0,0
BRDA:9986,1635,1,0
BRDA:9986,1635,2,0
BRDA:9992,1636,0,0
BRDA:9992,1636,1,0
BRDA:9992,1637,0,0
BRDA:9992,1637,1,0
BRDA:9995,1638,0,0
BRDA:9995,1638,1,0
BRDA:9996,1639,0,0
BRDA:9996,1639,1,0
BRDA:9996,1640,0,0
BRDA:9996,1640,1,0
BRDA:10008,1641,0,0
BRDA:10008,1641,1,0
BRDA:10009,1642,0,0
BRDA:10009,1642,1,0
BRDA:10009,1642,2,0
BRDA:10030,1643,0,0
BRDA:10030,1643,1,0
BRDA:10034,1644,0,0
BRDA:10034,1644,1,0
BRDA:10034,1645,0,0
BRDA:10034,1645,1,0
BRDA:10051,1646,0,0
BRDA:10051,1646,1,0
BRDA:10051,1647,0,0
BRDA:10051,1647,1,0
BRDA:10073,1648,0,0
BRDA:10073,1648,1,0
BRDA:10073,1649,0,0
BRDA:10073,1649,1,0
BRDA:10078,1650,0,0
BRDA:10078,1650,1,0
BRDA:10079,1651,0,0
BRDA:10079,1651,1,0
BRDA:10083,1652,0,0
BRDA:10083,1652,1,0
BRDA:10083,1653,0,0
BRDA:10083,1653,1,0
BRDA:10083,1653,2,0
BRDA:10112,1654,0,0
BRDA:10112,1654,1,0
BRDA:10118,1655,0,0
BRDA:10118,1655,1,0
BRDA:10118,1655,2,0
BRDA:10118,1655,3,0
BRDA:10118,1655,4,0
BRDA:10118,1655,5,0
BRDA:10125,1656,0,0
BRDA:10125,1656,1,0
BRDA:10127,1657,0,0
BRDA:10127,1657,1,0
BRDA:10139,1658,0,0
BRDA:10139,1658,1,1
BRDA:10145,1659,0,0
BRDA:10145,1659,1,0
BRDA:10155,1660,0,0
BRDA:10155,1660,1,0
BRDA:10165,1661,0,0
BRDA:10165,1661,1,0
BRDA:10165,1661,2,0
BRDA:10179,1662,0,0
BRDA:10179,1662,1,1
BRDA:10188,1663,0,1
BRDA:10188,1663,1,1
BRDA:10192,1664,0,1
BRDA:10192,1664,1,0
BRDA:10197,1665,0,0
BRDA:10197,1665,1,0
BRDA:10197,1666,0,0
BRDA:10197,1666,1,0
BRDA:10217,1667,0,0
BRDA:10217,1667,1,0
BRDA:10224,1668,0,0
BRDA:10224,1668,1,0
BRDA:10224,1669,0,0
BRDA:10224,1669,1,0
BRDA:10233,1670,0,0
BRDA:10233,1670,1,0
BRDA:10233,1671,0,0
BRDA:10233,1671,1,0
BRDA:10246,1672,0,0
BRDA:10246,1672,1,0
BRDA:10254,1673,0,0
BRDA:10254,1673,1,0
BRDA:10254,1673,2,0
BRDA:10261,1674,0,0
BRDA:10261,1674,1,0
BRDA:10261,1675,0,0
BRDA:10261,1675,1,0
BRDA:10261,1675,2,0
BRDA:10269,1676,0,0
BRDA:10269,1676,1,0
BRDA:10270,1677,0,0
BRDA:10270,1677,1,0
BRDA:10280,1678,0,0
BRDA:10280,1678,1,0
BRDA:10299,1679,0,0
BRDA:10299,1679,1,0
BRDA:10299,1680,0,0
BRDA:10299,1680,1,0
BRDA:10299,1680,2,0
BRDA:10300,1681,0,0
BRDA:10300,1681,1,0
BRDA:10303,1682,0,0
BRDA:10303,1682,1,0
BRDA:10310,1683,0,0
BRDA:10310,1683,1,0
BRDA:10318,1684,0,0
BRDA:10318,1684,1,0
BRDA:10322,1685,0,0
BRDA:10322,1685,1,0
BRDA:10336,1686,0,0
BRDA:10336,1686,1,0
BRDA:10380,1687,0,0
BRDA:10380,1687,1,0
BRDA:10383,1688,0,0
BRDA:10383,1688,1,0
BRDA:10393,1689,0,0
BRDA:10393,1689,1,0
BRDA:10396,1690,0,0
BRDA:10396,1690,1,0
BRDA:10396,1690,2,0
BRDA:10406,1691,0,0
BRDA:10406,1691,1,0
BRDA:10415,1692,0,0
BRDA:10415,1692,1,0
BRDA:10415,1693,0,0
BRDA:10415,1693,1,0
BRDA:10415,1693,2,0
BRDA:10421,1694,0,0
BRDA:10421,1694,1,0
BRDA:10429,1695,0,0
BRDA:10429,1695,1,0
BRDA:10441,1696,0,0
BRDA:10441,1696,1,0
BRDA:10459,1697,0,0
BRDA:10459,1697,1,0
BRDA:10469,1698,0,0
BRDA:10469,1698,1,0
BRDA:10469,1699,0,0
BRDA:10469,1699,1,0
BRDA:10471,1700,0,0
BRDA:10471,1700,1,0
BRDA:10471,1700,2,0
BRDA:10471,1700,3,0
BRDA:10472,1701,0,0
BRDA:10472,1701,1,0
BRDA:10478,1702,0,0
BRDA:10478,1702,1,0
BRDA:10478,1703,0,0
BRDA:10478,1703,1,0
BRDA:10481,1704,0,0
BRDA:10481,1704,1,0
BRDA:10486,1705,0,0
BRDA:10486,1705,1,0
BRDA:10488,1706,0,0
BRDA:10488,1706,1,0
BRDA:10489,1707,0,0
BRDA:10489,1707,1,0
BRDA:10494,1708,0,0
BRDA:10494,1708,1,0
BRDA:10513,1709,0,0
BRDA:10513,1709,1,0
BRDA:10522,1710,0,0
BRDA:10522,1710,1,0
BRDA:10532,1711,0,0
BRDA:10532,1711,1,0
BRDA:10532,1712,0,0
BRDA:10532,1712,1,0
BRDA:10552,1713,0,0
BRDA:10552,1713,1,0
BRDA:10552,1714,0,0
BRDA:10552,1714,1,0
BRDA:10555,1715,0,0
BRDA:10555,1715,1,0
BRDA:10559,1716,0,0
BRDA:10559,1716,1,0
BRDA:10562,1717,0,0
BRDA:10562,1717,1,0
BRDA:10565,1718,0,0
BRDA:10565,1718,1,0
BRDA:10571,1719,0,0
BRDA:10571,1719,1,0
BRDA:10571,1720,0,0
BRDA:10571,1720,1,0
BRDA:10586,1721,0,0
BRDA:10586,1721,1,0
BRDA:10586,1722,0,0
BRDA:10586,1722,1,0
BRDA:10594,1723,0,0
BRDA:10594,1723,1,0
BRDA:10600,1724,0,0
BRDA:10600,1724,1,0
BRDA:10607,1725,0,0
BRDA:10607,1725,1,0
BRDA:10607,1726,0,0
BRDA:10607,1727,0,0
BRDA:10607,1727,1,0
BRDA:10612,1728,0,0
BRDA:10612,1728,1,0
BRDA:10619,1729,0,0
BRDA:10619,1729,1,0
BRDA:10627,1730,0,0
BRDA:10627,1730,1,0
BRDA:10639,1731,0,0
BRDA:10639,1731,1,0
BRDA:10641,1732,0,0
BRDA:10641,1732,1,0
BRDA:10683,1733,0,0
BRDA:10683,1733,1,0
BRDA:10685,1734,0,0
BRDA:10685,1734,1,0
BRDA:10686,1735,0,0
BRDA:10686,1735,1,0
BRDA:10698,1736,0,0
BRDA:10698,1736,1,0
BRDA:10705,1737,0,0
BRDA:10705,1737,1,0
BRDA:10705,1737,2,0
BRDA:10710,1738,0,0
BRDA:10710,1738,1,0
BRDA:10715,1739,0,0
BRDA:10715,1739,1,0
BRDA:10716,1740,0,0
BRDA:10716,1740,1,0
BRDA:10719,1741,0,0
BRDA:10719,1741,1,0
BRDA:10725,1742,0,0
BRDA:10725,1742,1,0
BRDA:10728,1743,0,0
BRDA:10728,1743,1,0
BRDA:10732,1744,0,0
BRDA:10732,1744,1,0
BRDA:10742,1745,0,0
BRDA:10742,1745,1,0
BRDA:10743,1746,0,0
BRDA:10743,1746,1,0
BRDA:10753,1747,0,0
BRDA:10753,1747,1,0
BRDA:10755,1748,0,0
BRDA:10755,1748,1,0
BRDA:10762,1749,0,0
BRDA:10762,1749,1,0
BRDA:10768,1750,0,0
BRDA:10768,1750,1,0
BRDA:10773,1751,0,0
BRDA:10773,1751,1,0
BRDA:10773,1752,0,0
BRDA:10773,1752,1,0
BRDA:10774,1753,0,0
BRDA:10774,1753,1,0
BRDA:10774,1754,0,0
BRDA:10774,1754,1,0
BRDA:10779,1755,0,0
BRDA:10779,1755,1,0
BRDA:10789,1756,0,0
BRDA:10789,1756,1,0
BRDA:10800,1757,0,0
BRDA:10800,1757,1,0
BRDA:10822,1758,0,0
BRDA:10822,1758,1,0
BRDA:10822,1758,2,0
BRDA:10826,1759,0,0
BRDA:10826,1759,1,0
BRDA:10839,1760,0,0
BRDA:10839,1760,1,0
BRDA:10840,1761,0,0
BRDA:10840,1761,1,0
BRDA:10840,1762,0,0
BRDA:10840,1762,1,0
BRDA:10845,1763,0,0
BRDA:10845,1763,1,0
BRDA:10847,1764,0,0
BRDA:10847,1764,1,0
BRDA:10848,1765,0,0
BRDA:10848,1765,1,0
BRDA:10866,1766,0,0
BRDA:10866,1766,1,0
BRDA:10870,1767,0,0
BRDA:10870,1767,1,0
BRDA:10886,1768,0,0
BRDA:10886,1768,1,0
BRDA:10886,1768,2,0
BRDA:10887,1769,0,0
BRDA:10887,1769,1,0
BRDA:10887,1770,0,0
BRDA:10887,1770,1,0
BRDA:10887,1771,0,0
BRDA:10887,1771,1,0
BRDA:10892,1772,0,0
BRDA:10892,1772,1,0
BRDA:10901,1773,0,0
BRDA:10901,1773,1,0
BRDA:10915,1774,0,0
BRDA:10915,1774,1,0
BRDA:10922,1775,0,0
BRDA:10922,1775,1,0
BRDA:10943,1776,0,0
BRDA:10943,1776,1,0
BRDA:10945,1777,0,0
BRDA:10945,1777,1,0
BRDA:10972,1778,0,0
BRDA:10972,1778,1,1
BRDA:10972,1779,0,1
BRDA:10972,1779,1,0
BRDA:10989,1780,0,0
BRDA:10989,1780,1,0
BRDA:10993,1781,0,0
BRDA:10993,1781,1,0
BRDA:10993,1782,0,0
BRDA:10993,1782,1,0
BRDA:11003,1783,0,0
BRDA:11003,1783,1,1
BRF:3808
BRH:179
end_of_record
TN:
SF:/Users/andeladeveloper/Documents/post-it-app/post-it-app/Client/public/style.css
FNF:0
FNH:0
LF:0
LH:0
BRF:0
BRH:0
end_of_record
TN:
SF:/Users/andeladeveloper/Documents/post-it-app/post-it-app/Client/stores/AppStore.js
FN:6,_interopRequireDefault
FN:25,registerNewUser
FN:29,addUserToGroup
FN:33,postMessage
FN:38,createNewGroup
FN:42,signinUser
FN:48,signOutUser
FN:53,setIsAuthenticated
FN:57,receiveErrors
FN:62,receiveSuccess
FN:66,getErrors
FN:70,getSelectedGroup
FN:74,getLoggedInUser
FN:79,getRegisteredUser
FN:83,getIsAuthenticated
FN:87,getUserGroups
FN:91,getGroupMessages
FN:95,getUsersReadMessage
FN:99,getUsersInGroup
FN:103,getUsersNotInGroup
FN:107,getSuccess
FN:111,setUserGroups
FN:117,setGroupMessages
FN:122,setUserReadMessages
FN:127,setSelectedGroup
FN:134,setUsersInGroup
FN:138,setUsersNotInGroup
FN:142,emitChange
FN:146,addChangeListener
FN:150,removeChangeListener
FNF:30
FNH:1
FNDA:4,_interopRequireDefault
FNDA:0,registerNewUser
FNDA:0,addUserToGroup
FNDA:0,postMessage
FNDA:0,createNewGroup
FNDA:0,signinUser
FNDA:0,signOutUser
FNDA:0,setIsAuthenticated
FNDA:0,receiveErrors
FNDA:0,receiveSuccess
FNDA:0,getErrors
FNDA:0,getSelectedGroup
FNDA:0,getLoggedInUser
FNDA:0,getRegisteredUser
FNDA:0,getIsAuthenticated
FNDA:0,getUserGroups
FNDA:0,getGroupMessages
FNDA:0,getUsersReadMessage
FNDA:0,getUsersInGroup
FNDA:0,getUsersNotInGroup
FNDA:0,getSuccess
FNDA:0,setUserGroups
FNDA:0,setGroupMessages
FNDA:0,setUserReadMessages
FNDA:0,setSelectedGroup
FNDA:0,setUsersInGroup
FNDA:0,setUsersNotInGroup
FNDA:0,emitChange
FNDA:0,addChangeListener
FNDA:0,removeChangeListener
DA:1,1
DA:6,4
DA:8,1
DA:10,1
DA:11,1
DA:12,1
DA:13,1
DA:14,1
DA:15,1
DA:16,1
DA:17,1
DA:18,1
DA:19,1
DA:20,1
DA:23,1
DA:26,0
DA:30,0
DA:35,0
DA:39,0
DA:43,0
DA:49,0
DA:50,0
DA:54,0
DA:58,0
DA:59,0
DA:63,0
DA:67,0
DA:71,0
DA:76,0
DA:80,0
DA:84,0
DA:88,0
DA:92,0
DA:96,0
DA:100,0
DA:104,0
DA:108,0
DA:114,0
DA:119,0
DA:124,0
DA:129,0
DA:130,0
DA:135,0
DA:139,0
DA:143,0
DA:147,0
DA:151,0
LF:47
LH:15
BRDA:6,0,0,1
BRDA:6,0,1,3
BRDA:6,1,0,4
BRDA:6,1,1,4
BRF:4
BRH:4
end_of_record
TN:
SF:/Users/andeladeveloper/Documents/post-it-app/post-it-app/Client/utils/appAPI.js
FN:4,_interopRequireDefault
FN:7,registerNewUser
FN:34,updateUserProfile
FN:49,signinUser
FN:76,resetPassword
FN:91,confirmResetPassword
FN:107,signinGoogleUser
FN:130,signoutUser
FN:139,createNewGroup
FN:158,addUserToGroup
FN:175,postMessage
FN:194,updateMessageFlag
FN:208,getUserGroups
FN:220,getGroupMessages
FN:226,getQuickGroupMessages
FN:239,getUsersReadMessage
FN:251,getUsersInGroups
FN:262,getUsersNotInGroups
FNF:18
FNH:1
FNDA:2,_interopRequireDefault
FNDA:0,registerNewUser
FNDA:0,updateUserProfile
FNDA:0,signinUser
FNDA:0,resetPassword
FNDA:0,confirmResetPassword
FNDA:0,signinGoogleUser
FNDA:0,signoutUser
FNDA:0,createNewGroup
FNDA:0,addUserToGroup
FNDA:0,postMessage
FNDA:0,updateMessageFlag
FNDA:0,getUserGroups
FNDA:0,getGroupMessages
FNDA:0,getQuickGroupMessages
FNDA:0,getUsersReadMessage
FNDA:0,getUsersInGroups
FNDA:0,getUsersNotInGroups
DA:4,2
DA:6,1
DA:8,0
DA:140,0
DA:209,0
DA:222,0
LF:6
LH:2
BRDA:4,0,0,1
BRDA:4,0,1,1
BRDA:4,1,0,2
BRDA:4,1,1,2
BRF:4
BRH:4
end_of_record
