TN:
SF:/Users/andeladeveloper/Documents/post-it-app/post-it-app/webpack.config.js
FNF:0
FNH:0
DA:1,1
DA:2,1
DA:6,1
DA:61,1
LF:4
LH:4
BRF:0
BRH:0
end_of_record
TN:
SF:/Users/andeladeveloper/Documents/post-it-app/post-it-app/Server/server.js
FN:45,(anonymous_1)
FN:47,(anonymous_2)
FN:56,(anonymous_3)
FN:60,(anonymous_4)
FNF:4
FNH:1
FNDA:0,(anonymous_1)
FNDA:0,(anonymous_2)
FNDA:1,(anonymous_3)
FNDA:0,(anonymous_4)
DA:2,1
DA:3,1
DA:4,1
DA:5,1
DA:6,1
DA:7,1
DA:8,1
DA:9,1
DA:10,1
DA:11,1
DA:12,1
DA:13,1
DA:15,1
DA:18,1
DA:20,1
DA:21,1
DA:22,1
DA:23,1
DA:25,1
DA:26,1
DA:28,1
DA:29,1
DA:34,1
DA:37,1
DA:38,1
DA:40,1
DA:45,1
DA:46,0
DA:47,0
DA:48,0
DA:52,1
DA:56,1
DA:57,1
DA:60,1
DA:61,0
LF:35
LH:31
BRDA:23,0,0,1
BRDA:23,0,1,1
BRF:2
BRH:2
end_of_record
TN:
SF:/Users/andeladeveloper/Documents/post-it-app/post-it-app/Server/Controllers/groups.js
FN:5,updateMessageFlag
FN:24,(anonymous_2)
FN:28,(anonymous_3)
FN:39,(anonymous_4)
FN:5,create
FN:82,(anonymous_6)
FN:94,(anonymous_7)
FN:5,addUser
FN:135,(anonymous_9)
FN:147,(anonymous_10)
FN:5,removeUser
FN:182,(anonymous_12)
FN:190,(anonymous_13)
FN:5,postMessage
FN:232,(anonymous_15)
FN:233,(anonymous_16)
FN:254,(anonymous_17)
FN:268,(anonymous_18)
FN:284,(anonymous_19)
FN:289,(anonymous_20)
FN:5,getUserReadMessages
FN:325,(anonymous_22)
FN:326,(anonymous_23)
FN:333,(anonymous_24)
FN:338,(anonymous_25)
FN:5,getUsersNotInGroups
FN:371,(anonymous_27)
FN:372,(anonymous_28)
FN:382,(anonymous_29)
FN:383,(anonymous_30)
FN:392,(anonymous_31)
FN:398,(anonymous_32)
FNF:32
FNH:17
FNDA:0,updateMessageFlag
FNDA:0,(anonymous_2)
FNDA:0,(anonymous_3)
FNDA:0,(anonymous_4)
FNDA:3,create
FNDA:1,(anonymous_6)
FNDA:0,(anonymous_7)
FNDA:3,addUser
FNDA:1,(anonymous_9)
FNDA:0,(anonymous_10)
FNDA:1,removeUser
FNDA:1,(anonymous_12)
FNDA:0,(anonymous_13)
FNDA:3,postMessage
FNDA:1,(anonymous_15)
FNDA:0,(anonymous_16)
FNDA:0,(anonymous_17)
FNDA:0,(anonymous_18)
FNDA:1,(anonymous_19)
FNDA:0,(anonymous_20)
FNDA:2,getUserReadMessages
FNDA:1,(anonymous_22)
FNDA:0,(anonymous_23)
FNDA:1,(anonymous_24)
FNDA:0,(anonymous_25)
FNDA:2,getUsersNotInGroups
FNDA:1,(anonymous_27)
FNDA:0,(anonymous_28)
FNDA:1,(anonymous_29)
FNDA:37,(anonymous_30)
FNDA:1,(anonymous_31)
FNDA:0,(anonymous_32)
DA:1,1
DA:2,1
DA:3,1
DA:19,0
DA:20,0
DA:21,0
DA:22,0
DA:24,0
DA:25,0
DA:26,0
DA:29,0
DA:37,0
DA:39,0
DA:40,0
DA:41,0
DA:46,0
DA:48,0
DA:65,3
DA:66,10
DA:68,2
DA:69,2
DA:70,1
DA:71,1
DA:76,1
DA:77,1
DA:83,1
DA:85,1
DA:90,1
DA:95,0
DA:100,1
DA:105,1
DA:122,3
DA:123,8
DA:124,2
DA:125,2
DA:126,1
DA:127,1
DA:128,1
DA:130,1
DA:136,1
DA:138,1
DA:143,1
DA:148,0
DA:153,1
DA:158,1
DA:175,1
DA:176,2
DA:177,1
DA:178,1
DA:179,1
DA:181,1
DA:183,1
DA:185,1
DA:186,1
DA:191,0
DA:196,0
DA:213,3
DA:214,16
DA:216,2
DA:217,2
DA:218,1
DA:219,1
DA:220,1
DA:222,1
DA:230,1
DA:232,1
DA:233,1
DA:234,0
DA:236,0
DA:239,0
DA:241,0
DA:251,0
DA:252,0
DA:254,0
DA:255,0
DA:256,0
DA:260,0
DA:264,0
DA:266,0
DA:268,0
DA:269,0
DA:273,0
DA:276,0
DA:278,1
DA:285,1
DA:290,0
DA:291,0
DA:296,1
DA:301,1
DA:317,4
DA:318,2
DA:319,2
DA:320,2
DA:321,1
DA:323,1
DA:324,1
DA:326,1
DA:327,0
DA:331,0
DA:334,1
DA:339,0
DA:344,1
DA:361,2
DA:362,2
DA:363,2
DA:364,1
DA:366,1
DA:368,1
DA:369,1
DA:370,1
DA:371,1
DA:372,1
DA:373,0
DA:379,0
DA:382,1
DA:383,1
DA:384,37
DA:390,37
DA:393,1
DA:394,1
DA:399,0
DA:404,1
LF:122
LH:80
BRDA:20,0,0,0
BRDA:20,0,1,0
BRDA:25,1,0,0
BRDA:25,1,1,0
BRDA:40,2,0,0
BRDA:40,2,1,0
BRDA:66,3,0,2
BRDA:66,3,1,1
BRDA:69,4,0,1
BRDA:69,4,1,1
BRDA:69,5,0,2
BRDA:69,5,1,1
BRDA:69,5,2,1
BRDA:123,6,0,2
BRDA:123,6,1,1
BRDA:125,7,0,1
BRDA:125,7,1,1
BRDA:125,8,0,2
BRDA:125,8,1,1
BRDA:176,9,0,1
BRDA:176,9,1,0
BRDA:214,10,0,2
BRDA:214,10,1,1
BRDA:217,11,0,1
BRDA:217,11,1,1
BRDA:217,12,0,2
BRDA:217,12,1,1
BRDA:217,12,2,1
BRDA:217,12,3,1
BRDA:251,13,0,0
BRDA:251,13,1,0
BRDA:255,14,0,0
BRDA:255,14,1,0
BRDA:264,15,0,0
BRDA:264,15,1,0
BRDA:264,16,0,0
BRDA:264,16,1,0
BRDA:320,17,0,1
BRDA:320,17,1,1
BRDA:363,18,0,1
BRDA:363,18,1,1
BRF:41
BRH:26
end_of_record
TN:
SF:/Users/andeladeveloper/Documents/post-it-app/post-it-app/Server/Controllers/users.js
FN:5,signUp
FN:29,(anonymous_2)
FN:34,(anonymous_3)
FN:36,(anonymous_4)
FN:54,(anonymous_5)
FN:5,passwordReset
FN:79,(anonymous_7)
FN:84,(anonymous_8)
FN:5,confirmPasswordReset
FN:105,(anonymous_10)
FN:110,(anonymous_11)
FN:5,googleSignin
FN:133,(anonymous_13)
FN:137,(anonymous_14)
FN:153,(anonymous_15)
FN:5,signOut
FN:172,(anonymous_17)
FN:176,(anonymous_18)
FN:5,signIn
FN:205,(anonymous_20)
FN:210,(anonymous_21)
FN:5,updateUserProfile
FN:254,(anonymous_23)
FN:266,(anonymous_24)
FN:5,getGroupMessages
FN:297,(anonymous_26)
FN:298,(anonymous_27)
FN:5,getGroupMessagesQuick
FN:345,(anonymous_29)
FN:346,(anonymous_30)
FN:5,getGroups
FN:386,(anonymous_32)
FN:387,(anonymous_33)
FNF:33
FNH:16
FNDA:4,signUp
FNDA:1,(anonymous_2)
FNDA:1,(anonymous_3)
FNDA:0,(anonymous_4)
FNDA:0,(anonymous_5)
FNDA:0,passwordReset
FNDA:0,(anonymous_7)
FNDA:0,(anonymous_8)
FNDA:0,confirmPasswordReset
FNDA:0,(anonymous_10)
FNDA:0,(anonymous_11)
FNDA:0,googleSignin
FNDA:0,(anonymous_13)
FNDA:0,(anonymous_14)
FNDA:0,(anonymous_15)
FNDA:10,signOut
FNDA:10,(anonymous_17)
FNDA:0,(anonymous_18)
FNDA:18,signIn
FNDA:13,(anonymous_20)
FNDA:2,(anonymous_21)
FNDA:2,updateUserProfile
FNDA:1,(anonymous_23)
FNDA:0,(anonymous_24)
FNDA:1,getGroupMessages
FNDA:0,(anonymous_26)
FNDA:0,(anonymous_27)
FNDA:2,getGroupMessagesQuick
FNDA:1,(anonymous_29)
FNDA:0,(anonymous_30)
FNDA:2,getGroups
FNDA:1,(anonymous_32)
FNDA:34,(anonymous_33)
DA:1,1
DA:2,1
DA:3,1
DA:17,20
DA:18,4
DA:19,4
DA:20,3
DA:23,1
DA:24,0
DA:28,1
DA:30,1
DA:35,1
DA:37,0
DA:41,1
DA:43,1
DA:49,1
DA:55,0
DA:73,0
DA:74,0
DA:78,0
DA:80,0
DA:85,0
DA:104,0
DA:106,0
DA:111,0
DA:130,0
DA:131,0
DA:132,0
DA:134,0
DA:136,0
DA:138,0
DA:139,0
DA:148,0
DA:154,0
DA:171,10
DA:173,10
DA:177,0
DA:193,36
DA:194,18
DA:195,18
DA:196,2
DA:199,16
DA:200,1
DA:204,15
DA:206,13
DA:211,2
DA:212,1
DA:215,1
DA:216,1
DA:220,0
DA:239,2
DA:240,3
DA:241,1
DA:242,1
DA:243,0
DA:245,1
DA:246,0
DA:248,1
DA:249,0
DA:251,1
DA:255,1
DA:257,1
DA:262,1
DA:267,0
DA:272,1
DA:290,1
DA:291,1
DA:292,0
DA:293,0
DA:295,0
DA:296,0
DA:297,0
DA:298,0
DA:299,0
DA:300,0
DA:310,0
DA:311,0
DA:314,0
DA:315,0
DA:322,1
DA:339,2
DA:340,2
DA:341,1
DA:342,1
DA:344,1
DA:345,1
DA:346,1
DA:347,0
DA:357,0
DA:359,1
DA:364,1
DA:381,2
DA:382,2
DA:383,1
DA:385,1
DA:386,1
DA:387,1
DA:388,34
DA:394,34
DA:396,1
DA:401,1
LF:101
LH:61
BRDA:19,0,0,3
BRDA:19,0,1,1
BRDA:23,1,0,0
BRDA:23,1,1,1
BRDA:23,2,0,1
BRDA:23,2,1,1
BRDA:23,2,2,1
BRDA:73,3,0,0
BRDA:73,3,1,0
BRDA:138,4,0,0
BRDA:138,4,1,0
BRDA:195,5,0,2
BRDA:195,5,1,16
BRDA:199,6,0,1
BRDA:199,6,1,15
BRDA:199,7,0,16
BRDA:199,7,1,16
BRDA:211,8,0,1
BRDA:211,8,1,1
BRDA:215,9,0,1
BRDA:215,9,1,0
BRDA:240,10,0,1
BRDA:240,10,1,1
BRDA:242,11,0,0
BRDA:242,11,1,1
BRDA:245,12,0,0
BRDA:245,12,1,1
BRDA:248,13,0,0
BRDA:248,13,1,1
BRDA:291,14,0,0
BRDA:291,14,1,1
BRDA:340,15,0,1
BRDA:340,15,1,1
BRDA:382,16,0,1
BRDA:382,16,1,1
BRF:35
BRH:25
end_of_record
TN:
SF:/Users/andeladeveloper/Documents/post-it-app/post-it-app/Server/Routes/groups.js
FN:3,(anonymous_1)
FN:4,(anonymous_2)
FN:8,(anonymous_3)
FN:12,(anonymous_4)
FN:16,(anonymous_5)
FN:20,(anonymous_6)
FN:24,(anonymous_7)
FNF:7
FNH:7
FNDA:1,(anonymous_1)
FNDA:3,(anonymous_2)
FNDA:1,(anonymous_3)
FNDA:3,(anonymous_4)
FNDA:3,(anonymous_5)
FNDA:2,(anonymous_6)
FNDA:2,(anonymous_7)
DA:1,1
DA:3,1
DA:4,1
DA:5,3
DA:8,1
DA:9,1
DA:12,1
DA:13,3
DA:16,1
DA:17,3
DA:20,1
DA:21,2
DA:24,1
DA:25,2
LF:14
LH:14
BRF:0
BRH:0
end_of_record
TN:
SF:/Users/andeladeveloper/Documents/post-it-app/post-it-app/Server/Routes/index.js
FN:31,(anonymous_2)
FNF:1
FNH:1
FNDA:1,(anonymous_2)
DA:1,1
DA:2,1
DA:3,1
DA:4,1
DA:6,1
DA:8,1
DA:9,1
DA:10,1
DA:19,0
DA:29,1
DA:31,1
DA:33,1
DA:35,1
LF:13
LH:12
BRDA:9,0,0,1
BRDA:9,0,1,0
BRF:2
BRH:1
end_of_record
TN:
SF:/Users/andeladeveloper/Documents/post-it-app/post-it-app/Server/Routes/users.js
FN:3,(anonymous_1)
FN:4,(anonymous_2)
FN:8,(anonymous_3)
FN:12,(anonymous_4)
FN:16,(anonymous_5)
FN:20,(anonymous_6)
FN:24,(anonymous_7)
FN:28,(anonymous_8)
FN:32,(anonymous_9)
FN:36,(anonymous_10)
FN:40,(anonymous_11)
FNF:11
FNH:8
FNDA:1,(anonymous_1)
FNDA:18,(anonymous_2)
FNDA:0,(anonymous_3)
FNDA:0,(anonymous_4)
FNDA:0,(anonymous_5)
FNDA:10,(anonymous_6)
FNDA:4,(anonymous_7)
FNDA:2,(anonymous_8)
FNDA:1,(anonymous_9)
FNDA:2,(anonymous_10)
FNDA:2,(anonymous_11)
DA:1,1
DA:3,1
DA:4,1
DA:5,18
DA:8,1
DA:9,0
DA:12,1
DA:13,0
DA:16,1
DA:17,0
DA:20,1
DA:21,10
DA:24,1
DA:25,4
DA:28,1
DA:29,2
DA:32,1
DA:33,1
DA:36,1
DA:37,2
DA:40,1
DA:41,2
LF:22
LH:19
BRF:0
BRH:0
end_of_record
TN:
SF:/Users/andeladeveloper/Documents/post-it-app/post-it-app/Server/Utilities/emailValidator.js
FN:1,(anonymous_0)
FNF:1
FNH:1
FNDA:22,(anonymous_0)
DA:1,1
DA:2,22
DA:3,22
DA:4,17
DA:6,5
LF:5
LH:5
BRDA:3,0,0,17
BRDA:3,0,1,5
BRF:2
BRH:2
end_of_record
TN:
SF:/Users/andeladeveloper/Documents/post-it-app/post-it-app/Server/Utilities/sendMail.js
FN:7,(anonymous_2)
FN:24,(anonymous_3)
FNF:2
FNH:0
FNDA:0,(anonymous_2)
FNDA:0,(anonymous_3)
DA:1,1
DA:2,1
DA:3,1
DA:5,1
DA:7,1
DA:8,0
DA:15,0
DA:24,0
DA:25,0
DA:26,0
DA:28,0
LF:11
LH:5
BRDA:25,0,0,0
BRDA:25,0,1,0
BRF:2
BRH:0
end_of_record
TN:
SF:/Users/andeladeveloper/Documents/post-it-app/post-it-app/Server/Utilities/sendSms.js
FN:10,(anonymous_2)
FN:14,(anonymous_3)
FNF:2
FNH:0
FNDA:0,(anonymous_2)
FNDA:0,(anonymous_3)
DA:1,1
DA:2,1
DA:4,1
DA:6,1
DA:10,1
DA:11,0
DA:15,0
DA:16,0
DA:18,0
LF:9
LH:5
BRDA:15,0,0,0
BRDA:15,0,1,0
BRF:2
BRH:0
end_of_record
